<?xml version="1.0" encoding="utf-8"?>
<TestRun id="16c43d5a-ea06-4d5c-baba-3c07412da7e5" name="@473462aa-71aa-491c-913a-391d6732b9ef 2025-12-23 03:03:01" xmlns="http://microsoft.com/schemas/VisualStudio/TeamTest/2010">
  <Times creation="2025-12-23T03:03:01.5919120+00:00" queuing="2025-12-23T03:03:01.5919121+00:00" start="2025-12-23T03:03:01.0984583+00:00" finish="2025-12-23T03:03:02.2944447+00:00" />
  <TestSettings name="default" id="f3be296b-ad11-4c90-9bc0-e8c5e8e1c4b3">
    <Deployment runDeploymentRoot="_473462aa-71aa-491c-913a-391d6732b9ef_2025-12-23_03_03_01" />
  </TestSettings>
  <Results>
    <UnitTestResult executionId="d1b1390e-f31e-4497-aa5f-ef5aaa922fea" testId="1ad56887-c8db-92d6-f313-99c02a2ccc2f" testName="LawMatics.SDK.Tests.EventLocationsClientTests.DeleteEventLocationAsync_WithValidId_ReturnsTrue" computerName="473462aa-71aa-491c-913a-391d6732b9ef" duration="00:00:00.0028138" startTime="2025-12-23T03:03:02.0382846+00:00" endTime="2025-12-23T03:03:02.0382847+00:00" testType="13cdc9d9-ddb5-4fa4-a97d-d965ccfc6d4b" outcome="Passed" testListId="8c84fa94-04c1-424b-9868-57a2d4851a1d" relativeResultsDirectory="d1b1390e-f31e-4497-aa5f-ef5aaa922fea" />
    <UnitTestResult executionId="1f918416-8076-497d-aca1-2835d354bfe0" testId="2b8463a0-f0bc-e60f-0bb5-62cde85cbba8" testName="LawMatics.SDK.Tests.Authentication.LawMaticsCredentialsTests.Constructor_WithNullClientId_ThrowsArgumentNullException" computerName="473462aa-71aa-491c-913a-391d6732b9ef" duration="00:00:00.0001455" startTime="2025-12-23T03:03:01.5849804+00:00" endTime="2025-12-23T03:03:01.5849805+00:00" testType="13cdc9d9-ddb5-4fa4-a97d-d965ccfc6d4b" outcome="Passed" testListId="8c84fa94-04c1-424b-9868-57a2d4851a1d" relativeResultsDirectory="1f918416-8076-497d-aca1-2835d354bfe0" />
    <UnitTestResult executionId="14dc7f81-a2ce-49cc-910c-6e8aca129d50" testId="3c7a9870-f241-832c-3d2d-06ebe77d942e" testName="LawMatics.SDK.Tests.ExpensesClientTests.DeleteExpenseAsync_WithValidId_ReturnsTrue" computerName="473462aa-71aa-491c-913a-391d6732b9ef" duration="00:00:00.0355766" startTime="2025-12-23T03:03:02.0477848+00:00" endTime="2025-12-23T03:03:02.0477849+00:00" testType="13cdc9d9-ddb5-4fa4-a97d-d965ccfc6d4b" outcome="Passed" testListId="8c84fa94-04c1-424b-9868-57a2d4851a1d" relativeResultsDirectory="14dc7f81-a2ce-49cc-910c-6e8aca129d50" />
    <UnitTestResult executionId="ffb9fe33-a3cf-4dcd-8987-d7d97f89d702" testId="91743069-d8e1-c5c9-1943-a725f9aca6cb" testName="LawMatics.SDK.Tests.LawMaticsClientTests.Constructor_WithNullLogger_UsesNullLogger" computerName="473462aa-71aa-491c-913a-391d6732b9ef" duration="00:00:00.0003718" startTime="2025-12-23T03:03:02.1312699+00:00" endTime="2025-12-23T03:03:02.1312700+00:00" testType="13cdc9d9-ddb5-4fa4-a97d-d965ccfc6d4b" outcome="Passed" testListId="8c84fa94-04c1-424b-9868-57a2d4851a1d" relativeResultsDirectory="ffb9fe33-a3cf-4dcd-8987-d7d97f89d702" />
    <UnitTestResult executionId="92849005-9bf1-44c6-926f-78fea77510d2" testId="bcbb2c93-5b7a-2b9e-7503-05ea3f638997" testName="LawMatics.SDK.Tests.CommentsClientTests.GetCommentAsync_WithValidId_ReturnsComment" computerName="473462aa-71aa-491c-913a-391d6732b9ef" duration="00:00:00.4051980" startTime="2025-12-23T03:03:02.0477110+00:00" endTime="2025-12-23T03:03:02.0477111+00:00" testType="13cdc9d9-ddb5-4fa4-a97d-d965ccfc6d4b" outcome="Passed" testListId="8c84fa94-04c1-424b-9868-57a2d4851a1d" relativeResultsDirectory="92849005-9bf1-44c6-926f-78fea77510d2" />
    <UnitTestResult executionId="99368d91-5a33-4c06-9681-1dfef1bfaf30" testId="ebf346af-1a4c-ae87-ba99-268e57111900" testName="LawMatics.SDK.Tests.LawMaticsClientTests.UpdateCredentials_WithValidCredentials_UpdatesCredentials" computerName="473462aa-71aa-491c-913a-391d6732b9ef" duration="00:00:00.0006602" startTime="2025-12-23T03:03:01.8438106+00:00" endTime="2025-12-23T03:03:01.8438106+00:00" testType="13cdc9d9-ddb5-4fa4-a97d-d965ccfc6d4b" outcome="Passed" testListId="8c84fa94-04c1-424b-9868-57a2d4851a1d" relativeResultsDirectory="99368d91-5a33-4c06-9681-1dfef1bfaf30" />
    <UnitTestResult executionId="98cbfdbc-e642-40d1-a846-ae939b2ea1df" testId="8ab95fc3-65c2-1bc9-ee6b-3d345bbbd698" testName="LawMatics.SDK.Tests.Configuration.LawMaticsClientOptionsTests.AddCustomHeader_WithEmptyName_ThrowsArgumentException" computerName="473462aa-71aa-491c-913a-391d6732b9ef" duration="00:00:00.0001814" startTime="2025-12-23T03:03:01.5853924+00:00" endTime="2025-12-23T03:03:01.5853925+00:00" testType="13cdc9d9-ddb5-4fa4-a97d-d965ccfc6d4b" outcome="Passed" testListId="8c84fa94-04c1-424b-9868-57a2d4851a1d" relativeResultsDirectory="98cbfdbc-e642-40d1-a846-ae939b2ea1df" />
    <UnitTestResult executionId="d503e1d1-530c-438a-9675-643763f0e33a" testId="7afa5ed6-6c84-0f7b-0fe0-5f68422ac62b" testName="LawMatics.SDK.Tests.AddressesClientTests.GetAddressesAsync_WithValidParameters_ReturnsAddresses" computerName="473462aa-71aa-491c-913a-391d6732b9ef" duration="00:00:00.0993425" startTime="2025-12-23T03:03:02.1456217+00:00" endTime="2025-12-23T03:03:02.1456218+00:00" testType="13cdc9d9-ddb5-4fa4-a97d-d965ccfc6d4b" outcome="Failed" testListId="8c84fa94-04c1-424b-9868-57a2d4851a1d" relativeResultsDirectory="d503e1d1-530c-438a-9675-643763f0e33a">
      <Output>
        <ErrorInfo>
          <Message>LawMatics.SDK.Exceptions.LawMaticsException : Error sending request to addresses?page=1&amp;page_size=20: The JSON value could not be converted to LawMatics.SDK.Models.PagedResponse`1[LawMatics.SDK.Models.Address]. Path: $.data | LineNumber: 0 | BytePositionInLine: 9.
---- System.Text.Json.JsonException : The JSON value could not be converted to LawMatics.SDK.Models.PagedResponse`1[LawMatics.SDK.Models.Address]. Path: $.data | LineNumber: 0 | BytePositionInLine: 9.</Message>
          <StackTrace>   at LawMatics.SDK.Clients.BaseClient.SendRequestAsync[T](HttpMethod method, String endpoint, Object data) in /workspace/LawMatics.SDK/Clients/BaseClient.cs:line 146
   at LawMatics.SDK.Clients.BaseClient.GetAsync[T](String endpoint) in /workspace/LawMatics.SDK/Clients/BaseClient.cs:line 37
   at LawMatics.SDK.Clients.BaseClient.GetAsync[T](String endpoint, Dictionary`2 parameters, CancellationToken cancellationToken) in /workspace/LawMatics.SDK/Clients/BaseClient.cs:line 59
   at LawMatics.SDK.Clients.AddressesClient.GetAddressesAsync(Int32 page, Int32 pageSize, Nullable`1 contactId, Nullable`1 companyId, String addressType, CancellationToken cancellationToken) in /workspace/LawMatics.SDK/Clients/AddressesClient.cs:line 50
   at LawMatics.SDK.Tests.AddressesClientTests.GetAddressesAsync_WithValidParameters_ReturnsAddresses() in /workspace/LawMatics.SDK.Tests/AddressesClientTests.cs:line 91
--- End of stack trace from previous location ---
----- Inner Stack Trace -----
   at System.Text.Json.ThrowHelper.ThrowJsonException_DeserializeUnableToConvertValue(Type propertyType)
   at System.Text.Json.Serialization.Converters.ObjectDefaultConverter`1.OnTryRead(Utf8JsonReader&amp; reader, Type typeToConvert, JsonSerializerOptions options, ReadStack&amp; state, T&amp; value)
   at System.Text.Json.Serialization.JsonConverter`1.TryRead(Utf8JsonReader&amp; reader, Type typeToConvert, JsonSerializerOptions options, ReadStack&amp; state, T&amp; value, Boolean&amp; isPopulatedValue)
   at System.Text.Json.Serialization.Metadata.JsonPropertyInfo`1.ReadJsonAndSetMember(Object obj, ReadStack&amp; state, Utf8JsonReader&amp; reader)
   at System.Text.Json.Serialization.Converters.ObjectDefaultConverter`1.OnTryRead(Utf8JsonReader&amp; reader, Type typeToConvert, JsonSerializerOptions options, ReadStack&amp; state, T&amp; value)
   at System.Text.Json.Serialization.JsonConverter`1.TryRead(Utf8JsonReader&amp; reader, Type typeToConvert, JsonSerializerOptions options, ReadStack&amp; state, T&amp; value, Boolean&amp; isPopulatedValue)
   at System.Text.Json.Serialization.JsonConverter`1.ReadCore(Utf8JsonReader&amp; reader, T&amp; value, JsonSerializerOptions options, ReadStack&amp; state)
   at System.Text.Json.Serialization.Metadata.JsonTypeInfo`1.Deserialize(Utf8JsonReader&amp; reader, ReadStack&amp; state)
   at System.Text.Json.JsonSerializer.ReadFromSpan[TValue](ReadOnlySpan`1 utf8Json, JsonTypeInfo`1 jsonTypeInfo, Nullable`1 actualByteCount)
   at System.Text.Json.JsonSerializer.ReadFromSpan[TValue](ReadOnlySpan`1 json, JsonTypeInfo`1 jsonTypeInfo)
   at System.Text.Json.JsonSerializer.Deserialize[TValue](String json, JsonSerializerOptions options)
   at LawMatics.SDK.Clients.BaseClient.SendRequestAsync[T](HttpMethod method, String endpoint, Object data) in /workspace/LawMatics.SDK/Clients/BaseClient.cs:line 136</StackTrace>
        </ErrorInfo>
      </Output>
    </UnitTestResult>
    <UnitTestResult executionId="61e17192-de8b-4cd6-9f3a-5c60d6bf5e2b" testId="18c3f71c-857c-1d36-aff2-cf6ba187fc10" testName="LawMatics.SDK.Tests.Authentication.LawMaticsCredentialsTests.Constructor_WithNullAccessToken_ThrowsArgumentNullException" computerName="473462aa-71aa-491c-913a-391d6732b9ef" duration="00:00:00.0001628" startTime="2025-12-23T03:03:01.5838557+00:00" endTime="2025-12-23T03:03:01.5838557+00:00" testType="13cdc9d9-ddb5-4fa4-a97d-d965ccfc6d4b" outcome="Passed" testListId="8c84fa94-04c1-424b-9868-57a2d4851a1d" relativeResultsDirectory="61e17192-de8b-4cd6-9f3a-5c60d6bf5e2b" />
    <UnitTestResult executionId="dd7bd730-eeb0-44e8-a194-5e7513fe2d32" testId="fa876ec5-0176-acdb-52a9-54a1c6468b77" testName="LawMatics.SDK.Tests.Configuration.LawMaticsClientOptionsTests.Validate_WithNegativeRetryDelay_ThrowsArgumentException" computerName="473462aa-71aa-491c-913a-391d6732b9ef" duration="00:00:00.0030501" startTime="2025-12-23T03:03:01.5766705+00:00" endTime="2025-12-23T03:03:01.5766705+00:00" testType="13cdc9d9-ddb5-4fa4-a97d-d965ccfc6d4b" outcome="Passed" testListId="8c84fa94-04c1-424b-9868-57a2d4851a1d" relativeResultsDirectory="dd7bd730-eeb0-44e8-a194-5e7513fe2d32" />
    <UnitTestResult executionId="f25eea7a-bc8c-43b5-b35c-f4ef1d887c9b" testId="446d00e4-94b6-0a06-e4a1-694fd6a841c8" testName="LawMatics.SDK.Tests.EventTypesClientTests.GetEventTypeAsync_WithValidId_ReturnsEventType" computerName="473462aa-71aa-491c-913a-391d6732b9ef" duration="00:00:00.0989707" startTime="2025-12-23T03:03:02.1357418+00:00" endTime="2025-12-23T03:03:02.1357418+00:00" testType="13cdc9d9-ddb5-4fa4-a97d-d965ccfc6d4b" outcome="Failed" testListId="8c84fa94-04c1-424b-9868-57a2d4851a1d" relativeResultsDirectory="f25eea7a-bc8c-43b5-b35c-f4ef1d887c9b">
      <Output>
        <ErrorInfo>
          <Message>Assert.NotNull() Failure: Value is null</Message>
          <StackTrace>   at LawMatics.SDK.Tests.EventTypesClientTests.GetEventTypeAsync_WithValidId_ReturnsEventType() in /workspace/LawMatics.SDK.Tests/EventTypesClientTests.cs:line 138
--- End of stack trace from previous location ---</StackTrace>
        </ErrorInfo>
      </Output>
    </UnitTestResult>
    <UnitTestResult executionId="e22a7cb6-c6e3-4ac0-9d29-018a93362ae8" testId="a3e41624-89de-48ec-e57b-fd74df933189" testName="LawMatics.SDK.Tests.EmailAddressesClientTests.DeleteEmailAddressAsync_WithValidId_ReturnsTrue" computerName="473462aa-71aa-491c-913a-391d6732b9ef" duration="00:00:00.1247376" startTime="2025-12-23T03:03:01.6907368+00:00" endTime="2025-12-23T03:03:01.6907369+00:00" testType="13cdc9d9-ddb5-4fa4-a97d-d965ccfc6d4b" outcome="Passed" testListId="8c84fa94-04c1-424b-9868-57a2d4851a1d" relativeResultsDirectory="e22a7cb6-c6e3-4ac0-9d29-018a93362ae8" />
    <UnitTestResult executionId="f34c10e9-214a-496c-9e2f-f717a73bff89" testId="b0404ba1-0b84-e113-27e0-fb0982ca3aa6" testName="LawMatics.SDK.Tests.CustomEmailsClientTests.GetCustomEmailsAsync_WithValidParameters_ReturnsCustomEmails" computerName="473462aa-71aa-491c-913a-391d6732b9ef" duration="00:00:00.3677186" startTime="2025-12-23T03:03:02.0379242+00:00" endTime="2025-12-23T03:03:02.0379243+00:00" testType="13cdc9d9-ddb5-4fa4-a97d-d965ccfc6d4b" outcome="Failed" testListId="8c84fa94-04c1-424b-9868-57a2d4851a1d" relativeResultsDirectory="f34c10e9-214a-496c-9e2f-f717a73bff89">
      <Output>
        <ErrorInfo>
          <Message>LawMatics.SDK.Exceptions.LawMaticsException : Error sending request to custom-emails?page=1&amp;page_size=20: The JSON value could not be converted to LawMatics.SDK.Models.PagedResponse`1[LawMatics.SDK.Models.CustomEmail]. Path: $.data | LineNumber: 0 | BytePositionInLine: 9.
---- System.Text.Json.JsonException : The JSON value could not be converted to LawMatics.SDK.Models.PagedResponse`1[LawMatics.SDK.Models.CustomEmail]. Path: $.data | LineNumber: 0 | BytePositionInLine: 9.</Message>
          <StackTrace>   at LawMatics.SDK.Clients.BaseClient.SendRequestAsync[T](HttpMethod method, String endpoint, Object data) in /workspace/LawMatics.SDK/Clients/BaseClient.cs:line 146
   at LawMatics.SDK.Clients.BaseClient.GetAsync[T](String endpoint) in /workspace/LawMatics.SDK/Clients/BaseClient.cs:line 37
   at LawMatics.SDK.Clients.BaseClient.GetAsync[T](String endpoint, Dictionary`2 parameters, CancellationToken cancellationToken) in /workspace/LawMatics.SDK/Clients/BaseClient.cs:line 59
   at LawMatics.SDK.Clients.CustomEmailsClient.GetCustomEmailsAsync(Int32 page, Int32 pageSize, String category, Nullable`1 isActive, String search, CancellationToken cancellationToken) in /workspace/LawMatics.SDK/Clients/CustomEmailsClient.cs:line 50
   at LawMatics.SDK.Tests.CustomEmailsClientTests.GetCustomEmailsAsync_WithValidParameters_ReturnsCustomEmails() in /workspace/LawMatics.SDK.Tests/CustomEmailsClientTests.cs:line 92
--- End of stack trace from previous location ---
----- Inner Stack Trace -----
   at System.Text.Json.ThrowHelper.ThrowJsonException_DeserializeUnableToConvertValue(Type propertyType)
   at System.Text.Json.Serialization.Converters.ObjectDefaultConverter`1.OnTryRead(Utf8JsonReader&amp; reader, Type typeToConvert, JsonSerializerOptions options, ReadStack&amp; state, T&amp; value)
   at System.Text.Json.Serialization.JsonConverter`1.TryRead(Utf8JsonReader&amp; reader, Type typeToConvert, JsonSerializerOptions options, ReadStack&amp; state, T&amp; value, Boolean&amp; isPopulatedValue)
   at System.Text.Json.Serialization.Metadata.JsonPropertyInfo`1.ReadJsonAndSetMember(Object obj, ReadStack&amp; state, Utf8JsonReader&amp; reader)
   at System.Text.Json.Serialization.Converters.ObjectDefaultConverter`1.OnTryRead(Utf8JsonReader&amp; reader, Type typeToConvert, JsonSerializerOptions options, ReadStack&amp; state, T&amp; value)
   at System.Text.Json.Serialization.JsonConverter`1.TryRead(Utf8JsonReader&amp; reader, Type typeToConvert, JsonSerializerOptions options, ReadStack&amp; state, T&amp; value, Boolean&amp; isPopulatedValue)
   at System.Text.Json.Serialization.JsonConverter`1.ReadCore(Utf8JsonReader&amp; reader, T&amp; value, JsonSerializerOptions options, ReadStack&amp; state)
   at System.Text.Json.Serialization.Metadata.JsonTypeInfo`1.Deserialize(Utf8JsonReader&amp; reader, ReadStack&amp; state)
   at System.Text.Json.JsonSerializer.ReadFromSpan[TValue](ReadOnlySpan`1 utf8Json, JsonTypeInfo`1 jsonTypeInfo, Nullable`1 actualByteCount)
   at System.Text.Json.JsonSerializer.ReadFromSpan[TValue](ReadOnlySpan`1 json, JsonTypeInfo`1 jsonTypeInfo)
   at System.Text.Json.JsonSerializer.Deserialize[TValue](String json, JsonSerializerOptions options)
   at LawMatics.SDK.Clients.BaseClient.SendRequestAsync[T](HttpMethod method, String endpoint, Object data) in /workspace/LawMatics.SDK/Clients/BaseClient.cs:line 136</StackTrace>
        </ErrorInfo>
      </Output>
    </UnitTestResult>
    <UnitTestResult executionId="343e1fdc-1152-4b73-89e9-69d9b87ffe45" testId="58b7f80b-0c98-ed23-202d-8d9574090f07" testName="LawMatics.SDK.Tests.LawMaticsClientTests.Constructor_WithNegativeTimeout_ThrowsArgumentException" computerName="473462aa-71aa-491c-913a-391d6732b9ef" duration="00:00:00.1013942" startTime="2025-12-23T03:03:01.6665420+00:00" endTime="2025-12-23T03:03:01.6665422+00:00" testType="13cdc9d9-ddb5-4fa4-a97d-d965ccfc6d4b" outcome="Passed" testListId="8c84fa94-04c1-424b-9868-57a2d4851a1d" relativeResultsDirectory="343e1fdc-1152-4b73-89e9-69d9b87ffe45" />
    <UnitTestResult executionId="e95866d2-f862-49d9-8c93-4d57bfbffb7b" testId="6edec7ad-b12b-4558-908b-1b6ae2ee3fca" testName="LawMatics.SDK.Tests.CustomEmailsClientTests.CreateCustomEmailAsync_WithValidRequest_ReturnsCreatedCustomEmail" computerName="473462aa-71aa-491c-913a-391d6732b9ef" duration="00:00:00.0967089" startTime="2025-12-23T03:03:02.1440578+00:00" endTime="2025-12-23T03:03:02.1440579+00:00" testType="13cdc9d9-ddb5-4fa4-a97d-d965ccfc6d4b" outcome="Failed" testListId="8c84fa94-04c1-424b-9868-57a2d4851a1d" relativeResultsDirectory="e95866d2-f862-49d9-8c93-4d57bfbffb7b">
      <Output>
        <ErrorInfo>
          <Message>Assert.NotNull() Failure: Value is null</Message>
          <StackTrace>   at LawMatics.SDK.Tests.CustomEmailsClientTests.CreateCustomEmailAsync_WithValidRequest_ReturnsCreatedCustomEmail() in /workspace/LawMatics.SDK.Tests/CustomEmailsClientTests.cs:line 188
--- End of stack trace from previous location ---</StackTrace>
        </ErrorInfo>
      </Output>
    </UnitTestResult>
    <UnitTestResult executionId="383b6ebd-195b-48c9-9934-6ada2b2d44bd" testId="1dde96e5-5c8a-ab84-aaa7-39b2af848ba0" testName="LawMatics.SDK.Tests.Authentication.LawMaticsCredentialsTests.IsExpired_WithExpiredToken_ReturnsTrue" computerName="473462aa-71aa-491c-913a-391d6732b9ef" duration="00:00:00.0001937" startTime="2025-12-23T03:03:01.5838995+00:00" endTime="2025-12-23T03:03:01.5838995+00:00" testType="13cdc9d9-ddb5-4fa4-a97d-d965ccfc6d4b" outcome="Passed" testListId="8c84fa94-04c1-424b-9868-57a2d4851a1d" relativeResultsDirectory="383b6ebd-195b-48c9-9934-6ada2b2d44bd" />
    <UnitTestResult executionId="fb454ca9-fcdf-4c27-81cb-90190f49818c" testId="c6e1ec08-e1b2-9b5b-6273-c5a9d902b8c6" testName="LawMatics.SDK.Tests.SubtasksClientTests.GetSubtaskAsync_WithValidId_ReturnsSubtask" computerName="473462aa-71aa-491c-913a-391d6732b9ef" duration="00:00:00.0670405" startTime="2025-12-23T03:03:02.1390620+00:00" endTime="2025-12-23T03:03:02.1390621+00:00" testType="13cdc9d9-ddb5-4fa4-a97d-d965ccfc6d4b" outcome="Failed" testListId="8c84fa94-04c1-424b-9868-57a2d4851a1d" relativeResultsDirectory="fb454ca9-fcdf-4c27-81cb-90190f49818c">
      <Output>
        <ErrorInfo>
          <Message>Assert.NotNull() Failure: Value is null</Message>
          <StackTrace>   at LawMatics.SDK.Tests.SubtasksClientTests.GetSubtaskAsync_WithValidId_ReturnsSubtask() in /workspace/LawMatics.SDK.Tests/SubtasksClientTests.cs:line 138
--- End of stack trace from previous location ---</StackTrace>
        </ErrorInfo>
      </Output>
    </UnitTestResult>
    <UnitTestResult executionId="04513990-e3ff-4700-b0ad-b2a01e7d9b52" testId="81642c4c-53d1-6ee1-5ffa-c319a6c4af77" testName="LawMatics.SDK.Tests.Configuration.LawMaticsClientOptionsTests.Validate_WithNegativeTimeout_ThrowsArgumentException" computerName="473462aa-71aa-491c-913a-391d6732b9ef" duration="00:00:00.0002843" startTime="2025-12-23T03:03:01.5862467+00:00" endTime="2025-12-23T03:03:01.5862467+00:00" testType="13cdc9d9-ddb5-4fa4-a97d-d965ccfc6d4b" outcome="Passed" testListId="8c84fa94-04c1-424b-9868-57a2d4851a1d" relativeResultsDirectory="04513990-e3ff-4700-b0ad-b2a01e7d9b52" />
    <UnitTestResult executionId="e48b481f-e761-443c-9f6f-a1ea629f5b39" testId="9ea17de4-3373-4587-280d-fd4fb08a495f" testName="LawMatics.SDK.Tests.CommentsClientTests.DeleteCommentAsync_WithValidId_ReturnsTrue" computerName="473462aa-71aa-491c-913a-391d6732b9ef" duration="00:00:00.0912632" startTime="2025-12-23T03:03:02.1424311+00:00" endTime="2025-12-23T03:03:02.1424312+00:00" testType="13cdc9d9-ddb5-4fa4-a97d-d965ccfc6d4b" outcome="Passed" testListId="8c84fa94-04c1-424b-9868-57a2d4851a1d" relativeResultsDirectory="e48b481f-e761-443c-9f6f-a1ea629f5b39" />
    <UnitTestResult executionId="ba08bd15-19e5-4772-9dee-11711f34844c" testId="3ab8e382-8f9e-bec4-5454-9c96c07620cf" testName="LawMatics.SDK.Tests.Configuration.LawMaticsClientOptionsTests.GetApiUrl_WithValidEndpoint_ReturnsFullUrl" computerName="473462aa-71aa-491c-913a-391d6732b9ef" duration="00:00:00.0001819" startTime="2025-12-23T03:03:01.5864096+00:00" endTime="2025-12-23T03:03:01.5864097+00:00" testType="13cdc9d9-ddb5-4fa4-a97d-d965ccfc6d4b" outcome="Passed" testListId="8c84fa94-04c1-424b-9868-57a2d4851a1d" relativeResultsDirectory="ba08bd15-19e5-4772-9dee-11711f34844c" />
    <UnitTestResult executionId="7c2fbafb-7b34-439a-81a2-e3538dbd3f99" testId="7c25d279-714f-8902-ca84-780b22026908" testName="LawMatics.SDK.Tests.LawMaticsClientTests.Dispose_CanBeCalledMultipleTimes_DoesNotThrow" computerName="473462aa-71aa-491c-913a-391d6732b9ef" duration="00:00:00.0006547" startTime="2025-12-23T03:03:01.8430652+00:00" endTime="2025-12-23T03:03:01.8430652+00:00" testType="13cdc9d9-ddb5-4fa4-a97d-d965ccfc6d4b" outcome="Passed" testListId="8c84fa94-04c1-424b-9868-57a2d4851a1d" relativeResultsDirectory="7c2fbafb-7b34-439a-81a2-e3538dbd3f99" />
    <UnitTestResult executionId="fe39f311-6e22-4f5d-add0-dc4d8bf4bdd2" testId="61504cc4-35c9-9555-6c94-5a11ed3e166a" testName="LawMatics.SDK.Tests.Authentication.LawMaticsCredentialsTests.HasRefreshToken_WithRefreshToken_ReturnsTrue" computerName="473462aa-71aa-491c-913a-391d6732b9ef" duration="00:00:00.0000682" startTime="2025-12-23T03:03:01.5854711+00:00" endTime="2025-12-23T03:03:01.5854711+00:00" testType="13cdc9d9-ddb5-4fa4-a97d-d965ccfc6d4b" outcome="Passed" testListId="8c84fa94-04c1-424b-9868-57a2d4851a1d" relativeResultsDirectory="fe39f311-6e22-4f5d-add0-dc4d8bf4bdd2" />
    <UnitTestResult executionId="ac0508e0-d2af-4ce0-921a-a9477c45b92f" testId="ff09d689-11a0-b2eb-b294-4ca79b3f0da6" testName="LawMatics.SDK.Tests.EmailCampaignStatsClientTests.GetEmailCampaignStatsAsync_WithValidCampaignId_ReturnsStats" computerName="473462aa-71aa-491c-913a-391d6732b9ef" duration="00:00:00.2155237" startTime="2025-12-23T03:03:01.7807039+00:00" endTime="2025-12-23T03:03:01.7807041+00:00" testType="13cdc9d9-ddb5-4fa4-a97d-d965ccfc6d4b" outcome="Passed" testListId="8c84fa94-04c1-424b-9868-57a2d4851a1d" relativeResultsDirectory="ac0508e0-d2af-4ce0-921a-a9477c45b92f" />
    <UnitTestResult executionId="d914fc00-b396-4020-99d2-74669a6dbdcd" testId="9233f2a2-eb23-e4d7-765e-56c6b9800228" testName="LawMatics.SDK.Tests.Configuration.LawMaticsClientOptionsTests.GetApiUrl_WithEmptyEndpoint_ThrowsArgumentException" computerName="473462aa-71aa-491c-913a-391d6732b9ef" duration="00:00:00.0002690" startTime="2025-12-23T03:03:01.5854877+00:00" endTime="2025-12-23T03:03:01.5854877+00:00" testType="13cdc9d9-ddb5-4fa4-a97d-d965ccfc6d4b" outcome="Passed" testListId="8c84fa94-04c1-424b-9868-57a2d4851a1d" relativeResultsDirectory="d914fc00-b396-4020-99d2-74669a6dbdcd" />
    <UnitTestResult executionId="0dbdae39-3f74-429c-857d-266db7e82651" testId="fa80949f-36a0-23e5-aa62-530c9068e9e5" testName="LawMatics.SDK.Tests.CommentsClientTests.GetCommentsAsync_WithValidParameters_ReturnsComments" computerName="473462aa-71aa-491c-913a-391d6732b9ef" duration="00:00:00.0159512" startTime="2025-12-23T03:03:02.1485617+00:00" endTime="2025-12-23T03:03:02.1485618+00:00" testType="13cdc9d9-ddb5-4fa4-a97d-d965ccfc6d4b" outcome="Passed" testListId="8c84fa94-04c1-424b-9868-57a2d4851a1d" relativeResultsDirectory="0dbdae39-3f74-429c-857d-266db7e82651" />
    <UnitTestResult executionId="c2a888d5-cd8e-4ea0-830b-3d5aa13e88f9" testId="d95cff45-b524-52e3-d60f-4c5a628dbf59" testName="LawMatics.SDK.Tests.EmailAddressesClientTests.GetEmailAddressAsync_WithValidId_ReturnsEmailAddress" computerName="473462aa-71aa-491c-913a-391d6732b9ef" duration="00:00:00.2409904" startTime="2025-12-23T03:03:01.9751066+00:00" endTime="2025-12-23T03:03:01.9751067+00:00" testType="13cdc9d9-ddb5-4fa4-a97d-d965ccfc6d4b" outcome="Failed" testListId="8c84fa94-04c1-424b-9868-57a2d4851a1d" relativeResultsDirectory="c2a888d5-cd8e-4ea0-830b-3d5aa13e88f9">
      <Output>
        <ErrorInfo>
          <Message>Assert.NotNull() Failure: Value is null</Message>
          <StackTrace>   at LawMatics.SDK.Tests.EmailAddressesClientTests.GetEmailAddressAsync_WithValidId_ReturnsEmailAddress() in /workspace/LawMatics.SDK.Tests/EmailAddressesClientTests.cs:line 136
--- End of stack trace from previous location ---</StackTrace>
        </ErrorInfo>
      </Output>
    </UnitTestResult>
    <UnitTestResult executionId="c5b4b469-36ff-4c1a-99d9-67132841e076" testId="56ce7c11-0109-8eec-fe8d-3fe9c897d355" testName="LawMatics.SDK.Tests.EventTypesClientTests.GetEventTypesAsync_WithValidParameters_ReturnsEventTypes" computerName="473462aa-71aa-491c-913a-391d6732b9ef" duration="00:00:00.2431164" startTime="2025-12-23T03:03:02.0322409+00:00" endTime="2025-12-23T03:03:02.0322410+00:00" testType="13cdc9d9-ddb5-4fa4-a97d-d965ccfc6d4b" outcome="Failed" testListId="8c84fa94-04c1-424b-9868-57a2d4851a1d" relativeResultsDirectory="c5b4b469-36ff-4c1a-99d9-67132841e076">
      <Output>
        <ErrorInfo>
          <Message>LawMatics.SDK.Exceptions.LawMaticsException : Error sending request to event-types?page=1&amp;page_size=20: The JSON value could not be converted to LawMatics.SDK.Models.PagedResponse`1[LawMatics.SDK.Models.EventType]. Path: $.data | LineNumber: 0 | BytePositionInLine: 9.
---- System.Text.Json.JsonException : The JSON value could not be converted to LawMatics.SDK.Models.PagedResponse`1[LawMatics.SDK.Models.EventType]. Path: $.data | LineNumber: 0 | BytePositionInLine: 9.</Message>
          <StackTrace>   at LawMatics.SDK.Clients.BaseClient.SendRequestAsync[T](HttpMethod method, String endpoint, Object data) in /workspace/LawMatics.SDK/Clients/BaseClient.cs:line 146
   at LawMatics.SDK.Clients.BaseClient.GetAsync[T](String endpoint) in /workspace/LawMatics.SDK/Clients/BaseClient.cs:line 37
   at LawMatics.SDK.Clients.BaseClient.GetAsync[T](String endpoint, Dictionary`2 parameters, CancellationToken cancellationToken) in /workspace/LawMatics.SDK/Clients/BaseClient.cs:line 59
   at LawMatics.SDK.Clients.EventTypesClient.GetEventTypesAsync(Int32 page, Int32 pageSize, String name, Nullable`1 isActive, CancellationToken cancellationToken) in /workspace/LawMatics.SDK/Clients/EventTypesClient.cs:line 45
   at LawMatics.SDK.Tests.EventTypesClientTests.GetEventTypesAsync_WithValidParameters_ReturnsEventTypes() in /workspace/LawMatics.SDK.Tests/EventTypesClientTests.cs:line 92
--- End of stack trace from previous location ---
----- Inner Stack Trace -----
   at System.Text.Json.ThrowHelper.ThrowJsonException_DeserializeUnableToConvertValue(Type propertyType)
   at System.Text.Json.Serialization.Converters.ObjectDefaultConverter`1.OnTryRead(Utf8JsonReader&amp; reader, Type typeToConvert, JsonSerializerOptions options, ReadStack&amp; state, T&amp; value)
   at System.Text.Json.Serialization.JsonConverter`1.TryRead(Utf8JsonReader&amp; reader, Type typeToConvert, JsonSerializerOptions options, ReadStack&amp; state, T&amp; value, Boolean&amp; isPopulatedValue)
   at System.Text.Json.Serialization.Metadata.JsonPropertyInfo`1.ReadJsonAndSetMember(Object obj, ReadStack&amp; state, Utf8JsonReader&amp; reader)
   at System.Text.Json.Serialization.Converters.ObjectDefaultConverter`1.OnTryRead(Utf8JsonReader&amp; reader, Type typeToConvert, JsonSerializerOptions options, ReadStack&amp; state, T&amp; value)
   at System.Text.Json.Serialization.JsonConverter`1.TryRead(Utf8JsonReader&amp; reader, Type typeToConvert, JsonSerializerOptions options, ReadStack&amp; state, T&amp; value, Boolean&amp; isPopulatedValue)
   at System.Text.Json.Serialization.JsonConverter`1.ReadCore(Utf8JsonReader&amp; reader, T&amp; value, JsonSerializerOptions options, ReadStack&amp; state)
   at System.Text.Json.Serialization.Metadata.JsonTypeInfo`1.Deserialize(Utf8JsonReader&amp; reader, ReadStack&amp; state)
   at System.Text.Json.JsonSerializer.ReadFromSpan[TValue](ReadOnlySpan`1 utf8Json, JsonTypeInfo`1 jsonTypeInfo, Nullable`1 actualByteCount)
   at System.Text.Json.JsonSerializer.ReadFromSpan[TValue](ReadOnlySpan`1 json, JsonTypeInfo`1 jsonTypeInfo)
   at System.Text.Json.JsonSerializer.Deserialize[TValue](String json, JsonSerializerOptions options)
   at LawMatics.SDK.Clients.BaseClient.SendRequestAsync[T](HttpMethod method, String endpoint, Object data) in /workspace/LawMatics.SDK/Clients/BaseClient.cs:line 136</StackTrace>
        </ErrorInfo>
      </Output>
    </UnitTestResult>
    <UnitTestResult executionId="23ab3802-1eaa-4111-9ce3-06fec9724df9" testId="9ebd287f-1beb-e39f-9ea2-f0ed00fac48b" testName="LawMatics.SDK.Tests.Authentication.LawMaticsCredentialsTests.Constructor_WithNullClientSecret_ThrowsArgumentNullException" computerName="473462aa-71aa-491c-913a-391d6732b9ef" duration="00:00:00.0001635" startTime="2025-12-23T03:03:01.5838269+00:00" endTime="2025-12-23T03:03:01.5838269+00:00" testType="13cdc9d9-ddb5-4fa4-a97d-d965ccfc6d4b" outcome="Passed" testListId="8c84fa94-04c1-424b-9868-57a2d4851a1d" relativeResultsDirectory="23ab3802-1eaa-4111-9ce3-06fec9724df9" />
    <UnitTestResult executionId="e1e0841c-24e7-47f8-a77a-beb1954b758f" testId="9864df28-2557-b398-5dd5-7e71714a8a1d" testName="LawMatics.SDK.Tests.Authentication.LawMaticsCredentialsTests.UpdateToken_WithAllParameters_UpdatesAllTokenProperties" computerName="473462aa-71aa-491c-913a-391d6732b9ef" duration="00:00:00.0001747" startTime="2025-12-23T03:03:01.5858843+00:00" endTime="2025-12-23T03:03:01.5858844+00:00" testType="13cdc9d9-ddb5-4fa4-a97d-d965ccfc6d4b" outcome="Passed" testListId="8c84fa94-04c1-424b-9868-57a2d4851a1d" relativeResultsDirectory="e1e0841c-24e7-47f8-a77a-beb1954b758f" />
    <UnitTestResult executionId="0980323f-43e2-498b-b895-ac471b527f5b" testId="e553cea0-9da9-f423-6a32-0ac960120a8c" testName="LawMatics.SDK.Tests.CustomContactTypesClientTests.GetCustomContactTypeAsync_WithValidId_ReturnsCustomContactType" computerName="473462aa-71aa-491c-913a-391d6732b9ef" duration="00:00:00.0079238" startTime="2025-12-23T03:03:02.1413464+00:00" endTime="2025-12-23T03:03:02.1413466+00:00" testType="13cdc9d9-ddb5-4fa4-a97d-d965ccfc6d4b" outcome="Failed" testListId="8c84fa94-04c1-424b-9868-57a2d4851a1d" relativeResultsDirectory="0980323f-43e2-498b-b895-ac471b527f5b">
      <Output>
        <ErrorInfo>
          <Message>Assert.NotNull() Failure: Value is null</Message>
          <StackTrace>   at LawMatics.SDK.Tests.CustomContactTypesClientTests.GetCustomContactTypeAsync_WithValidId_ReturnsCustomContactType() in /workspace/LawMatics.SDK.Tests/CustomContactTypesClientTests.cs:line 147
--- End of stack trace from previous location ---</StackTrace>
        </ErrorInfo>
      </Output>
    </UnitTestResult>
    <UnitTestResult executionId="ee124087-f52f-4339-8f0e-d55cb939ec22" testId="eed40599-68da-b46c-203e-43bfd515d3d1" testName="LawMatics.SDK.Tests.AddressesClientTests.DeleteAddressAsync_WithValidId_ReturnsTrue" computerName="473462aa-71aa-491c-913a-391d6732b9ef" duration="00:00:00.0047763" startTime="2025-12-23T03:03:02.1372946+00:00" endTime="2025-12-23T03:03:02.1372947+00:00" testType="13cdc9d9-ddb5-4fa4-a97d-d965ccfc6d4b" outcome="Passed" testListId="8c84fa94-04c1-424b-9868-57a2d4851a1d" relativeResultsDirectory="ee124087-f52f-4339-8f0e-d55cb939ec22" />
    <UnitTestResult executionId="5957e596-7c79-4c2f-8f97-f76a38f0da27" testId="be6a5f3b-2b25-9e3b-75a8-3f3c3d2a50a1" testName="LawMatics.SDK.Tests.Configuration.LawMaticsClientOptionsTests.Validate_WithZeroTimeout_ThrowsArgumentException" computerName="473462aa-71aa-491c-913a-391d6732b9ef" duration="00:00:00.0001784" startTime="2025-12-23T03:03:01.5864348+00:00" endTime="2025-12-23T03:03:01.5864349+00:00" testType="13cdc9d9-ddb5-4fa4-a97d-d965ccfc6d4b" outcome="Passed" testListId="8c84fa94-04c1-424b-9868-57a2d4851a1d" relativeResultsDirectory="5957e596-7c79-4c2f-8f97-f76a38f0da27" />
    <UnitTestResult executionId="f548feb3-bd74-47e9-a2fd-317795be9193" testId="1027c092-8aca-55a7-f5d1-c71589a82cc7" testName="LawMatics.SDK.Tests.LawMaticsClientTests.Constructor_WithValidParameters_CreatesClient" computerName="473462aa-71aa-491c-913a-391d6732b9ef" duration="00:00:00.0012394" startTime="2025-12-23T03:03:02.0483798+00:00" endTime="2025-12-23T03:03:02.0483799+00:00" testType="13cdc9d9-ddb5-4fa4-a97d-d965ccfc6d4b" outcome="Passed" testListId="8c84fa94-04c1-424b-9868-57a2d4851a1d" relativeResultsDirectory="f548feb3-bd74-47e9-a2fd-317795be9193" />
    <UnitTestResult executionId="5a80e069-e48a-42f8-af66-b88c68141a35" testId="a211561a-8330-aadc-3454-ed4dc2a075dc" testName="LawMatics.SDK.Tests.LawMaticsClientTests.PostAsync_WithValidData_ReturnsResponse" computerName="473462aa-71aa-491c-913a-391d6732b9ef" duration="00:00:00.0049636" startTime="2025-12-23T03:03:02.1420852+00:00" endTime="2025-12-23T03:03:02.1420852+00:00" testType="13cdc9d9-ddb5-4fa4-a97d-d965ccfc6d4b" outcome="Passed" testListId="8c84fa94-04c1-424b-9868-57a2d4851a1d" relativeResultsDirectory="5a80e069-e48a-42f8-af66-b88c68141a35" />
    <UnitTestResult executionId="7d83a77a-e8bb-4078-b357-db6195c1e771" testId="1bd26af2-c60e-e39b-4a90-fdca40fadb2b" testName="LawMatics.SDK.Tests.UnitTest1.Test1" computerName="473462aa-71aa-491c-913a-391d6732b9ef" duration="00:00:00.0023002" startTime="2025-12-23T03:03:01.5768497+00:00" endTime="2025-12-23T03:03:01.5768498+00:00" testType="13cdc9d9-ddb5-4fa4-a97d-d965ccfc6d4b" outcome="Passed" testListId="8c84fa94-04c1-424b-9868-57a2d4851a1d" relativeResultsDirectory="7d83a77a-e8bb-4078-b357-db6195c1e771" />
    <UnitTestResult executionId="39506d60-5c4a-4f2d-9abb-bcd998a30731" testId="23d1a49d-da4e-6054-0dcb-fe43f50dc3d8" testName="LawMatics.SDK.Tests.TasksClientTests.CreateTaskAsync_WithValidRequest_ReturnsCreatedTask" computerName="473462aa-71aa-491c-913a-391d6732b9ef" duration="00:00:00.3660428" startTime="2025-12-23T03:03:01.9739978+00:00" endTime="2025-12-23T03:03:01.9739981+00:00" testType="13cdc9d9-ddb5-4fa4-a97d-d965ccfc6d4b" outcome="Failed" testListId="8c84fa94-04c1-424b-9868-57a2d4851a1d" relativeResultsDirectory="39506d60-5c4a-4f2d-9abb-bcd998a30731">
      <Output>
        <ErrorInfo>
          <Message>Assert.NotNull() Failure: Value is null</Message>
          <StackTrace>   at LawMatics.SDK.Tests.TasksClientTests.CreateTaskAsync_WithValidRequest_ReturnsCreatedTask() in /workspace/LawMatics.SDK.Tests/TasksClientTests.cs:line 204
--- End of stack trace from previous location ---</StackTrace>
        </ErrorInfo>
      </Output>
    </UnitTestResult>
    <UnitTestResult executionId="95b4a2e7-373a-4bbf-887e-db6ab33d8911" testId="aff370e9-819d-facc-ecc0-5b61d9d0f2f8" testName="LawMatics.SDK.Tests.TimeEntriesClientTests.GetTimeEntriesAsync_WithValidParameters_ReturnsTimeEntries" computerName="473462aa-71aa-491c-913a-391d6732b9ef" duration="00:00:00.1035457" startTime="2025-12-23T03:03:02.1370855+00:00" endTime="2025-12-23T03:03:02.1370857+00:00" testType="13cdc9d9-ddb5-4fa4-a97d-d965ccfc6d4b" outcome="Failed" testListId="8c84fa94-04c1-424b-9868-57a2d4851a1d" relativeResultsDirectory="95b4a2e7-373a-4bbf-887e-db6ab33d8911">
      <Output>
        <ErrorInfo>
          <Message>LawMatics.SDK.Exceptions.LawMaticsException : Error sending request to time-entries?page=1&amp;page_size=20: The JSON value could not be converted to LawMatics.SDK.Models.PagedResponse`1[LawMatics.SDK.Models.TimeEntry]. Path: $.data | LineNumber: 0 | BytePositionInLine: 9.
---- System.Text.Json.JsonException : The JSON value could not be converted to LawMatics.SDK.Models.PagedResponse`1[LawMatics.SDK.Models.TimeEntry]. Path: $.data | LineNumber: 0 | BytePositionInLine: 9.</Message>
          <StackTrace>   at LawMatics.SDK.Clients.BaseClient.SendRequestAsync[T](HttpMethod method, String endpoint, Object data) in /workspace/LawMatics.SDK/Clients/BaseClient.cs:line 146
   at LawMatics.SDK.Clients.BaseClient.GetAsync[T](String endpoint) in /workspace/LawMatics.SDK/Clients/BaseClient.cs:line 37
   at LawMatics.SDK.Clients.BaseClient.GetAsync[T](String endpoint, Dictionary`2 parameters, CancellationToken cancellationToken) in /workspace/LawMatics.SDK/Clients/BaseClient.cs:line 59
   at LawMatics.SDK.Clients.TimeEntriesClient.GetTimeEntriesAsync(Int32 page, Int32 pageSize, Nullable`1 matterId, Nullable`1 userId, Nullable`1 dateFrom, Nullable`1 dateTo, Nullable`1 hoursFrom, Nullable`1 hoursTo, CancellationToken cancellationToken) in /workspace/LawMatics.SDK/Clients/TimeEntriesClient.cs:line 65
   at LawMatics.SDK.Tests.TimeEntriesClientTests.GetTimeEntriesAsync_WithValidParameters_ReturnsTimeEntries() in /workspace/LawMatics.SDK.Tests/TimeEntriesClientTests.cs:line 95
--- End of stack trace from previous location ---
----- Inner Stack Trace -----
   at System.Text.Json.ThrowHelper.ThrowJsonException_DeserializeUnableToConvertValue(Type propertyType)
   at System.Text.Json.Serialization.Converters.ObjectDefaultConverter`1.OnTryRead(Utf8JsonReader&amp; reader, Type typeToConvert, JsonSerializerOptions options, ReadStack&amp; state, T&amp; value)
   at System.Text.Json.Serialization.JsonConverter`1.TryRead(Utf8JsonReader&amp; reader, Type typeToConvert, JsonSerializerOptions options, ReadStack&amp; state, T&amp; value, Boolean&amp; isPopulatedValue)
   at System.Text.Json.Serialization.Metadata.JsonPropertyInfo`1.ReadJsonAndSetMember(Object obj, ReadStack&amp; state, Utf8JsonReader&amp; reader)
   at System.Text.Json.Serialization.Converters.ObjectDefaultConverter`1.OnTryRead(Utf8JsonReader&amp; reader, Type typeToConvert, JsonSerializerOptions options, ReadStack&amp; state, T&amp; value)
   at System.Text.Json.Serialization.JsonConverter`1.TryRead(Utf8JsonReader&amp; reader, Type typeToConvert, JsonSerializerOptions options, ReadStack&amp; state, T&amp; value, Boolean&amp; isPopulatedValue)
   at System.Text.Json.Serialization.JsonConverter`1.ReadCore(Utf8JsonReader&amp; reader, T&amp; value, JsonSerializerOptions options, ReadStack&amp; state)
   at System.Text.Json.Serialization.Metadata.JsonTypeInfo`1.Deserialize(Utf8JsonReader&amp; reader, ReadStack&amp; state)
   at System.Text.Json.JsonSerializer.ReadFromSpan[TValue](ReadOnlySpan`1 utf8Json, JsonTypeInfo`1 jsonTypeInfo, Nullable`1 actualByteCount)
   at System.Text.Json.JsonSerializer.ReadFromSpan[TValue](ReadOnlySpan`1 json, JsonTypeInfo`1 jsonTypeInfo)
   at System.Text.Json.JsonSerializer.Deserialize[TValue](String json, JsonSerializerOptions options)
   at LawMatics.SDK.Clients.BaseClient.SendRequestAsync[T](HttpMethod method, String endpoint, Object data) in /workspace/LawMatics.SDK/Clients/BaseClient.cs:line 136</StackTrace>
        </ErrorInfo>
      </Output>
    </UnitTestResult>
    <UnitTestResult executionId="adace205-96f5-426e-a5a5-8812eb77cc57" testId="cf0a3848-9235-541e-20f5-dba9aa2b1141" testName="LawMatics.SDK.Tests.CustomContactTypesClientTests.GetActiveCustomContactTypesAsync_ReturnsOnlyActiveContactTypes" computerName="473462aa-71aa-491c-913a-391d6732b9ef" duration="00:00:00.1555441" startTime="2025-12-23T03:03:02.0303370+00:00" endTime="2025-12-23T03:03:02.0303372+00:00" testType="13cdc9d9-ddb5-4fa4-a97d-d965ccfc6d4b" outcome="Failed" testListId="8c84fa94-04c1-424b-9868-57a2d4851a1d" relativeResultsDirectory="adace205-96f5-426e-a5a5-8812eb77cc57">
      <Output>
        <ErrorInfo>
          <Message>LawMatics.SDK.Exceptions.LawMaticsException : Error sending request to custom-contact-types?page=1&amp;page_size=20&amp;is_active=True: Handler did not return a response message.
---- System.InvalidOperationException : Handler did not return a response message.</Message>
          <StackTrace>   at LawMatics.SDK.Clients.BaseClient.SendRequestAsync[T](HttpMethod method, String endpoint, Object data) in /workspace/LawMatics.SDK/Clients/BaseClient.cs:line 146
   at LawMatics.SDK.Clients.BaseClient.GetAsync[T](String endpoint) in /workspace/LawMatics.SDK/Clients/BaseClient.cs:line 37
   at LawMatics.SDK.Clients.BaseClient.GetAsync[T](String endpoint, Dictionary`2 parameters, CancellationToken cancellationToken) in /workspace/LawMatics.SDK/Clients/BaseClient.cs:line 59
   at LawMatics.SDK.Clients.CustomContactTypesClient.GetCustomContactTypesAsync(Int32 page, Int32 pageSize, String name, Nullable`1 isActive, CancellationToken cancellationToken) in /workspace/LawMatics.SDK/Clients/CustomContactTypesClient.cs:line 45
   at LawMatics.SDK.Clients.CustomContactTypesClient.GetActiveCustomContactTypesAsync(Int32 page, Int32 pageSize, CancellationToken cancellationToken) in /workspace/LawMatics.SDK/Clients/CustomContactTypesClient.cs:line 105
   at LawMatics.SDK.Tests.CustomContactTypesClientTests.GetActiveCustomContactTypesAsync_ReturnsOnlyActiveContactTypes() in /workspace/LawMatics.SDK.Tests/CustomContactTypesClientTests.cs:line 317
--- End of stack trace from previous location ---
----- Inner Stack Trace -----
   at System.Net.Http.HttpClient.&lt;SendAsync&gt;g__Core|83_0(HttpRequestMessage request, HttpCompletionOption completionOption, CancellationTokenSource cts, Boolean disposeCts, CancellationTokenSource pendingRequestsCts, CancellationToken originalCancellationToken)
   at LawMatics.SDK.Clients.BaseClient.SendRequestAsync[T](HttpMethod method, String endpoint, Object data) in /workspace/LawMatics.SDK/Clients/BaseClient.cs:line 121</StackTrace>
        </ErrorInfo>
      </Output>
    </UnitTestResult>
    <UnitTestResult executionId="e895a873-7692-4b9a-9bfe-e372500aec45" testId="c87a35be-f293-5694-451c-f9ef577713b0" testName="LawMatics.SDK.Tests.Authentication.LawMaticsCredentialsTests.HasRefreshToken_WithEmptyRefreshToken_ReturnsFalse" computerName="473462aa-71aa-491c-913a-391d6732b9ef" duration="00:00:00.0001152" startTime="2025-12-23T03:03:01.5839266+00:00" endTime="2025-12-23T03:03:01.5839267+00:00" testType="13cdc9d9-ddb5-4fa4-a97d-d965ccfc6d4b" outcome="Passed" testListId="8c84fa94-04c1-424b-9868-57a2d4851a1d" relativeResultsDirectory="e895a873-7692-4b9a-9bfe-e372500aec45" />
    <UnitTestResult executionId="706fdadd-4c50-455b-8733-5782f24ec234" testId="ff39780a-7645-2786-5118-b963a5b77677" testName="LawMatics.SDK.Tests.AddressesClientTests.CreateAddressAsync_WithValidRequest_ReturnsCreatedAddress" computerName="473462aa-71aa-491c-913a-391d6732b9ef" duration="00:00:00.0993082" startTime="2025-12-23T03:03:02.1323187+00:00" endTime="2025-12-23T03:03:02.1323188+00:00" testType="13cdc9d9-ddb5-4fa4-a97d-d965ccfc6d4b" outcome="Failed" testListId="8c84fa94-04c1-424b-9868-57a2d4851a1d" relativeResultsDirectory="706fdadd-4c50-455b-8733-5782f24ec234">
      <Output>
        <ErrorInfo>
          <Message>Assert.NotNull() Failure: Value is null</Message>
          <StackTrace>   at LawMatics.SDK.Tests.AddressesClientTests.CreateAddressAsync_WithValidRequest_ReturnsCreatedAddress() in /workspace/LawMatics.SDK.Tests/AddressesClientTests.cs:line 185
--- End of stack trace from previous location ---</StackTrace>
        </ErrorInfo>
      </Output>
    </UnitTestResult>
    <UnitTestResult executionId="e8680ce3-00ec-4e78-a188-d668a39c9eb5" testId="4bcadea0-02fc-712e-7399-96664cf6400b" testName="LawMatics.SDK.Tests.Authentication.LawMaticsCredentialsTests.FromTokenResponse_WithFullResponse_CreatesCredentials" computerName="473462aa-71aa-491c-913a-391d6732b9ef" duration="00:00:00.0003934" startTime="2025-12-23T03:03:01.5840023+00:00" endTime="2025-12-23T03:03:01.5840024+00:00" testType="13cdc9d9-ddb5-4fa4-a97d-d965ccfc6d4b" outcome="Passed" testListId="8c84fa94-04c1-424b-9868-57a2d4851a1d" relativeResultsDirectory="e8680ce3-00ec-4e78-a188-d668a39c9eb5" />
    <UnitTestResult executionId="21dba2b9-2f00-4ed9-941f-2a1c2cb44ff8" testId="a1035e83-b110-80ce-061e-b15d915a1aae" testName="LawMatics.SDK.Tests.LawMaticsClientTests.Constructor_WithNullOptions_UsesDefaultOptions" computerName="473462aa-71aa-491c-913a-391d6732b9ef" duration="00:00:00.0003927" startTime="2025-12-23T03:03:01.8443692+00:00" endTime="2025-12-23T03:03:01.8443693+00:00" testType="13cdc9d9-ddb5-4fa4-a97d-d965ccfc6d4b" outcome="Passed" testListId="8c84fa94-04c1-424b-9868-57a2d4851a1d" relativeResultsDirectory="21dba2b9-2f00-4ed9-941f-2a1c2cb44ff8" />
    <UnitTestResult executionId="8b31cd19-510a-40c8-872b-1818200fa60d" testId="8232c0d6-35e5-2ef2-8054-0786d3b7b62a" testName="LawMatics.SDK.Tests.MatterSubStatusesClientTests.GetMatterSubStatusAsync_WithValidId_ReturnsMatterSubStatus" computerName="473462aa-71aa-491c-913a-391d6732b9ef" duration="00:00:00.0979298" startTime="2025-12-23T03:03:02.1345561+00:00" endTime="2025-12-23T03:03:02.1345562+00:00" testType="13cdc9d9-ddb5-4fa4-a97d-d965ccfc6d4b" outcome="Failed" testListId="8c84fa94-04c1-424b-9868-57a2d4851a1d" relativeResultsDirectory="8b31cd19-510a-40c8-872b-1818200fa60d">
      <Output>
        <ErrorInfo>
          <Message>Assert.NotNull() Failure: Value is null</Message>
          <StackTrace>   at LawMatics.SDK.Tests.MatterSubStatusesClientTests.GetMatterSubStatusAsync_WithValidId_ReturnsMatterSubStatus() in /workspace/LawMatics.SDK.Tests/MatterSubStatusesClientTests.cs:line 136
--- End of stack trace from previous location ---</StackTrace>
        </ErrorInfo>
      </Output>
    </UnitTestResult>
    <UnitTestResult executionId="3c364718-7011-4f7a-a037-8e6f65e886ac" testId="f23f90b1-9d06-ab21-a405-3a80dd53275e" testName="LawMatics.SDK.Tests.Configuration.LawMaticsClientOptionsTests.Validate_WithEmptyApiVersion_ThrowsArgumentException" computerName="473462aa-71aa-491c-913a-391d6732b9ef" duration="00:00:00.0002148" startTime="2025-12-23T03:03:01.5853669+00:00" endTime="2025-12-23T03:03:01.5853669+00:00" testType="13cdc9d9-ddb5-4fa4-a97d-d965ccfc6d4b" outcome="Passed" testListId="8c84fa94-04c1-424b-9868-57a2d4851a1d" relativeResultsDirectory="3c364718-7011-4f7a-a037-8e6f65e886ac" />
    <UnitTestResult executionId="acc3f2c1-457b-48cd-adc8-362fc3e6e93d" testId="97c8d401-d45b-219b-d2bf-a089989836e7" testName="LawMatics.SDK.Tests.CustomContactTypesClientTests.CreateCustomContactTypeAsync_WithValidRequest_ReturnsCreatedCustomContactType" computerName="473462aa-71aa-491c-913a-391d6732b9ef" duration="00:00:00.0989794" startTime="2025-12-23T03:03:02.1318887+00:00" endTime="2025-12-23T03:03:02.1318889+00:00" testType="13cdc9d9-ddb5-4fa4-a97d-d965ccfc6d4b" outcome="Failed" testListId="8c84fa94-04c1-424b-9868-57a2d4851a1d" relativeResultsDirectory="acc3f2c1-457b-48cd-adc8-362fc3e6e93d">
      <Output>
        <ErrorInfo>
          <Message>Assert.NotNull() Failure: Value is null</Message>
          <StackTrace>   at LawMatics.SDK.Tests.CustomContactTypesClientTests.CreateCustomContactTypeAsync_WithValidRequest_ReturnsCreatedCustomContactType() in /workspace/LawMatics.SDK.Tests/CustomContactTypesClientTests.cs:line 193
--- End of stack trace from previous location ---</StackTrace>
        </ErrorInfo>
      </Output>
    </UnitTestResult>
    <UnitTestResult executionId="355e78ff-30a5-40f6-af1d-ee30546375a5" testId="8fd34477-4492-1460-382f-d12c59432870" testName="LawMatics.SDK.Tests.Configuration.LawMaticsClientOptionsTests.Validate_WithNullBaseUrl_ThrowsArgumentException" computerName="473462aa-71aa-491c-913a-391d6732b9ef" duration="00:00:00.0001859" startTime="2025-12-23T03:03:01.5867429+00:00" endTime="2025-12-23T03:03:01.5867429+00:00" testType="13cdc9d9-ddb5-4fa4-a97d-d965ccfc6d4b" outcome="Passed" testListId="8c84fa94-04c1-424b-9868-57a2d4851a1d" relativeResultsDirectory="355e78ff-30a5-40f6-af1d-ee30546375a5" />
    <UnitTestResult executionId="a962a8a8-951e-481b-99dc-b7c3063399df" testId="2c03cef9-e2be-6aef-f47d-4d1e6ab8c049" testName="LawMatics.SDK.Tests.LawMaticsClientTests.Constructor_WithInvalidBaseUrl_ThrowsArgumentException" computerName="473462aa-71aa-491c-913a-391d6732b9ef" duration="00:00:00.0003985" startTime="2025-12-23T03:03:01.6758154+00:00" endTime="2025-12-23T03:03:01.6758155+00:00" testType="13cdc9d9-ddb5-4fa4-a97d-d965ccfc6d4b" outcome="Passed" testListId="8c84fa94-04c1-424b-9868-57a2d4851a1d" relativeResultsDirectory="a962a8a8-951e-481b-99dc-b7c3063399df" />
    <UnitTestResult executionId="7361ab2a-3f96-47c7-989a-836c433e5b1d" testId="eeee654f-2f3a-afd8-de80-522bf955fd0a" testName="LawMatics.SDK.Tests.Configuration.LawMaticsClientOptionsTests.AddCustomHeader_WithValidParameters_AddsHeader" computerName="473462aa-71aa-491c-913a-391d6732b9ef" duration="00:00:00.0000638" startTime="2025-12-23T03:03:01.5863029+00:00" endTime="2025-12-23T03:03:01.5863029+00:00" testType="13cdc9d9-ddb5-4fa4-a97d-d965ccfc6d4b" outcome="Passed" testListId="8c84fa94-04c1-424b-9868-57a2d4851a1d" relativeResultsDirectory="7361ab2a-3f96-47c7-989a-836c433e5b1d" />
    <UnitTestResult executionId="e7100e54-663c-4d00-ab4f-9e2e1b5d3a6b" testId="276efe75-8d24-e4a1-6757-53f6d7477bf4" testName="LawMatics.SDK.Tests.TasksClientTests.UpdateTaskAsync_WithValidIdAndRequest_ReturnsUpdatedTask" computerName="473462aa-71aa-491c-913a-391d6732b9ef" duration="00:00:00.0898646" startTime="2025-12-23T03:03:02.1462472+00:00" endTime="2025-12-23T03:03:02.1462473+00:00" testType="13cdc9d9-ddb5-4fa4-a97d-d965ccfc6d4b" outcome="Failed" testListId="8c84fa94-04c1-424b-9868-57a2d4851a1d" relativeResultsDirectory="e7100e54-663c-4d00-ab4f-9e2e1b5d3a6b">
      <Output>
        <ErrorInfo>
          <Message>Assert.NotNull() Failure: Value is null</Message>
          <StackTrace>   at LawMatics.SDK.Tests.TasksClientTests.UpdateTaskAsync_WithValidIdAndRequest_ReturnsUpdatedTask() in /workspace/LawMatics.SDK.Tests/TasksClientTests.cs:line 257
--- End of stack trace from previous location ---</StackTrace>
        </ErrorInfo>
      </Output>
    </UnitTestResult>
    <UnitTestResult executionId="60e414fc-ee8d-4ecf-a35e-f780740e41d4" testId="0c5fd733-b2c9-2e65-937d-fb616ce39830" testName="LawMatics.SDK.Tests.TasksClientTests.GetTasksAsync_WithValidParameters_ReturnsTasks" computerName="473462aa-71aa-491c-913a-391d6732b9ef" duration="00:00:00.0698341" startTime="2025-12-23T03:03:02.1405681+00:00" endTime="2025-12-23T03:03:02.1405683+00:00" testType="13cdc9d9-ddb5-4fa4-a97d-d965ccfc6d4b" outcome="Failed" testListId="8c84fa94-04c1-424b-9868-57a2d4851a1d" relativeResultsDirectory="60e414fc-ee8d-4ecf-a35e-f780740e41d4">
      <Output>
        <ErrorInfo>
          <Message>LawMatics.SDK.Exceptions.LawMaticsException : Error sending request to tasks?page=1&amp;page_size=20: The JSON value could not be converted to LawMatics.SDK.Models.PagedResponse`1[LawMatics.SDK.Models.TaskItem]. Path: $.data | LineNumber: 0 | BytePositionInLine: 9.
---- System.Text.Json.JsonException : The JSON value could not be converted to LawMatics.SDK.Models.PagedResponse`1[LawMatics.SDK.Models.TaskItem]. Path: $.data | LineNumber: 0 | BytePositionInLine: 9.</Message>
          <StackTrace>   at LawMatics.SDK.Clients.BaseClient.SendRequestAsync[T](HttpMethod method, String endpoint, Object data) in /workspace/LawMatics.SDK/Clients/BaseClient.cs:line 146
   at LawMatics.SDK.Clients.BaseClient.GetAsync[T](String endpoint) in /workspace/LawMatics.SDK/Clients/BaseClient.cs:line 37
   at LawMatics.SDK.Clients.BaseClient.GetAsync[T](String endpoint, Dictionary`2 parameters, CancellationToken cancellationToken) in /workspace/LawMatics.SDK/Clients/BaseClient.cs:line 59
   at LawMatics.SDK.Clients.TasksClient.GetTasksAsync(Int32 page, Int32 pageSize, Nullable`1 statusId, Nullable`1 assignedToId, Nullable`1 matterId, Nullable`1 contactId, Nullable`1 isCompleted, Nullable`1 dueDateFrom, Nullable`1 dueDateTo, String priority, CancellationToken cancellationToken) in /workspace/LawMatics.SDK/Clients/TasksClient.cs:line 75
   at LawMatics.SDK.Tests.TasksClientTests.GetTasksAsync_WithValidParameters_ReturnsTasks() in /workspace/LawMatics.SDK.Tests/TasksClientTests.cs:line 96
--- End of stack trace from previous location ---
----- Inner Stack Trace -----
   at System.Text.Json.ThrowHelper.ThrowJsonException_DeserializeUnableToConvertValue(Type propertyType)
   at System.Text.Json.Serialization.Converters.ObjectDefaultConverter`1.OnTryRead(Utf8JsonReader&amp; reader, Type typeToConvert, JsonSerializerOptions options, ReadStack&amp; state, T&amp; value)
   at System.Text.Json.Serialization.JsonConverter`1.TryRead(Utf8JsonReader&amp; reader, Type typeToConvert, JsonSerializerOptions options, ReadStack&amp; state, T&amp; value, Boolean&amp; isPopulatedValue)
   at System.Text.Json.Serialization.Metadata.JsonPropertyInfo`1.ReadJsonAndSetMember(Object obj, ReadStack&amp; state, Utf8JsonReader&amp; reader)
   at System.Text.Json.Serialization.Converters.ObjectDefaultConverter`1.OnTryRead(Utf8JsonReader&amp; reader, Type typeToConvert, JsonSerializerOptions options, ReadStack&amp; state, T&amp; value)
   at System.Text.Json.Serialization.JsonConverter`1.TryRead(Utf8JsonReader&amp; reader, Type typeToConvert, JsonSerializerOptions options, ReadStack&amp; state, T&amp; value, Boolean&amp; isPopulatedValue)
   at System.Text.Json.Serialization.JsonConverter`1.ReadCore(Utf8JsonReader&amp; reader, T&amp; value, JsonSerializerOptions options, ReadStack&amp; state)
   at System.Text.Json.Serialization.Metadata.JsonTypeInfo`1.Deserialize(Utf8JsonReader&amp; reader, ReadStack&amp; state)
   at System.Text.Json.JsonSerializer.ReadFromSpan[TValue](ReadOnlySpan`1 utf8Json, JsonTypeInfo`1 jsonTypeInfo, Nullable`1 actualByteCount)
   at System.Text.Json.JsonSerializer.ReadFromSpan[TValue](ReadOnlySpan`1 json, JsonTypeInfo`1 jsonTypeInfo)
   at System.Text.Json.JsonSerializer.Deserialize[TValue](String json, JsonSerializerOptions options)
   at LawMatics.SDK.Clients.BaseClient.SendRequestAsync[T](HttpMethod method, String endpoint, Object data) in /workspace/LawMatics.SDK/Clients/BaseClient.cs:line 136</StackTrace>
        </ErrorInfo>
      </Output>
    </UnitTestResult>
    <UnitTestResult executionId="aefe3def-e437-4c47-9f09-1fec0f9ea702" testId="a7535946-7880-4eaf-4ca1-ea39e49c38e3" testName="LawMatics.SDK.Tests.LawMaticsClientTests.GetAsync_WithValidEndpoint_ReturnsResponse" computerName="473462aa-71aa-491c-913a-391d6732b9ef" duration="00:00:00.0060577" startTime="2025-12-23T03:03:02.1374907+00:00" endTime="2025-12-23T03:03:02.1374908+00:00" testType="13cdc9d9-ddb5-4fa4-a97d-d965ccfc6d4b" outcome="Passed" testListId="8c84fa94-04c1-424b-9868-57a2d4851a1d" relativeResultsDirectory="aefe3def-e437-4c47-9f09-1fec0f9ea702" />
    <UnitTestResult executionId="8bcac4f3-e53b-45f2-a245-2794ec021137" testId="83a86b2b-bdaf-c4b7-0881-87fc73d6d4ff" testName="LawMatics.SDK.Tests.Configuration.LawMaticsClientOptionsTests.Production_ReturnsProductionOptions" computerName="473462aa-71aa-491c-913a-391d6732b9ef" duration="00:00:00.0030139" startTime="2025-12-23T03:03:01.5850935+00:00" endTime="2025-12-23T03:03:01.5850935+00:00" testType="13cdc9d9-ddb5-4fa4-a97d-d965ccfc6d4b" outcome="Passed" testListId="8c84fa94-04c1-424b-9868-57a2d4851a1d" relativeResultsDirectory="8bcac4f3-e53b-45f2-a245-2794ec021137" />
    <UnitTestResult executionId="e70168a1-0283-4e88-a8ca-914a8b951cce" testId="532d7bde-761f-7eb8-f39e-f5d448288f07" testName="LawMatics.SDK.Tests.SubtasksClientTests.DeleteSubtaskAsync_WithValidId_ReturnsTrue" computerName="473462aa-71aa-491c-913a-391d6732b9ef" duration="00:00:00.0361494" startTime="2025-12-23T03:03:02.0478759+00:00" endTime="2025-12-23T03:03:02.0478760+00:00" testType="13cdc9d9-ddb5-4fa4-a97d-d965ccfc6d4b" outcome="Passed" testListId="8c84fa94-04c1-424b-9868-57a2d4851a1d" relativeResultsDirectory="e70168a1-0283-4e88-a8ca-914a8b951cce" />
    <UnitTestResult executionId="193099ab-f3f4-4085-a80b-ad830e208def" testId="400764f1-3c70-20ca-e54a-0a576ce9d506" testName="LawMatics.SDK.Tests.Configuration.LawMaticsClientOptionsTests.RemoveCustomHeader_WithExistingHeader_RemovesHeader" computerName="473462aa-71aa-491c-913a-391d6732b9ef" duration="00:00:00.0001125" startTime="2025-12-23T03:03:01.5854177+00:00" endTime="2025-12-23T03:03:01.5854177+00:00" testType="13cdc9d9-ddb5-4fa4-a97d-d965ccfc6d4b" outcome="Passed" testListId="8c84fa94-04c1-424b-9868-57a2d4851a1d" relativeResultsDirectory="193099ab-f3f4-4085-a80b-ad830e208def" />
    <UnitTestResult executionId="81cf51be-dc54-4ab2-ae54-149cb6f32377" testId="c6b681f1-c4ad-2125-0cfb-101ed79bb92e" testName="LawMatics.SDK.Tests.EventLocationsClientTests.GetEventLocationAsync_WithValidId_ReturnsEventLocation" computerName="473462aa-71aa-491c-913a-391d6732b9ef" duration="00:00:00.3658105" startTime="2025-12-23T03:03:01.9754497+00:00" endTime="2025-12-23T03:03:01.9754498+00:00" testType="13cdc9d9-ddb5-4fa4-a97d-d965ccfc6d4b" outcome="Failed" testListId="8c84fa94-04c1-424b-9868-57a2d4851a1d" relativeResultsDirectory="81cf51be-dc54-4ab2-ae54-149cb6f32377">
      <Output>
        <ErrorInfo>
          <Message>Assert.NotNull() Failure: Value is null</Message>
          <StackTrace>   at LawMatics.SDK.Tests.EventLocationsClientTests.GetEventLocationAsync_WithValidId_ReturnsEventLocation() in /workspace/LawMatics.SDK.Tests/EventLocationsClientTests.cs:line 138
--- End of stack trace from previous location ---</StackTrace>
        </ErrorInfo>
      </Output>
    </UnitTestResult>
    <UnitTestResult executionId="72f9ab18-8b42-4bfe-a47d-72b7842564c0" testId="dee03d0d-7da3-e87f-ff10-92b5b5465bc6" testName="LawMatics.SDK.Tests.TaskStatusesClientTests.DeleteTaskStatusAsync_WithValidId_ReturnsTrue" computerName="473462aa-71aa-491c-913a-391d6732b9ef" duration="00:00:00.1246222" startTime="2025-12-23T03:03:01.6906727+00:00" endTime="2025-12-23T03:03:01.6906728+00:00" testType="13cdc9d9-ddb5-4fa4-a97d-d965ccfc6d4b" outcome="Passed" testListId="8c84fa94-04c1-424b-9868-57a2d4851a1d" relativeResultsDirectory="72f9ab18-8b42-4bfe-a47d-72b7842564c0" />
    <UnitTestResult executionId="3e8aa6c8-c6a3-48d6-8407-ed7745772cfb" testId="bdd73e05-4386-e12a-ceda-10dbeca33c1b" testName="LawMatics.SDK.Tests.Authentication.LawMaticsCredentialsTests.HasRefreshToken_WithNullRefreshToken_ReturnsFalse" computerName="473462aa-71aa-491c-913a-391d6732b9ef" duration="00:00:00.0000534" startTime="2025-12-23T03:03:01.5850350+00:00" endTime="2025-12-23T03:03:01.5850350+00:00" testType="13cdc9d9-ddb5-4fa4-a97d-d965ccfc6d4b" outcome="Passed" testListId="8c84fa94-04c1-424b-9868-57a2d4851a1d" relativeResultsDirectory="3e8aa6c8-c6a3-48d6-8407-ed7745772cfb" />
    <UnitTestResult executionId="77ace414-21b2-426f-9f98-8fd88a440654" testId="cff06b2c-c10b-2b92-4b8d-33c6d9d4b6fb" testName="LawMatics.SDK.Tests.ExpensesClientTests.GetExpensesAsync_WithValidParameters_ReturnsExpenses" computerName="473462aa-71aa-491c-913a-391d6732b9ef" duration="00:00:00.3680801" startTime="2025-12-23T03:03:02.0364506+00:00" endTime="2025-12-23T03:03:02.0364508+00:00" testType="13cdc9d9-ddb5-4fa4-a97d-d965ccfc6d4b" outcome="Failed" testListId="8c84fa94-04c1-424b-9868-57a2d4851a1d" relativeResultsDirectory="77ace414-21b2-426f-9f98-8fd88a440654">
      <Output>
        <ErrorInfo>
          <Message>LawMatics.SDK.Exceptions.LawMaticsException : Error sending request to expenses?page=1&amp;page_size=20: The JSON value could not be converted to LawMatics.SDK.Models.PagedResponse`1[LawMatics.SDK.Models.Expense]. Path: $.data | LineNumber: 0 | BytePositionInLine: 9.
---- System.Text.Json.JsonException : The JSON value could not be converted to LawMatics.SDK.Models.PagedResponse`1[LawMatics.SDK.Models.Expense]. Path: $.data | LineNumber: 0 | BytePositionInLine: 9.</Message>
          <StackTrace>   at LawMatics.SDK.Clients.BaseClient.SendRequestAsync[T](HttpMethod method, String endpoint, Object data) in /workspace/LawMatics.SDK/Clients/BaseClient.cs:line 146
   at LawMatics.SDK.Clients.BaseClient.GetAsync[T](String endpoint) in /workspace/LawMatics.SDK/Clients/BaseClient.cs:line 37
   at LawMatics.SDK.Clients.BaseClient.GetAsync[T](String endpoint, Dictionary`2 parameters, CancellationToken cancellationToken) in /workspace/LawMatics.SDK/Clients/BaseClient.cs:line 59
   at LawMatics.SDK.Clients.ExpensesClient.GetExpensesAsync(Int32 page, Int32 pageSize, Nullable`1 matterId, String category, Nullable`1 dateFrom, Nullable`1 dateTo, Nullable`1 amountFrom, Nullable`1 amountTo, CancellationToken cancellationToken) in /workspace/LawMatics.SDK/Clients/ExpensesClient.cs:line 65
   at LawMatics.SDK.Tests.ExpensesClientTests.GetExpensesAsync_WithValidParameters_ReturnsExpenses() in /workspace/LawMatics.SDK.Tests/ExpensesClientTests.cs:line 93
--- End of stack trace from previous location ---
----- Inner Stack Trace -----
   at System.Text.Json.ThrowHelper.ThrowJsonException_DeserializeUnableToConvertValue(Type propertyType)
   at System.Text.Json.Serialization.Converters.ObjectDefaultConverter`1.OnTryRead(Utf8JsonReader&amp; reader, Type typeToConvert, JsonSerializerOptions options, ReadStack&amp; state, T&amp; value)
   at System.Text.Json.Serialization.JsonConverter`1.TryRead(Utf8JsonReader&amp; reader, Type typeToConvert, JsonSerializerOptions options, ReadStack&amp; state, T&amp; value, Boolean&amp; isPopulatedValue)
   at System.Text.Json.Serialization.Metadata.JsonPropertyInfo`1.ReadJsonAndSetMember(Object obj, ReadStack&amp; state, Utf8JsonReader&amp; reader)
   at System.Text.Json.Serialization.Converters.ObjectDefaultConverter`1.OnTryRead(Utf8JsonReader&amp; reader, Type typeToConvert, JsonSerializerOptions options, ReadStack&amp; state, T&amp; value)
   at System.Text.Json.Serialization.JsonConverter`1.TryRead(Utf8JsonReader&amp; reader, Type typeToConvert, JsonSerializerOptions options, ReadStack&amp; state, T&amp; value, Boolean&amp; isPopulatedValue)
   at System.Text.Json.Serialization.JsonConverter`1.ReadCore(Utf8JsonReader&amp; reader, T&amp; value, JsonSerializerOptions options, ReadStack&amp; state)
   at System.Text.Json.Serialization.Metadata.JsonTypeInfo`1.Deserialize(Utf8JsonReader&amp; reader, ReadStack&amp; state)
   at System.Text.Json.JsonSerializer.ReadFromSpan[TValue](ReadOnlySpan`1 utf8Json, JsonTypeInfo`1 jsonTypeInfo, Nullable`1 actualByteCount)
   at System.Text.Json.JsonSerializer.ReadFromSpan[TValue](ReadOnlySpan`1 json, JsonTypeInfo`1 jsonTypeInfo)
   at System.Text.Json.JsonSerializer.Deserialize[TValue](String json, JsonSerializerOptions options)
   at LawMatics.SDK.Clients.BaseClient.SendRequestAsync[T](HttpMethod method, String endpoint, Object data) in /workspace/LawMatics.SDK/Clients/BaseClient.cs:line 136</StackTrace>
        </ErrorInfo>
      </Output>
    </UnitTestResult>
    <UnitTestResult executionId="fb76908b-8fa6-48eb-87db-e554af277572" testId="a10fe911-71b5-8049-1cd8-3f1851af9268" testName="LawMatics.SDK.Tests.Configuration.LawMaticsClientOptionsTests.Validate_WithInvalidTokenUrl_ThrowsArgumentException" computerName="473462aa-71aa-491c-913a-391d6732b9ef" duration="00:00:00.0002483" startTime="2025-12-23T03:03:01.5862153+00:00" endTime="2025-12-23T03:03:01.5862153+00:00" testType="13cdc9d9-ddb5-4fa4-a97d-d965ccfc6d4b" outcome="Passed" testListId="8c84fa94-04c1-424b-9868-57a2d4851a1d" relativeResultsDirectory="fb76908b-8fa6-48eb-87db-e554af277572" />
    <UnitTestResult executionId="aeb688d3-17e5-4782-91ff-c3ccb41339a3" testId="0ae7fde7-b256-c3c5-f1e5-56c009d5b0c6" testName="LawMatics.SDK.Tests.Configuration.LawMaticsClientOptionsTests.Validate_WithEmptyBaseUrl_ThrowsArgumentException" computerName="473462aa-71aa-491c-913a-391d6732b9ef" duration="00:00:00.0001340" startTime="2025-12-23T03:03:01.5863846+00:00" endTime="2025-12-23T03:03:01.5863846+00:00" testType="13cdc9d9-ddb5-4fa4-a97d-d965ccfc6d4b" outcome="Passed" testListId="8c84fa94-04c1-424b-9868-57a2d4851a1d" relativeResultsDirectory="aeb688d3-17e5-4782-91ff-c3ccb41339a3" />
    <UnitTestResult executionId="bb878fc7-832b-487c-8cc5-27fb82710251" testId="05700625-d782-0613-0313-be42c6c4dbd8" testName="LawMatics.SDK.Tests.TimeEntriesClientTests.GetTimeEntryAsync_WithValidId_ReturnsTimeEntry" computerName="473462aa-71aa-491c-913a-391d6732b9ef" duration="00:00:00.0066118" startTime="2025-12-23T03:03:02.1467120+00:00" endTime="2025-12-23T03:03:02.1467121+00:00" testType="13cdc9d9-ddb5-4fa4-a97d-d965ccfc6d4b" outcome="Failed" testListId="8c84fa94-04c1-424b-9868-57a2d4851a1d" relativeResultsDirectory="bb878fc7-832b-487c-8cc5-27fb82710251">
      <Output>
        <ErrorInfo>
          <Message>Assert.NotNull() Failure: Value is null</Message>
          <StackTrace>   at LawMatics.SDK.Tests.TimeEntriesClientTests.GetTimeEntryAsync_WithValidId_ReturnsTimeEntry() in /workspace/LawMatics.SDK.Tests/TimeEntriesClientTests.cs:line 144
--- End of stack trace from previous location ---</StackTrace>
        </ErrorInfo>
      </Output>
    </UnitTestResult>
    <UnitTestResult executionId="e6a11b42-dc59-4167-b226-cbcfcde22003" testId="64dc3009-f625-b394-75d7-1f70cf343303" testName="LawMatics.SDK.Tests.Authentication.LawMaticsCredentialsTests.FromTokenResponse_WithNoExpiration_CreatesCredentialsWithoutExpiration" computerName="473462aa-71aa-491c-913a-391d6732b9ef" duration="00:00:00.0001016" startTime="2025-12-23T03:03:01.5850077+00:00" endTime="2025-12-23T03:03:01.5850077+00:00" testType="13cdc9d9-ddb5-4fa4-a97d-d965ccfc6d4b" outcome="Passed" testListId="8c84fa94-04c1-424b-9868-57a2d4851a1d" relativeResultsDirectory="e6a11b42-dc59-4167-b226-cbcfcde22003" />
    <UnitTestResult executionId="8551fde9-59f4-4205-9de0-593d5d92efbc" testId="6a3e7c14-e718-e587-fe91-e43f04e11817" testName="LawMatics.SDK.Tests.LawMaticsClientTests.PutAsync_WithValidData_ReturnsResponse" computerName="473462aa-71aa-491c-913a-391d6732b9ef" duration="00:00:00.1859287" startTime="2025-12-23T03:03:02.0479650+00:00" endTime="2025-12-23T03:03:02.0479651+00:00" testType="13cdc9d9-ddb5-4fa4-a97d-d965ccfc6d4b" outcome="Passed" testListId="8c84fa94-04c1-424b-9868-57a2d4851a1d" relativeResultsDirectory="8551fde9-59f4-4205-9de0-593d5d92efbc" />
    <UnitTestResult executionId="5b401e29-95a0-44b3-8c50-afa5c621cc2e" testId="4458e1d4-3ac9-07c5-0de5-56ab85bf5f18" testName="LawMatics.SDK.Tests.Configuration.LawMaticsClientOptionsTests.GetApiUrl_WithEndpointStartingWithSlash_ReturnsFullUrl" computerName="473462aa-71aa-491c-913a-391d6732b9ef" duration="00:00:00.0000546" startTime="2025-12-23T03:03:01.5858280+00:00" endTime="2025-12-23T03:03:01.5858280+00:00" testType="13cdc9d9-ddb5-4fa4-a97d-d965ccfc6d4b" outcome="Passed" testListId="8c84fa94-04c1-424b-9868-57a2d4851a1d" relativeResultsDirectory="5b401e29-95a0-44b3-8c50-afa5c621cc2e" />
    <UnitTestResult executionId="cff34e7c-8180-45e5-9d15-900a60dad4e1" testId="724bec96-a31d-45c4-8c36-0c373be23700" testName="LawMatics.SDK.Tests.CustomContactTypesClientTests.UpdateCustomContactTypeAsync_WithValidIdAndRequest_ReturnsUpdatedCustomContactType" computerName="473462aa-71aa-491c-913a-391d6732b9ef" duration="00:00:00.0925087" startTime="2025-12-23T03:03:02.1427169+00:00" endTime="2025-12-23T03:03:02.1427170+00:00" testType="13cdc9d9-ddb5-4fa4-a97d-d965ccfc6d4b" outcome="Failed" testListId="8c84fa94-04c1-424b-9868-57a2d4851a1d" relativeResultsDirectory="cff34e7c-8180-45e5-9d15-900a60dad4e1">
      <Output>
        <ErrorInfo>
          <Message>Assert.NotNull() Failure: Value is null</Message>
          <StackTrace>   at LawMatics.SDK.Tests.CustomContactTypesClientTests.UpdateCustomContactTypeAsync_WithValidIdAndRequest_ReturnsUpdatedCustomContactType() in /workspace/LawMatics.SDK.Tests/CustomContactTypesClientTests.cs:line 240
--- End of stack trace from previous location ---</StackTrace>
        </ErrorInfo>
      </Output>
    </UnitTestResult>
    <UnitTestResult executionId="b81bfab0-8f02-483a-9952-37c47568fad4" testId="9acea674-a264-773d-a060-e0240a82357b" testName="LawMatics.SDK.Tests.EmailAddressesClientTests.GetEmailAddressesAsync_WithValidParameters_ReturnsEmailAddresses" computerName="473462aa-71aa-491c-913a-391d6732b9ef" duration="00:00:00.0979833" startTime="2025-12-23T03:03:02.1310436+00:00" endTime="2025-12-23T03:03:02.1310440+00:00" testType="13cdc9d9-ddb5-4fa4-a97d-d965ccfc6d4b" outcome="Failed" testListId="8c84fa94-04c1-424b-9868-57a2d4851a1d" relativeResultsDirectory="b81bfab0-8f02-483a-9952-37c47568fad4">
      <Output>
        <ErrorInfo>
          <Message>LawMatics.SDK.Exceptions.LawMaticsException : Error sending request to email-addresses?page=1&amp;page_size=20: The JSON value could not be converted to LawMatics.SDK.Models.PagedResponse`1[LawMatics.SDK.Models.EmailAddress]. Path: $.data | LineNumber: 0 | BytePositionInLine: 9.
---- System.Text.Json.JsonException : The JSON value could not be converted to LawMatics.SDK.Models.PagedResponse`1[LawMatics.SDK.Models.EmailAddress]. Path: $.data | LineNumber: 0 | BytePositionInLine: 9.</Message>
          <StackTrace>   at LawMatics.SDK.Clients.BaseClient.SendRequestAsync[T](HttpMethod method, String endpoint, Object data) in /workspace/LawMatics.SDK/Clients/BaseClient.cs:line 146
   at LawMatics.SDK.Clients.BaseClient.GetAsync[T](String endpoint) in /workspace/LawMatics.SDK/Clients/BaseClient.cs:line 37
   at LawMatics.SDK.Clients.BaseClient.GetAsync[T](String endpoint, Dictionary`2 parameters, CancellationToken cancellationToken) in /workspace/LawMatics.SDK/Clients/BaseClient.cs:line 59
   at LawMatics.SDK.Clients.EmailAddressesClient.GetEmailAddressesAsync(Int32 page, Int32 pageSize, Nullable`1 contactId, String email, String type, Nullable`1 isPrimary, CancellationToken cancellationToken) in /workspace/LawMatics.SDK/Clients/EmailAddressesClient.cs:line 55
   at LawMatics.SDK.Tests.EmailAddressesClientTests.GetEmailAddressesAsync_WithValidParameters_ReturnsEmailAddresses() in /workspace/LawMatics.SDK.Tests/EmailAddressesClientTests.cs:line 91
--- End of stack trace from previous location ---
----- Inner Stack Trace -----
   at System.Text.Json.ThrowHelper.ThrowJsonException_DeserializeUnableToConvertValue(Type propertyType)
   at System.Text.Json.Serialization.Converters.ObjectDefaultConverter`1.OnTryRead(Utf8JsonReader&amp; reader, Type typeToConvert, JsonSerializerOptions options, ReadStack&amp; state, T&amp; value)
   at System.Text.Json.Serialization.JsonConverter`1.TryRead(Utf8JsonReader&amp; reader, Type typeToConvert, JsonSerializerOptions options, ReadStack&amp; state, T&amp; value, Boolean&amp; isPopulatedValue)
   at System.Text.Json.Serialization.Metadata.JsonPropertyInfo`1.ReadJsonAndSetMember(Object obj, ReadStack&amp; state, Utf8JsonReader&amp; reader)
   at System.Text.Json.Serialization.Converters.ObjectDefaultConverter`1.OnTryRead(Utf8JsonReader&amp; reader, Type typeToConvert, JsonSerializerOptions options, ReadStack&amp; state, T&amp; value)
   at System.Text.Json.Serialization.JsonConverter`1.TryRead(Utf8JsonReader&amp; reader, Type typeToConvert, JsonSerializerOptions options, ReadStack&amp; state, T&amp; value, Boolean&amp; isPopulatedValue)
   at System.Text.Json.Serialization.JsonConverter`1.ReadCore(Utf8JsonReader&amp; reader, T&amp; value, JsonSerializerOptions options, ReadStack&amp; state)
   at System.Text.Json.Serialization.Metadata.JsonTypeInfo`1.Deserialize(Utf8JsonReader&amp; reader, ReadStack&amp; state)
   at System.Text.Json.JsonSerializer.ReadFromSpan[TValue](ReadOnlySpan`1 utf8Json, JsonTypeInfo`1 jsonTypeInfo, Nullable`1 actualByteCount)
   at System.Text.Json.JsonSerializer.ReadFromSpan[TValue](ReadOnlySpan`1 json, JsonTypeInfo`1 jsonTypeInfo)
   at System.Text.Json.JsonSerializer.Deserialize[TValue](String json, JsonSerializerOptions options)
   at LawMatics.SDK.Clients.BaseClient.SendRequestAsync[T](HttpMethod method, String endpoint, Object data) in /workspace/LawMatics.SDK/Clients/BaseClient.cs:line 136</StackTrace>
        </ErrorInfo>
      </Output>
    </UnitTestResult>
    <UnitTestResult executionId="69543df0-cdd7-448e-bb6b-a4af1c38ccd4" testId="7a3f3e8c-99f1-a34b-5b80-7c6154e59f05" testName="LawMatics.SDK.Tests.CustomContactTypesClientTests.GetCustomContactTypesAsync_WithValidParameters_ReturnsCustomContactTypes" computerName="473462aa-71aa-491c-913a-391d6732b9ef" duration="00:00:00.0085738" startTime="2025-12-23T03:03:02.1481363+00:00" endTime="2025-12-23T03:03:02.1481364+00:00" testType="13cdc9d9-ddb5-4fa4-a97d-d965ccfc6d4b" outcome="Failed" testListId="8c84fa94-04c1-424b-9868-57a2d4851a1d" relativeResultsDirectory="69543df0-cdd7-448e-bb6b-a4af1c38ccd4">
      <Output>
        <ErrorInfo>
          <Message>LawMatics.SDK.Exceptions.LawMaticsException : Error sending request to custom-contact-types?page=1&amp;page_size=20: The JSON value could not be converted to LawMatics.SDK.Models.PagedResponse`1[LawMatics.SDK.Models.CustomContactType]. Path: $.data | LineNumber: 0 | BytePositionInLine: 9.
---- System.Text.Json.JsonException : The JSON value could not be converted to LawMatics.SDK.Models.PagedResponse`1[LawMatics.SDK.Models.CustomContactType]. Path: $.data | LineNumber: 0 | BytePositionInLine: 9.</Message>
          <StackTrace>   at LawMatics.SDK.Clients.BaseClient.SendRequestAsync[T](HttpMethod method, String endpoint, Object data) in /workspace/LawMatics.SDK/Clients/BaseClient.cs:line 146
   at LawMatics.SDK.Clients.BaseClient.GetAsync[T](String endpoint) in /workspace/LawMatics.SDK/Clients/BaseClient.cs:line 37
   at LawMatics.SDK.Clients.BaseClient.GetAsync[T](String endpoint, Dictionary`2 parameters, CancellationToken cancellationToken) in /workspace/LawMatics.SDK/Clients/BaseClient.cs:line 59
   at LawMatics.SDK.Clients.CustomContactTypesClient.GetCustomContactTypesAsync(Int32 page, Int32 pageSize, String name, Nullable`1 isActive, CancellationToken cancellationToken) in /workspace/LawMatics.SDK/Clients/CustomContactTypesClient.cs:line 45
   at LawMatics.SDK.Tests.CustomContactTypesClientTests.GetCustomContactTypesAsync_WithValidParameters_ReturnsCustomContactTypes() in /workspace/LawMatics.SDK.Tests/CustomContactTypesClientTests.cs:line 102
--- End of stack trace from previous location ---
----- Inner Stack Trace -----
   at System.Text.Json.ThrowHelper.ThrowJsonException_DeserializeUnableToConvertValue(Type propertyType)
   at System.Text.Json.Serialization.Converters.ObjectDefaultConverter`1.OnTryRead(Utf8JsonReader&amp; reader, Type typeToConvert, JsonSerializerOptions options, ReadStack&amp; state, T&amp; value)
   at System.Text.Json.Serialization.JsonConverter`1.TryRead(Utf8JsonReader&amp; reader, Type typeToConvert, JsonSerializerOptions options, ReadStack&amp; state, T&amp; value, Boolean&amp; isPopulatedValue)
   at System.Text.Json.Serialization.Metadata.JsonPropertyInfo`1.ReadJsonAndSetMember(Object obj, ReadStack&amp; state, Utf8JsonReader&amp; reader)
   at System.Text.Json.Serialization.Converters.ObjectDefaultConverter`1.OnTryRead(Utf8JsonReader&amp; reader, Type typeToConvert, JsonSerializerOptions options, ReadStack&amp; state, T&amp; value)
   at System.Text.Json.Serialization.JsonConverter`1.TryRead(Utf8JsonReader&amp; reader, Type typeToConvert, JsonSerializerOptions options, ReadStack&amp; state, T&amp; value, Boolean&amp; isPopulatedValue)
   at System.Text.Json.Serialization.JsonConverter`1.ReadCore(Utf8JsonReader&amp; reader, T&amp; value, JsonSerializerOptions options, ReadStack&amp; state)
   at System.Text.Json.Serialization.Metadata.JsonTypeInfo`1.Deserialize(Utf8JsonReader&amp; reader, ReadStack&amp; state)
   at System.Text.Json.JsonSerializer.ReadFromSpan[TValue](ReadOnlySpan`1 utf8Json, JsonTypeInfo`1 jsonTypeInfo, Nullable`1 actualByteCount)
   at System.Text.Json.JsonSerializer.ReadFromSpan[TValue](ReadOnlySpan`1 json, JsonTypeInfo`1 jsonTypeInfo)
   at System.Text.Json.JsonSerializer.Deserialize[TValue](String json, JsonSerializerOptions options)
   at LawMatics.SDK.Clients.BaseClient.SendRequestAsync[T](HttpMethod method, String endpoint, Object data) in /workspace/LawMatics.SDK/Clients/BaseClient.cs:line 136</StackTrace>
        </ErrorInfo>
      </Output>
    </UnitTestResult>
    <UnitTestResult executionId="0287ec57-8dfc-4501-9b31-f2cbecb300e9" testId="390e5a49-6637-78f5-9606-2ca4ed2d5399" testName="LawMatics.SDK.Tests.Configuration.LawMaticsClientOptionsTests.RemoveCustomHeader_WithNonExistingHeader_ReturnsFalse" computerName="473462aa-71aa-491c-913a-391d6732b9ef" duration="00:00:00.0000723" startTime="2025-12-23T03:03:01.5859084+00:00" endTime="2025-12-23T03:03:01.5859084+00:00" testType="13cdc9d9-ddb5-4fa4-a97d-d965ccfc6d4b" outcome="Passed" testListId="8c84fa94-04c1-424b-9868-57a2d4851a1d" relativeResultsDirectory="0287ec57-8dfc-4501-9b31-f2cbecb300e9" />
    <UnitTestResult executionId="60317e33-2896-4b9f-80b2-4c752a518c18" testId="ebda989d-608b-a601-1281-6ba180c06848" testName="LawMatics.SDK.Tests.AddressesClientTests.UpdateAddressAsync_WithValidIdAndRequest_ReturnsUpdatedAddress" computerName="473462aa-71aa-491c-913a-391d6732b9ef" duration="00:00:00.3659679" startTime="2025-12-23T03:03:01.9753079+00:00" endTime="2025-12-23T03:03:01.9753080+00:00" testType="13cdc9d9-ddb5-4fa4-a97d-d965ccfc6d4b" outcome="Failed" testListId="8c84fa94-04c1-424b-9868-57a2d4851a1d" relativeResultsDirectory="60317e33-2896-4b9f-80b2-4c752a518c18">
      <Output>
        <ErrorInfo>
          <Message>Assert.NotNull() Failure: Value is null</Message>
          <StackTrace>   at LawMatics.SDK.Tests.AddressesClientTests.UpdateAddressAsync_WithValidIdAndRequest_ReturnsUpdatedAddress() in /workspace/LawMatics.SDK.Tests/AddressesClientTests.cs:line 231
--- End of stack trace from previous location ---</StackTrace>
        </ErrorInfo>
      </Output>
    </UnitTestResult>
    <UnitTestResult executionId="997b8ec9-84dc-4b86-a98f-5a8579627cf6" testId="0bbf4654-5d91-c5d7-6fee-925748915d5c" testName="LawMatics.SDK.Tests.Configuration.LawMaticsClientOptionsTests.AddCustomHeader_WithNullValue_SetsEmptyValue" computerName="473462aa-71aa-491c-913a-391d6732b9ef" duration="00:00:00.0000972" startTime="2025-12-23T03:03:01.5857889+00:00" endTime="2025-12-23T03:03:01.5857889+00:00" testType="13cdc9d9-ddb5-4fa4-a97d-d965ccfc6d4b" outcome="Passed" testListId="8c84fa94-04c1-424b-9868-57a2d4851a1d" relativeResultsDirectory="997b8ec9-84dc-4b86-a98f-5a8579627cf6" />
    <UnitTestResult executionId="e43f7de7-c3d3-4036-886d-b08967c67a0b" testId="277290e4-fe2d-456c-f86a-7332d9c89e00" testName="LawMatics.SDK.Tests.Authentication.LawMaticsCredentialsTests.ConstructorWithFullCredentials_WithNullAccessToken_ThrowsArgumentNullException" computerName="473462aa-71aa-491c-913a-391d6732b9ef" duration="00:00:00.0001460" startTime="2025-12-23T03:03:01.5839582+00:00" endTime="2025-12-23T03:03:01.5839582+00:00" testType="13cdc9d9-ddb5-4fa4-a97d-d965ccfc6d4b" outcome="Passed" testListId="8c84fa94-04c1-424b-9868-57a2d4851a1d" relativeResultsDirectory="e43f7de7-c3d3-4036-886d-b08967c67a0b" />
    <UnitTestResult executionId="8bd83aef-753b-4924-b7b7-dfc49f7b228c" testId="4f816919-322c-3600-8c57-1b22e70a5307" testName="LawMatics.SDK.Tests.Authentication.LawMaticsCredentialsTests.IsExpired_WithTokenExpiringSoon_ReturnsTrue" computerName="473462aa-71aa-491c-913a-391d6732b9ef" duration="00:00:00.0000946" startTime="2025-12-23T03:03:01.5859362+00:00" endTime="2025-12-23T03:03:01.5859363+00:00" testType="13cdc9d9-ddb5-4fa4-a97d-d965ccfc6d4b" outcome="Passed" testListId="8c84fa94-04c1-424b-9868-57a2d4851a1d" relativeResultsDirectory="8bd83aef-753b-4924-b7b7-dfc49f7b228c" />
    <UnitTestResult executionId="423fb92c-7e44-49c8-a8a4-ead771df5d75" testId="f0388b65-9bf9-b97f-77db-e38eed89ea4c" testName="LawMatics.SDK.Tests.ExpensesClientTests.GetExpenseAsync_WithValidId_ReturnsExpense" computerName="473462aa-71aa-491c-913a-391d6732b9ef" duration="00:00:00.0673374" startTime="2025-12-23T03:03:02.1387046+00:00" endTime="2025-12-23T03:03:02.1387047+00:00" testType="13cdc9d9-ddb5-4fa4-a97d-d965ccfc6d4b" outcome="Failed" testListId="8c84fa94-04c1-424b-9868-57a2d4851a1d" relativeResultsDirectory="423fb92c-7e44-49c8-a8a4-ead771df5d75">
      <Output>
        <ErrorInfo>
          <Message>Assert.NotNull() Failure: Value is null</Message>
          <StackTrace>   at LawMatics.SDK.Tests.ExpensesClientTests.GetExpenseAsync_WithValidId_ReturnsExpense() in /workspace/LawMatics.SDK.Tests/ExpensesClientTests.cs:line 140
--- End of stack trace from previous location ---</StackTrace>
        </ErrorInfo>
      </Output>
    </UnitTestResult>
[...]
[xUnit.net 00:00:00.69]         /workspace/LawMatics.SDK.Tests/CustomEmailsClientTests.cs(188,0): at LawMatics.SDK.Tests.CustomEmailsClientTests.CreateCustomEmailAsync_WithValidRequest_ReturnsCreatedCustomEmail()
[xUnit.net 00:00:00.69]         --- End of stack trace from previous location ---
[xUnit.net 00:00:00.69]       LawMatics.SDK.Exceptions.LawMaticsException : Error sending request to addresses?page=1&amp;page_size=20: The JSON value could not be converted to LawMatics.SDK.Models.PagedResponse`1[LawMatics.SDK.Models.Address]. Path: $.data | LineNumber: 0 | BytePositionInLine: 9.
[xUnit.net 00:00:00.69]       ---- System.Text.Json.JsonException : The JSON value could not be converted to LawMatics.SDK.Models.PagedResponse`1[LawMatics.SDK.Models.Address]. Path: $.data | LineNumber: 0 | BytePositionInLine: 9.
[xUnit.net 00:00:00.69]       Stack Trace:
[xUnit.net 00:00:00.69]         /workspace/LawMatics.SDK/Clients/BaseClient.cs(146,0): at LawMatics.SDK.Clients.BaseClient.SendRequestAsync[T](HttpMethod method, String endpoint, Object data)
[xUnit.net 00:00:00.69]         /workspace/LawMatics.SDK/Clients/BaseClient.cs(37,0): at LawMatics.SDK.Clients.BaseClient.GetAsync[T](String endpoint)
[xUnit.net 00:00:00.69]         /workspace/LawMatics.SDK/Clients/BaseClient.cs(59,0): at LawMatics.SDK.Clients.BaseClient.GetAsync[T](String endpoint, Dictionary`2 parameters, CancellationToken cancellationToken)
[xUnit.net 00:00:00.69]         /workspace/LawMatics.SDK/Clients/AddressesClient.cs(50,0): at LawMatics.SDK.Clients.AddressesClient.GetAddressesAsync(Int32 page, Int32 pageSize, Nullable`1 contactId, Nullable`1 companyId, String addressType, CancellationToken cancellationToken)
[xUnit.net 00:00:00.69]         /workspace/LawMatics.SDK.Tests/AddressesClientTests.cs(91,0): at LawMatics.SDK.Tests.AddressesClientTests.GetAddressesAsync_WithValidParameters_ReturnsAddresses()
[xUnit.net 00:00:00.69]         --- End of stack trace from previous location ---
[xUnit.net 00:00:00.69]         ----- Inner Stack Trace -----
[xUnit.net 00:00:00.69]            at System.Text.Json.ThrowHelper.ThrowJsonException_DeserializeUnableToConvertValue(Type propertyType)
[xUnit.net 00:00:00.69]            at System.Text.Json.Serialization.Converters.ObjectDefaultConverter`1.OnTryRead(Utf8JsonReader&amp; reader, Type typeToConvert, JsonSerializerOptions options, ReadStack&amp; state, T&amp; value)
[xUnit.net 00:00:00.69]            at System.Text.Json.Serialization.JsonConverter`1.TryRead(Utf8JsonReader&amp; reader, Type typeToConvert, JsonSerializerOptions options, ReadStack&amp; state, T&amp; value, Boolean&amp; isPopulatedValue)
[xUnit.net 00:00:00.69]            at System.Text.Json.Serialization.Metadata.JsonPropertyInfo`1.ReadJsonAndSetMember(Object obj, ReadStack&amp; state, Utf8JsonReader&amp; reader)
[xUnit.net 00:00:00.69]            at System.Text.Json.Serialization.Converters.ObjectDefaultConverter`1.OnTryRead(Utf8JsonReader&amp; reader, Type typeToConvert, JsonSerializerOptions options, ReadStack&amp; state, T&amp; value)
[xUnit.net 00:00:00.69]            at System.Text.Json.Serialization.JsonConverter`1.TryRead(Utf8JsonReader&amp; reader, Type typeToConvert, JsonSerializerOptions options, ReadStack&amp; state, T&amp; value, Boolean&amp; isPopulatedValue)
[xUnit.net 00:00:00.69]            at System.Text.Json.Serialization.JsonConverter`1.ReadCore(Utf8JsonReader&amp; reader, T&amp; value, JsonSerializerOptions options, ReadStack&amp; state)
[xUnit.net 00:00:00.69]            at System.Text.Json.Serialization.Metadata.JsonTypeInfo`1.Deserialize(Utf8JsonReader&amp; reader, ReadStack&amp; state)
[xUnit.net 00:00:00.69]            at System.Text.Json.JsonSerializer.ReadFromSpan[TValue](ReadOnlySpan`1 utf8Json, JsonTypeInfo`1 jsonTypeInfo, Nullable`1 actualByteCount)
[xUnit.net 00:00:00.69]            at System.Text.Json.JsonSerializer.ReadFromSpan[TValue](ReadOnlySpan`1 json, JsonTypeInfo`1 jsonTypeInfo)
[xUnit.net 00:00:00.69]            at System.Text.Json.JsonSerializer.Deserialize[TValue](String json, JsonSerializerOptions options)
[xUnit.net 00:00:00.69]         /workspace/LawMatics.SDK/Clients/BaseClient.cs(136,0): at LawMatics.SDK.Clients.BaseClient.SendRequestAsync[T](HttpMethod method, String endpoint, Object data)
[xUnit.net 00:00:00.69]       Assert.NotNull() Failure: Value is null
[xUnit.net 00:00:00.69]       Stack Trace:
[xUnit.net 00:00:00.69]         /workspace/LawMatics.SDK.Tests/TasksClientTests.cs(257,0): at LawMatics.SDK.Tests.TasksClientTests.UpdateTaskAsync_WithValidIdAndRequest_ReturnsUpdatedTask()
[xUnit.net 00:00:00.69]         --- End of stack trace from previous location ---
[xUnit.net 00:00:00.69]       Assert.NotNull() Failure: Value is null
[xUnit.net 00:00:00.69]       Stack Trace:
[xUnit.net 00:00:00.69]         /workspace/LawMatics.SDK.Tests/TimeEntriesClientTests.cs(144,0): at LawMatics.SDK.Tests.TimeEntriesClientTests.GetTimeEntryAsync_WithValidId_ReturnsTimeEntry()
[xUnit.net 00:00:00.69]         --- End of stack trace from previous location ---
[xUnit.net 00:00:00.69]       LawMatics.SDK.Exceptions.LawMaticsException : Error sending request to custom-contact-types?page=1&amp;page_size=20: The JSON value could not be converted to LawMatics.SDK.Models.PagedResponse`1[LawMatics.SDK.Models.CustomContactType]. Path: $.data | LineNumber: 0 | BytePositionInLine: 9.
[xUnit.net 00:00:00.69]       ---- System.Text.Json.JsonException : The JSON value could not be converted to LawMatics.SDK.Models.PagedResponse`1[LawMatics.SDK.Models.CustomContactType]. Path: $.data | LineNumber: 0 | BytePositionInLine: 9.
[xUnit.net 00:00:00.69]       Stack Trace:
[xUnit.net 00:00:00.69]         /workspace/LawMatics.SDK/Clients/BaseClient.cs(146,0): at LawMatics.SDK.Clients.BaseClient.SendRequestAsync[T](HttpMethod method, String endpoint, Object data)
[xUnit.net 00:00:00.69]         /workspace/LawMatics.SDK/Clients/BaseClient.cs(37,0): at LawMatics.SDK.Clients.BaseClient.GetAsync[T](String endpoint)
[xUnit.net 00:00:00.69]         /workspace/LawMatics.SDK/Clients/BaseClient.cs(59,0): at LawMatics.SDK.Clients.BaseClient.GetAsync[T](String endpoint, Dictionary`2 parameters, CancellationToken cancellationToken)
[xUnit.net 00:00:00.69]         /workspace/LawMatics.SDK/Clients/CustomContactTypesClient.cs(45,0): at LawMatics.SDK.Clients.CustomContactTypesClient.GetCustomContactTypesAsync(Int32 page, Int32 pageSize, String name, Nullable`1 isActive, CancellationToken cancellationToken)
[xUnit.net 00:00:00.69]         /workspace/LawMatics.SDK.Tests/CustomContactTypesClientTests.cs(102,0): at LawMatics.SDK.Tests.CustomContactTypesClientTests.GetCustomContactTypesAsync_WithValidParameters_ReturnsCustomContactTypes()
[xUnit.net 00:00:00.69]         --- End of stack trace from previous location ---
[xUnit.net 00:00:00.69]         ----- Inner Stack Trace -----
[xUnit.net 00:00:00.69]            at System.Text.Json.ThrowHelper.ThrowJsonException_DeserializeUnableToConvertValue(Type propertyType)
[xUnit.net 00:00:00.69]            at System.Text.Json.Serialization.Converters.ObjectDefaultConverter`1.OnTryRead(Utf8JsonReader&amp; reader, Type typeToConvert, JsonSerializerOptions options, ReadStack&amp; state, T&amp; value)
[xUnit.net 00:00:00.69]            at System.Text.Json.Serialization.JsonConverter`1.TryRead(Utf8JsonReader&amp; reader, Type typeToConvert, JsonSerializerOptions options, ReadStack&amp; state, T&amp; value, Boolean&amp; isPopulatedValue)
[xUnit.net 00:00:00.69]            at System.Text.Json.Serialization.Metadata.JsonPropertyInfo`1.ReadJsonAndSetMember(Object obj, ReadStack&amp; state, Utf8JsonReader&amp; reader)
[xUnit.net 00:00:00.69]            at System.Text.Json.Serialization.Converters.ObjectDefaultConverter`1.OnTryRead(Utf8JsonReader&amp; reader, Type typeToConvert, JsonSerializerOptions options, ReadStack&amp; state, T&amp; value)
[xUnit.net 00:00:00.69]            at System.Text.Json.Serialization.JsonConverter`1.TryRead(Utf8JsonReader&amp; reader, Type typeToConvert, JsonSerializerOptions options, ReadStack&amp; state, T&amp; value, Boolean&amp; isPopulatedValue)
[xUnit.net 00:00:00.69]            at System.Text.Json.Serialization.JsonConverter`1.ReadCore(Utf8JsonReader&amp; reader, T&amp; value, JsonSerializerOptions options, ReadStack&amp; state)
[xUnit.net 00:00:00.69]            at System.Text.Json.Serialization.Metadata.JsonTypeInfo`1.Deserialize(Utf8JsonReader&amp; reader, ReadStack&amp; state)
[xUnit.net 00:00:00.69]            at System.Text.Json.JsonSerializer.ReadFromSpan[TValue](ReadOnlySpan`1 utf8Json, JsonTypeInfo`1 jsonTypeInfo, Nullable`1 actualByteCount)
[xUnit.net 00:00:00.69]            at System.Text.Json.JsonSerializer.ReadFromSpan[TValue](ReadOnlySpan`1 json, JsonTypeInfo`1 jsonTypeInfo)
[xUnit.net 00:00:00.69]            at System.Text.Json.JsonSerializer.Deserialize[TValue](String json, JsonSerializerOptions options)
[xUnit.net 00:00:00.69]         /workspace/LawMatics.SDK/Clients/BaseClient.cs(136,0): at LawMatics.SDK.Clients.BaseClient.SendRequestAsync[T](HttpMethod method, String endpoint, Object data)
[xUnit.net 00:00:00.69]       Assert.NotNull() Failure: Value is null
[xUnit.net 00:00:00.69]       Stack Trace:
[xUnit.net 00:00:00.69]         /workspace/LawMatics.SDK.Tests/AddressesClientTests.cs(136,0): at LawMatics.SDK.Tests.AddressesClientTests.GetAddressAsync_WithValidId_ReturnsAddress()
[xUnit.net 00:00:00.69]         --- End of stack trace from previous location ---
[xUnit.net 00:00:00.70]   Finished:    LawMatics.SDK.Tests
</StdOut>
    </Output>
    <RunInfos>
      <RunInfo computerName="473462aa-71aa-491c-913a-391d6732b9ef" outcome="Error" timestamp="2025-12-23T03:03:01.9701399+00:00">
        <Text>[xUnit.net 00:00:00.51]     LawMatics.SDK.Tests.TasksClientTests.CreateTaskAsync_WithValidRequest_ReturnsCreatedTask [FAIL]</Text>
      </RunInfo>
      <RunInfo computerName="473462aa-71aa-491c-913a-391d6732b9ef" outcome="Error" timestamp="2025-12-23T03:03:01.9746409+00:00">
        <Text>[xUnit.net 00:00:00.52]     LawMatics.SDK.Tests.TimeEntriesClientTests.UpdateTimeEntryAsync_WithValidIdAndRequest_ReturnsUpdatedTimeEntry [FAIL]</Text>
      </RunInfo>
      <RunInfo computerName="473462aa-71aa-491c-913a-391d6732b9ef" outcome="Error" timestamp="2025-12-23T03:03:02.0298660+00:00">
        <Text>[xUnit.net 00:00:00.52]     LawMatics.SDK.Tests.EmailAddressesClientTests.GetEmailAddressAsync_WithValidId_ReturnsEmailAddress [FAIL]</Text>
      </RunInfo>
      <RunInfo computerName="473462aa-71aa-491c-913a-391d6732b9ef" outcome="Error" timestamp="2025-12-23T03:03:02.0303292+00:00">
        <Text>[xUnit.net 00:00:00.52]     LawMatics.SDK.Tests.AddressesClientTests.UpdateAddressAsync_WithValidIdAndRequest_ReturnsUpdatedAddress [FAIL]</Text>
      </RunInfo>
      <RunInfo computerName="473462aa-71aa-491c-913a-391d6732b9ef" outcome="Error" timestamp="2025-12-23T03:03:02.0307271+00:00">
        <Text>[xUnit.net 00:00:00.52]     LawMatics.SDK.Tests.EventLocationsClientTests.GetEventLocationAsync_WithValidId_ReturnsEventLocation [FAIL]</Text>
      </RunInfo>
      <RunInfo computerName="473462aa-71aa-491c-913a-391d6732b9ef" outcome="Error" timestamp="2025-12-23T03:03:02.0365541+00:00">
        <Text>[xUnit.net 00:00:00.52]     LawMatics.SDK.Tests.CustomContactTypesClientTests.GetActiveCustomContactTypesAsync_ReturnsOnlyActiveContactTypes [FAIL]</Text>
      </RunInfo>
      <RunInfo computerName="473462aa-71aa-491c-913a-391d6732b9ef" outcome="Error" timestamp="2025-12-23T03:03:02.0367562+00:00">
        <Text>[xUnit.net 00:00:00.57]     LawMatics.SDK.Tests.TaskStatusesClientTests.GetTaskStatusesAsync_WithValidParameters_ReturnsTaskStatuses [FAIL]</Text>
      </RunInfo>
      <RunInfo computerName="473462aa-71aa-491c-913a-391d6732b9ef" outcome="Error" timestamp="2025-12-23T03:03:02.0369853+00:00">
        <Text>[xUnit.net 00:00:00.57]     LawMatics.SDK.Tests.EventTypesClientTests.GetEventTypesAsync_WithValidParameters_ReturnsEventTypes [FAIL]</Text>
      </RunInfo>
      <RunInfo computerName="473462aa-71aa-491c-913a-391d6732b9ef" outcome="Error" timestamp="2025-12-23T03:03:02.0371993+00:00">
        <Text>[xUnit.net 00:00:00.57]     LawMatics.SDK.Tests.SubtasksClientTests.GetSubtasksAsync_WithValidParameters_ReturnsSubtasks [FAIL]</Text>
      </RunInfo>
      <RunInfo computerName="473462aa-71aa-491c-913a-391d6732b9ef" outcome="Error" timestamp="2025-12-23T03:03:02.0413468+00:00">
        <Text>[xUnit.net 00:00:00.58]     LawMatics.SDK.Tests.MatterSubStatusesClientTests.GetMatterSubStatusesAsync_WithValidParameters_ReturnsMatterSubStatuses [FAIL]</Text>
      </RunInfo>
      <RunInfo computerName="473462aa-71aa-491c-913a-391d6732b9ef" outcome="Error" timestamp="2025-12-23T03:03:02.0415418+00:00">
        <Text>[xUnit.net 00:00:00.58]     LawMatics.SDK.Tests.ExpensesClientTests.GetExpensesAsync_WithValidParameters_ReturnsExpenses [FAIL]</Text>
      </RunInfo>
      <RunInfo computerName="473462aa-71aa-491c-913a-391d6732b9ef" outcome="Error" timestamp="2025-12-23T03:03:02.0417479+00:00">
        <Text>[xUnit.net 00:00:00.58]     LawMatics.SDK.Tests.CustomEmailsClientTests.GetCustomEmailsAsync_WithValidParameters_ReturnsCustomEmails [FAIL]</Text>
      </RunInfo>
      <RunInfo computerName="473462aa-71aa-491c-913a-391d6732b9ef" outcome="Error" timestamp="2025-12-23T03:03:02.1324717+00:00">
        <Text>[xUnit.net 00:00:00.59]     LawMatics.SDK.Tests.EmailAddressesClientTests.GetEmailAddressesAsync_WithValidParameters_ReturnsEmailAddresses [FAIL]</Text>
      </RunInfo>
      <RunInfo computerName="473462aa-71aa-491c-913a-391d6732b9ef" outcome="Error" timestamp="2025-12-23T03:03:02.1327289+00:00">
        <Text>[xUnit.net 00:00:00.67]     LawMatics.SDK.Tests.CustomContactTypesClientTests.CreateCustomContactTypeAsync_WithValidRequest_ReturnsCreatedCustomContactType [FAIL]</Text>
      </RunInfo>
      <RunInfo computerName="473462aa-71aa-491c-913a-391d6732b9ef" outcome="Error" timestamp="2025-12-23T03:03:02.1328078+00:00">
        <Text>[xUnit.net 00:00:00.67]     LawMatics.SDK.Tests.AddressesClientTests.CreateAddressAsync_WithValidRequest_ReturnsCreatedAddress [FAIL]</Text>
      </RunInfo>
      <RunInfo computerName="473462aa-71aa-491c-913a-391d6732b9ef" outcome="Error" timestamp="2025-12-23T03:03:02.1329347+00:00">
        <Text>[xUnit.net 00:00:00.67]     LawMatics.SDK.Tests.EventLocationsClientTests.GetEventLocationsAsync_WithValidParameters_ReturnsEventLocations [FAIL]</Text>
      </RunInfo>
      <RunInfo computerName="473462aa-71aa-491c-913a-391d6732b9ef" outcome="Error" timestamp="2025-12-23T03:03:02.1344471+00:00">
        <Text>[xUnit.net 00:00:00.68]     LawMatics.SDK.Tests.MatterSubStatusesClientTests.GetMatterSubStatusAsync_WithValidId_ReturnsMatterSubStatus [FAIL]</Text>
      </RunInfo>
      <RunInfo computerName="473462aa-71aa-491c-913a-391d6732b9ef" outcome="Error" timestamp="2025-12-23T03:03:02.1385581+00:00">
        <Text>[xUnit.net 00:00:00.68]     LawMatics.SDK.Tests.TaskStatusesClientTests.GetTaskStatusAsync_WithValidId_ReturnsTaskStatus [FAIL]</Text>
      </RunInfo>
      <RunInfo computerName="473462aa-71aa-491c-913a-391d6732b9ef" outcome="Error" timestamp="2025-12-23T03:03:02.1386579+00:00">
        <Text>[xUnit.net 00:00:00.68]     LawMatics.SDK.Tests.EventTypesClientTests.GetEventTypeAsync_WithValidId_ReturnsEventType [FAIL]</Text>
      </RunInfo>
      <RunInfo computerName="473462aa-71aa-491c-913a-391d6732b9ef" outcome="Error" timestamp="2025-12-23T03:03:02.1387248+00:00">
        <Text>[xUnit.net 00:00:00.68]     LawMatics.SDK.Tests.CustomEmailsClientTests.GetCustomEmailAsync_WithValidId_ReturnsCustomEmail [FAIL]</Text>
      </RunInfo>
      <RunInfo computerName="473462aa-71aa-491c-913a-391d6732b9ef" outcome="Error" timestamp="2025-12-23T03:03:02.1387783+00:00">
        <Text>[xUnit.net 00:00:00.68]     LawMatics.SDK.Tests.TimeEntriesClientTests.GetTimeEntriesAsync_WithValidParameters_ReturnsTimeEntries [FAIL]</Text>
      </RunInfo>
      <RunInfo computerName="473462aa-71aa-491c-913a-391d6732b9ef" outcome="Error" timestamp="2025-12-23T03:03:02.1410122+00:00">
        <Text>[xUnit.net 00:00:00.68]     LawMatics.SDK.Tests.ExpensesClientTests.GetExpenseAsync_WithValidId_ReturnsExpense [FAIL]</Text>
      </RunInfo>
      <RunInfo computerName="473462aa-71aa-491c-913a-391d6732b9ef" outcome="Error" timestamp="2025-12-23T03:03:02.1411125+00:00">
        <Text>[xUnit.net 00:00:00.68]     LawMatics.SDK.Tests.SubtasksClientTests.GetSubtaskAsync_WithValidId_ReturnsSubtask [FAIL]</Text>
      </RunInfo>
      <RunInfo computerName="473462aa-71aa-491c-913a-391d6732b9ef" outcome="Error" timestamp="2025-12-23T03:03:02.1411760+00:00">
        <Text>[xUnit.net 00:00:00.68]     LawMatics.SDK.Tests.TasksClientTests.GetTasksAsync_WithValidParameters_ReturnsTasks [FAIL]</Text>
      </RunInfo>
      <RunInfo computerName="473462aa-71aa-491c-913a-391d6732b9ef" outcome="Error" timestamp="2025-12-23T03:03:02.1413894+00:00">
        <Text>[xUnit.net 00:00:00.68]     LawMatics.SDK.Tests.CustomContactTypesClientTests.GetCustomContactTypeAsync_WithValidId_ReturnsCustomContactType [FAIL]</Text>
      </RunInfo>
      <RunInfo computerName="473462aa-71aa-491c-913a-391d6732b9ef" outcome="Error" timestamp="2025-12-23T03:03:02.1447408+00:00">
        <Text>[xUnit.net 00:00:00.68]     LawMatics.SDK.Tests.TasksClientTests.GetTaskAsync_WithValidId_ReturnsTask [FAIL]</Text>
      </RunInfo>
      <RunInfo computerName="473462aa-71aa-491c-913a-391d6732b9ef" outcome="Error" timestamp="2025-12-23T03:03:02.1448040+00:00">
        <Text>[xUnit.net 00:00:00.68]     LawMatics.SDK.Tests.CustomContactTypesClientTests.UpdateCustomContactTypeAsync_WithValidIdAndRequest_ReturnsUpdatedCustomContactType [FAIL]</Text>
      </RunInfo>
      <RunInfo computerName="473462aa-71aa-491c-913a-391d6732b9ef" outcome="Error" timestamp="2025-12-23T03:03:02.1448631+00:00">
        <Text>[xUnit.net 00:00:00.69]     LawMatics.SDK.Tests.TimeEntriesClientTests.CreateTimeEntryAsync_WithValidRequest_ReturnsCreatedTimeEntry [FAIL]</Text>
      </RunInfo>
      <RunInfo computerName="473462aa-71aa-491c-913a-391d6732b9ef" outcome="Error" timestamp="2025-12-23T03:03:02.1460716+00:00">
        <Text>[xUnit.net 00:00:00.69]     LawMatics.SDK.Tests.CustomEmailsClientTests.CreateCustomEmailAsync_WithValidRequest_ReturnsCreatedCustomEmail [FAIL]</Text>
      </RunInfo>
      <RunInfo computerName="473462aa-71aa-491c-913a-391d6732b9ef" outcome="Error" timestamp="2025-12-23T03:03:02.1461477+00:00">
        <Text>[xUnit.net 00:00:00.69]     LawMatics.SDK.Tests.AddressesClientTests.GetAddressesAsync_WithValidParameters_ReturnsAddresses [FAIL]</Text>
      </RunInfo>
      <RunInfo computerName="473462aa-71aa-491c-913a-391d6732b9ef" outcome="Error" timestamp="2025-12-23T03:03:02.1463881+00:00">
        <Text>[xUnit.net 00:00:00.69]     LawMatics.SDK.Tests.TasksClientTests.UpdateTaskAsync_WithValidIdAndRequest_ReturnsUpdatedTask [FAIL]</Text>
      </RunInfo>
      <RunInfo computerName="473462aa-71aa-491c-913a-391d6732b9ef" outcome="Error" timestamp="2025-12-23T03:03:02.1465578+00:00">
        <Text>[xUnit.net 00:00:00.69]     LawMatics.SDK.Tests.TimeEntriesClientTests.GetTimeEntryAsync_WithValidId_ReturnsTimeEntry [FAIL]</Text>
      </RunInfo>
      <RunInfo computerName="473462aa-71aa-491c-913a-391d6732b9ef" outcome="Error" timestamp="2025-12-23T03:03:02.1470093+00:00">
        <Text>[xUnit.net 00:00:00.69]     LawMatics.SDK.Tests.CustomContactTypesClientTests.GetCustomContactTypesAsync_WithValidParameters_ReturnsCustomContactTypes [FAIL]</Text>
      </RunInfo>
      <RunInfo computerName="473462aa-71aa-491c-913a-391d6732b9ef" outcome="Error" timestamp="2025-12-23T03:03:02.1484162+00:00">
        <Text>[xUnit.net 00:00:00.69]     LawMatics.SDK.Tests.AddressesClientTests.GetAddressAsync_WithValidId_ReturnsAddress [FAIL]</Text>
      </RunInfo>
    </RunInfos>
  </ResultSummary>
</TestRun>