[xUnit.net 00:00:00.27]     LawMatics.SDK.Tests.EmailAddressesClientTests.GetEmailAddressAsync_WithValidId_ReturnsEmailAddress [FAIL]
[xUnit.net 00:00:00.27]       Assert.NotNull() Failure: Value is null
[xUnit.net 00:00:00.27]       Stack Trace:
[xUnit.net 00:00:00.28]         /workspace/LawMatics.SDK.Tests/EmailAddressesClientTests.cs(151,0): at LawMatics.SDK.Tests.EmailAddressesClientTests.GetEmailAddressAsync_WithValidId_ReturnsEmailAddress()
[xUnit.net 00:00:00.28]         --- End of stack trace from previous location ---
[xUnit.net 00:00:00.28]   Finished:    LawMatics.SDK.Tests
  Failed LawMatics.SDK.Tests.EmailAddressesClientTests.GetEmailAddressAsync_WithValidId_ReturnsEmailAddress [143 ms]
  Error Message:
   Assert.NotNull() Failure: Value is null
  Stack Trace:
     at LawMatics.SDK.Tests.EmailAddressesClientTests.GetEmailAddressAsync_WithValidId_ReturnsEmailAddress() in /workspace/LawMatics.SDK.Tests/EmailAddressesClientTests.cs:line 151
--- End of stack trace from previous location ---

Test Run Failed.
Total tests: 1
     Failed: 1
 Total time: 0.7390 Seconds
       _VSTestConsole:
--
     1>Done Building Project "/workspace/LawMatics.SDK.Tests/LawMatics.SDK.Tests.csproj" (VSTest target(s)) -- FAILED.

Build FAILED.
    0 Warning(s)
    0 Error(s)

Time Elapsed 00:00:02.06
