  Determining projects to restore...
  All projects are up-to-date for restore.
  LawMatics.SDK -> /workspace/LawMatics.SDK/bin/Debug/net9.0/LawMatics.SDK.dll
/workspace/LawMatics.SDK.Tests/Clients/TimeEntriesClientTests.cs(20,35): error CS0246: The type or namespace name 'LawMaticsCredentials' could not be found (are you missing a using directive or an assembly reference?) [/workspace/LawMatics.SDK.Tests/LawMatics.SDK.Tests.csproj]
/workspace/LawMatics.SDK.Tests/Clients/TimeEntriesClientTests.cs(21,31): error CS0246: The type or namespace name 'LawMaticsClientOptions' could not be found (are you missing a using directive or an assembly reference?) [/workspace/LawMatics.SDK.Tests/LawMatics.SDK.Tests.csproj]
/workspace/LawMatics.SDK.Tests/Clients/TimeEntriesClientTests.cs(22,27): error CS1729: 'TimeEntriesClient' does not contain a constructor that takes 4 arguments [/workspace/LawMatics.SDK.Tests/LawMatics.SDK.Tests.csproj]
/workspace/LawMatics.SDK.Tests/Clients/TimeEntriesClientTests.cs(49,60): error CS1503: Argument 1: cannot convert from 'System.Collections.Generic.Dictionary<string, string>' to 'int' [/workspace/LawMatics.SDK.Tests/LawMatics.SDK.Tests.csproj]
/workspace/LawMatics.SDK.Tests/Clients/TimeEntriesClientTests.cs(64,58): error CS1503: Argument 1: cannot convert from 'string' to 'int' [/workspace/LawMatics.SDK.Tests/LawMatics.SDK.Tests.csproj]
/workspace/LawMatics.SDK.Tests/Clients/TimeEntriesClientTests.cs(76,28): error CS0029: Cannot implicitly convert type 'string' to 'int?' [/workspace/LawMatics.SDK.Tests/LawMatics.SDK.Tests.csproj]
/workspace/LawMatics.SDK.Tests/Clients/TimeEntriesClientTests.cs(77,26): error CS0029: Cannot implicitly convert type 'string' to 'int?' [/workspace/LawMatics.SDK.Tests/LawMatics.SDK.Tests.csproj]
/workspace/LawMatics.SDK.Tests/Clients/TimeEntriesClientTests.cs(80,17): error CS0117: 'CreateTimeEntryRequest' does not contain a definition for 'HourlyRate' [/workspace/LawMatics.SDK.Tests/LawMatics.SDK.Tests.csproj]
/workspace/LawMatics.SDK.Tests/Clients/TimeEntriesClientTests.cs(100,17): error CS0117: 'UpdateTimeEntryRequest' does not contain a definition for 'HourlyRate' [/workspace/LawMatics.SDK.Tests/LawMatics.SDK.Tests.csproj]
/workspace/LawMatics.SDK.Tests/Clients/TimeEntriesClientTests.cs(104,61): error CS1503: Argument 1: cannot convert from 'string' to 'int' [/workspace/LawMatics.SDK.Tests/LawMatics.SDK.Tests.csproj]
/workspace/LawMatics.SDK.Tests/Clients/TimeEntriesClientTests.cs(117,48): error CS1503: Argument 1: cannot convert from 'string' to 'int' [/workspace/LawMatics.SDK.Tests/LawMatics.SDK.Tests.csproj]
/workspace/LawMatics.SDK.Tests/Clients/TimeEntriesClientTests.cs(127,68): error CS1503: Argument 1: cannot convert from 'string' to 'int' [/workspace/LawMatics.SDK.Tests/LawMatics.SDK.Tests.csproj]
/workspace/LawMatics.SDK.Tests/Clients/TimeEntriesClientTests.cs(141,66): error CS1503: Argument 1: cannot convert from 'string' to 'int' [/workspace/LawMatics.SDK.Tests/LawMatics.SDK.Tests.csproj]
/workspace/LawMatics.SDK.Tests/Clients/AddressesClientTests.cs(20,35): error CS0246: The type or namespace name 'LawMaticsCredentials' could not be found (are you missing a using directive or an assembly reference?) [/workspace/LawMatics.SDK.Tests/LawMatics.SDK.Tests.csproj]
/workspace/LawMatics.SDK.Tests/Clients/AddressesClientTests.cs(21,31): error CS0246: The type or namespace name 'LawMaticsClientOptions' could not be found (are you missing a using directive or an assembly reference?) [/workspace/LawMatics.SDK.Tests/LawMatics.SDK.Tests.csproj]
/workspace/LawMatics.SDK.Tests/Clients/AddressesClientTests.cs(22,27): error CS1729: 'AddressesClient' does not contain a constructor that takes 4 arguments [/workspace/LawMatics.SDK.Tests/LawMatics.SDK.Tests.csproj]
/workspace/LawMatics.SDK.Tests/Clients/AddressesClientTests.cs(48,58): error CS1503: Argument 1: cannot convert from 'System.Collections.Generic.Dictionary<string, string>' to 'int' [/workspace/LawMatics.SDK.Tests/LawMatics.SDK.Tests.csproj]
/workspace/LawMatics.SDK.Tests/Clients/AddressesClientTests.cs(63,56): error CS1503: Argument 1: cannot convert from 'string' to 'int' [/workspace/LawMatics.SDK.Tests/LawMatics.SDK.Tests.csproj]
/workspace/LawMatics.SDK.Tests/Clients/TimeEntriesClientTests.cs(167,31): error CS0246: The type or namespace name 'StartTimeEntryRequest' could not be found (are you missing a using directive or an assembly reference?) [/workspace/LawMatics.SDK.Tests/LawMatics.SDK.Tests.csproj]
/workspace/LawMatics.SDK.Tests/Clients/TimeEntriesClientTests.cs(175,40): error CS1061: 'TimeEntriesClient' does not contain a definition for 'StartTimeEntryAsync' and no accessible extension method 'StartTimeEntryAsync' accepting a first argument of type 'TimeEntriesClient' could be found (are you missing a using directive or an assembly reference?) [/workspace/LawMatics.SDK.Tests/LawMatics.SDK.Tests.csproj]
/workspace/LawMatics.SDK.Tests/Clients/TimeEntriesClientTests.cs(188,27): error CS1061: 'TimeEntriesClient' does not contain a definition for 'StopTimeEntryAsync' and no accessible extension method 'StopTimeEntryAsync' accepting a first argument of type 'TimeEntriesClient' could be found (are you missing a using directive or an assembly reference?) [/workspace/LawMatics.SDK.Tests/LawMatics.SDK.Tests.csproj]
/workspace/LawMatics.SDK.Tests/Clients/TimeEntriesClientTests.cs(198,27): error CS1061: 'TimeEntriesClient' does not contain a definition for 'PauseTimeEntryAsync' and no accessible extension method 'PauseTimeEntryAsync' accepting a first argument of type 'TimeEntriesClient' could be found (are you missing a using directive or an assembly reference?) [/workspace/LawMatics.SDK.Tests/LawMatics.SDK.Tests.csproj]
/workspace/LawMatics.SDK.Tests/Clients/TimeEntriesClientTests.cs(208,27): error CS1061: 'TimeEntriesClient' does not contain a definition for 'ResumeTimeEntryAsync' and no accessible extension method 'ResumeTimeEntryAsync' accepting a first argument of type 'TimeEntriesClient' could be found (are you missing a using directive or an assembly reference?) [/workspace/LawMatics.SDK.Tests/LawMatics.SDK.Tests.csproj]
/workspace/LawMatics.SDK.Tests/Clients/TimeEntriesClientTests.cs(215,40): error CS1061: 'TimeEntriesClient' does not contain a definition for 'GetActiveTimeEntriesAsync' and no accessible extension method 'GetActiveTimeEntriesAsync' accepting a first argument of type 'TimeEntriesClient' could be found (are you missing a using directive or an assembly reference?) [/workspace/LawMatics.SDK.Tests/LawMatics.SDK.Tests.csproj]
/workspace/LawMatics.SDK.Tests/Clients/TimeEntriesClientTests.cs(230,40): error CS1061: 'TimeEntriesClient' does not contain a definition for 'GetTimeEntrySummaryAsync' and no accessible extension method 'GetTimeEntrySummaryAsync' accepting a first argument of type 'TimeEntriesClient' could be found (are you missing a using directive or an assembly reference?) [/workspace/LawMatics.SDK.Tests/LawMatics.SDK.Tests.csproj]
/workspace/LawMatics.SDK.Tests/Clients/TimeEntriesClientTests.cs(247,68): error CS1503: Argument 1: cannot convert from 'System.Collections.Generic.Dictionary<string, string>' to 'int?' [/workspace/LawMatics.SDK.Tests/LawMatics.SDK.Tests.csproj]
/workspace/LawMatics.SDK.Tests/Clients/TimeEntriesClientTests.cs(260,40): error CS1061: 'TimeEntriesClient' does not contain a definition for 'GetTimeEntriesByActivityTypeAsync' and no accessible extension method 'GetTimeEntriesByActivityTypeAsync' accepting a first argument of type 'TimeEntriesClient' could be found (are you missing a using directive or an assembly reference?) [/workspace/LawMatics.SDK.Tests/LawMatics.SDK.Tests.csproj]
/workspace/LawMatics.SDK.Tests/Clients/TimeEntriesClientTests.cs(271,40): error CS1061: 'TimeEntriesClient' does not contain a definition for 'GetUnbilledTimeEntriesAsync' and no accessible extension method 'GetUnbilledTimeEntriesAsync' accepting a first argument of type 'TimeEntriesClient' could be found (are you missing a using directive or an assembly reference?) [/workspace/LawMatics.SDK.Tests/LawMatics.SDK.Tests.csproj]
/workspace/LawMatics.SDK.Tests/Clients/TimeEntriesClientTests.cs(286,32): error CS0029: Cannot implicitly convert type 'string' to 'int?' [/workspace/LawMatics.SDK.Tests/LawMatics.SDK.Tests.csproj]
/workspace/LawMatics.SDK.Tests/Clients/TimeEntriesClientTests.cs(287,30): error CS0029: Cannot implicitly convert type 'string' to 'int?' [/workspace/LawMatics.SDK.Tests/LawMatics.SDK.Tests.csproj]
/workspace/LawMatics.SDK.Tests/Clients/TimeEntriesClientTests.cs(290,21): error CS0117: 'CreateTimeEntryRequest' does not contain a definition for 'HourlyRate' [/workspace/LawMatics.SDK.Tests/LawMatics.SDK.Tests.csproj]
/workspace/LawMatics.SDK.Tests/Clients/TimeEntriesClientTests.cs(294,32): error CS0029: Cannot implicitly convert type 'string' to 'int?' [/workspace/LawMatics.SDK.Tests/LawMatics.SDK.Tests.csproj]
/workspace/LawMatics.SDK.Tests/Clients/TimeEntriesClientTests.cs(295,30): error CS0029: Cannot implicitly convert type 'string' to 'int?' [/workspace/LawMatics.SDK.Tests/LawMatics.SDK.Tests.csproj]
/workspace/LawMatics.SDK.Tests/Clients/TimeEntriesClientTests.cs(298,21): error CS0117: 'CreateTimeEntryRequest' does not contain a definition for 'HourlyRate' [/workspace/LawMatics.SDK.Tests/LawMatics.SDK.Tests.csproj]
/workspace/LawMatics.SDK.Tests/Clients/TimeEntriesClientTests.cs(303,40): error CS1061: 'TimeEntriesClient' does not contain a definition for 'BulkCreateTimeEntriesAsync' and no accessible extension method 'BulkCreateTimeEntriesAsync' accepting a first argument of type 'TimeEntriesClient' could be found (are you missing a using directive or an assembly reference?) [/workspace/LawMatics.SDK.Tests/LawMatics.SDK.Tests.csproj]
/workspace/LawMatics.SDK.Tests/Clients/TasksClientTests.cs(20,35): error CS0246: The type or namespace name 'LawMaticsCredentials' could not be found (are you missing a using directive or an assembly reference?) [/workspace/LawMatics.SDK.Tests/LawMatics.SDK.Tests.csproj]
/workspace/LawMatics.SDK.Tests/Clients/TasksClientTests.cs(21,31): error CS0246: The type or namespace name 'LawMaticsClientOptions' could not be found (are you missing a using directive or an assembly reference?) [/workspace/LawMatics.SDK.Tests/LawMatics.SDK.Tests.csproj]
/workspace/LawMatics.SDK.Tests/Clients/TasksClientTests.cs(22,27): error CS1729: 'TasksClient' does not contain a constructor that takes 4 arguments [/workspace/LawMatics.SDK.Tests/LawMatics.SDK.Tests.csproj]
/workspace/LawMatics.SDK.Tests/Clients/AddressesClientTests.cs(75,17): error CS0117: 'CreateAddressRequest' does not contain a definition for 'ContactId' [/workspace/LawMatics.SDK.Tests/LawMatics.SDK.Tests.csproj]
/workspace/LawMatics.SDK.Tests/Clients/AddressesClientTests.cs(76,17): error CS0117: 'CreateAddressRequest' does not contain a definition for 'Type' [/workspace/LawMatics.SDK.Tests/LawMatics.SDK.Tests.csproj]
/workspace/LawMatics.SDK.Tests/Clients/AddressesClientTests.cs(77,17): error CS0117: 'CreateAddressRequest' does not contain a definition for 'Street' [/workspace/LawMatics.SDK.Tests/LawMatics.SDK.Tests.csproj]
/workspace/LawMatics.SDK.Tests/Clients/AddressesClientTests.cs(80,17): error CS0117: 'CreateAddressRequest' does not contain a definition for 'Zip' [/workspace/LawMatics.SDK.Tests/LawMatics.SDK.Tests.csproj]
/workspace/LawMatics.SDK.Tests/Clients/AddressesClientTests.cs(98,17): error CS0117: 'UpdateAddressRequest' does not contain a definition for 'Street' [/workspace/LawMatics.SDK.Tests/LawMatics.SDK.Tests.csproj]
/workspace/LawMatics.SDK.Tests/Clients/AddressesClientTests.cs(103,59): error CS1503: Argument 1: cannot convert from 'string' to 'int' [/workspace/LawMatics.SDK.Tests/LawMatics.SDK.Tests.csproj]
/workspace/LawMatics.SDK.Tests/Clients/AddressesClientTests.cs(116,46): error CS1503: Argument 1: cannot convert from 'string' to 'int' [/workspace/LawMatics.SDK.Tests/LawMatics.SDK.Tests.csproj]
/workspace/LawMatics.SDK.Tests/Clients/AddressesClientTests.cs(126,40): error CS1061: 'AddressesClient' does not contain a definition for 'GetContactAddressesAsync' and no accessible extension method 'GetContactAddressesAsync' accepting a first argument of type 'AddressesClient' could be found (are you missing a using directive or an assembly reference?) [/workspace/LawMatics.SDK.Tests/LawMatics.SDK.Tests.csproj]
/workspace/LawMatics.SDK.Tests/Clients/AddressesClientTests.cs(140,40): error CS1061: 'AddressesClient' does not contain a definition for 'GetCompanyAddressesAsync' and no accessible extension method 'GetCompanyAddressesAsync' accepting a first argument of type 'AddressesClient' could be found (are you missing a using directive or an assembly reference?) [/workspace/LawMatics.SDK.Tests/LawMatics.SDK.Tests.csproj]
/workspace/LawMatics.SDK.Tests/Clients/AddressesClientTests.cs(154,50): error CS1503: Argument 1: cannot convert from 'string' to 'int' [/workspace/LawMatics.SDK.Tests/LawMatics.SDK.Tests.csproj]
/workspace/LawMatics.SDK.Tests/Clients/AddressesClientTests.cs(163,17): error CS0117: 'CreateAddressRequest' does not contain a definition for 'Street' [/workspace/LawMatics.SDK.Tests/LawMatics.SDK.Tests.csproj]
/workspace/LawMatics.SDK.Tests/Clients/AddressesClientTests.cs(166,17): error CS0117: 'CreateAddressRequest' does not contain a definition for 'Zip' [/workspace/LawMatics.SDK.Tests/LawMatics.SDK.Tests.csproj]
/workspace/LawMatics.SDK.Tests/Clients/AddressesClientTests.cs(171,61): error CS1503: Argument 1: cannot convert from 'LawMatics.SDK.Models.CreateAddressRequest' to 'LawMatics.SDK.Models.Address' [/workspace/LawMatics.SDK.Tests/LawMatics.SDK.Tests.csproj]
/workspace/LawMatics.SDK.Tests/Clients/AddressesClientTests.cs(184,40): error CS1061: 'AddressesClient' does not contain a definition for 'GetAddressesByTypeAsync' and no accessible extension method 'GetAddressesByTypeAsync' accepting a first argument of type 'AddressesClient' could be found (are you missing a using directive or an assembly reference?) [/workspace/LawMatics.SDK.Tests/LawMatics.SDK.Tests.csproj]
/workspace/LawMatics.SDK.Tests/Clients/AddressesClientTests.cs(199,21): error CS0117: 'CreateAddressRequest' does not contain a definition for 'ContactId' [/workspace/LawMatics.SDK.Tests/LawMatics.SDK.Tests.csproj]
/workspace/LawMatics.SDK.Tests/Clients/AddressesClientTests.cs(200,21): error CS0117: 'CreateAddressRequest' does not contain a definition for 'Type' [/workspace/LawMatics.SDK.Tests/LawMatics.SDK.Tests.csproj]
/workspace/LawMatics.SDK.Tests/Clients/AddressesClientTests.cs(201,21): error CS0117: 'CreateAddressRequest' does not contain a definition for 'Street' [/workspace/LawMatics.SDK.Tests/LawMatics.SDK.Tests.csproj]
/workspace/LawMatics.SDK.Tests/Clients/AddressesClientTests.cs(206,21): error CS0117: 'CreateAddressRequest' does not contain a definition for 'ContactId' [/workspace/LawMatics.SDK.Tests/LawMatics.SDK.Tests.csproj]
/workspace/LawMatics.SDK.Tests/Clients/AddressesClientTests.cs(207,21): error CS0117: 'CreateAddressRequest' does not contain a definition for 'Type' [/workspace/LawMatics.SDK.Tests/LawMatics.SDK.Tests.csproj]
/workspace/LawMatics.SDK.Tests/Clients/AddressesClientTests.cs(208,21): error CS0117: 'CreateAddressRequest' does not contain a definition for 'Street' [/workspace/LawMatics.SDK.Tests/LawMatics.SDK.Tests.csproj]
/workspace/LawMatics.SDK.Tests/Clients/AddressesClientTests.cs(214,40): error CS1061: 'AddressesClient' does not contain a definition for 'BulkCreateAddressesAsync' and no accessible extension method 'BulkCreateAddressesAsync' accepting a first argument of type 'AddressesClient' could be found (are you missing a using directive or an assembly reference?) [/workspace/LawMatics.SDK.Tests/LawMatics.SDK.Tests.csproj]
/workspace/LawMatics.SDK.Tests/Clients/TasksClientTests.cs(49,54): error CS1503: Argument 1: cannot convert from 'System.Collections.Generic.Dictionary<string, string>' to 'int' [/workspace/LawMatics.SDK.Tests/LawMatics.SDK.Tests.csproj]
/workspace/LawMatics.SDK.Tests/Clients/TasksClientTests.cs(64,53): error CS1503: Argument 1: cannot convert from 'string' to 'int' [/workspace/LawMatics.SDK.Tests/LawMatics.SDK.Tests.csproj]
/workspace/LawMatics.SDK.Tests/Clients/TasksClientTests.cs(78,32): error CS0029: Cannot implicitly convert type 'string' to 'int?' [/workspace/LawMatics.SDK.Tests/LawMatics.SDK.Tests.csproj]
/workspace/LawMatics.SDK.Tests/Clients/TasksClientTests.cs(79,28): error CS0029: Cannot implicitly convert type 'string' to 'int?' [/workspace/LawMatics.SDK.Tests/LawMatics.SDK.Tests.csproj]
/workspace/LawMatics.SDK.Tests/Clients/TasksClientTests.cs(104,56): error CS1503: Argument 1: cannot convert from 'string' to 'int' [/workspace/LawMatics.SDK.Tests/LawMatics.SDK.Tests.csproj]
/workspace/LawMatics.SDK.Tests/Clients/TasksClientTests.cs(117,43): error CS1503: Argument 1: cannot convert from 'string' to 'int' [/workspace/LawMatics.SDK.Tests/LawMatics.SDK.Tests.csproj]
/workspace/LawMatics.SDK.Tests/Clients/TasksClientTests.cs(127,60): error CS1503: Argument 1: cannot convert from 'string' to 'int' [/workspace/LawMatics.SDK.Tests/LawMatics.SDK.Tests.csproj]
/workspace/LawMatics.SDK.Tests/Clients/TasksClientTests.cs(141,62): error CS1503: Argument 1: cannot convert from 'string' to 'int' [/workspace/LawMatics.SDK.Tests/LawMatics.SDK.Tests.csproj]
/workspace/LawMatics.SDK.Tests/Clients/TasksClientTests.cs(155,45): error CS1503: Argument 1: cannot convert from 'string' to 'int' [/workspace/LawMatics.SDK.Tests/LawMatics.SDK.Tests.csproj]
/workspace/LawMatics.SDK.Tests/Clients/TasksClientTests.cs(165,43): error CS1503: Argument 1: cannot convert from 'string' to 'int' [/workspace/LawMatics.SDK.Tests/LawMatics.SDK.Tests.csproj]
/workspace/LawMatics.SDK.Tests/Clients/TasksClientTests.cs(176,43): error CS1503: Argument 1: cannot convert from 'string' to 'int' [/workspace/LawMatics.SDK.Tests/LawMatics.SDK.Tests.csproj]
/workspace/LawMatics.SDK.Tests/Clients/TasksClientTests.cs(176,51): error CS1503: Argument 2: cannot convert from 'string' to 'int' [/workspace/LawMatics.SDK.Tests/LawMatics.SDK.Tests.csproj]
/workspace/LawMatics.SDK.Tests/Clients/TasksClientTests.cs(186,40): error CS1061: 'TasksClient' does not contain a definition for 'GetTasksByStatusAsync' and no accessible extension method 'GetTasksByStatusAsync' accepting a first argument of type 'TasksClient' could be found (are you missing a using directive or an assembly reference?) [/workspace/LawMatics.SDK.Tests/LawMatics.SDK.Tests.csproj]
/workspace/LawMatics.SDK.Tests/Clients/TasksClientTests.cs(200,40): error CS1061: 'TasksClient' does not contain a definition for 'GetTasksByPriorityAsync' and no accessible extension method 'GetTasksByPriorityAsync' accepting a first argument of type 'TasksClient' could be found (are you missing a using directive or an assembly reference?) [/workspace/LawMatics.SDK.Tests/LawMatics.SDK.Tests.csproj]
/workspace/LawMatics.SDK.Tests/Clients/CompanyFinderClientTests.cs(20,35): error CS0246: The type or namespace name 'LawMaticsCredentials' could not be found (are you missing a using directive or an assembly reference?) [/workspace/LawMatics.SDK.Tests/LawMatics.SDK.Tests.csproj]
/workspace/LawMatics.SDK.Tests/Clients/CompanyFinderClientTests.cs(21,31): error CS0246: The type or namespace name 'LawMaticsClientOptions' could not be found (are you missing a using directive or an assembly reference?) [/workspace/LawMatics.SDK.Tests/LawMatics.SDK.Tests.csproj]
/workspace/LawMatics.SDK.Tests/Clients/CompanyFinderClientTests.cs(22,27): error CS1729: 'CompanyFinderClient' does not contain a constructor that takes 4 arguments [/workspace/LawMatics.SDK.Tests/LawMatics.SDK.Tests.csproj]
/workspace/LawMatics.SDK.Tests/Clients/CompanyFinderClientTests.cs(32,40): error CS1061: 'CompanyFinderClient' does not contain a definition for 'FindCompanyByNameAsync' and no accessible extension method 'FindCompanyByNameAsync' accepting a first argument of type 'CompanyFinderClient' could be found (are you missing a using directive or an assembly reference?) [/workspace/LawMatics.SDK.Tests/LawMatics.SDK.Tests.csproj]
/workspace/LawMatics.SDK.Tests/Clients/CompanyFinderClientTests.cs(52,40): error CS1061: 'CompanyFinderClient' does not contain a definition for 'FindCompanyByNameAsync' and no accessible extension method 'FindCompanyByNameAsync' accepting a first argument of type 'CompanyFinderClient' could be found (are you missing a using directive or an assembly reference?) [/workspace/LawMatics.SDK.Tests/LawMatics.SDK.Tests.csproj]
/workspace/LawMatics.SDK.Tests/Clients/CompanyFinderClientTests.cs(67,40): error CS1061: 'CompanyFinderClient' does not contain a definition for 'FindCompanyByEmailAsync' and no accessible extension method 'FindCompanyByEmailAsync' accepting a first argument of type 'CompanyFinderClient' could be found (are you missing a using directive or an assembly reference?) [/workspace/LawMatics.SDK.Tests/LawMatics.SDK.Tests.csproj]
/workspace/LawMatics.SDK.Tests/Clients/CompanyFinderClientTests.cs(87,40): error CS1061: 'CompanyFinderClient' does not contain a definition for 'FindCompanyByEmailAsync' and no accessible extension method 'FindCompanyByEmailAsync' accepting a first argument of type 'CompanyFinderClient' could be found (are you missing a using directive or an assembly reference?) [/workspace/LawMatics.SDK.Tests/LawMatics.SDK.Tests.csproj]
/workspace/LawMatics.SDK.Tests/Clients/CompanyFinderClientTests.cs(102,40): error CS1061: 'CompanyFinderClient' does not contain a definition for 'FindCompanyByPhoneAsync' and no accessible extension method 'FindCompanyByPhoneAsync' accepting a first argument of type 'CompanyFinderClient' could be found (are you missing a using directive or an assembly reference?) [/workspace/LawMatics.SDK.Tests/LawMatics.SDK.Tests.csproj]
/workspace/LawMatics.SDK.Tests/Clients/CompanyFinderClientTests.cs(122,40): error CS1061: 'CompanyFinderClient' does not contain a definition for 'FindCompanyByPhoneAsync' and no accessible extension method 'FindCompanyByPhoneAsync' accepting a first argument of type 'CompanyFinderClient' could be found (are you missing a using directive or an assembly reference?) [/workspace/LawMatics.SDK.Tests/LawMatics.SDK.Tests.csproj]
/workspace/LawMatics.SDK.Tests/Clients/CompanyFinderClientTests.cs(137,40): error CS1061: 'CompanyFinderClient' does not contain a definition for 'FindCompanyByWebsiteAsync' and no accessible extension method 'FindCompanyByWebsiteAsync' accepting a first argument of type 'CompanyFinderClient' could be found (are you missing a using directive or an assembly reference?) [/workspace/LawMatics.SDK.Tests/LawMatics.SDK.Tests.csproj]
/workspace/LawMatics.SDK.Tests/Clients/CompanyFinderClientTests.cs(151,40): error CS1061: 'CompanyFinderClient' does not contain a definition for 'FindCompanyByAddressAsync' and no accessible extension method 'FindCompanyByAddressAsync' accepting a first argument of type 'CompanyFinderClient' could be found (are you missing a using directive or an assembly reference?) [/workspace/LawMatics.SDK.Tests/LawMatics.SDK.Tests.csproj]
/workspace/LawMatics.SDK.Tests/Clients/CompanyFinderClientTests.cs(165,61): error CS1503: Argument 1: cannot convert from 'string' to 'LawMatics.SDK.Clients.CompanySearchRequest' [/workspace/LawMatics.SDK.Tests/LawMatics.SDK.Tests.csproj]
/workspace/LawMatics.SDK.Tests/Clients/TasksClientTests.cs(225,40): error CS1061: 'TasksClient' does not contain a definition for 'GetUpcomingTasksAsync' and no accessible extension method 'GetUpcomingTasksAsync' accepting a first argument of type 'TasksClient' could be found (are you missing a using directive or an assembly reference?) [/workspace/LawMatics.SDK.Tests/LawMatics.SDK.Tests.csproj]
/workspace/LawMatics.SDK.Tests/Clients/TasksClientTests.cs(238,41): error CS0117: 'UpdateTaskRequest' does not contain a definition for 'Id' [/workspace/LawMatics.SDK.Tests/LawMatics.SDK.Tests.csproj]
/workspace/LawMatics.SDK.Tests/Clients/TasksClientTests.cs(239,41): error CS0117: 'UpdateTaskRequest' does not contain a definition for 'Id' [/workspace/LawMatics.SDK.Tests/LawMatics.SDK.Tests.csproj]
/workspace/LawMatics.SDK.Tests/Clients/TasksClientTests.cs(243,40): error CS1061: 'TasksClient' does not contain a definition for 'BulkUpdateTasksAsync' and no accessible extension method 'BulkUpdateTasksAsync' accepting a first argument of type 'TasksClient' could be found (are you missing a using directive or an assembly reference?) [/workspace/LawMatics.SDK.Tests/LawMatics.SDK.Tests.csproj]
/workspace/LawMatics.SDK.Tests/Clients/CustomEmailsClientTests.cs(20,35): error CS0246: The type or namespace name 'LawMaticsCredentials' could not be found (are you missing a using directive or an assembly reference?) [/workspace/LawMatics.SDK.Tests/LawMatics.SDK.Tests.csproj]
/workspace/LawMatics.SDK.Tests/Clients/CustomEmailsClientTests.cs(21,31): error CS0246: The type or namespace name 'LawMaticsClientOptions' could not be found (are you missing a using directive or an assembly reference?) [/workspace/LawMatics.SDK.Tests/LawMatics.SDK.Tests.csproj]
/workspace/LawMatics.SDK.Tests/Clients/CustomEmailsClientTests.cs(22,27): error CS1729: 'CustomEmailsClient' does not contain a constructor that takes 4 arguments [/workspace/LawMatics.SDK.Tests/LawMatics.SDK.Tests.csproj]
/workspace/LawMatics.SDK.Tests/Clients/ExpensesClientTests.cs(20,35): error CS0246: The type or namespace name 'LawMaticsCredentials' could not be found (are you missing a using directive or an assembly reference?) [/workspace/LawMatics.SDK.Tests/LawMatics.SDK.Tests.csproj]
/workspace/LawMatics.SDK.Tests/Clients/ExpensesClientTests.cs(21,31): error CS0246: The type or namespace name 'LawMaticsClientOptions' could not be found (are you missing a using directive or an assembly reference?) [/workspace/LawMatics.SDK.Tests/LawMatics.SDK.Tests.csproj]
/workspace/LawMatics.SDK.Tests/Clients/ExpensesClientTests.cs(22,27): error CS1729: 'ExpensesClient' does not contain a constructor that takes 4 arguments [/workspace/LawMatics.SDK.Tests/LawMatics.SDK.Tests.csproj]
/workspace/LawMatics.SDK.Tests/Clients/CompanyFinderClientTests.cs(187,61): error CS1503: Argument 1: cannot convert from 'string' to 'LawMatics.SDK.Clients.CompanySearchRequest' [/workspace/LawMatics.SDK.Tests/LawMatics.SDK.Tests.csproj]
/workspace/LawMatics.SDK.Tests/Clients/CompanyFinderClientTests.cs(187,74): error CS1503: Argument 2: cannot convert from 'System.Collections.Generic.Dictionary<string, string>' to 'int' [/workspace/LawMatics.SDK.Tests/LawMatics.SDK.Tests.csproj]
/workspace/LawMatics.SDK.Tests/Clients/CompanyFinderClientTests.cs(202,40): error CS1061: 'CompanyFinderClient' does not contain a definition for 'FindCompanyByDomainAsync' and no accessible extension method 'FindCompanyByDomainAsync' accepting a first argument of type 'CompanyFinderClient' could be found (are you missing a using directive or an assembly reference?) [/workspace/LawMatics.SDK.Tests/LawMatics.SDK.Tests.csproj]
/workspace/LawMatics.SDK.Tests/Clients/CompanyFinderClientTests.cs(216,40): error CS1061: 'CompanyFinderClient' does not contain a definition for 'EnrichCompanyDataAsync' and no accessible extension method 'EnrichCompanyDataAsync' accepting a first argument of type 'CompanyFinderClient' could be found (are you missing a using directive or an assembly reference?) [/workspace/LawMatics.SDK.Tests/LawMatics.SDK.Tests.csproj]
/workspace/LawMatics.SDK.Tests/Clients/CompanyFinderClientTests.cs(229,40): error CS1061: 'CompanyFinderClient' does not contain a definition for 'FindSimilarCompaniesAsync' and no accessible extension method 'FindSimilarCompaniesAsync' accepting a first argument of type 'CompanyFinderClient' could be found (are you missing a using directive or an assembly reference?) [/workspace/LawMatics.SDK.Tests/LawMatics.SDK.Tests.csproj]
/workspace/LawMatics.SDK.Tests/Clients/CompanyFinderClientTests.cs(243,40): error CS1061: 'CompanyFinderClient' does not contain a definition for 'FindCompaniesByIndustryAsync' and no accessible extension method 'FindCompaniesByIndustryAsync' accepting a first argument of type 'CompanyFinderClient' could be found (are you missing a using directive or an assembly reference?) [/workspace/LawMatics.SDK.Tests/LawMatics.SDK.Tests.csproj]
/workspace/LawMatics.SDK.Tests/Clients/ExpensesClientTests.cs(49,57): error CS1503: Argument 1: cannot convert from 'System.Collections.Generic.Dictionary<string, string>' to 'int' [/workspace/LawMatics.SDK.Tests/LawMatics.SDK.Tests.csproj]
/workspace/LawMatics.SDK.Tests/Clients/CompanyFinderClientTests.cs(257,40): error CS1061: 'CompanyFinderClient' does not contain a definition for 'FindCompaniesBySizeAsync' and no accessible extension method 'FindCompaniesBySizeAsync' accepting a first argument of type 'CompanyFinderClient' could be found (are you missing a using directive or an assembly reference?) [/workspace/LawMatics.SDK.Tests/LawMatics.SDK.Tests.csproj]
/workspace/LawMatics.SDK.Tests/Clients/ExpensesClientTests.cs(64,56): error CS1503: Argument 1: cannot convert from 'string' to 'int' [/workspace/LawMatics.SDK.Tests/LawMatics.SDK.Tests.csproj]
/workspace/LawMatics.SDK.Tests/Clients/CompanyFinderClientTests.cs(271,69): error CS1503: Argument 1: cannot convert from 'string' to 'LawMatics.SDK.Clients.CompanyLocationSearch' [/workspace/LawMatics.SDK.Tests/LawMatics.SDK.Tests.csproj]
/workspace/LawMatics.SDK.Tests/Clients/ExpensesClientTests.cs(80,28): error CS0029: Cannot implicitly convert type 'string' to 'int?' [/workspace/LawMatics.SDK.Tests/LawMatics.SDK.Tests.csproj]
/workspace/LawMatics.SDK.Tests/Clients/ExpensesClientTests.cs(81,17): error CS0117: 'CreateExpenseRequest' does not contain a definition for 'UserId' [/workspace/LawMatics.SDK.Tests/LawMatics.SDK.Tests.csproj]
/workspace/LawMatics.SDK.Tests/Clients/ExpensesClientTests.cs(104,59): error CS1503: Argument 1: cannot convert from 'string' to 'int' [/workspace/LawMatics.SDK.Tests/LawMatics.SDK.Tests.csproj]
/workspace/LawMatics.SDK.Tests/Clients/ExpensesClientTests.cs(117,46): error CS1503: Argument 1: cannot convert from 'string' to 'int' [/workspace/LawMatics.SDK.Tests/LawMatics.SDK.Tests.csproj]
/workspace/LawMatics.SDK.Tests/Clients/ExpensesClientTests.cs(127,65): error CS1503: Argument 1: cannot convert from 'string' to 'int' [/workspace/LawMatics.SDK.Tests/LawMatics.SDK.Tests.csproj]
/workspace/LawMatics.SDK.Tests/Clients/CustomEmailsClientTests.cs(49,61): error CS1503: Argument 1: cannot convert from 'System.Collections.Generic.Dictionary<string, string>' to 'int' [/workspace/LawMatics.SDK.Tests/LawMatics.SDK.Tests.csproj]
/workspace/LawMatics.SDK.Tests/Clients/CustomEmailsClientTests.cs(64,60): error CS1503: Argument 1: cannot convert from 'string' to 'int' [/workspace/LawMatics.SDK.Tests/LawMatics.SDK.Tests.csproj]
/workspace/LawMatics.SDK.Tests/Clients/CustomEmailsClientTests.cs(104,63): error CS1503: Argument 1: cannot convert from 'string' to 'int' [/workspace/LawMatics.SDK.Tests/LawMatics.SDK.Tests.csproj]
/workspace/LawMatics.SDK.Tests/Clients/CustomEmailsClientTests.cs(117,50): error CS1503: Argument 1: cannot convert from 'string' to 'int' [/workspace/LawMatics.SDK.Tests/LawMatics.SDK.Tests.csproj]
/workspace/LawMatics.SDK.Tests/Clients/CustomEmailsClientTests.cs(132,40): error CS1061: 'CustomEmailsClient' does not contain a definition for 'PreviewCustomEmailAsync' and no accessible extension method 'PreviewCustomEmailAsync' accepting a first argument of type 'CustomEmailsClient' could be found (are you missing a using directive or an assembly reference?) [/workspace/LawMatics.SDK.Tests/LawMatics.SDK.Tests.csproj]
/workspace/LawMatics.SDK.Tests/Clients/CustomEmailsClientTests.cs(142,31): error CS0246: The type or namespace name 'SendCustomEmailRequest' could not be found (are you missing a using directive or an assembly reference?) [/workspace/LawMatics.SDK.Tests/LawMatics.SDK.Tests.csproj]
/workspace/LawMatics.SDK.Tests/Clients/CustomEmailsClientTests.cs(153,27): error CS1061: 'CustomEmailsClient' does not contain a definition for 'SendCustomEmailAsync' and no accessible extension method 'SendCustomEmailAsync' accepting a first argument of type 'CustomEmailsClient' could be found (are you missing a using directive or an assembly reference?) [/workspace/LawMatics.SDK.Tests/LawMatics.SDK.Tests.csproj]
/workspace/LawMatics.SDK.Tests/Clients/CustomEmailsClientTests.cs(178,66): error CS1503: Argument 1: cannot convert from 'string' to 'int' [/workspace/LawMatics.SDK.Tests/LawMatics.SDK.Tests.csproj]
/workspace/LawMatics.SDK.Tests/Clients/CompanyFinderClientTests.cs(282,37): error CS0246: The type or namespace name 'AdvancedCompanySearchRequest' could not be found (are you missing a using directive or an assembly reference?) [/workspace/LawMatics.SDK.Tests/LawMatics.SDK.Tests.csproj]
/workspace/LawMatics.SDK.Tests/Clients/CompanyFinderClientTests.cs(295,40): error CS1061: 'CompanyFinderClient' does not contain a definition for 'AdvancedCompanySearchAsync' and no accessible extension method 'AdvancedCompanySearchAsync' accepting a first argument of type 'CompanyFinderClient' could be found (are you missing a using directive or an assembly reference?) [/workspace/LawMatics.SDK.Tests/LawMatics.SDK.Tests.csproj]
/workspace/LawMatics.SDK.Tests/Clients/CustomEmailsClientTests.cs(197,40): error CS1061: 'CustomEmailsClient' does not contain a definition for 'ValidateCustomEmailAsync' and no accessible extension method 'ValidateCustomEmailAsync' accepting a first argument of type 'CustomEmailsClient' could be found (are you missing a using directive or an assembly reference?) [/workspace/LawMatics.SDK.Tests/LawMatics.SDK.Tests.csproj]
/workspace/LawMatics.SDK.Tests/Clients/CustomEmailsClientTests.cs(210,40): error CS1061: 'CustomEmailsClient' does not contain a definition for 'GetCustomEmailStatisticsAsync' and no accessible extension method 'GetCustomEmailStatisticsAsync' accepting a first argument of type 'CustomEmailsClient' could be found (are you missing a using directive or an assembly reference?) [/workspace/LawMatics.SDK.Tests/LawMatics.SDK.Tests.csproj]
/workspace/LawMatics.SDK.Tests/Clients/CustomEmailsClientTests.cs(220,40): error CS1061: 'CustomEmailsClient' does not contain a definition for 'GetCustomEmailMergeVariablesAsync' and no accessible extension method 'GetCustomEmailMergeVariablesAsync' accepting a first argument of type 'CustomEmailsClient' could be found (are you missing a using directive or an assembly reference?) [/workspace/LawMatics.SDK.Tests/LawMatics.SDK.Tests.csproj]
/workspace/LawMatics.SDK.Tests/Clients/CustomEmailsClientTests.cs(230,31): error CS0246: The type or namespace name 'SendBulkCustomEmailRequest' could not be found (are you missing a using directive or an assembly reference?) [/workspace/LawMatics.SDK.Tests/LawMatics.SDK.Tests.csproj]
/workspace/LawMatics.SDK.Tests/Clients/CustomEmailsClientTests.cs(241,40): error CS1061: 'CustomEmailsClient' does not contain a definition for 'SendBulkCustomEmailAsync' and no accessible extension method 'SendBulkCustomEmailAsync' accepting a first argument of type 'CustomEmailsClient' could be found (are you missing a using directive or an assembly reference?) [/workspace/LawMatics.SDK.Tests/LawMatics.SDK.Tests.csproj]
/workspace/LawMatics.SDK.Tests/Clients/ExpensesClientTests.cs(141,40): error CS1061: 'ExpensesClient' does not contain a definition for 'GetExpensesByUserAsync' and no accessible extension method 'GetExpensesByUserAsync' accepting a first argument of type 'ExpensesClient' could be found (are you missing a using directive or an assembly reference?) [/workspace/LawMatics.SDK.Tests/LawMatics.SDK.Tests.csproj]
/workspace/LawMatics.SDK.Tests/Clients/ExpensesClientTests.cs(195,40): error CS1061: 'ExpensesClient' does not contain a definition for 'GetExpenseSummaryAsync' and no accessible extension method 'GetExpenseSummaryAsync' accepting a first argument of type 'ExpensesClient' could be found (are you missing a using directive or an assembly reference?) [/workspace/LawMatics.SDK.Tests/LawMatics.SDK.Tests.csproj]
/workspace/LawMatics.SDK.Tests/Clients/ExpensesClientTests.cs(212,65): error CS1503: Argument 1: cannot convert from 'System.Collections.Generic.Dictionary<string, string>' to 'int?' [/workspace/LawMatics.SDK.Tests/LawMatics.SDK.Tests.csproj]
/workspace/LawMatics.SDK.Tests/Clients/ExpensesClientTests.cs(225,27): error CS1061: 'ExpensesClient' does not contain a definition for 'ApproveExpenseAsync' and no accessible extension method 'ApproveExpenseAsync' accepting a first argument of type 'ExpensesClient' could be found (are you missing a using directive or an assembly reference?) [/workspace/LawMatics.SDK.Tests/LawMatics.SDK.Tests.csproj]
/workspace/LawMatics.SDK.Tests/Clients/ExpensesClientTests.cs(236,27): error CS1061: 'ExpensesClient' does not contain a definition for 'RejectExpenseAsync' and no accessible extension method 'RejectExpenseAsync' accepting a first argument of type 'ExpensesClient' could be found (are you missing a using directive or an assembly reference?) [/workspace/LawMatics.SDK.Tests/LawMatics.SDK.Tests.csproj]
/workspace/LawMatics.SDK.Tests/Clients/ExpensesClientTests.cs(243,40): error CS1061: 'ExpensesClient' does not contain a definition for 'GetPendingExpensesAsync' and no accessible extension method 'GetPendingExpensesAsync' accepting a first argument of type 'ExpensesClient' could be found (are you missing a using directive or an assembly reference?) [/workspace/LawMatics.SDK.Tests/LawMatics.SDK.Tests.csproj]
/workspace/LawMatics.SDK.Tests/Clients/ExpensesClientTests.cs(273,40): error CS1061: 'ExpensesClient' does not contain a definition for 'BulkCreateExpensesAsync' and no accessible extension method 'BulkCreateExpensesAsync' accepting a first argument of type 'ExpensesClient' could be found (are you missing a using directive or an assembly reference?) [/workspace/LawMatics.SDK.Tests/LawMatics.SDK.Tests.csproj]

Build FAILED.

/workspace/LawMatics.SDK.Tests/Clients/TimeEntriesClientTests.cs(20,35): error CS0246: The type or namespace name 'LawMaticsCredentials' could not be found (are you missing a using directive or an assembly reference?) [/workspace/LawMatics.SDK.Tests/LawMatics.SDK.Tests.csproj]
/workspace/LawMatics.SDK.Tests/Clients/TimeEntriesClientTests.cs(21,31): error CS0246: The type or namespace name 'LawMaticsClientOptions' could not be found (are you missing a using directive or an assembly reference?) [/workspace/LawMatics.SDK.Tests/LawMatics.SDK.Tests.csproj]
/workspace/LawMatics.SDK.Tests/Clients/TimeEntriesClientTests.cs(22,27): error CS1729: 'TimeEntriesClient' does not contain a constructor that takes 4 arguments [/workspace/LawMatics.SDK.Tests/LawMatics.SDK.Tests.csproj]
/workspace/LawMatics.SDK.Tests/Clients/TimeEntriesClientTests.cs(49,60): error CS1503: Argument 1: cannot convert from 'System.Collections.Generic.Dictionary<string, string>' to 'int' [/workspace/LawMatics.SDK.Tests/LawMatics.SDK.Tests.csproj]
/workspace/LawMatics.SDK.Tests/Clients/TimeEntriesClientTests.cs(64,58): error CS1503: Argument 1: cannot convert from 'string' to 'int' [/workspace/LawMatics.SDK.Tests/LawMatics.SDK.Tests.csproj]
/workspace/LawMatics.SDK.Tests/Clients/TimeEntriesClientTests.cs(76,28): error CS0029: Cannot implicitly convert type 'string' to 'int?' [/workspace/LawMatics.SDK.Tests/LawMatics.SDK.Tests.csproj]
/workspace/LawMatics.SDK.Tests/Clients/TimeEntriesClientTests.cs(77,26): error CS0029: Cannot implicitly convert type 'string' to 'int?' [/workspace/LawMatics.SDK.Tests/LawMatics.SDK.Tests.csproj]
/workspace/LawMatics.SDK.Tests/Clients/TimeEntriesClientTests.cs(80,17): error CS0117: 'CreateTimeEntryRequest' does not contain a definition for 'HourlyRate' [/workspace/LawMatics.SDK.Tests/LawMatics.SDK.Tests.csproj]
/workspace/LawMatics.SDK.Tests/Clients/TimeEntriesClientTests.cs(100,17): error CS0117: 'UpdateTimeEntryRequest' does not contain a definition for 'HourlyRate' [/workspace/LawMatics.SDK.Tests/LawMatics.SDK.Tests.csproj]
/workspace/LawMatics.SDK.Tests/Clients/TimeEntriesClientTests.cs(104,61): error CS1503: Argument 1: cannot convert from 'string' to 'int' [/workspace/LawMatics.SDK.Tests/LawMatics.SDK.Tests.csproj]
/workspace/LawMatics.SDK.Tests/Clients/TimeEntriesClientTests.cs(117,48): error CS1503: Argument 1: cannot convert from 'string' to 'int' [/workspace/LawMatics.SDK.Tests/LawMatics.SDK.Tests.csproj]
/workspace/LawMatics.SDK.Tests/Clients/TimeEntriesClientTests.cs(127,68): error CS1503: Argument 1: cannot convert from 'string' to 'int' [/workspace/LawMatics.SDK.Tests/LawMatics.SDK.Tests.csproj]
/workspace/LawMatics.SDK.Tests/Clients/TimeEntriesClientTests.cs(141,66): error CS1503: Argument 1: cannot convert from 'string' to 'int' [/workspace/LawMatics.SDK.Tests/LawMatics.SDK.Tests.csproj]
/workspace/LawMatics.SDK.Tests/Clients/AddressesClientTests.cs(20,35): error CS0246: The type or namespace name 'LawMaticsCredentials' could not be found (are you missing a using directive or an assembly reference?) [/workspace/LawMatics.SDK.Tests/LawMatics.SDK.Tests.csproj]
/workspace/LawMatics.SDK.Tests/Clients/AddressesClientTests.cs(21,31): error CS0246: The type or namespace name 'LawMaticsClientOptions' could not be found (are you missing a using directive or an assembly reference?) [/workspace/LawMatics.SDK.Tests/LawMatics.SDK.Tests.csproj]
/workspace/LawMatics.SDK.Tests/Clients/AddressesClientTests.cs(22,27): error CS1729: 'AddressesClient' does not contain a constructor that takes 4 arguments [/workspace/LawMatics.SDK.Tests/LawMatics.SDK.Tests.csproj]
/workspace/LawMatics.SDK.Tests/Clients/AddressesClientTests.cs(48,58): error CS1503: Argument 1: cannot convert from 'System.Collections.Generic.Dictionary<string, string>' to 'int' [/workspace/LawMatics.SDK.Tests/LawMatics.SDK.Tests.csproj]
/workspace/LawMatics.SDK.Tests/Clients/AddressesClientTests.cs(63,56): error CS1503: Argument 1: cannot convert from 'string' to 'int' [/workspace/LawMatics.SDK.Tests/LawMatics.SDK.Tests.csproj]
/workspace/LawMatics.SDK.Tests/Clients/TimeEntriesClientTests.cs(167,31): error CS0246: The type or namespace name 'StartTimeEntryRequest' could not be found (are you missing a using directive or an assembly reference?) [/workspace/LawMatics.SDK.Tests/LawMatics.SDK.Tests.csproj]
/workspace/LawMatics.SDK.Tests/Clients/TimeEntriesClientTests.cs(175,40): error CS1061: 'TimeEntriesClient' does not contain a definition for 'StartTimeEntryAsync' and no accessible extension method 'StartTimeEntryAsync' accepting a first argument of type 'TimeEntriesClient' could be found (are you missing a using directive or an assembly reference?) [/workspace/LawMatics.SDK.Tests/LawMatics.SDK.Tests.csproj]
/workspace/LawMatics.SDK.Tests/Clients/TimeEntriesClientTests.cs(188,27): error CS1061: 'TimeEntriesClient' does not contain a definition for 'StopTimeEntryAsync' and no accessible extension method 'StopTimeEntryAsync' accepting a first argument of type 'TimeEntriesClient' could be found (are you missing a using directive or an assembly reference?) [/workspace/LawMatics.SDK.Tests/LawMatics.SDK.Tests.csproj]
/workspace/LawMatics.SDK.Tests/Clients/TimeEntriesClientTests.cs(198,27): error CS1061: 'TimeEntriesClient' does not contain a definition for 'PauseTimeEntryAsync' and no accessible extension method 'PauseTimeEntryAsync' accepting a first argument of type 'TimeEntriesClient' could be found (are you missing a using directive or an assembly reference?) [/workspace/LawMatics.SDK.Tests/LawMatics.SDK.Tests.csproj]
/workspace/LawMatics.SDK.Tests/Clients/TimeEntriesClientTests.cs(208,27): error CS1061: 'TimeEntriesClient' does not contain a definition for 'ResumeTimeEntryAsync' and no accessible extension method 'ResumeTimeEntryAsync' accepting a first argument of type 'TimeEntriesClient' could be found (are you missing a using directive or an assembly reference?) [/workspace/LawMatics.SDK.Tests/LawMatics.SDK.Tests.csproj]
/workspace/LawMatics.SDK.Tests/Clients/TimeEntriesClientTests.cs(215,40): error CS1061: 'TimeEntriesClient' does not contain a definition for 'GetActiveTimeEntriesAsync' and no accessible extension method 'GetActiveTimeEntriesAsync' accepting a first argument of type 'TimeEntriesClient' could be found (are you missing a using directive or an assembly reference?) [/workspace/LawMatics.SDK.Tests/LawMatics.SDK.Tests.csproj]
/workspace/LawMatics.SDK.Tests/Clients/TimeEntriesClientTests.cs(230,40): error CS1061: 'TimeEntriesClient' does not contain a definition for 'GetTimeEntrySummaryAsync' and no accessible extension method 'GetTimeEntrySummaryAsync' accepting a first argument of type 'TimeEntriesClient' could be found (are you missing a using directive or an assembly reference?) [/workspace/LawMatics.SDK.Tests/LawMatics.SDK.Tests.csproj]
/workspace/LawMatics.SDK.Tests/Clients/TimeEntriesClientTests.cs(247,68): error CS1503: Argument 1: cannot convert from 'System.Collections.Generic.Dictionary<string, string>' to 'int?' [/workspace/LawMatics.SDK.Tests/LawMatics.SDK.Tests.csproj]
/workspace/LawMatics.SDK.Tests/Clients/TimeEntriesClientTests.cs(260,40): error CS1061: 'TimeEntriesClient' does not contain a definition for 'GetTimeEntriesByActivityTypeAsync' and no accessible extension method 'GetTimeEntriesByActivityTypeAsync' accepting a first argument of type 'TimeEntriesClient' could be found (are you missing a using directive or an assembly reference?) [/workspace/LawMatics.SDK.Tests/LawMatics.SDK.Tests.csproj]
/workspace/LawMatics.SDK.Tests/Clients/TimeEntriesClientTests.cs(271,40): error CS1061: 'TimeEntriesClient' does not contain a definition for 'GetUnbilledTimeEntriesAsync' and no accessible extension method 'GetUnbilledTimeEntriesAsync' accepting a first argument of type 'TimeEntriesClient' could be found (are you missing a using directive or an assembly reference?) [/workspace/LawMatics.SDK.Tests/LawMatics.SDK.Tests.csproj]
/workspace/LawMatics.SDK.Tests/Clients/TimeEntriesClientTests.cs(286,32): error CS0029: Cannot implicitly convert type 'string' to 'int?' [/workspace/LawMatics.SDK.Tests/LawMatics.SDK.Tests.csproj]
/workspace/LawMatics.SDK.Tests/Clients/TimeEntriesClientTests.cs(287,30): error CS0029: Cannot implicitly convert type 'string' to 'int?' [/workspace/LawMatics.SDK.Tests/LawMatics.SDK.Tests.csproj]
/workspace/LawMatics.SDK.Tests/Clients/TimeEntriesClientTests.cs(290,21): error CS0117: 'CreateTimeEntryRequest' does not contain a definition for 'HourlyRate' [/workspace/LawMatics.SDK.Tests/LawMatics.SDK.Tests.csproj]
/workspace/LawMatics.SDK.Tests/Clients/TimeEntriesClientTests.cs(294,32): error CS0029: Cannot implicitly convert type 'string' to 'int?' [/workspace/LawMatics.SDK.Tests/LawMatics.SDK.Tests.csproj]
/workspace/LawMatics.SDK.Tests/Clients/TimeEntriesClientTests.cs(295,30): error CS0029: Cannot implicitly convert type 'string' to 'int?' [/workspace/LawMatics.SDK.Tests/LawMatics.SDK.Tests.csproj]
/workspace/LawMatics.SDK.Tests/Clients/TimeEntriesClientTests.cs(298,21): error CS0117: 'CreateTimeEntryRequest' does not contain a definition for 'HourlyRate' [/workspace/LawMatics.SDK.Tests/LawMatics.SDK.Tests.csproj]
/workspace/LawMatics.SDK.Tests/Clients/TimeEntriesClientTests.cs(303,40): error CS1061: 'TimeEntriesClient' does not contain a definition for 'BulkCreateTimeEntriesAsync' and no accessible extension method 'BulkCreateTimeEntriesAsync' accepting a first argument of type 'TimeEntriesClient' could be found (are you missing a using directive or an assembly reference?) [/workspace/LawMatics.SDK.Tests/LawMatics.SDK.Tests.csproj]
/workspace/LawMatics.SDK.Tests/Clients/TasksClientTests.cs(20,35): error CS0246: The type or namespace name 'LawMaticsCredentials' could not be found (are you missing a using directive or an assembly reference?) [/workspace/LawMatics.SDK.Tests/LawMatics.SDK.Tests.csproj]
/workspace/LawMatics.SDK.Tests/Clients/TasksClientTests.cs(21,31): error CS0246: The type or namespace name 'LawMaticsClientOptions' could not be found (are you missing a using directive or an assembly reference?) [/workspace/LawMatics.SDK.Tests/LawMatics.SDK.Tests.csproj]
/workspace/LawMatics.SDK.Tests/Clients/TasksClientTests.cs(22,27): error CS1729: 'TasksClient' does not contain a constructor that takes 4 arguments [/workspace/LawMatics.SDK.Tests/LawMatics.SDK.Tests.csproj]
/workspace/LawMatics.SDK.Tests/Clients/AddressesClientTests.cs(75,17): error CS0117: 'CreateAddressRequest' does not contain a definition for 'ContactId' [/workspace/LawMatics.SDK.Tests/LawMatics.SDK.Tests.csproj]
/workspace/LawMatics.SDK.Tests/Clients/AddressesClientTests.cs(76,17): error CS0117: 'CreateAddressRequest' does not contain a definition for 'Type' [/workspace/LawMatics.SDK.Tests/LawMatics.SDK.Tests.csproj]
/workspace/LawMatics.SDK.Tests/Clients/AddressesClientTests.cs(77,17): error CS0117: 'CreateAddressRequest' does not contain a definition for 'Street' [/workspace/LawMatics.SDK.Tests/LawMatics.SDK.Tests.csproj]
/workspace/LawMatics.SDK.Tests/Clients/AddressesClientTests.cs(80,17): error CS0117: 'CreateAddressRequest' does not contain a definition for 'Zip' [/workspace/LawMatics.SDK.Tests/LawMatics.SDK.Tests.csproj]
/workspace/LawMatics.SDK.Tests/Clients/AddressesClientTests.cs(98,17): error CS0117: 'UpdateAddressRequest' does not contain a definition for 'Street' [/workspace/LawMatics.SDK.Tests/LawMatics.SDK.Tests.csproj]
/workspace/LawMatics.SDK.Tests/Clients/AddressesClientTests.cs(103,59): error CS1503: Argument 1: cannot convert from 'string' to 'int' [/workspace/LawMatics.SDK.Tests/LawMatics.SDK.Tests.csproj]
/workspace/LawMatics.SDK.Tests/Clients/AddressesClientTests.cs(116,46): error CS1503: Argument 1: cannot convert from 'string' to 'int' [/workspace/LawMatics.SDK.Tests/LawMatics.SDK.Tests.csproj]
/workspace/LawMatics.SDK.Tests/Clients/AddressesClientTests.cs(126,40): error CS1061: 'AddressesClient' does not contain a definition for 'GetContactAddressesAsync' and no accessible extension method 'GetContactAddressesAsync' accepting a first argument of type 'AddressesClient' could be found (are you missing a using directive or an assembly reference?) [/workspace/LawMatics.SDK.Tests/LawMatics.SDK.Tests.csproj]
/workspace/LawMatics.SDK.Tests/Clients/AddressesClientTests.cs(140,40): error CS1061: 'AddressesClient' does not contain a definition for 'GetCompanyAddressesAsync' and no accessible extension method 'GetCompanyAddressesAsync' accepting a first argument of type 'AddressesClient' could be found (are you missing a using directive or an assembly reference?) [/workspace/LawMatics.SDK.Tests/LawMatics.SDK.Tests.csproj]
/workspace/LawMatics.SDK.Tests/Clients/AddressesClientTests.cs(154,50): error CS1503: Argument 1: cannot convert from 'string' to 'int' [/workspace/LawMatics.SDK.Tests/LawMatics.SDK.Tests.csproj]
/workspace/LawMatics.SDK.Tests/Clients/AddressesClientTests.cs(163,17): error CS0117: 'CreateAddressRequest' does not contain a definition for 'Street' [/workspace/LawMatics.SDK.Tests/LawMatics.SDK.Tests.csproj]
/workspace/LawMatics.SDK.Tests/Clients/AddressesClientTests.cs(166,17): error CS0117: 'CreateAddressRequest' does not contain a definition for 'Zip' [/workspace/LawMatics.SDK.Tests/LawMatics.SDK.Tests.csproj]
/workspace/LawMatics.SDK.Tests/Clients/AddressesClientTests.cs(171,61): error CS1503: Argument 1: cannot convert from 'LawMatics.SDK.Models.CreateAddressRequest' to 'LawMatics.SDK.Models.Address' [/workspace/LawMatics.SDK.Tests/LawMatics.SDK.Tests.csproj]
/workspace/LawMatics.SDK.Tests/Clients/AddressesClientTests.cs(184,40): error CS1061: 'AddressesClient' does not contain a definition for 'GetAddressesByTypeAsync' and no accessible extension method 'GetAddressesByTypeAsync' accepting a first argument of type 'AddressesClient' could be found (are you missing a using directive or an assembly reference?) [/workspace/LawMatics.SDK.Tests/LawMatics.SDK.Tests.csproj]
/workspace/LawMatics.SDK.Tests/Clients/AddressesClientTests.cs(199,21): error CS0117: 'CreateAddressRequest' does not contain a definition for 'ContactId' [/workspace/LawMatics.SDK.Tests/LawMatics.SDK.Tests.csproj]
/workspace/LawMatics.SDK.Tests/Clients/AddressesClientTests.cs(200,21): error CS0117: 'CreateAddressRequest' does not contain a definition for 'Type' [/workspace/LawMatics.SDK.Tests/LawMatics.SDK.Tests.csproj]
/workspace/LawMatics.SDK.Tests/Clients/AddressesClientTests.cs(201,21): error CS0117: 'CreateAddressRequest' does not contain a definition for 'Street' [/workspace/LawMatics.SDK.Tests/LawMatics.SDK.Tests.csproj]
/workspace/LawMatics.SDK.Tests/Clients/AddressesClientTests.cs(206,21): error CS0117: 'CreateAddressRequest' does not contain a definition for 'ContactId' [/workspace/LawMatics.SDK.Tests/LawMatics.SDK.Tests.csproj]
/workspace/LawMatics.SDK.Tests/Clients/AddressesClientTests.cs(207,21): error CS0117: 'CreateAddressRequest' does not contain a definition for 'Type' [/workspace/LawMatics.SDK.Tests/LawMatics.SDK.Tests.csproj]
/workspace/LawMatics.SDK.Tests/Clients/AddressesClientTests.cs(208,21): error CS0117: 'CreateAddressRequest' does not contain a definition for 'Street' [/workspace/LawMatics.SDK.Tests/LawMatics.SDK.Tests.csproj]
/workspace/LawMatics.SDK.Tests/Clients/AddressesClientTests.cs(214,40): error CS1061: 'AddressesClient' does not contain a definition for 'BulkCreateAddressesAsync' and no accessible extension method 'BulkCreateAddressesAsync' accepting a first argument of type 'AddressesClient' could be found (are you missing a using directive or an assembly reference?) [/workspace/LawMatics.SDK.Tests/LawMatics.SDK.Tests.csproj]
/workspace/LawMatics.SDK.Tests/Clients/TasksClientTests.cs(49,54): error CS1503: Argument 1: cannot convert from 'System.Collections.Generic.Dictionary<string, string>' to 'int' [/workspace/LawMatics.SDK.Tests/LawMatics.SDK.Tests.csproj]
/workspace/LawMatics.SDK.Tests/Clients/TasksClientTests.cs(64,53): error CS1503: Argument 1: cannot convert from 'string' to 'int' [/workspace/LawMatics.SDK.Tests/LawMatics.SDK.Tests.csproj]
/workspace/LawMatics.SDK.Tests/Clients/TasksClientTests.cs(78,32): error CS0029: Cannot implicitly convert type 'string' to 'int?' [/workspace/LawMatics.SDK.Tests/LawMatics.SDK.Tests.csproj]
/workspace/LawMatics.SDK.Tests/Clients/TasksClientTests.cs(79,28): error CS0029: Cannot implicitly convert type 'string' to 'int?' [/workspace/LawMatics.SDK.Tests/LawMatics.SDK.Tests.csproj]
/workspace/LawMatics.SDK.Tests/Clients/TasksClientTests.cs(104,56): error CS1503: Argument 1: cannot convert from 'string' to 'int' [/workspace/LawMatics.SDK.Tests/LawMatics.SDK.Tests.csproj]
/workspace/LawMatics.SDK.Tests/Clients/TasksClientTests.cs(117,43): error CS1503: Argument 1: cannot convert from 'string' to 'int' [/workspace/LawMatics.SDK.Tests/LawMatics.SDK.Tests.csproj]
/workspace/LawMatics.SDK.Tests/Clients/TasksClientTests.cs(127,60): error CS1503: Argument 1: cannot convert from 'string' to 'int' [/workspace/LawMatics.SDK.Tests/LawMatics.SDK.Tests.csproj]
/workspace/LawMatics.SDK.Tests/Clients/TasksClientTests.cs(141,62): error CS1503: Argument 1: cannot convert from 'string' to 'int' [/workspace/LawMatics.SDK.Tests/LawMatics.SDK.Tests.csproj]
/workspace/LawMatics.SDK.Tests/Clients/TasksClientTests.cs(155,45): error CS1503: Argument 1: cannot convert from 'string' to 'int' [/workspace/LawMatics.SDK.Tests/LawMatics.SDK.Tests.csproj]
/workspace/LawMatics.SDK.Tests/Clients/TasksClientTests.cs(165,43): error CS1503: Argument 1: cannot convert from 'string' to 'int' [/workspace/LawMatics.SDK.Tests/LawMatics.SDK.Tests.csproj]
/workspace/LawMatics.SDK.Tests/Clients/TasksClientTests.cs(176,43): error CS1503: Argument 1: cannot convert from 'string' to 'int' [/workspace/LawMatics.SDK.Tests/LawMatics.SDK.Tests.csproj]
/workspace/LawMatics.SDK.Tests/Clients/TasksClientTests.cs(176,51): error CS1503: Argument 2: cannot convert from 'string' to 'int' [/workspace/LawMatics.SDK.Tests/LawMatics.SDK.Tests.csproj]
/workspace/LawMatics.SDK.Tests/Clients/TasksClientTests.cs(186,40): error CS1061: 'TasksClient' does not contain a definition for 'GetTasksByStatusAsync' and no accessible extension method 'GetTasksByStatusAsync' accepting a first argument of type 'TasksClient' could be found (are you missing a using directive or an assembly reference?) [/workspace/LawMatics.SDK.Tests/LawMatics.SDK.Tests.csproj]
/workspace/LawMatics.SDK.Tests/Clients/TasksClientTests.cs(200,40): error CS1061: 'TasksClient' does not contain a definition for 'GetTasksByPriorityAsync' and no accessible extension method 'GetTasksByPriorityAsync' accepting a first argument of type 'TasksClient' could be found (are you missing a using directive or an assembly reference?) [/workspace/LawMatics.SDK.Tests/LawMatics.SDK.Tests.csproj]
/workspace/LawMatics.SDK.Tests/Clients/CompanyFinderClientTests.cs(20,35): error CS0246: The type or namespace name 'LawMaticsCredentials' could not be found (are you missing a using directive or an assembly reference?) [/workspace/LawMatics.SDK.Tests/LawMatics.SDK.Tests.csproj]
/workspace/LawMatics.SDK.Tests/Clients/CompanyFinderClientTests.cs(21,31): error CS0246: The type or namespace name 'LawMaticsClientOptions' could not be found (are you missing a using directive or an assembly reference?) [/workspace/LawMatics.SDK.Tests/LawMatics.SDK.Tests.csproj]
/workspace/LawMatics.SDK.Tests/Clients/CompanyFinderClientTests.cs(22,27): error CS1729: 'CompanyFinderClient' does not contain a constructor that takes 4 arguments [/workspace/LawMatics.SDK.Tests/LawMatics.SDK.Tests.csproj]
/workspace/LawMatics.SDK.Tests/Clients/CompanyFinderClientTests.cs(32,40): error CS1061: 'CompanyFinderClient' does not contain a definition for 'FindCompanyByNameAsync' and no accessible extension method 'FindCompanyByNameAsync' accepting a first argument of type 'CompanyFinderClient' could be found (are you missing a using directive or an assembly reference?) [/workspace/LawMatics.SDK.Tests/LawMatics.SDK.Tests.csproj]
/workspace/LawMatics.SDK.Tests/Clients/CompanyFinderClientTests.cs(52,40): error CS1061: 'CompanyFinderClient' does not contain a definition for 'FindCompanyByNameAsync' and no accessible extension method 'FindCompanyByNameAsync' accepting a first argument of type 'CompanyFinderClient' could be found (are you missing a using directive or an assembly reference?) [/workspace/LawMatics.SDK.Tests/LawMatics.SDK.Tests.csproj]
/workspace/LawMatics.SDK.Tests/Clients/CompanyFinderClientTests.cs(67,40): error CS1061: 'CompanyFinderClient' does not contain a definition for 'FindCompanyByEmailAsync' and no accessible extension method 'FindCompanyByEmailAsync' accepting a first argument of type 'CompanyFinderClient' could be found (are you missing a using directive or an assembly reference?) [/workspace/LawMatics.SDK.Tests/LawMatics.SDK.Tests.csproj]
/workspace/LawMatics.SDK.Tests/Clients/CompanyFinderClientTests.cs(87,40): error CS1061: 'CompanyFinderClient' does not contain a definition for 'FindCompanyByEmailAsync' and no accessible extension method 'FindCompanyByEmailAsync' accepting a first argument of type 'CompanyFinderClient' could be found (are you missing a using directive or an assembly reference?) [/workspace/LawMatics.SDK.Tests/LawMatics.SDK.Tests.csproj]
/workspace/LawMatics.SDK.Tests/Clients/CompanyFinderClientTests.cs(102,40): error CS1061: 'CompanyFinderClient' does not contain a definition for 'FindCompanyByPhoneAsync' and no accessible extension method 'FindCompanyByPhoneAsync' accepting a first argument of type 'CompanyFinderClient' could be found (are you missing a using directive or an assembly reference?) [/workspace/LawMatics.SDK.Tests/LawMatics.SDK.Tests.csproj]
/workspace/LawMatics.SDK.Tests/Clients/CompanyFinderClientTests.cs(122,40): error CS1061: 'CompanyFinderClient' does not contain a definition for 'FindCompanyByPhoneAsync' and no accessible extension method 'FindCompanyByPhoneAsync' accepting a first argument of type 'CompanyFinderClient' could be found (are you missing a using directive or an assembly reference?) [/workspace/LawMatics.SDK.Tests/LawMatics.SDK.Tests.csproj]
/workspace/LawMatics.SDK.Tests/Clients/CompanyFinderClientTests.cs(137,40): error CS1061: 'CompanyFinderClient' does not contain a definition for 'FindCompanyByWebsiteAsync' and no accessible extension method 'FindCompanyByWebsiteAsync' accepting a first argument of type 'CompanyFinderClient' could be found (are you missing a using directive or an assembly reference?) [/workspace/LawMatics.SDK.Tests/LawMatics.SDK.Tests.csproj]
/workspace/LawMatics.SDK.Tests/Clients/CompanyFinderClientTests.cs(151,40): error CS1061: 'CompanyFinderClient' does not contain a definition for 'FindCompanyByAddressAsync' and no accessible extension method 'FindCompanyByAddressAsync' accepting a first argument of type 'CompanyFinderClient' could be found (are you missing a using directive or an assembly reference?) [/workspace/LawMatics.SDK.Tests/LawMatics.SDK.Tests.csproj]
/workspace/LawMatics.SDK.Tests/Clients/CompanyFinderClientTests.cs(165,61): error CS1503: Argument 1: cannot convert from 'string' to 'LawMatics.SDK.Clients.CompanySearchRequest' [/workspace/LawMatics.SDK.Tests/LawMatics.SDK.Tests.csproj]
/workspace/LawMatics.SDK.Tests/Clients/TasksClientTests.cs(225,40): error CS1061: 'TasksClient' does not contain a definition for 'GetUpcomingTasksAsync' and no accessible extension method 'GetUpcomingTasksAsync' accepting a first argument of type 'TasksClient' could be found (are you missing a using directive or an assembly reference?) [/workspace/LawMatics.SDK.Tests/LawMatics.SDK.Tests.csproj]
/workspace/LawMatics.SDK.Tests/Clients/TasksClientTests.cs(238,41): error CS0117: 'UpdateTaskRequest' does not contain a definition for 'Id' [/workspace/LawMatics.SDK.Tests/LawMatics.SDK.Tests.csproj]
/workspace/LawMatics.SDK.Tests/Clients/TasksClientTests.cs(239,41): error CS0117: 'UpdateTaskRequest' does not contain a definition for 'Id' [/workspace/LawMatics.SDK.Tests/LawMatics.SDK.Tests.csproj]
/workspace/LawMatics.SDK.Tests/Clients/TasksClientTests.cs(243,40): error CS1061: 'TasksClient' does not contain a definition for 'BulkUpdateTasksAsync' and no accessible extension method 'BulkUpdateTasksAsync' accepting a first argument of type 'TasksClient' could be found (are you missing a using directive or an assembly reference?) [/workspace/LawMatics.SDK.Tests/LawMatics.SDK.Tests.csproj]
/workspace/LawMatics.SDK.Tests/Clients/CustomEmailsClientTests.cs(20,35): error CS0246: The type or namespace name 'LawMaticsCredentials' could not be found (are you missing a using directive or an assembly reference?) [/workspace/LawMatics.SDK.Tests/LawMatics.SDK.Tests.csproj]
/workspace/LawMatics.SDK.Tests/Clients/CustomEmailsClientTests.cs(21,31): error CS0246: The type or namespace name 'LawMaticsClientOptions' could not be found (are you missing a using directive or an assembly reference?) [/workspace/LawMatics.SDK.Tests/LawMatics.SDK.Tests.csproj]
/workspace/LawMatics.SDK.Tests/Clients/CustomEmailsClientTests.cs(22,27): error CS1729: 'CustomEmailsClient' does not contain a constructor that takes 4 arguments [/workspace/LawMatics.SDK.Tests/LawMatics.SDK.Tests.csproj]
/workspace/LawMatics.SDK.Tests/Clients/ExpensesClientTests.cs(20,35): error CS0246: The type or namespace name 'LawMaticsCredentials' could not be found (are you missing a using directive or an assembly reference?) [/workspace/LawMatics.SDK.Tests/LawMatics.SDK.Tests.csproj]
/workspace/LawMatics.SDK.Tests/Clients/ExpensesClientTests.cs(21,31): error CS0246: The type or namespace name 'LawMaticsClientOptions' could not be found (are you missing a using directive or an assembly reference?) [/workspace/LawMatics.SDK.Tests/LawMatics.SDK.Tests.csproj]
/workspace/LawMatics.SDK.Tests/Clients/ExpensesClientTests.cs(22,27): error CS1729: 'ExpensesClient' does not contain a constructor that takes 4 arguments [/workspace/LawMatics.SDK.Tests/LawMatics.SDK.Tests.csproj]
/workspace/LawMatics.SDK.Tests/Clients/CompanyFinderClientTests.cs(187,61): error CS1503: Argument 1: cannot convert from 'string' to 'LawMatics.SDK.Clients.CompanySearchRequest' [/workspace/LawMatics.SDK.Tests/LawMatics.SDK.Tests.csproj]
/workspace/LawMatics.SDK.Tests/Clients/CompanyFinderClientTests.cs(187,74): error CS1503: Argument 2: cannot convert from 'System.Collections.Generic.Dictionary<string, string>' to 'int' [/workspace/LawMatics.SDK.Tests/LawMatics.SDK.Tests.csproj]
/workspace/LawMatics.SDK.Tests/Clients/CompanyFinderClientTests.cs(202,40): error CS1061: 'CompanyFinderClient' does not contain a definition for 'FindCompanyByDomainAsync' and no accessible extension method 'FindCompanyByDomainAsync' accepting a first argument of type 'CompanyFinderClient' could be found (are you missing a using directive or an assembly reference?) [/workspace/LawMatics.SDK.Tests/LawMatics.SDK.Tests.csproj]
/workspace/LawMatics.SDK.Tests/Clients/CompanyFinderClientTests.cs(216,40): error CS1061: 'CompanyFinderClient' does not contain a definition for 'EnrichCompanyDataAsync' and no accessible extension method 'EnrichCompanyDataAsync' accepting a first argument of type 'CompanyFinderClient' could be found (are you missing a using directive or an assembly reference?) [/workspace/LawMatics.SDK.Tests/LawMatics.SDK.Tests.csproj]
/workspace/LawMatics.SDK.Tests/Clients/CompanyFinderClientTests.cs(229,40): error CS1061: 'CompanyFinderClient' does not contain a definition for 'FindSimilarCompaniesAsync' and no accessible extension method 'FindSimilarCompaniesAsync' accepting a first argument of type 'CompanyFinderClient' could be found (are you missing a using directive or an assembly reference?) [/workspace/LawMatics.SDK.Tests/LawMatics.SDK.Tests.csproj]
/workspace/LawMatics.SDK.Tests/Clients/CompanyFinderClientTests.cs(243,40): error CS1061: 'CompanyFinderClient' does not contain a definition for 'FindCompaniesByIndustryAsync' and no accessible extension method 'FindCompaniesByIndustryAsync' accepting a first argument of type 'CompanyFinderClient' could be found (are you missing a using directive or an assembly reference?) [/workspace/LawMatics.SDK.Tests/LawMatics.SDK.Tests.csproj]
/workspace/LawMatics.SDK.Tests/Clients/ExpensesClientTests.cs(49,57): error CS1503: Argument 1: cannot convert from 'System.Collections.Generic.Dictionary<string, string>' to 'int' [/workspace/LawMatics.SDK.Tests/LawMatics.SDK.Tests.csproj]
/workspace/LawMatics.SDK.Tests/Clients/CompanyFinderClientTests.cs(257,40): error CS1061: 'CompanyFinderClient' does not contain a definition for 'FindCompaniesBySizeAsync' and no accessible extension method 'FindCompaniesBySizeAsync' accepting a first argument of type 'CompanyFinderClient' could be found (are you missing a using directive or an assembly reference?) [/workspace/LawMatics.SDK.Tests/LawMatics.SDK.Tests.csproj]
/workspace/LawMatics.SDK.Tests/Clients/ExpensesClientTests.cs(64,56): error CS1503: Argument 1: cannot convert from 'string' to 'int' [/workspace/LawMatics.SDK.Tests/LawMatics.SDK.Tests.csproj]
/workspace/LawMatics.SDK.Tests/Clients/CompanyFinderClientTests.cs(271,69): error CS1503: Argument 1: cannot convert from 'string' to 'LawMatics.SDK.Clients.CompanyLocationSearch' [/workspace/LawMatics.SDK.Tests/LawMatics.SDK.Tests.csproj]
/workspace/LawMatics.SDK.Tests/Clients/ExpensesClientTests.cs(80,28): error CS0029: Cannot implicitly convert type 'string' to 'int?' [/workspace/LawMatics.SDK.Tests/LawMatics.SDK.Tests.csproj]
/workspace/LawMatics.SDK.Tests/Clients/ExpensesClientTests.cs(81,17): error CS0117: 'CreateExpenseRequest' does not contain a definition for 'UserId' [/workspace/LawMatics.SDK.Tests/LawMatics.SDK.Tests.csproj]
/workspace/LawMatics.SDK.Tests/Clients/ExpensesClientTests.cs(104,59): error CS1503: Argument 1: cannot convert from 'string' to 'int' [/workspace/LawMatics.SDK.Tests/LawMatics.SDK.Tests.csproj]
/workspace/LawMatics.SDK.Tests/Clients/ExpensesClientTests.cs(117,46): error CS1503: Argument 1: cannot convert from 'string' to 'int' [/workspace/LawMatics.SDK.Tests/LawMatics.SDK.Tests.csproj]
/workspace/LawMatics.SDK.Tests/Clients/ExpensesClientTests.cs(127,65): error CS1503: Argument 1: cannot convert from 'string' to 'int' [/workspace/LawMatics.SDK.Tests/LawMatics.SDK.Tests.csproj]
/workspace/LawMatics.SDK.Tests/Clients/CustomEmailsClientTests.cs(49,61): error CS1503: Argument 1: cannot convert from 'System.Collections.Generic.Dictionary<string, string>' to 'int' [/workspace/LawMatics.SDK.Tests/LawMatics.SDK.Tests.csproj]
/workspace/LawMatics.SDK.Tests/Clients/CustomEmailsClientTests.cs(64,60): error CS1503: Argument 1: cannot convert from 'string' to 'int' [/workspace/LawMatics.SDK.Tests/LawMatics.SDK.Tests.csproj]
/workspace/LawMatics.SDK.Tests/Clients/CustomEmailsClientTests.cs(104,63): error CS1503: Argument 1: cannot convert from 'string' to 'int' [/workspace/LawMatics.SDK.Tests/LawMatics.SDK.Tests.csproj]
/workspace/LawMatics.SDK.Tests/Clients/CustomEmailsClientTests.cs(117,50): error CS1503: Argument 1: cannot convert from 'string' to 'int' [/workspace/LawMatics.SDK.Tests/LawMatics.SDK.Tests.csproj]
/workspace/LawMatics.SDK.Tests/Clients/CustomEmailsClientTests.cs(132,40): error CS1061: 'CustomEmailsClient' does not contain a definition for 'PreviewCustomEmailAsync' and no accessible extension method 'PreviewCustomEmailAsync' accepting a first argument of type 'CustomEmailsClient' could be found (are you missing a using directive or an assembly reference?) [/workspace/LawMatics.SDK.Tests/LawMatics.SDK.Tests.csproj]
/workspace/LawMatics.SDK.Tests/Clients/CustomEmailsClientTests.cs(142,31): error CS0246: The type or namespace name 'SendCustomEmailRequest' could not be found (are you missing a using directive or an assembly reference?) [/workspace/LawMatics.SDK.Tests/LawMatics.SDK.Tests.csproj]
/workspace/LawMatics.SDK.Tests/Clients/CustomEmailsClientTests.cs(153,27): error CS1061: 'CustomEmailsClient' does not contain a definition for 'SendCustomEmailAsync' and no accessible extension method 'SendCustomEmailAsync' accepting a first argument of type 'CustomEmailsClient' could be found (are you missing a using directive or an assembly reference?) [/workspace/LawMatics.SDK.Tests/LawMatics.SDK.Tests.csproj]
/workspace/LawMatics.SDK.Tests/Clients/CustomEmailsClientTests.cs(178,66): error CS1503: Argument 1: cannot convert from 'string' to 'int' [/workspace/LawMatics.SDK.Tests/LawMatics.SDK.Tests.csproj]
/workspace/LawMatics.SDK.Tests/Clients/CompanyFinderClientTests.cs(282,37): error CS0246: The type or namespace name 'AdvancedCompanySearchRequest' could not be found (are you missing a using directive or an assembly reference?) [/workspace/LawMatics.SDK.Tests/LawMatics.SDK.Tests.csproj]
/workspace/LawMatics.SDK.Tests/Clients/CompanyFinderClientTests.cs(295,40): error CS1061: 'CompanyFinderClient' does not contain a definition for 'AdvancedCompanySearchAsync' and no accessible extension method 'AdvancedCompanySearchAsync' accepting a first argument of type 'CompanyFinderClient' could be found (are you missing a using directive or an assembly reference?) [/workspace/LawMatics.SDK.Tests/LawMatics.SDK.Tests.csproj]
/workspace/LawMatics.SDK.Tests/Clients/CustomEmailsClientTests.cs(197,40): error CS1061: 'CustomEmailsClient' does not contain a definition for 'ValidateCustomEmailAsync' and no accessible extension method 'ValidateCustomEmailAsync' accepting a first argument of type 'CustomEmailsClient' could be found (are you missing a using directive or an assembly reference?) [/workspace/LawMatics.SDK.Tests/LawMatics.SDK.Tests.csproj]
/workspace/LawMatics.SDK.Tests/Clients/CustomEmailsClientTests.cs(210,40): error CS1061: 'CustomEmailsClient' does not contain a definition for 'GetCustomEmailStatisticsAsync' and no accessible extension method 'GetCustomEmailStatisticsAsync' accepting a first argument of type 'CustomEmailsClient' could be found (are you missing a using directive or an assembly reference?) [/workspace/LawMatics.SDK.Tests/LawMatics.SDK.Tests.csproj]
/workspace/LawMatics.SDK.Tests/Clients/CustomEmailsClientTests.cs(220,40): error CS1061: 'CustomEmailsClient' does not contain a definition for 'GetCustomEmailMergeVariablesAsync' and no accessible extension method 'GetCustomEmailMergeVariablesAsync' accepting a first argument of type 'CustomEmailsClient' could be found (are you missing a using directive or an assembly reference?) [/workspace/LawMatics.SDK.Tests/LawMatics.SDK.Tests.csproj]
/workspace/LawMatics.SDK.Tests/Clients/CustomEmailsClientTests.cs(230,31): error CS0246: The type or namespace name 'SendBulkCustomEmailRequest' could not be found (are you missing a using directive or an assembly reference?) [/workspace/LawMatics.SDK.Tests/LawMatics.SDK.Tests.csproj]
/workspace/LawMatics.SDK.Tests/Clients/CustomEmailsClientTests.cs(241,40): error CS1061: 'CustomEmailsClient' does not contain a definition for 'SendBulkCustomEmailAsync' and no accessible extension method 'SendBulkCustomEmailAsync' accepting a first argument of type 'CustomEmailsClient' could be found (are you missing a using directive or an assembly reference?) [/workspace/LawMatics.SDK.Tests/LawMatics.SDK.Tests.csproj]
/workspace/LawMatics.SDK.Tests/Clients/ExpensesClientTests.cs(141,40): error CS1061: 'ExpensesClient' does not contain a definition for 'GetExpensesByUserAsync' and no accessible extension method 'GetExpensesByUserAsync' accepting a first argument of type 'ExpensesClient' could be found (are you missing a using directive or an assembly reference?) [/workspace/LawMatics.SDK.Tests/LawMatics.SDK.Tests.csproj]
/workspace/LawMatics.SDK.Tests/Clients/ExpensesClientTests.cs(195,40): error CS1061: 'ExpensesClient' does not contain a definition for 'GetExpenseSummaryAsync' and no accessible extension method 'GetExpenseSummaryAsync' accepting a first argument of type 'ExpensesClient' could be found (are you missing a using directive or an assembly reference?) [/workspace/LawMatics.SDK.Tests/LawMatics.SDK.Tests.csproj]
/workspace/LawMatics.SDK.Tests/Clients/ExpensesClientTests.cs(212,65): error CS1503: Argument 1: cannot convert from 'System.Collections.Generic.Dictionary<string, string>' to 'int?' [/workspace/LawMatics.SDK.Tests/LawMatics.SDK.Tests.csproj]
/workspace/LawMatics.SDK.Tests/Clients/ExpensesClientTests.cs(225,27): error CS1061: 'ExpensesClient' does not contain a definition for 'ApproveExpenseAsync' and no accessible extension method 'ApproveExpenseAsync' accepting a first argument of type 'ExpensesClient' could be found (are you missing a using directive or an assembly reference?) [/workspace/LawMatics.SDK.Tests/LawMatics.SDK.Tests.csproj]
/workspace/LawMatics.SDK.Tests/Clients/ExpensesClientTests.cs(236,27): error CS1061: 'ExpensesClient' does not contain a definition for 'RejectExpenseAsync' and no accessible extension method 'RejectExpenseAsync' accepting a first argument of type 'ExpensesClient' could be found (are you missing a using directive or an assembly reference?) [/workspace/LawMatics.SDK.Tests/LawMatics.SDK.Tests.csproj]
/workspace/LawMatics.SDK.Tests/Clients/ExpensesClientTests.cs(243,40): error CS1061: 'ExpensesClient' does not contain a definition for 'GetPendingExpensesAsync' and no accessible extension method 'GetPendingExpensesAsync' accepting a first argument of type 'ExpensesClient' could be found (are you missing a using directive or an assembly reference?) [/workspace/LawMatics.SDK.Tests/LawMatics.SDK.Tests.csproj]
/workspace/LawMatics.SDK.Tests/Clients/ExpensesClientTests.cs(273,40): error CS1061: 'ExpensesClient' does not contain a definition for 'BulkCreateExpensesAsync' and no accessible extension method 'BulkCreateExpensesAsync' accepting a first argument of type 'ExpensesClient' could be found (are you missing a using directive or an assembly reference?) [/workspace/LawMatics.SDK.Tests/LawMatics.SDK.Tests.csproj]
    0 Warning(s)
    132 Error(s)

Time Elapsed 00:00:01.97
