  Determining projects to restore...
  All projects are up-to-date for restore.
  LawMatics.SDK -> /workspace/LawMatics.SDK/bin/Debug/net8.0/LawMatics.SDK.dll
/workspace/LawMatics.SDK.Tests/CustomEmailsClientTests.cs(70,32): error CS1010: Newline in constant [/workspace/LawMatics.SDK.Tests/LawMatics.SDK.Tests.csproj]
/workspace/LawMatics.SDK.Tests/CustomEmailsClientTests.cs(70,53): error CS1003: Syntax error, ',' expected [/workspace/LawMatics.SDK.Tests/LawMatics.SDK.Tests.csproj]
/workspace/LawMatics.SDK.Tests/CustomEmailsClientTests.cs(72,64): error CS1003: Syntax error, ',' expected [/workspace/LawMatics.SDK.Tests/LawMatics.SDK.Tests.csproj]
/workspace/LawMatics.SDK.Tests/CustomEmailsClientTests.cs(72,67): error CS1003: Syntax error, ',' expected [/workspace/LawMatics.SDK.Tests/LawMatics.SDK.Tests.csproj]
/workspace/LawMatics.SDK.Tests/CustomEmailsClientTests.cs(72,71): error CS1003: Syntax error, ',' expected [/workspace/LawMatics.SDK.Tests/LawMatics.SDK.Tests.csproj]
/workspace/LawMatics.SDK.Tests/CustomEmailsClientTests.cs(72,76): error CS1003: Syntax error, ',' expected [/workspace/LawMatics.SDK.Tests/LawMatics.SDK.Tests.csproj]
/workspace/LawMatics.SDK.Tests/CustomEmailsClientTests.cs(72,76): error CS1010: Newline in constant [/workspace/LawMatics.SDK.Tests/LawMatics.SDK.Tests.csproj]
/workspace/LawMatics.SDK.Tests/CustomEmailsClientTests.cs(72,78): error CS1003: Syntax error, ',' expected [/workspace/LawMatics.SDK.Tests/LawMatics.SDK.Tests.csproj]
/workspace/LawMatics.SDK.Tests/CustomEmailsClientTests.cs(75,22): error CS1002: ; expected [/workspace/LawMatics.SDK.Tests/LawMatics.SDK.Tests.csproj]
/workspace/LawMatics.SDK.Tests/CustomEmailsClientTests.cs(76,18): error CS1519: Invalid token ',' in class, record, struct, or interface member declaration [/workspace/LawMatics.SDK.Tests/LawMatics.SDK.Tests.csproj]
/workspace/LawMatics.SDK.Tests/CustomEmailsClientTests.cs(77,28): error CS1519: Invalid token '=' in class, record, struct, or interface member declaration [/workspace/LawMatics.SDK.Tests/LawMatics.SDK.Tests.csproj]
/workspace/LawMatics.SDK.Tests/CustomEmailsClientTests.cs(78,17): error CS1519: Invalid token '{' in class, record, struct, or interface member declaration [/workspace/LawMatics.SDK.Tests/LawMatics.SDK.Tests.csproj]
/workspace/LawMatics.SDK.Tests/CustomEmailsClientTests.cs(79,33): error CS1519: Invalid token '=' in class, record, struct, or interface member declaration [/workspace/LawMatics.SDK.Tests/LawMatics.SDK.Tests.csproj]
/workspace/LawMatics.SDK.Tests/CustomEmailsClientTests.cs(80,29): error CS1519: Invalid token '=' in class, record, struct, or interface member declaration [/workspace/LawMatics.SDK.Tests/LawMatics.SDK.Tests.csproj]
/workspace/LawMatics.SDK.Tests/CustomEmailsClientTests.cs(81,27): error CS1519: Invalid token '=' in class, record, struct, or interface member declaration [/workspace/LawMatics.SDK.Tests/LawMatics.SDK.Tests.csproj]
/workspace/LawMatics.SDK.Tests/CustomEmailsClientTests.cs(85,13): error CS8803: Top-level statements must precede namespace and type declarations. [/workspace/LawMatics.SDK.Tests/LawMatics.SDK.Tests.csproj]
/workspace/LawMatics.SDK.Tests/CustomEmailsClientTests.cs(111,9): error CS1022: Type or namespace definition, or end-of-file expected [/workspace/LawMatics.SDK.Tests/LawMatics.SDK.Tests.csproj]
/workspace/LawMatics.SDK.Tests/CustomEmailsClientTests.cs(114,9): error CS0106: The modifier 'public' is not valid for this item [/workspace/LawMatics.SDK.Tests/LawMatics.SDK.Tests.csproj]
/workspace/LawMatics.SDK.Tests/CustomEmailsClientTests.cs(123,24): error CS1010: Newline in constant [/workspace/LawMatics.SDK.Tests/LawMatics.SDK.Tests.csproj]
/workspace/LawMatics.SDK.Tests/CustomEmailsClientTests.cs(123,45): error CS1003: Syntax error, ',' expected [/workspace/LawMatics.SDK.Tests/LawMatics.SDK.Tests.csproj]
/workspace/LawMatics.SDK.Tests/CustomEmailsClientTests.cs(125,53): error CS1002: ; expected [/workspace/LawMatics.SDK.Tests/LawMatics.SDK.Tests.csproj]
/workspace/LawMatics.SDK.Tests/CustomEmailsClientTests.cs(125,54): error CS1022: Type or namespace definition, or end-of-file expected [/workspace/LawMatics.SDK.Tests/LawMatics.SDK.Tests.csproj]
/workspace/LawMatics.SDK.Tests/CustomEmailsClientTests.cs(125,67): error CS1003: Syntax error, ',' expected [/workspace/LawMatics.SDK.Tests/LawMatics.SDK.Tests.csproj]
/workspace/LawMatics.SDK.Tests/CustomEmailsClientTests.cs(125,76): error CS1010: Newline in constant [/workspace/LawMatics.SDK.Tests/LawMatics.SDK.Tests.csproj]
/workspace/LawMatics.SDK.Tests/CustomEmailsClientTests.cs(127,44): error CS1002: ; expected [/workspace/LawMatics.SDK.Tests/LawMatics.SDK.Tests.csproj]
/workspace/LawMatics.SDK.Tests/CustomEmailsClientTests.cs(128,13): error CS1022: Type or namespace definition, or end-of-file expected [/workspace/LawMatics.SDK.Tests/LawMatics.SDK.Tests.csproj]
/workspace/LawMatics.SDK.Tests/CustomEmailsClientTests.cs(155,9): error CS1022: Type or namespace definition, or end-of-file expected [/workspace/LawMatics.SDK.Tests/LawMatics.SDK.Tests.csproj]
/workspace/LawMatics.SDK.Tests/CustomEmailsClientTests.cs(158,9): error CS0106: The modifier 'public' is not valid for this item [/workspace/LawMatics.SDK.Tests/LawMatics.SDK.Tests.csproj]
/workspace/LawMatics.SDK.Tests/CustomEmailsClientTests.cs(209,9): error CS0106: The modifier 'public' is not valid for this item [/workspace/LawMatics.SDK.Tests/LawMatics.SDK.Tests.csproj]
/workspace/LawMatics.SDK.Tests/CustomEmailsClientTests.cs(233,9): error CS0106: The modifier 'public' is not valid for this item [/workspace/LawMatics.SDK.Tests/LawMatics.SDK.Tests.csproj]
/workspace/LawMatics.SDK.Tests/CustomEmailsClientTests.cs(237,5): error CS1022: Type or namespace definition, or end-of-file expected [/workspace/LawMatics.SDK.Tests/LawMatics.SDK.Tests.csproj]
/workspace/LawMatics.SDK.Tests/CustomEmailsClientTests.cs(238,1): error CS1022: Type or namespace definition, or end-of-file expected [/workspace/LawMatics.SDK.Tests/LawMatics.SDK.Tests.csproj]
