[xUnit.net 00:00:00.29]     LawMatics.SDK.Tests.TasksClientTests.UpdateTaskAsync_WithValidIdAndRequest_ReturnsUpdatedTask [FAIL]
[xUnit.net 00:00:00.29]       Assert.NotNull() Failure: Value is null
[xUnit.net 00:00:00.29]       Stack Trace:
[xUnit.net 00:00:00.29]         /workspace/LawMatics.SDK.Tests/TasksClientTests.cs(272,0): at LawMatics.SDK.Tests.TasksClientTests.UpdateTaskAsync_WithValidIdAndRequest_ReturnsUpdatedTask()
--
  Error Message:
   Assert.NotNull() Failure: Value is null
  Stack Trace:
     at LawMatics.SDK.Tests.TasksClientTests.UpdateTaskAsync_WithValidIdAndRequest_ReturnsUpdatedTask() in /workspace/LawMatics.SDK.Tests/TasksClientTests.cs:line 272
--
     1>Done Building Project "/workspace/LawMatics.SDK.Tests/LawMatics.SDK.Tests.csproj" (VSTest target(s)) -- FAILED.

Build FAILED.
    0 Warning(s)
    0 Error(s)

Time Elapsed 00:00:01.94
