  Determining projects to restore...
  All projects are up-to-date for restore.
  LawMatics.SDK -> /workspace/LawMatics.SDK/bin/Debug/net9.0/LawMatics.SDK.dll
/workspace/LawMatics.SDK.Tests/Authentication/LawMaticsCredentialsTests.cs(73,21): error CS0111: Type 'LawMaticsCredentialsTests' already defines a member called 'Constructor_WithNullAccessToken_ThrowsArgumentNullException' with the same parameter types [/workspace/LawMatics.SDK.Tests/LawMatics.SDK.Tests.csproj]
/workspace/LawMatics.SDK.Tests/Clients/ContactsClientTests.cs(31,26): error CS0246: The type or namespace name 'ContactsClient' could not be found (are you missing a using directive or an assembly reference?) [/workspace/LawMatics.SDK.Tests/LawMatics.SDK.Tests.csproj]

Build FAILED.

/workspace/LawMatics.SDK.Tests/Authentication/LawMaticsCredentialsTests.cs(73,21): error CS0111: Type 'LawMaticsCredentialsTests' already defines a member called 'Constructor_WithNullAccessToken_ThrowsArgumentNullException' with the same parameter types [/workspace/LawMatics.SDK.Tests/LawMatics.SDK.Tests.csproj]
/workspace/LawMatics.SDK.Tests/Clients/ContactsClientTests.cs(31,26): error CS0246: The type or namespace name 'ContactsClient' could not be found (are you missing a using directive or an assembly reference?) [/workspace/LawMatics.SDK.Tests/LawMatics.SDK.Tests.csproj]
    0 Warning(s)
    2 Error(s)

Time Elapsed 00:00:01.08
