Build started 12/19/2025 19:09:38.
     1>Project "/workspace/LawMatics.SDK.Tests/LawMatics.SDK.Tests.csproj" on node 1 (Restore target(s)).
     1>_GetAllRestoreProjectPathItems:
         Determining projects to restore...
       Restore:
         X.509 certificate chain validation will use the fallback certificate bundle at '/root/.dotnet/sdk/9.0.308/trustedroots/codesignctl.pem'.
         X.509 certificate chain validation will use the fallback certificate bundle at '/root/.dotnet/sdk/9.0.308/trustedroots/timestampctl.pem'.
         Assets file has not changed. Skipping assets file writing. Path: /workspace/LawMatics.SDK.Tests/obj/project.assets.json
         Assets file has not changed. Skipping assets file writing. Path: /workspace/LawMatics.SDK/obj/project.assets.json
         Restored /workspace/LawMatics.SDK/LawMatics.SDK.csproj (in 49 ms).
         Restored /workspace/LawMatics.SDK.Tests/LawMatics.SDK.Tests.csproj (in 52 ms).
         
         NuGet Config files used:
             /root/.nuget/NuGet/NuGet.Config
         
         Feeds used:
             https://api.nuget.org/v3/index.json
         All projects are up-to-date for restore.
     1>Done Building Project "/workspace/LawMatics.SDK.Tests/LawMatics.SDK.Tests.csproj" (Restore target(s)).
   1:7>Project "/workspace/LawMatics.SDK.Tests/LawMatics.SDK.Tests.csproj" on node 1 (VSTest target(s)).
     1>BuildProject:
         Build started, please wait...
   1:7>Project "/workspace/LawMatics.SDK.Tests/LawMatics.SDK.Tests.csproj" (1:7) is building "/workspace/LawMatics.SDK.Tests/LawMatics.SDK.Tests.csproj" (1:8) on node 1 (default targets).
   1:8>Project "/workspace/LawMatics.SDK.Tests/LawMatics.SDK.Tests.csproj" (1:8) is building "/workspace/LawMatics.SDK/LawMatics.SDK.csproj" (2:6) on node 1 (default targets).
     2>GenerateTargetFrameworkMonikerAttribute:
       Skipping target "GenerateTargetFrameworkMonikerAttribute" because all output files are up-to-date with respect to the input files.
       CoreGenerateAssemblyInfo:
       Skipping target "CoreGenerateAssemblyInfo" because all output files are up-to-date with respect to the input files.
       _GenerateSourceLinkFile:
         Source Link is empty, file 'obj/Debug/net9.0/LawMatics.SDK.sourcelink.json' does not exist.
       CoreCompile:
       Skipping target "CoreCompile" because all output files are up-to-date with respect to the input files.
       GenerateBuildDependencyFile:
       Skipping target "GenerateBuildDependencyFile" because all output files are up-to-date with respect to the input files.
       CopyFilesToOutputDirectory:
         LawMatics.SDK -> /workspace/LawMatics.SDK/bin/Debug/net9.0/LawMatics.SDK.dll
     2>Done Building Project "/workspace/LawMatics.SDK/LawMatics.SDK.csproj" (default targets).
     1>GenerateTargetFrameworkMonikerAttribute:
       Skipping target "GenerateTargetFrameworkMonikerAttribute" because all output files are up-to-date with respect to the input files.
       CoreGenerateAssemblyInfo:
       Skipping target "CoreGenerateAssemblyInfo" because all output files are up-to-date with respect to the input files.
       _GenerateSourceLinkFile:
         Source Link is empty, file 'obj/Debug/net9.0/LawMatics.SDK.Tests.sourcelink.json' does not exist.
       CoreCompile:
       Skipping target "CoreCompile" because all output files are up-to-date with respect to the input files.
       _CopyOutOfDateSourceItemsToOutputDirectory:
       Skipping target "_CopyOutOfDateSourceItemsToOutputDirectory" because all output files are up-to-date with respect to the input files.
       GenerateBuildDependencyFile:
       Skipping target "GenerateBuildDependencyFile" because all output files are up-to-date with respect to the input files.
       GenerateBuildRuntimeConfigurationFiles:
       Skipping target "GenerateBuildRuntimeConfigurationFiles" because all output files are up-to-date with respect to the input files.
       CopyFilesToOutputDirectory:
         LawMatics.SDK.Tests -> /workspace/LawMatics.SDK.Tests/bin/Debug/net9.0/LawMatics.SDK.Tests.dll
     1>Done Building Project "/workspace/LawMatics.SDK.Tests/LawMatics.SDK.Tests.csproj" (default targets).
     1>BuildProject:
         Build completed.
         
Test run for /workspace/LawMatics.SDK.Tests/bin/Debug/net9.0/LawMatics.SDK.Tests.dll (.NETCoreApp,Version=v9.0)
VSTest version 17.14.1 (x64)

Starting test execution, please wait...
A total of 1 test files matched the specified pattern.
[xUnit.net 00:00:00.00] xUnit.net VSTest Adapter v2.8.2+699d445a1a (64-bit .NET 9.0.11)
[xUnit.net 00:00:00.06]   Discovering: LawMatics.SDK.Tests
[xUnit.net 00:00:00.09]   Discovered:  LawMatics.SDK.Tests
[xUnit.net 00:00:00.09]   Starting:    LawMatics.SDK.Tests
  Passed LawMatics.SDK.Tests.Configuration.LawMaticsClientOptionsTests.Validate_WithNegativeRetryDelay_ThrowsArgumentException [4 ms]
  Passed LawMatics.SDK.Tests.Configuration.LawMaticsClientOptionsTests.RemoveCustomHeader_WithEmptyName_ReturnsFalse [< 1 ms]
  Passed LawMatics.SDK.Tests.Configuration.LawMaticsClientOptionsTests.Production_ReturnsProductionOptions [3 ms]
  Passed LawMatics.SDK.Tests.Configuration.LawMaticsClientOptionsTests.Validate_WithInvalidAuthorizationUrl_ThrowsArgumentException [< 1 ms]
  Passed LawMatics.SDK.Tests.Configuration.LawMaticsClientOptionsTests.Validate_WithEmptyApiVersion_ThrowsArgumentException [< 1 ms]
  Passed LawMatics.SDK.Tests.Configuration.LawMaticsClientOptionsTests.AddCustomHeader_WithEmptyName_ThrowsArgumentException [< 1 ms]
  Passed LawMatics.SDK.Tests.Configuration.LawMaticsClientOptionsTests.RemoveCustomHeader_WithExistingHeader_RemovesHeader [< 1 ms]
  Passed LawMatics.SDK.Tests.Configuration.LawMaticsClientOptionsTests.GetApiUrl_WithEmptyEndpoint_ThrowsArgumentException [< 1 ms]
  Passed LawMatics.SDK.Tests.Configuration.LawMaticsClientOptionsTests.AddCustomHeader_WithExistingName_OverwritesValue [< 1 ms]
  Passed LawMatics.SDK.Tests.Configuration.LawMaticsClientOptionsTests.AddCustomHeader_WithNullValue_SetsEmptyValue [< 1 ms]
  Passed LawMatics.SDK.Tests.Configuration.LawMaticsClientOptionsTests.GetApiUrl_WithEndpointStartingWithSlash_ReturnsFullUrl [< 1 ms]
  Passed LawMatics.SDK.Tests.Configuration.LawMaticsClientOptionsTests.RemoveCustomHeader_WithNullName_ReturnsFalse [< 1 ms]
  Passed LawMatics.SDK.Tests.Configuration.LawMaticsClientOptionsTests.RemoveCustomHeader_WithNonExistingHeader_ReturnsFalse [< 1 ms]
  Passed LawMatics.SDK.Tests.Configuration.LawMaticsClientOptionsTests.AddCustomHeader_WithNullName_ThrowsArgumentException [< 1 ms]
  Passed LawMatics.SDK.Tests.Configuration.LawMaticsClientOptionsTests.Validate_WithNullApiVersion_ThrowsArgumentException [1 ms]
  Passed LawMatics.SDK.Tests.Configuration.LawMaticsClientOptionsTests.Validate_WithInvalidTokenUrl_ThrowsArgumentException [< 1 ms]
  Passed LawMatics.SDK.Tests.Configuration.LawMaticsClientOptionsTests.Validate_WithNegativeTimeout_ThrowsArgumentException [< 1 ms]
  Passed LawMatics.SDK.Tests.Configuration.LawMaticsClientOptionsTests.Validate_WithDefaultOptions_DoesNotThrow [< 1 ms]
  Passed LawMatics.SDK.Tests.Configuration.LawMaticsClientOptionsTests.AddCustomHeader_WithValidParameters_AddsHeader [2 ms]
  Passed LawMatics.SDK.Tests.Configuration.LawMaticsClientOptionsTests.Validate_WithInvalidBaseUrl_ThrowsArgumentException [< 1 ms]
  Passed LawMatics.SDK.Tests.Configuration.LawMaticsClientOptionsTests.Development_ReturnsDevelopmentOptions [< 1 ms]
  Passed LawMatics.SDK.Tests.Configuration.LawMaticsClientOptionsTests.Validate_WithEmptyBaseUrl_ThrowsArgumentException [< 1 ms]
  Passed LawMatics.SDK.Tests.Configuration.LawMaticsClientOptionsTests.GetApiUrl_WithValidEndpoint_ReturnsFullUrl [< 1 ms]
  Passed LawMatics.SDK.Tests.Configuration.LawMaticsClientOptionsTests.Validate_WithZeroTimeout_ThrowsArgumentException [< 1 ms]
  Passed LawMatics.SDK.Tests.Configuration.LawMaticsClientOptionsTests.GetApiUrl_WithNullEndpoint_ThrowsArgumentException [< 1 ms]
  Passed LawMatics.SDK.Tests.Configuration.LawMaticsClientOptionsTests.Validate_WithNegativeMaxRetryAttempts_ThrowsArgumentException [< 1 ms]
  Passed LawMatics.SDK.Tests.Configuration.LawMaticsClientOptionsTests.Validate_WithNullBaseUrl_ThrowsArgumentException [< 1 ms]
  Passed LawMatics.SDK.Tests.Configuration.LawMaticsClientOptionsTests.Default_ReturnsDefaultOptions [1 ms]
  Passed LawMatics.SDK.Tests.UnitTest1.Test1 [1 ms]
  Passed LawMatics.SDK.Tests.Authentication.LawMaticsCredentialsTests.FromTokenResponse_WithNullTokenResponse_ThrowsArgumentNullException [< 1 ms]
  Passed LawMatics.SDK.Tests.Authentication.LawMaticsCredentialsTests.IsExpired_WithNoExpiration_ReturnsFalse [< 1 ms]
  Passed LawMatics.SDK.Tests.Authentication.LawMaticsCredentialsTests.Constructor_WithNullClientSecret_ThrowsArgumentNullException [< 1 ms]
  Passed LawMatics.SDK.Tests.Authentication.LawMaticsCredentialsTests.Constructor_WithNullAccessToken_ThrowsArgumentNullException [< 1 ms]
  Passed LawMatics.SDK.Tests.Authentication.LawMaticsCredentialsTests.IsExpired_WithExpiredToken_ReturnsTrue [< 1 ms]
  Passed LawMatics.SDK.Tests.Authentication.LawMaticsCredentialsTests.HasRefreshToken_WithEmptyRefreshToken_ReturnsFalse [< 1 ms]
  Passed LawMatics.SDK.Tests.Authentication.LawMaticsCredentialsTests.ConstructorWithFullCredentials_WithNullAccessToken_ThrowsArgumentNullException [< 1 ms]
  Passed LawMatics.SDK.Tests.Authentication.LawMaticsCredentialsTests.FromTokenResponse_WithFullResponse_CreatesCredentials [< 1 ms]
  Passed LawMatics.SDK.Tests.Authentication.LawMaticsCredentialsTests.Constructor_WithAccessToken_SetsAccessToken [< 1 ms]
  Passed LawMatics.SDK.Tests.Authentication.LawMaticsCredentialsTests.IsExpired_WithValidToken_ReturnsFalse [< 1 ms]
  Passed LawMatics.SDK.Tests.Authentication.LawMaticsCredentialsTests.UpdateToken_WithOnlyAccessToken_UpdatesOnlyAccessToken [< 1 ms]
  Passed LawMatics.SDK.Tests.Authentication.LawMaticsCredentialsTests.Constructor_WithNullClientId_ThrowsArgumentNullException [< 1 ms]
  Passed LawMatics.SDK.Tests.Authentication.LawMaticsCredentialsTests.FromTokenResponse_WithNoExpiration_CreatesCredentialsWithoutExpiration [< 1 ms]
  Passed LawMatics.SDK.Tests.Authentication.LawMaticsCredentialsTests.HasRefreshToken_WithNullRefreshToken_ReturnsFalse [< 1 ms]
  Passed LawMatics.SDK.Tests.Authentication.LawMaticsCredentialsTests.UpdateToken_WithEmptyRefreshToken_DoesNotUpdateRefreshToken [< 1 ms]
[xUnit.net 00:00:00.21]     LawMatics.SDK.Tests.LawMaticsClientTests.Constructor_WithNegativeTimeout_ThrowsArgumentException [FAIL]
[xUnit.net 00:00:00.21]       Assert.Throws() Failure: Exception type was not an exact match
[xUnit.net 00:00:00.21]       Expected: typeof(System.ArgumentException)
[xUnit.net 00:00:00.21]       Actual:   typeof(System.ArgumentOutOfRangeException)
[xUnit.net 00:00:00.21]       ---- System.ArgumentOutOfRangeException : value ('-00:00:01') must be greater than '00:00:00'. (Parameter 'value')
[xUnit.net 00:00:00.21]       Actual value was -00:00:01.
[xUnit.net 00:00:00.21]       Stack Trace:
[xUnit.net 00:00:00.21]         /workspace/LawMatics.SDK.Tests/LawMaticsClientTests.cs(96,0): at LawMatics.SDK.Tests.LawMaticsClientTests.Constructor_WithNegativeTimeout_ThrowsArgumentException()
[xUnit.net 00:00:00.21]            at System.RuntimeMethodHandle.InvokeMethod(Object target, Void** arguments, Signature sig, Boolean isConstructor)
[xUnit.net 00:00:00.21]            at System.Reflection.MethodBaseInvoker.InvokeWithNoArgs(Object obj, BindingFlags invokeAttr)
[xUnit.net 00:00:00.21]         ----- Inner Stack Trace -----
[xUnit.net 00:00:00.21]            at System.ArgumentOutOfRangeException.ThrowLessEqual[T](T value, T other, String paramName)
[xUnit.net 00:00:00.21]            at System.ArgumentOutOfRangeException.ThrowIfLessThanOrEqual[T](T value, T other, String paramName)
[xUnit.net 00:00:00.21]            at System.Net.Http.HttpClient.set_Timeout(TimeSpan value)
[xUnit.net 00:00:00.21]         /workspace/LawMatics.SDK/LawMaticsClient.cs(270,0): at LawMatics.SDK.LawMaticsClient.ConfigureHttpClient(HttpClient httpClient)
[xUnit.net 00:00:00.21]         /workspace/LawMatics.SDK/LawMaticsClient.cs(258,0): at LawMatics.SDK.LawMaticsClient.CreateHttpClient()
[xUnit.net 00:00:00.21]         /workspace/LawMatics.SDK/LawMaticsClient.cs(168,0): at LawMatics.SDK.LawMaticsClient..ctor(LawMaticsCredentials credentials, LawMaticsClientOptions options, ILogger logger)
[xUnit.net 00:00:00.21]         /workspace/LawMatics.SDK.Tests/LawMaticsClientTests.cs(96,0): at LawMatics.SDK.Tests.LawMaticsClientTests.<>c__DisplayClass9_0.<Constructor_WithNegativeTimeout_ThrowsArgumentException>b__0()
[xUnit.net 00:00:00.23]     LawMatics.SDK.Tests.LawMaticsClientTests.Constructor_WithInvalidBaseUrl_ThrowsArgumentException [FAIL]
[xUnit.net 00:00:00.23]       Assert.Throws() Failure: Exception type was not an exact match
[xUnit.net 00:00:00.23]       Expected: typeof(System.ArgumentException)
[xUnit.net 00:00:00.23]       Actual:   typeof(System.UriFormatException)
[xUnit.net 00:00:00.23]       ---- System.UriFormatException : Invalid URI: The format of the URI could not be determined.
[xUnit.net 00:00:00.23]       Stack Trace:
[xUnit.net 00:00:00.23]         /workspace/LawMatics.SDK.Tests/LawMaticsClientTests.cs(83,0): at LawMatics.SDK.Tests.LawMaticsClientTests.Constructor_WithInvalidBaseUrl_ThrowsArgumentException()
[xUnit.net 00:00:00.23]            at System.RuntimeMethodHandle.InvokeMethod(Object target, Void** arguments, Signature sig, Boolean isConstructor)
[xUnit.net 00:00:00.23]            at System.Reflection.MethodBaseInvoker.InvokeWithNoArgs(Object obj, BindingFlags invokeAttr)
[xUnit.net 00:00:00.23]         ----- Inner Stack Trace -----
[xUnit.net 00:00:00.23]            at System.Uri.CreateThis(String uri, Boolean dontEscape, UriKind uriKind, UriCreationOptions& creationOptions)
[xUnit.net 00:00:00.23]            at System.Uri..ctor(String uriString)
[xUnit.net 00:00:00.23]         /workspace/LawMatics.SDK/LawMaticsClient.cs(267,0): at LawMatics.SDK.LawMaticsClient.ConfigureHttpClient(HttpClient httpClient)
[xUnit.net 00:00:00.23]         /workspace/LawMatics.SDK/LawMaticsClient.cs(258,0): at LawMatics.SDK.LawMaticsClient.CreateHttpClient()
[xUnit.net 00:00:00.23]         /workspace/LawMatics.SDK/LawMaticsClient.cs(168,0): at LawMatics.SDK.LawMaticsClient..ctor(LawMaticsCredentials credentials, LawMaticsClientOptions options, ILogger logger)
[xUnit.net 00:00:00.23]         /workspace/LawMatics.SDK.Tests/LawMaticsClientTests.cs(83,0): at LawMatics.SDK.Tests.LawMaticsClientTests.<>c__DisplayClass8_0.<Constructor_WithInvalidBaseUrl_ThrowsArgumentException>b__0()
  Passed LawMatics.SDK.Tests.Authentication.LawMaticsCredentialsTests.Constructor_WithFullCredentials_SetsAllProperties [6 ms]
  Passed LawMatics.SDK.Tests.Authentication.LawMaticsCredentialsTests.HasRefreshToken_WithRefreshToken_ReturnsTrue [< 1 ms]
  Passed LawMatics.SDK.Tests.Authentication.LawMaticsCredentialsTests.UpdateToken_WithNullAccessToken_ThrowsArgumentNullException [< 1 ms]
  Passed LawMatics.SDK.Tests.Authentication.LawMaticsCredentialsTests.UpdateToken_WithAllParameters_UpdatesAllTokenProperties [< 1 ms]
  Passed LawMatics.SDK.Tests.Authentication.LawMaticsCredentialsTests.IsExpired_WithTokenExpiringSoon_ReturnsTrue [< 1 ms]
  Failed LawMatics.SDK.Tests.LawMaticsClientTests.Constructor_WithNegativeTimeout_ThrowsArgumentException [76 ms]
  Error Message:
   Assert.Throws() Failure: Exception type was not an exact match
Expected: typeof(System.ArgumentException)
Actual:   typeof(System.ArgumentOutOfRangeException)
---- System.ArgumentOutOfRangeException : value ('-00:00:01') must be greater than '00:00:00'. (Parameter 'value')
Actual value was -00:00:01.
  Stack Trace:
     at LawMatics.SDK.Tests.LawMaticsClientTests.Constructor_WithNegativeTimeout_ThrowsArgumentException() in /workspace/LawMatics.SDK.Tests/LawMaticsClientTests.cs:line 96
   at System.RuntimeMethodHandle.InvokeMethod(Object target, Void** arguments, Signature sig, Boolean isConstructor)
   at System.Reflection.MethodBaseInvoker.InvokeWithNoArgs(Object obj, BindingFlags invokeAttr)
----- Inner Stack Trace -----
   at System.ArgumentOutOfRangeException.ThrowLessEqual[T](T value, T other, String paramName)
   at System.ArgumentOutOfRangeException.ThrowIfLessThanOrEqual[T](T value, T other, String paramName)
   at System.Net.Http.HttpClient.set_Timeout(TimeSpan value)
   at LawMatics.SDK.LawMaticsClient.ConfigureHttpClient(HttpClient httpClient) in /workspace/LawMatics.SDK/LawMaticsClient.cs:line 270
   at LawMatics.SDK.LawMaticsClient.CreateHttpClient() in /workspace/LawMatics.SDK/LawMaticsClient.cs:line 258
   at LawMatics.SDK.LawMaticsClient..ctor(LawMaticsCredentials credentials, LawMaticsClientOptions options, ILogger logger) in /workspace/LawMatics.SDK/LawMaticsClient.cs:line 168
   at LawMatics.SDK.Tests.LawMaticsClientTests.<>c__DisplayClass9_0.<Constructor_WithNegativeTimeout_ThrowsArgumentException>b__0() in /workspace/LawMatics.SDK.Tests/LawMaticsClientTests.cs:line 96
  Passed LawMatics.SDK.Tests.LawMaticsClientTests.Constructor_WithNullCredentials_ThrowsArgumentNullException [< 1 ms]
  Passed LawMatics.SDK.Tests.LawMaticsClientTests.UpdateCredentials_WithNullCredentials_ThrowsArgumentNullException [16 ms]
  Failed LawMatics.SDK.Tests.LawMaticsClientTests.Constructor_WithInvalidBaseUrl_ThrowsArgumentException [< 1 ms]
  Error Message:
   Assert.Throws() Failure: Exception type was not an exact match
Expected: typeof(System.ArgumentException)
Actual:   typeof(System.UriFormatException)
---- System.UriFormatException : Invalid URI: The format of the URI could not be determined.
  Stack Trace:
     at LawMatics.SDK.Tests.LawMaticsClientTests.Constructor_WithInvalidBaseUrl_ThrowsArgumentException() in /workspace/LawMatics.SDK.Tests/LawMaticsClientTests.cs:line 83
   at System.RuntimeMethodHandle.InvokeMethod(Object target, Void** arguments, Signature sig, Boolean isConstructor)
   at System.Reflection.MethodBaseInvoker.InvokeWithNoArgs(Object obj, BindingFlags invokeAttr)
----- Inner Stack Trace -----
   at System.Uri.CreateThis(String uri, Boolean dontEscape, UriKind uriKind, UriCreationOptions& creationOptions)
   at System.Uri..ctor(String uriString)
   at LawMatics.SDK.LawMaticsClient.ConfigureHttpClient(HttpClient httpClient) in /workspace/LawMatics.SDK/LawMaticsClient.cs:line 267
   at LawMatics.SDK.LawMaticsClient.CreateHttpClient() in /workspace/LawMatics.SDK/LawMaticsClient.cs:line 258
   at LawMatics.SDK.LawMaticsClient..ctor(LawMaticsCredentials credentials, LawMaticsClientOptions options, ILogger logger) in /workspace/LawMatics.SDK/LawMaticsClient.cs:line 168
   at LawMatics.SDK.Tests.LawMaticsClientTests.<>c__DisplayClass8_0.<Constructor_WithInvalidBaseUrl_ThrowsArgumentException>b__0() in /workspace/LawMatics.SDK.Tests/LawMaticsClientTests.cs:line 83
[xUnit.net 00:00:00.34]   Finished:    LawMatics.SDK.Tests
  Passed LawMatics.SDK.Tests.LawMaticsClientTests.DeleteAsync_WithValidEndpoint_ReturnsResponse [79 ms]
  Passed LawMatics.SDK.Tests.LawMaticsClientTests.Dispose_CanBeCalledMultipleTimes_DoesNotThrow [< 1 ms]
  Passed LawMatics.SDK.Tests.LawMaticsClientTests.UpdateCredentials_WithValidCredentials_UpdatesCredentials [< 1 ms]
  Passed LawMatics.SDK.Tests.LawMaticsClientTests.Constructor_WithNullOptions_UsesDefaultOptions [< 1 ms]
  Passed LawMatics.SDK.Tests.LawMaticsClientTests.PutAsync_WithValidData_ReturnsResponse [18 ms]
  Passed LawMatics.SDK.Tests.LawMaticsClientTests.Constructor_WithValidParameters_CreatesClient [< 1 ms]
  Passed LawMatics.SDK.Tests.LawMaticsClientTests.Constructor_WithNullLogger_UsesNullLogger [< 1 ms]
  Passed LawMatics.SDK.Tests.LawMaticsClientTests.GetAsync_WithValidEndpoint_ReturnsResponse [3 ms]
  Passed LawMatics.SDK.Tests.LawMaticsClientTests.PostAsync_WithValidData_ReturnsResponse [2 ms]

Test Run Failed.
Total tests: 62
     Passed: 60
     Failed: 2
 Total time: 0.7228 Seconds
       _VSTestConsole:
         MSB4181: The "VSTestTask" task returned false but did not log an error.
     1>Done Building Project "/workspace/LawMatics.SDK.Tests/LawMatics.SDK.Tests.csproj" (VSTest target(s)) -- FAILED.

Build FAILED.
    0 Warning(s)
    0 Error(s)

Time Elapsed 00:00:02.06
