Build started 12/23/2025 03:31:12.
     1>Project "/workspace/LawMatics.SDK.Tests/LawMatics.SDK.Tests.csproj" on node 1 (Restore target(s)).
     1>_GetAllRestoreProjectPathItems:
         Determining projects to restore...
       Restore:
         X.509 certificate chain validation will use the fallback certificate bundle at '/usr/share/dotnet/sdk/8.0.416/trustedroots/codesignctl.pem'.
         X.509 certificate chain validation will use the fallback certificate bundle at '/usr/share/dotnet/sdk/8.0.416/trustedroots/timestampctl.pem'.
         Assets file has not changed. Skipping assets file writing. Path: /workspace/LawMatics.SDK.Tests/obj/project.assets.json
         Assets file has not changed. Skipping assets file writing. Path: /workspace/LawMatics.SDK/obj/project.assets.json
         Restored /workspace/LawMatics.SDK.Tests/LawMatics.SDK.Tests.csproj (in 49 ms).
         Restored /workspace/LawMatics.SDK/LawMatics.SDK.csproj (in 49 ms).
         
         NuGet Config files used:
             /root/.nuget/NuGet/NuGet.Config
         
         Feeds used:
             https://api.nuget.org/v3/index.json
         All projects are up-to-date for restore.
     1>Done Building Project "/workspace/LawMatics.SDK.Tests/LawMatics.SDK.Tests.csproj" (Restore target(s)).
   1:7>Project "/workspace/LawMatics.SDK.Tests/LawMatics.SDK.Tests.csproj" on node 1 (VSTest target(s)).
     1>BuildProject:
         Build started, please wait...
   1:7>Project "/workspace/LawMatics.SDK.Tests/LawMatics.SDK.Tests.csproj" (1:7) is building "/workspace/LawMatics.SDK.Tests/LawMatics.SDK.Tests.csproj" (1:8) on node 1 (default targets).
   1:8>Project "/workspace/LawMatics.SDK.Tests/LawMatics.SDK.Tests.csproj" (1:8) is building "/workspace/LawMatics.SDK/LawMatics.SDK.csproj" (2:6) on node 1 (default targets).
     2>GenerateTargetFrameworkMonikerAttribute:
       Skipping target "GenerateTargetFrameworkMonikerAttribute" because all output files are up-to-date with respect to the input files.
       CoreGenerateAssemblyInfo:
       Skipping target "CoreGenerateAssemblyInfo" because all output files are up-to-date with respect to the input files.
       _GenerateSourceLinkFile:
         Source Link is empty, file 'obj/Debug/net8.0/LawMatics.SDK.sourcelink.json' does not exist.
       CoreCompile:
       Skipping target "CoreCompile" because all output files are up-to-date with respect to the input files.
       GenerateBuildDependencyFile:
       Skipping target "GenerateBuildDependencyFile" because all output files are up-to-date with respect to the input files.
       CopyFilesToOutputDirectory:
         LawMatics.SDK -> /workspace/LawMatics.SDK/bin/Debug/net8.0/LawMatics.SDK.dll
     2>Done Building Project "/workspace/LawMatics.SDK/LawMatics.SDK.csproj" (default targets).
     1>GenerateTargetFrameworkMonikerAttribute:
       Skipping target "GenerateTargetFrameworkMonikerAttribute" because all output files are up-to-date with respect to the input files.
       CoreGenerateAssemblyInfo:
       Skipping target "CoreGenerateAssemblyInfo" because all output files are up-to-date with respect to the input files.
       _GenerateSourceLinkFile:
         Source Link is empty, file 'obj/Debug/net8.0/LawMatics.SDK.Tests.sourcelink.json' does not exist.
       CoreCompile:
       Skipping target "CoreCompile" because all output files are up-to-date with respect to the input files.
       _CopyOutOfDateSourceItemsToOutputDirectory:
       Skipping target "_CopyOutOfDateSourceItemsToOutputDirectory" because all output files are up-to-date with respect to the input files.
       GenerateBuildDependencyFile:
       Skipping target "GenerateBuildDependencyFile" because all output files are up-to-date with respect to the input files.
       GenerateBuildRuntimeConfigurationFiles:
       Skipping target "GenerateBuildRuntimeConfigurationFiles" because all output files are up-to-date with respect to the input files.
       CopyFilesToOutputDirectory:
         LawMatics.SDK.Tests -> /workspace/LawMatics.SDK.Tests/bin/Debug/net8.0/LawMatics.SDK.Tests.dll
     1>Done Building Project "/workspace/LawMatics.SDK.Tests/LawMatics.SDK.Tests.csproj" (default targets).
     1>BuildProject:
         Build completed.
         
Test run for /workspace/LawMatics.SDK.Tests/bin/Debug/net8.0/LawMatics.SDK.Tests.dll (.NETCoreApp,Version=v8.0)
VSTest version 17.11.1 (x64)

Starting test execution, please wait...
A total of 1 test files matched the specified pattern.
[xUnit.net 00:00:00.00] xUnit.net VSTest Adapter v2.8.2+699d445a1a (64-bit .NET 8.0.22)
[xUnit.net 00:00:00.04]   Discovering: LawMatics.SDK.Tests
[xUnit.net 00:00:00.07]   Discovered:  LawMatics.SDK.Tests
[xUnit.net 00:00:00.08]   Starting:    LawMatics.SDK.Tests
[xUnit.net 00:00:00.27]     LawMatics.SDK.Tests.EmailAddressesClientTests.GetEmailAddressAsync_WithValidId_ReturnsEmailAddress [FAIL]
[xUnit.net 00:00:00.27]       Assert.NotNull() Failure: Value is null
[xUnit.net 00:00:00.27]       Stack Trace:
[xUnit.net 00:00:00.28]         /workspace/LawMatics.SDK.Tests/EmailAddressesClientTests.cs(151,0): at LawMatics.SDK.Tests.EmailAddressesClientTests.GetEmailAddressAsync_WithValidId_ReturnsEmailAddress()
[xUnit.net 00:00:00.28]         --- End of stack trace from previous location ---
[xUnit.net 00:00:00.28]   Finished:    LawMatics.SDK.Tests
  Failed LawMatics.SDK.Tests.EmailAddressesClientTests.GetEmailAddressAsync_WithValidId_ReturnsEmailAddress [143 ms]
  Error Message:
   Assert.NotNull() Failure: Value is null
  Stack Trace:
     at LawMatics.SDK.Tests.EmailAddressesClientTests.GetEmailAddressAsync_WithValidId_ReturnsEmailAddress() in /workspace/LawMatics.SDK.Tests/EmailAddressesClientTests.cs:line 151
--- End of stack trace from previous location ---

Test Run Failed.
Total tests: 1
     Failed: 1
 Total time: 0.7407 Seconds
       _VSTestConsole:
         MSB4181: The "VSTestTask" task returned false but did not log an error.
     1>Done Building Project "/workspace/LawMatics.SDK.Tests/LawMatics.SDK.Tests.csproj" (VSTest target(s)) -- FAILED.

Build FAILED.
    0 Warning(s)
    0 Error(s)

Time Elapsed 00:00:01.90
