  Determining projects to restore...
  All projects are up-to-date for restore.
  LawMatics.SDK -> /workspace/LawMatics.SDK/bin/Debug/net9.0/LawMatics.SDK.dll
/workspace/LawMatics.SDK.Tests/TimeEntriesClientTests.cs(60,25): error CS0117: 'TimeEntry' does not contain a definition for 'Duration' [/workspace/LawMatics.SDK.Tests/LawMatics.SDK.Tests.csproj]
/workspace/LawMatics.SDK.Tests/TimeEntriesClientTests.cs(61,25): error CS0117: 'TimeEntry' does not contain a definition for 'StartTime' [/workspace/LawMatics.SDK.Tests/LawMatics.SDK.Tests.csproj]
/workspace/LawMatics.SDK.Tests/TimeEntriesClientTests.cs(62,25): error CS0117: 'TimeEntry' does not contain a definition for 'EndTime' [/workspace/LawMatics.SDK.Tests/LawMatics.SDK.Tests.csproj]
/workspace/LawMatics.SDK.Tests/TimeEntriesClientTests.cs(63,25): error CS0117: 'TimeEntry' does not contain a definition for 'HourlyRate' [/workspace/LawMatics.SDK.Tests/LawMatics.SDK.Tests.csproj]
/workspace/LawMatics.SDK.Tests/TimeEntriesClientTests.cs(66,25): error CS0117: 'TimeEntry' does not contain a definition for 'IsBillable' [/workspace/LawMatics.SDK.Tests/LawMatics.SDK.Tests.csproj]
/workspace/LawMatics.SDK.Tests/TimeEntriesClientTests.cs(72,21): error CS0117: 'PaginationInfo' does not contain a definition for 'Page' [/workspace/LawMatics.SDK.Tests/LawMatics.SDK.Tests.csproj]
/workspace/LawMatics.SDK.Tests/TimeEntriesClientTests.cs(73,21): error CS0117: 'PaginationInfo' does not contain a definition for 'PageSize' [/workspace/LawMatics.SDK.Tests/LawMatics.SDK.Tests.csproj]
/workspace/LawMatics.SDK.Tests/TimeEntriesClientTests.cs(74,21): error CS0117: 'PaginationInfo' does not contain a definition for 'TotalCount' [/workspace/LawMatics.SDK.Tests/LawMatics.SDK.Tests.csproj]
/workspace/LawMatics.SDK.Tests/CommentsClientTests.cs(78,90): warning CS8602: Dereference of a possibly null reference. [/workspace/LawMatics.SDK.Tests/LawMatics.SDK.Tests.csproj]
/workspace/LawMatics.SDK.Tests/TimeEntriesClientTests.cs(116,17): error CS0117: 'TimeEntry' does not contain a definition for 'Duration' [/workspace/LawMatics.SDK.Tests/LawMatics.SDK.Tests.csproj]
/workspace/LawMatics.SDK.Tests/TimeEntriesClientTests.cs(117,17): error CS0117: 'TimeEntry' does not contain a definition for 'StartTime' [/workspace/LawMatics.SDK.Tests/LawMatics.SDK.Tests.csproj]
/workspace/LawMatics.SDK.Tests/TimeEntriesClientTests.cs(118,17): error CS0117: 'TimeEntry' does not contain a definition for 'EndTime' [/workspace/LawMatics.SDK.Tests/LawMatics.SDK.Tests.csproj]
/workspace/LawMatics.SDK.Tests/TimeEntriesClientTests.cs(119,17): error CS0117: 'TimeEntry' does not contain a definition for 'HourlyRate' [/workspace/LawMatics.SDK.Tests/LawMatics.SDK.Tests.csproj]
/workspace/LawMatics.SDK.Tests/TimeEntriesClientTests.cs(122,17): error CS0117: 'TimeEntry' does not contain a definition for 'IsBillable' [/workspace/LawMatics.SDK.Tests/LawMatics.SDK.Tests.csproj]
/workspace/LawMatics.SDK.Tests/TimeEntriesClientTests.cs(150,37): error CS1061: 'TimeEntry' does not contain a definition for 'Duration' and no accessible extension method 'Duration' accepting a first argument of type 'TimeEntry' could be found (are you missing a using directive or an assembly reference?) [/workspace/LawMatics.SDK.Tests/LawMatics.SDK.Tests.csproj]
/workspace/LawMatics.SDK.Tests/AddressesClientTests.cs(58,25): error CS0117: 'Address' does not contain a definition for 'Id' [/workspace/LawMatics.SDK.Tests/LawMatics.SDK.Tests.csproj]
/workspace/LawMatics.SDK.Tests/AddressesClientTests.cs(62,25): error CS0117: 'Address' does not contain a definition for 'ZipCode' [/workspace/LawMatics.SDK.Tests/LawMatics.SDK.Tests.csproj]
/workspace/LawMatics.SDK.Tests/AddressesClientTests.cs(64,25): error CS0117: 'Address' does not contain a definition for 'AddressType' [/workspace/LawMatics.SDK.Tests/LawMatics.SDK.Tests.csproj]
/workspace/LawMatics.SDK.Tests/AddressesClientTests.cs(65,25): error CS0117: 'Address' does not contain a definition for 'IsPrimary' [/workspace/LawMatics.SDK.Tests/LawMatics.SDK.Tests.csproj]
/workspace/LawMatics.SDK.Tests/AddressesClientTests.cs(70,21): error CS0117: 'PaginationInfo' does not contain a definition for 'Page' [/workspace/LawMatics.SDK.Tests/LawMatics.SDK.Tests.csproj]
/workspace/LawMatics.SDK.Tests/AddressesClientTests.cs(71,21): error CS0117: 'PaginationInfo' does not contain a definition for 'PageSize' [/workspace/LawMatics.SDK.Tests/LawMatics.SDK.Tests.csproj]
/workspace/LawMatics.SDK.Tests/AddressesClientTests.cs(72,21): error CS0117: 'PaginationInfo' does not contain a definition for 'TotalCount' [/workspace/LawMatics.SDK.Tests/LawMatics.SDK.Tests.csproj]
/workspace/LawMatics.SDK.Tests/AddressesClientTests.cs(101,44): error CS1061: 'Address' does not contain a definition for 'Id' and no accessible extension method 'Id' accepting a first argument of type 'Address' could be found (are you missing a using directive or an assembly reference?) [/workspace/LawMatics.SDK.Tests/LawMatics.SDK.Tests.csproj]
/workspace/LawMatics.SDK.Tests/CustomContactTypesClientTests.cs(61,25): error CS0117: 'CustomContactType' does not contain a definition for 'Color' [/workspace/LawMatics.SDK.Tests/LawMatics.SDK.Tests.csproj]
/workspace/LawMatics.SDK.Tests/CustomContactTypesClientTests.cs(62,25): error CS0117: 'CustomContactType' does not contain a definition for 'IsActive' [/workspace/LawMatics.SDK.Tests/LawMatics.SDK.Tests.csproj]
/workspace/LawMatics.SDK.Tests/CustomContactTypesClientTests.cs(63,25): error CS0117: 'CustomContactType' does not contain a definition for 'SortOrder' [/workspace/LawMatics.SDK.Tests/LawMatics.SDK.Tests.csproj]
/workspace/LawMatics.SDK.Tests/CustomContactTypesClientTests.cs(69,21): error CS0117: 'PaginationInfo' does not contain a definition for 'Page' [/workspace/LawMatics.SDK.Tests/LawMatics.SDK.Tests.csproj]
/workspace/LawMatics.SDK.Tests/CustomContactTypesClientTests.cs(70,21): error CS0117: 'PaginationInfo' does not contain a definition for 'PageSize' [/workspace/LawMatics.SDK.Tests/LawMatics.SDK.Tests.csproj]
/workspace/LawMatics.SDK.Tests/CustomContactTypesClientTests.cs(71,21): error CS0117: 'PaginationInfo' does not contain a definition for 'TotalCount' [/workspace/LawMatics.SDK.Tests/LawMatics.SDK.Tests.csproj]
/workspace/LawMatics.SDK.Tests/CommentsClientTests.cs(121,90): warning CS8602: Dereference of a possibly null reference. [/workspace/LawMatics.SDK.Tests/LawMatics.SDK.Tests.csproj]
/workspace/LawMatics.SDK.Tests/CustomContactTypesClientTests.cs(114,17): error CS0117: 'CustomContactType' does not contain a definition for 'Color' [/workspace/LawMatics.SDK.Tests/LawMatics.SDK.Tests.csproj]
/workspace/LawMatics.SDK.Tests/CustomContactTypesClientTests.cs(115,17): error CS0117: 'CustomContactType' does not contain a definition for 'IsActive' [/workspace/LawMatics.SDK.Tests/LawMatics.SDK.Tests.csproj]
/workspace/LawMatics.SDK.Tests/CustomContactTypesClientTests.cs(116,17): error CS0117: 'CustomContactType' does not contain a definition for 'SortOrder' [/workspace/LawMatics.SDK.Tests/LawMatics.SDK.Tests.csproj]
/workspace/LawMatics.SDK.Tests/CustomContactTypesClientTests.cs(144,44): error CS1061: 'CustomContactType' does not contain a definition for 'Color' and no accessible extension method 'Color' accepting a first argument of type 'CustomContactType' could be found (are you missing a using directive or an assembly reference?) [/workspace/LawMatics.SDK.Tests/LawMatics.SDK.Tests.csproj]
/workspace/LawMatics.SDK.Tests/AddressesClientTests.cs(112,17): error CS0117: 'Address' does not contain a definition for 'Id' [/workspace/LawMatics.SDK.Tests/LawMatics.SDK.Tests.csproj]
/workspace/LawMatics.SDK.Tests/AddressesClientTests.cs(116,17): error CS0117: 'Address' does not contain a definition for 'ZipCode' [/workspace/LawMatics.SDK.Tests/LawMatics.SDK.Tests.csproj]
/workspace/LawMatics.SDK.Tests/AddressesClientTests.cs(118,17): error CS0117: 'Address' does not contain a definition for 'AddressType' [/workspace/LawMatics.SDK.Tests/LawMatics.SDK.Tests.csproj]
/workspace/LawMatics.SDK.Tests/AddressesClientTests.cs(119,17): error CS0117: 'Address' does not contain a definition for 'IsPrimary' [/workspace/LawMatics.SDK.Tests/LawMatics.SDK.Tests.csproj]
/workspace/LawMatics.SDK.Tests/AddressesClientTests.cs(144,36): error CS1061: 'Address' does not contain a definition for 'Id' and no accessible extension method 'Id' accepting a first argument of type 'Address' could be found (are you missing a using directive or an assembly reference?) [/workspace/LawMatics.SDK.Tests/LawMatics.SDK.Tests.csproj]
/workspace/LawMatics.SDK.Tests/TimeEntriesClientTests.cs(161,17): error CS0117: 'CreateTimeEntryRequest' does not contain a definition for 'Duration' [/workspace/LawMatics.SDK.Tests/LawMatics.SDK.Tests.csproj]
/workspace/LawMatics.SDK.Tests/TimeEntriesClientTests.cs(162,17): error CS0117: 'CreateTimeEntryRequest' does not contain a definition for 'StartTime' [/workspace/LawMatics.SDK.Tests/LawMatics.SDK.Tests.csproj]
/workspace/LawMatics.SDK.Tests/TimeEntriesClientTests.cs(163,17): error CS0117: 'CreateTimeEntryRequest' does not contain a definition for 'EndTime' [/workspace/LawMatics.SDK.Tests/LawMatics.SDK.Tests.csproj]
/workspace/LawMatics.SDK.Tests/TimeEntriesClientTests.cs(164,17): error CS0117: 'CreateTimeEntryRequest' does not contain a definition for 'HourlyRate' [/workspace/LawMatics.SDK.Tests/LawMatics.SDK.Tests.csproj]
/workspace/LawMatics.SDK.Tests/TimeEntriesClientTests.cs(167,17): error CS0117: 'CreateTimeEntryRequest' does not contain a definition for 'IsBillable' [/workspace/LawMatics.SDK.Tests/LawMatics.SDK.Tests.csproj]
/workspace/LawMatics.SDK.Tests/TimeEntriesClientTests.cs(174,17): error CS0117: 'TimeEntry' does not contain a definition for 'Duration' [/workspace/LawMatics.SDK.Tests/LawMatics.SDK.Tests.csproj]
/workspace/LawMatics.SDK.Tests/TimeEntriesClientTests.cs(174,36): error CS1061: 'CreateTimeEntryRequest' does not contain a definition for 'Duration' and no accessible extension method 'Duration' accepting a first argument of type 'CreateTimeEntryRequest' could be found (are you missing a using directive or an assembly reference?) [/workspace/LawMatics.SDK.Tests/LawMatics.SDK.Tests.csproj]
/workspace/LawMatics.SDK.Tests/TimeEntriesClientTests.cs(175,17): error CS0117: 'TimeEntry' does not contain a definition for 'StartTime' [/workspace/LawMatics.SDK.Tests/LawMatics.SDK.Tests.csproj]
/workspace/LawMatics.SDK.Tests/TimeEntriesClientTests.cs(175,37): error CS1061: 'CreateTimeEntryRequest' does not contain a definition for 'StartTime' and no accessible extension method 'StartTime' accepting a first argument of type 'CreateTimeEntryRequest' could be found (are you missing a using directive or an assembly reference?) [/workspace/LawMatics.SDK.Tests/LawMatics.SDK.Tests.csproj]
/workspace/LawMatics.SDK.Tests/TimeEntriesClientTests.cs(176,17): error CS0117: 'TimeEntry' does not contain a definition for 'EndTime' [/workspace/LawMatics.SDK.Tests/LawMatics.SDK.Tests.csproj]
/workspace/LawMatics.SDK.Tests/TimeEntriesClientTests.cs(176,35): error CS1061: 'CreateTimeEntryRequest' does not contain a definition for 'EndTime' and no accessible extension method 'EndTime' accepting a first argument of type 'CreateTimeEntryRequest' could be found (are you missing a using directive or an assembly reference?) [/workspace/LawMatics.SDK.Tests/LawMatics.SDK.Tests.csproj]
/workspace/LawMatics.SDK.Tests/TimeEntriesClientTests.cs(177,17): error CS0117: 'TimeEntry' does not contain a definition for 'HourlyRate' [/workspace/LawMatics.SDK.Tests/LawMatics.SDK.Tests.csproj]
/workspace/LawMatics.SDK.Tests/TimeEntriesClientTests.cs(177,38): error CS1061: 'CreateTimeEntryRequest' does not contain a definition for 'HourlyRate' and no accessible extension method 'HourlyRate' accepting a first argument of type 'CreateTimeEntryRequest' could be found (are you missing a using directive or an assembly reference?) [/workspace/LawMatics.SDK.Tests/LawMatics.SDK.Tests.csproj]
/workspace/LawMatics.SDK.Tests/TimeEntriesClientTests.cs(180,17): error CS0117: 'TimeEntry' does not contain a definition for 'IsBillable' [/workspace/LawMatics.SDK.Tests/LawMatics.SDK.Tests.csproj]
/workspace/LawMatics.SDK.Tests/TimeEntriesClientTests.cs(180,38): error CS1061: 'CreateTimeEntryRequest' does not contain a definition for 'IsBillable' and no accessible extension method 'IsBillable' accepting a first argument of type 'CreateTimeEntryRequest' could be found (are you missing a using directive or an assembly reference?) [/workspace/LawMatics.SDK.Tests/LawMatics.SDK.Tests.csproj]
/workspace/LawMatics.SDK.Tests/TimeEntriesClientTests.cs(208,34): error CS1061: 'CreateTimeEntryRequest' does not contain a definition for 'Duration' and no accessible extension method 'Duration' accepting a first argument of type 'CreateTimeEntryRequest' could be found (are you missing a using directive or an assembly reference?) [/workspace/LawMatics.SDK.Tests/LawMatics.SDK.Tests.csproj]
/workspace/LawMatics.SDK.Tests/TimeEntriesClientTests.cs(208,51): error CS1061: 'TimeEntry' does not contain a definition for 'Duration' and no accessible extension method 'Duration' accepting a first argument of type 'TimeEntry' could be found (are you missing a using directive or an assembly reference?) [/workspace/LawMatics.SDK.Tests/LawMatics.SDK.Tests.csproj]
/workspace/LawMatics.SDK.Tests/CustomContactTypesClientTests.cs(156,17): error CS0117: 'CreateCustomContactTypeRequest' does not contain a definition for 'Color' [/workspace/LawMatics.SDK.Tests/LawMatics.SDK.Tests.csproj]
/workspace/LawMatics.SDK.Tests/CustomContactTypesClientTests.cs(157,17): error CS0117: 'CreateCustomContactTypeRequest' does not contain a definition for 'IsActive' [/workspace/LawMatics.SDK.Tests/LawMatics.SDK.Tests.csproj]
/workspace/LawMatics.SDK.Tests/CustomContactTypesClientTests.cs(158,17): error CS0117: 'CreateCustomContactTypeRequest' does not contain a definition for 'SortOrder' [/workspace/LawMatics.SDK.Tests/LawMatics.SDK.Tests.csproj]
/workspace/LawMatics.SDK.Tests/CustomContactTypesClientTests.cs(166,17): error CS0117: 'CustomContactType' does not contain a definition for 'Color' [/workspace/LawMatics.SDK.Tests/LawMatics.SDK.Tests.csproj]
/workspace/LawMatics.SDK.Tests/CustomContactTypesClientTests.cs(166,33): error CS1061: 'CreateCustomContactTypeRequest' does not contain a definition for 'Color' and no accessible extension method 'Color' accepting a first argument of type 'CreateCustomContactTypeRequest' could be found (are you missing a using directive or an assembly reference?) [/workspace/LawMatics.SDK.Tests/LawMatics.SDK.Tests.csproj]
/workspace/LawMatics.SDK.Tests/CustomContactTypesClientTests.cs(167,17): error CS0117: 'CustomContactType' does not contain a definition for 'IsActive' [/workspace/LawMatics.SDK.Tests/LawMatics.SDK.Tests.csproj]
/workspace/LawMatics.SDK.Tests/CustomContactTypesClientTests.cs(167,36): error CS1061: 'CreateCustomContactTypeRequest' does not contain a definition for 'IsActive' and no accessible extension method 'IsActive' accepting a first argument of type 'CreateCustomContactTypeRequest' could be found (are you missing a using directive or an assembly reference?) [/workspace/LawMatics.SDK.Tests/LawMatics.SDK.Tests.csproj]
/workspace/LawMatics.SDK.Tests/CustomContactTypesClientTests.cs(168,17): error CS0117: 'CustomContactType' does not contain a definition for 'SortOrder' [/workspace/LawMatics.SDK.Tests/LawMatics.SDK.Tests.csproj]
/workspace/LawMatics.SDK.Tests/CustomContactTypesClientTests.cs(168,37): error CS1061: 'CreateCustomContactTypeRequest' does not contain a definition for 'SortOrder' and no accessible extension method 'SortOrder' accepting a first argument of type 'CreateCustomContactTypeRequest' could be found (are you missing a using directive or an assembly reference?) [/workspace/LawMatics.SDK.Tests/LawMatics.SDK.Tests.csproj]
/workspace/LawMatics.SDK.Tests/TimeEntriesClientTests.cs(219,17): error CS0117: 'UpdateTimeEntryRequest' does not contain a definition for 'Duration' [/workspace/LawMatics.SDK.Tests/LawMatics.SDK.Tests.csproj]
/workspace/LawMatics.SDK.Tests/TimeEntriesClientTests.cs(220,17): error CS0117: 'UpdateTimeEntryRequest' does not contain a definition for 'HourlyRate' [/workspace/LawMatics.SDK.Tests/LawMatics.SDK.Tests.csproj]
/workspace/LawMatics.SDK.Tests/TimeEntriesClientTests.cs(221,17): error CS0117: 'UpdateTimeEntryRequest' does not contain a definition for 'IsBillable' [/workspace/LawMatics.SDK.Tests/LawMatics.SDK.Tests.csproj]
/workspace/LawMatics.SDK.Tests/TimeEntriesClientTests.cs(228,17): error CS0117: 'TimeEntry' does not contain a definition for 'Duration' [/workspace/LawMatics.SDK.Tests/LawMatics.SDK.Tests.csproj]
/workspace/LawMatics.SDK.Tests/TimeEntriesClientTests.cs(228,36): error CS1061: 'UpdateTimeEntryRequest' does not contain a definition for 'Duration' and no accessible extension method 'Duration' accepting a first argument of type 'UpdateTimeEntryRequest' could be found (are you missing a using directive or an assembly reference?) [/workspace/LawMatics.SDK.Tests/LawMatics.SDK.Tests.csproj]
/workspace/LawMatics.SDK.Tests/TimeEntriesClientTests.cs(229,17): error CS0117: 'TimeEntry' does not contain a definition for 'StartTime' [/workspace/LawMatics.SDK.Tests/LawMatics.SDK.Tests.csproj]
/workspace/LawMatics.SDK.Tests/TimeEntriesClientTests.cs(230,17): error CS0117: 'TimeEntry' does not contain a definition for 'EndTime' [/workspace/LawMatics.SDK.Tests/LawMatics.SDK.Tests.csproj]
/workspace/LawMatics.SDK.Tests/TimeEntriesClientTests.cs(231,17): error CS0117: 'TimeEntry' does not contain a definition for 'HourlyRate' [/workspace/LawMatics.SDK.Tests/LawMatics.SDK.Tests.csproj]
/workspace/LawMatics.SDK.Tests/TimeEntriesClientTests.cs(231,38): error CS1061: 'UpdateTimeEntryRequest' does not contain a definition for 'HourlyRate' and no accessible extension method 'HourlyRate' accepting a first argument of type 'UpdateTimeEntryRequest' could be found (are you missing a using directive or an assembly reference?) [/workspace/LawMatics.SDK.Tests/LawMatics.SDK.Tests.csproj]
/workspace/LawMatics.SDK.Tests/TimeEntriesClientTests.cs(234,17): error CS0117: 'TimeEntry' does not contain a definition for 'IsBillable' [/workspace/LawMatics.SDK.Tests/LawMatics.SDK.Tests.csproj]
/workspace/LawMatics.SDK.Tests/TimeEntriesClientTests.cs(234,38): error CS1061: 'UpdateTimeEntryRequest' does not contain a definition for 'IsBillable' and no accessible extension method 'IsBillable' accepting a first argument of type 'UpdateTimeEntryRequest' could be found (are you missing a using directive or an assembly reference?) [/workspace/LawMatics.SDK.Tests/LawMatics.SDK.Tests.csproj]
/workspace/LawMatics.SDK.Tests/TimeEntriesClientTests.cs(263,34): error CS1061: 'UpdateTimeEntryRequest' does not contain a definition for 'Duration' and no accessible extension method 'Duration' accepting a first argument of type 'UpdateTimeEntryRequest' could be found (are you missing a using directive or an assembly reference?) [/workspace/LawMatics.SDK.Tests/LawMatics.SDK.Tests.csproj]
/workspace/LawMatics.SDK.Tests/TimeEntriesClientTests.cs(263,51): error CS1061: 'TimeEntry' does not contain a definition for 'Duration' and no accessible extension method 'Duration' accepting a first argument of type 'TimeEntry' could be found (are you missing a using directive or an assembly reference?) [/workspace/LawMatics.SDK.Tests/LawMatics.SDK.Tests.csproj]
/workspace/LawMatics.SDK.Tests/CustomContactTypesClientTests.cs(208,17): error CS0117: 'UpdateCustomContactTypeRequest' does not contain a definition for 'Color' [/workspace/LawMatics.SDK.Tests/LawMatics.SDK.Tests.csproj]
/workspace/LawMatics.SDK.Tests/CustomContactTypesClientTests.cs(209,17): error CS0117: 'UpdateCustomContactTypeRequest' does not contain a definition for 'SortOrder' [/workspace/LawMatics.SDK.Tests/LawMatics.SDK.Tests.csproj]
/workspace/LawMatics.SDK.Tests/CustomContactTypesClientTests.cs(217,17): error CS0117: 'CustomContactType' does not contain a definition for 'Color' [/workspace/LawMatics.SDK.Tests/LawMatics.SDK.Tests.csproj]
/workspace/LawMatics.SDK.Tests/CustomContactTypesClientTests.cs(217,33): error CS1061: 'UpdateCustomContactTypeRequest' does not contain a definition for 'Color' and no accessible extension method 'Color' accepting a first argument of type 'UpdateCustomContactTypeRequest' could be found (are you missing a using directive or an assembly reference?) [/workspace/LawMatics.SDK.Tests/LawMatics.SDK.Tests.csproj]
/workspace/LawMatics.SDK.Tests/CustomContactTypesClientTests.cs(218,17): error CS0117: 'CustomContactType' does not contain a definition for 'IsActive' [/workspace/LawMatics.SDK.Tests/LawMatics.SDK.Tests.csproj]
/workspace/LawMatics.SDK.Tests/CustomContactTypesClientTests.cs(219,17): error CS0117: 'CustomContactType' does not contain a definition for 'SortOrder' [/workspace/LawMatics.SDK.Tests/LawMatics.SDK.Tests.csproj]
/workspace/LawMatics.SDK.Tests/CustomContactTypesClientTests.cs(219,37): error CS1061: 'UpdateCustomContactTypeRequest' does not contain a definition for 'SortOrder' and no accessible extension method 'SortOrder' accepting a first argument of type 'UpdateCustomContactTypeRequest' could be found (are you missing a using directive or an assembly reference?) [/workspace/LawMatics.SDK.Tests/LawMatics.SDK.Tests.csproj]
/workspace/LawMatics.SDK.Tests/CustomContactTypesClientTests.cs(248,34): error CS1061: 'UpdateCustomContactTypeRequest' does not contain a definition for 'Color' and no accessible extension method 'Color' accepting a first argument of type 'UpdateCustomContactTypeRequest' could be found (are you missing a using directive or an assembly reference?) [/workspace/LawMatics.SDK.Tests/LawMatics.SDK.Tests.csproj]
/workspace/LawMatics.SDK.Tests/CustomContactTypesClientTests.cs(248,48): error CS1061: 'CustomContactType' does not contain a definition for 'Color' and no accessible extension method 'Color' accepting a first argument of type 'CustomContactType' could be found (are you missing a using directive or an assembly reference?) [/workspace/LawMatics.SDK.Tests/LawMatics.SDK.Tests.csproj]
/workspace/LawMatics.SDK.Tests/AddressesClientTests.cs(158,17): error CS0117: 'CreateAddressRequest' does not contain a definition for 'ZipCode' [/workspace/LawMatics.SDK.Tests/LawMatics.SDK.Tests.csproj]
/workspace/LawMatics.SDK.Tests/AddressesClientTests.cs(165,17): error CS0117: 'Address' does not contain a definition for 'Id' [/workspace/LawMatics.SDK.Tests/LawMatics.SDK.Tests.csproj]
/workspace/LawMatics.SDK.Tests/AddressesClientTests.cs(169,17): error CS0117: 'Address' does not contain a definition for 'ZipCode' [/workspace/LawMatics.SDK.Tests/LawMatics.SDK.Tests.csproj]
/workspace/LawMatics.SDK.Tests/AddressesClientTests.cs(169,35): error CS1061: 'CreateAddressRequest' does not contain a definition for 'ZipCode' and no accessible extension method 'ZipCode' accepting a first argument of type 'CreateAddressRequest' could be found (are you missing a using directive or an assembly reference?) [/workspace/LawMatics.SDK.Tests/LawMatics.SDK.Tests.csproj]
/workspace/LawMatics.SDK.Tests/AddressesClientTests.cs(171,17): error CS0117: 'Address' does not contain a definition for 'AddressType' [/workspace/LawMatics.SDK.Tests/LawMatics.SDK.Tests.csproj]
/workspace/LawMatics.SDK.Tests/AddressesClientTests.cs(172,17): error CS0117: 'Address' does not contain a definition for 'IsPrimary' [/workspace/LawMatics.SDK.Tests/LawMatics.SDK.Tests.csproj]
/workspace/LawMatics.SDK.Tests/AddressesClientTests.cs(197,36): error CS1061: 'Address' does not contain a definition for 'Id' and no accessible extension method 'Id' accepting a first argument of type 'Address' could be found (are you missing a using directive or an assembly reference?) [/workspace/LawMatics.SDK.Tests/LawMatics.SDK.Tests.csproj]
/workspace/LawMatics.SDK.Tests/CommentsClientTests.cs(170,91): warning CS8602: Dereference of a possibly null reference. [/workspace/LawMatics.SDK.Tests/LawMatics.SDK.Tests.csproj]
/workspace/LawMatics.SDK.Tests/AddressesClientTests.cs(215,17): error CS0117: 'Address' does not contain a definition for 'Id' [/workspace/LawMatics.SDK.Tests/LawMatics.SDK.Tests.csproj]
/workspace/LawMatics.SDK.Tests/AddressesClientTests.cs(219,17): error CS0117: 'Address' does not contain a definition for 'ZipCode' [/workspace/LawMatics.SDK.Tests/LawMatics.SDK.Tests.csproj]
/workspace/LawMatics.SDK.Tests/AddressesClientTests.cs(221,17): error CS0117: 'Address' does not contain a definition for 'AddressType' [/workspace/LawMatics.SDK.Tests/LawMatics.SDK.Tests.csproj]
/workspace/LawMatics.SDK.Tests/AddressesClientTests.cs(222,17): error CS0117: 'Address' does not contain a definition for 'IsPrimary' [/workspace/LawMatics.SDK.Tests/LawMatics.SDK.Tests.csproj]
/workspace/LawMatics.SDK.Tests/AddressesClientTests.cs(247,36): error CS1061: 'Address' does not contain a definition for 'Id' and no accessible extension method 'Id' accepting a first argument of type 'Address' could be found (are you missing a using directive or an assembly reference?) [/workspace/LawMatics.SDK.Tests/LawMatics.SDK.Tests.csproj]
/workspace/LawMatics.SDK.Tests/CustomContactTypesClientTests.cs(287,21): error CS0117: 'CustomContactType' does not contain a definition for 'IsActive' [/workspace/LawMatics.SDK.Tests/LawMatics.SDK.Tests.csproj]
/workspace/LawMatics.SDK.Tests/CustomContactTypesClientTests.cs(314,27): error CS1503: Argument 1: cannot convert from 'LawMatics.SDK.Models.PagedResponse<LawMatics.SDK.Models.CustomContactType>' to 'System.Collections.IEnumerable' [/workspace/LawMatics.SDK.Tests/LawMatics.SDK.Tests.csproj]
/workspace/LawMatics.SDK.Tests/CustomContactTypesClientTests.cs(315,25): error CS0021: Cannot apply indexing with [] to an expression of type 'PagedResponse<CustomContactType>' [/workspace/LawMatics.SDK.Tests/LawMatics.SDK.Tests.csproj]
/workspace/LawMatics.SDK.Tests/CustomContactTypesClientTests.cs(316,41): error CS0021: Cannot apply indexing with [] to an expression of type 'PagedResponse<CustomContactType>' [/workspace/LawMatics.SDK.Tests/LawMatics.SDK.Tests.csproj]
/workspace/LawMatics.SDK.Tests/CommentsClientTests.cs(202,93): warning CS8602: Dereference of a possibly null reference. [/workspace/LawMatics.SDK.Tests/LawMatics.SDK.Tests.csproj]
/workspace/LawMatics.SDK.Tests/TimeEntriesClientTests.cs(302,21): error CS0117: 'TimeEntry' does not contain a definition for 'Duration' [/workspace/LawMatics.SDK.Tests/LawMatics.SDK.Tests.csproj]
/workspace/LawMatics.SDK.Tests/TimeEntriesClientTests.cs(310,21): error CS0117: 'TimeEntry' does not contain a definition for 'Duration' [/workspace/LawMatics.SDK.Tests/LawMatics.SDK.Tests.csproj]
/workspace/LawMatics.SDK.Tests/TimeEntriesClientTests.cs(338,36): error CS1061: 'PagedResponse<TimeEntry>' does not contain a definition for 'Count' and no accessible extension method 'Count' accepting a first argument of type 'PagedResponse<TimeEntry>' could be found (are you missing a using directive or an assembly reference?) [/workspace/LawMatics.SDK.Tests/LawMatics.SDK.Tests.csproj]
/workspace/LawMatics.SDK.Tests/TimeEntriesClientTests.cs(339,20): error CS0411: The type arguments for method 'Assert.All<T>(IAsyncEnumerable<T>, Action<T>)' cannot be inferred from the usage. Try specifying the type arguments explicitly. [/workspace/LawMatics.SDK.Tests/LawMatics.SDK.Tests.csproj]
/workspace/LawMatics.SDK.Tests/CommentsClientTests.cs(231,91): warning CS8602: Dereference of a possibly null reference. [/workspace/LawMatics.SDK.Tests/LawMatics.SDK.Tests.csproj]
/workspace/LawMatics.SDK.Tests/CustomEmailsClientTests.cs(68,21): error CS0117: 'PaginationInfo' does not contain a definition for 'Page' [/workspace/LawMatics.SDK.Tests/LawMatics.SDK.Tests.csproj]
/workspace/LawMatics.SDK.Tests/CustomEmailsClientTests.cs(69,21): error CS0117: 'PaginationInfo' does not contain a definition for 'PageSize' [/workspace/LawMatics.SDK.Tests/LawMatics.SDK.Tests.csproj]
/workspace/LawMatics.SDK.Tests/CustomEmailsClientTests.cs(70,21): error CS0117: 'PaginationInfo' does not contain a definition for 'TotalCount' [/workspace/LawMatics.SDK.Tests/LawMatics.SDK.Tests.csproj]
/workspace/LawMatics.SDK.Tests/CustomContactTypesClientTests.cs(324,36): error CS0246: The type or namespace name 'ReorderCustomContactTypesRequest' could not be found (are you missing a using directive or an assembly reference?) [/workspace/LawMatics.SDK.Tests/LawMatics.SDK.Tests.csproj]
/workspace/LawMatics.SDK.Tests/CustomContactTypesClientTests.cs(326,46): error CS0246: The type or namespace name 'ContactTypeOrder' could not be found (are you missing a using directive or an assembly reference?) [/workspace/LawMatics.SDK.Tests/LawMatics.SDK.Tests.csproj]
/workspace/LawMatics.SDK.Tests/CustomContactTypesClientTests.cs(328,25): error CS0246: The type or namespace name 'ContactTypeOrder' could not be found (are you missing a using directive or an assembly reference?) [/workspace/LawMatics.SDK.Tests/LawMatics.SDK.Tests.csproj]
/workspace/LawMatics.SDK.Tests/CustomContactTypesClientTests.cs(329,25): error CS0246: The type or namespace name 'ContactTypeOrder' could not be found (are you missing a using directive or an assembly reference?) [/workspace/LawMatics.SDK.Tests/LawMatics.SDK.Tests.csproj]
/workspace/LawMatics.SDK.Tests/CustomContactTypesClientTests.cs(347,26): error CS1061: 'CustomContactTypesClient' does not contain a definition for 'ReorderCustomContactTypesAsync' and no accessible extension method 'ReorderCustomContactTypesAsync' accepting a first argument of type 'CustomContactTypesClient' could be found (are you missing a using directive or an assembly reference?) [/workspace/LawMatics.SDK.Tests/LawMatics.SDK.Tests.csproj]
/workspace/LawMatics.SDK.Tests/AddressesClientTests.cs(282,31): error CS0246: The type or namespace name 'AddressValidationRequest' could not be found (are you missing a using directive or an assembly reference?) [/workspace/LawMatics.SDK.Tests/LawMatics.SDK.Tests.csproj]
/workspace/LawMatics.SDK.Tests/AddressesClientTests.cs(300,21): error CS0117: 'Address' does not contain a definition for 'ZipCode' [/workspace/LawMatics.SDK.Tests/LawMatics.SDK.Tests.csproj]
/workspace/LawMatics.SDK.Tests/EmailAddressesClientTests.cs(60,25): error CS0117: 'EmailAddress' does not contain a definition for 'EmailType' [/workspace/LawMatics.SDK.Tests/LawMatics.SDK.Tests.csproj]
/workspace/LawMatics.SDK.Tests/EmailAddressesClientTests.cs(62,25): error CS0117: 'EmailAddress' does not contain a definition for 'IsVerified' [/workspace/LawMatics.SDK.Tests/LawMatics.SDK.Tests.csproj]
/workspace/LawMatics.SDK.Tests/EmailAddressesClientTests.cs(63,25): error CS0117: 'EmailAddress' does not contain a definition for 'ContactId' [/workspace/LawMatics.SDK.Tests/LawMatics.SDK.Tests.csproj]
/workspace/LawMatics.SDK.Tests/EmailAddressesClientTests.cs(69,21): error CS0117: 'PaginationInfo' does not contain a definition for 'Page' [/workspace/LawMatics.SDK.Tests/LawMatics.SDK.Tests.csproj]
/workspace/LawMatics.SDK.Tests/EmailAddressesClientTests.cs(70,21): error CS0117: 'PaginationInfo' does not contain a definition for 'PageSize' [/workspace/LawMatics.SDK.Tests/LawMatics.SDK.Tests.csproj]
/workspace/LawMatics.SDK.Tests/EmailAddressesClientTests.cs(71,21): error CS0117: 'PaginationInfo' does not contain a definition for 'TotalCount' [/workspace/LawMatics.SDK.Tests/LawMatics.SDK.Tests.csproj]
/workspace/LawMatics.SDK.Tests/EmailCampaignStatsClientTests.cs(54,17): error CS0117: 'EmailCampaignStats' does not contain a definition for 'CampaignId' [/workspace/LawMatics.SDK.Tests/LawMatics.SDK.Tests.csproj]
/workspace/LawMatics.SDK.Tests/EmailCampaignStatsClientTests.cs(55,17): error CS0117: 'EmailCampaignStats' does not contain a definition for 'CampaignName' [/workspace/LawMatics.SDK.Tests/LawMatics.SDK.Tests.csproj]
/workspace/LawMatics.SDK.Tests/EmailCampaignStatsClientTests.cs(56,17): error CS0117: 'EmailCampaignStats' does not contain a definition for 'TotalSent' [/workspace/LawMatics.SDK.Tests/LawMatics.SDK.Tests.csproj]
/workspace/LawMatics.SDK.Tests/EmailCampaignStatsClientTests.cs(57,17): error CS0117: 'EmailCampaignStats' does not contain a definition for 'TotalDelivered' [/workspace/LawMatics.SDK.Tests/LawMatics.SDK.Tests.csproj]
/workspace/LawMatics.SDK.Tests/EmailCampaignStatsClientTests.cs(58,17): error CS0117: 'EmailCampaignStats' does not contain a definition for 'TotalOpened' [/workspace/LawMatics.SDK.Tests/LawMatics.SDK.Tests.csproj]
/workspace/LawMatics.SDK.Tests/EmailCampaignStatsClientTests.cs(59,17): error CS0117: 'EmailCampaignStats' does not contain a definition for 'TotalClicked' [/workspace/LawMatics.SDK.Tests/LawMatics.SDK.Tests.csproj]
/workspace/LawMatics.SDK.Tests/EmailCampaignStatsClientTests.cs(60,17): error CS0117: 'EmailCampaignStats' does not contain a definition for 'TotalBounced' [/workspace/LawMatics.SDK.Tests/LawMatics.SDK.Tests.csproj]
/workspace/LawMatics.SDK.Tests/EmailCampaignStatsClientTests.cs(61,17): error CS0117: 'EmailCampaignStats' does not contain a definition for 'TotalUnsubscribed' [/workspace/LawMatics.SDK.Tests/LawMatics.SDK.Tests.csproj]
/workspace/LawMatics.SDK.Tests/EmailCampaignStatsClientTests.cs(62,28): error CS0664: Literal of type double cannot be implicitly converted to type 'decimal'; use an 'M' suffix to create a literal of this type [/workspace/LawMatics.SDK.Tests/LawMatics.SDK.Tests.csproj]
/workspace/LawMatics.SDK.Tests/EmailCampaignStatsClientTests.cs(63,29): error CS0664: Literal of type double cannot be implicitly converted to type 'decimal'; use an 'M' suffix to create a literal of this type [/workspace/LawMatics.SDK.Tests/LawMatics.SDK.Tests.csproj]
/workspace/LawMatics.SDK.Tests/EmailCampaignStatsClientTests.cs(64,17): error CS0117: 'EmailCampaignStats' does not contain a definition for 'BounceRate' [/workspace/LawMatics.SDK.Tests/LawMatics.SDK.Tests.csproj]
/workspace/LawMatics.SDK.Tests/EmailCampaignStatsClientTests.cs(65,17): error CS0117: 'EmailCampaignStats' does not contain a definition for 'UnsubscribeRate' [/workspace/LawMatics.SDK.Tests/LawMatics.SDK.Tests.csproj]
/workspace/LawMatics.SDK.Tests/EmailCampaignStatsClientTests.cs(66,17): error CS0117: 'EmailCampaignStats' does not contain a definition for 'SentAt' [/workspace/LawMatics.SDK.Tests/LawMatics.SDK.Tests.csproj]
/workspace/LawMatics.SDK.Tests/EmailCampaignStatsClientTests.cs(67,17): error CS0117: 'EmailCampaignStats' does not contain a definition for 'LastActivityAt' [/workspace/LawMatics.SDK.Tests/LawMatics.SDK.Tests.csproj]
/workspace/LawMatics.SDK.Tests/EmailCampaignStatsClientTests.cs(68,17): error CS0117: 'EmailCampaignStats' does not contain a definition for 'StatsGeneratedAt' [/workspace/LawMatics.SDK.Tests/LawMatics.SDK.Tests.csproj]
/workspace/LawMatics.SDK.Tests/EmailCampaignStatsClientTests.cs(89,39): error CS1061: 'EmailCampaignStatsClient' does not contain a definition for 'GetEmailCampaignStatsAsync' and no accessible extension method 'GetEmailCampaignStatsAsync' accepting a first argument of type 'EmailCampaignStatsClient' could be found (are you missing a using directive or an assembly reference?) [/workspace/LawMatics.SDK.Tests/LawMatics.SDK.Tests.csproj]
/workspace/LawMatics.SDK.Tests/TimeEntriesClientTests.cs(353,21): error CS0117: 'TimeEntry' does not contain a definition for 'Duration' [/workspace/LawMatics.SDK.Tests/LawMatics.SDK.Tests.csproj]
/workspace/LawMatics.SDK.Tests/TimeEntriesClientTests.cs(381,27): error CS1503: Argument 1: cannot convert from 'LawMatics.SDK.Models.PagedResponse<LawMatics.SDK.Models.TimeEntry>' to 'System.Collections.IEnumerable' [/workspace/LawMatics.SDK.Tests/LawMatics.SDK.Tests.csproj]
/workspace/LawMatics.SDK.Tests/TimeEntriesClientTests.cs(382,20): error CS0411: The type arguments for method 'Assert.All<T>(IAsyncEnumerable<T>, Action<T>)' cannot be inferred from the usage. Try specifying the type arguments explicitly. [/workspace/LawMatics.SDK.Tests/LawMatics.SDK.Tests.csproj]
/workspace/LawMatics.SDK.Tests/EventLocationsClientTests.cs(61,25): error CS0117: 'EventLocation' does not contain a definition for 'City' [/workspace/LawMatics.SDK.Tests/LawMatics.SDK.Tests.csproj]
/workspace/LawMatics.SDK.Tests/EventLocationsClientTests.cs(62,25): error CS0117: 'EventLocation' does not contain a definition for 'State' [/workspace/LawMatics.SDK.Tests/LawMatics.SDK.Tests.csproj]
/workspace/LawMatics.SDK.Tests/EventLocationsClientTests.cs(64,25): error CS0117: 'EventLocation' does not contain a definition for 'Equipment' [/workspace/LawMatics.SDK.Tests/LawMatics.SDK.Tests.csproj]
/workspace/LawMatics.SDK.Tests/EventLocationsClientTests.cs(65,25): error CS0117: 'EventLocation' does not contain a definition for 'IsActive' [/workspace/LawMatics.SDK.Tests/LawMatics.SDK.Tests.csproj]
/workspace/LawMatics.SDK.Tests/EventLocationsClientTests.cs(71,21): error CS0117: 'PaginationInfo' does not contain a definition for 'Page' [/workspace/LawMatics.SDK.Tests/LawMatics.SDK.Tests.csproj]
/workspace/LawMatics.SDK.Tests/EventLocationsClientTests.cs(72,21): error CS0117: 'PaginationInfo' does not contain a definition for 'PageSize' [/workspace/LawMatics.SDK.Tests/LawMatics.SDK.Tests.csproj]
/workspace/LawMatics.SDK.Tests/EventLocationsClientTests.cs(73,21): error CS0117: 'PaginationInfo' does not contain a definition for 'TotalCount' [/workspace/LawMatics.SDK.Tests/LawMatics.SDK.Tests.csproj]
/workspace/LawMatics.SDK.Tests/EventTypesClientTests.cs(61,25): error CS0117: 'EventType' does not contain a definition for 'Duration' [/workspace/LawMatics.SDK.Tests/LawMatics.SDK.Tests.csproj]
/workspace/LawMatics.SDK.Tests/EventTypesClientTests.cs(63,25): error CS0117: 'EventType' does not contain a definition for 'IsActive' [/workspace/LawMatics.SDK.Tests/LawMatics.SDK.Tests.csproj]
/workspace/LawMatics.SDK.Tests/EventTypesClientTests.cs(64,25): error CS0117: 'EventType' does not contain a definition for 'RequiresLocation' [/workspace/LawMatics.SDK.Tests/LawMatics.SDK.Tests.csproj]
/workspace/LawMatics.SDK.Tests/EventTypesClientTests.cs(70,21): error CS0117: 'PaginationInfo' does not contain a definition for 'Page' [/workspace/LawMatics.SDK.Tests/LawMatics.SDK.Tests.csproj]
/workspace/LawMatics.SDK.Tests/EventTypesClientTests.cs(71,21): error CS0117: 'PaginationInfo' does not contain a definition for 'PageSize' [/workspace/LawMatics.SDK.Tests/LawMatics.SDK.Tests.csproj]
/workspace/LawMatics.SDK.Tests/EventTypesClientTests.cs(72,21): error CS0117: 'PaginationInfo' does not contain a definition for 'TotalCount' [/workspace/LawMatics.SDK.Tests/LawMatics.SDK.Tests.csproj]
/workspace/LawMatics.SDK.Tests/TimeEntriesClientTests.cs(399,21): error CS0117: 'TimeEntry' does not contain a definition for 'Duration' [/workspace/LawMatics.SDK.Tests/LawMatics.SDK.Tests.csproj]
/workspace/LawMatics.SDK.Tests/TimeEntriesClientTests.cs(400,21): error CS0117: 'TimeEntry' does not contain a definition for 'StartTime' [/workspace/LawMatics.SDK.Tests/LawMatics.SDK.Tests.csproj]
/workspace/LawMatics.SDK.Tests/TimeEntriesClientTests.cs(427,27): error CS1503: Argument 1: cannot convert from 'LawMatics.SDK.Models.PagedResponse<LawMatics.SDK.Models.TimeEntry>' to 'System.Collections.IEnumerable' [/workspace/LawMatics.SDK.Tests/LawMatics.SDK.Tests.csproj]
/workspace/LawMatics.SDK.Tests/TimeEntriesClientTests.cs(428,20): error CS0411: The type arguments for method 'Assert.All<T>(IAsyncEnumerable<T>, Action<T>)' cannot be inferred from the usage. Try specifying the type arguments explicitly. [/workspace/LawMatics.SDK.Tests/LawMatics.SDK.Tests.csproj]
/workspace/LawMatics.SDK.Tests/EmailAddressesClientTests.cs(113,17): error CS0117: 'EmailAddress' does not contain a definition for 'EmailType' [/workspace/LawMatics.SDK.Tests/LawMatics.SDK.Tests.csproj]
/workspace/LawMatics.SDK.Tests/EmailAddressesClientTests.cs(115,17): error CS0117: 'EmailAddress' does not contain a definition for 'IsVerified' [/workspace/LawMatics.SDK.Tests/LawMatics.SDK.Tests.csproj]
/workspace/LawMatics.SDK.Tests/EmailAddressesClientTests.cs(116,17): error CS0117: 'EmailAddress' does not contain a definition for 'ContactId' [/workspace/LawMatics.SDK.Tests/LawMatics.SDK.Tests.csproj]
/workspace/LawMatics.SDK.Tests/EventTypesClientTests.cs(115,17): error CS0117: 'EventType' does not contain a definition for 'Duration' [/workspace/LawMatics.SDK.Tests/LawMatics.SDK.Tests.csproj]
/workspace/LawMatics.SDK.Tests/EventTypesClientTests.cs(117,17): error CS0117: 'EventType' does not contain a definition for 'IsActive' [/workspace/LawMatics.SDK.Tests/LawMatics.SDK.Tests.csproj]
/workspace/LawMatics.SDK.Tests/EventTypesClientTests.cs(118,17): error CS0117: 'EventType' does not contain a definition for 'RequiresLocation' [/workspace/LawMatics.SDK.Tests/LawMatics.SDK.Tests.csproj]
/workspace/LawMatics.SDK.Tests/EventTypesClientTests.cs(146,37): error CS1061: 'EventType' does not contain a definition for 'Duration' and no accessible extension method 'Duration' accepting a first argument of type 'EventType' could be found (are you missing a using directive or an assembly reference?) [/workspace/LawMatics.SDK.Tests/LawMatics.SDK.Tests.csproj]
/workspace/LawMatics.SDK.Tests/EventLocationsClientTests.cs(116,17): error CS0117: 'EventLocation' does not contain a definition for 'City' [/workspace/LawMatics.SDK.Tests/LawMatics.SDK.Tests.csproj]
/workspace/LawMatics.SDK.Tests/EventLocationsClientTests.cs(117,17): error CS0117: 'EventLocation' does not contain a definition for 'State' [/workspace/LawMatics.SDK.Tests/LawMatics.SDK.Tests.csproj]
/workspace/LawMatics.SDK.Tests/EventLocationsClientTests.cs(119,17): error CS0117: 'EventLocation' does not contain a definition for 'Equipment' [/workspace/LawMatics.SDK.Tests/LawMatics.SDK.Tests.csproj]
/workspace/LawMatics.SDK.Tests/EventLocationsClientTests.cs(120,17): error CS0117: 'EventLocation' does not contain a definition for 'IsActive' [/workspace/LawMatics.SDK.Tests/LawMatics.SDK.Tests.csproj]
/workspace/LawMatics.SDK.Tests/ExpensesClientTests.cs(64,25): error CS0117: 'Expense' does not contain a definition for 'ContactId' [/workspace/LawMatics.SDK.Tests/LawMatics.SDK.Tests.csproj]
/workspace/LawMatics.SDK.Tests/ExpensesClientTests.cs(65,25): error CS0117: 'Expense' does not contain a definition for 'CreatedBy' [/workspace/LawMatics.SDK.Tests/LawMatics.SDK.Tests.csproj]
/workspace/LawMatics.SDK.Tests/ExpensesClientTests.cs(71,21): error CS0117: 'PaginationInfo' does not contain a definition for 'Page' [/workspace/LawMatics.SDK.Tests/LawMatics.SDK.Tests.csproj]
/workspace/LawMatics.SDK.Tests/ExpensesClientTests.cs(72,21): error CS0117: 'PaginationInfo' does not contain a definition for 'PageSize' [/workspace/LawMatics.SDK.Tests/LawMatics.SDK.Tests.csproj]
/workspace/LawMatics.SDK.Tests/ExpensesClientTests.cs(73,21): error CS0117: 'PaginationInfo' does not contain a definition for 'TotalCount' [/workspace/LawMatics.SDK.Tests/LawMatics.SDK.Tests.csproj]
/workspace/LawMatics.SDK.Tests/EmailCampaignStatsClientTests.cs(104,40): error CS0246: The type or namespace name 'EmailCampaignOpenStats' could not be found (are you missing a using directive or an assembly reference?) [/workspace/LawMatics.SDK.Tests/LawMatics.SDK.Tests.csproj]
/workspace/LawMatics.SDK.Tests/EmailCampaignStatsClientTests.cs(110,39): error CS0246: The type or namespace name 'DailyStat' could not be found (are you missing a using directive or an assembly reference?) [/workspace/LawMatics.SDK.Tests/LawMatics.SDK.Tests.csproj]
/workspace/LawMatics.SDK.Tests/EmailCampaignStatsClientTests.cs(112,25): error CS0246: The type or namespace name 'DailyStat' could not be found (are you missing a using directive or an assembly reference?) [/workspace/LawMatics.SDK.Tests/LawMatics.SDK.Tests.csproj]
/workspace/LawMatics.SDK.Tests/EmailCampaignStatsClientTests.cs(117,25): error CS0246: The type or namespace name 'DailyStat' could not be found (are you missing a using directive or an assembly reference?) [/workspace/LawMatics.SDK.Tests/LawMatics.SDK.Tests.csproj]
/workspace/LawMatics.SDK.Tests/EmailCampaignStatsClientTests.cs(123,40): error CS0246: The type or namespace name 'HourlyStat' could not be found (are you missing a using directive or an assembly reference?) [/workspace/LawMatics.SDK.Tests/LawMatics.SDK.Tests.csproj]
/workspace/LawMatics.SDK.Tests/EmailCampaignStatsClientTests.cs(125,25): error CS0246: The type or namespace name 'HourlyStat' could not be found (are you missing a using directive or an assembly reference?) [/workspace/LawMatics.SDK.Tests/LawMatics.SDK.Tests.csproj]
/workspace/LawMatics.SDK.Tests/EmailCampaignStatsClientTests.cs(126,25): error CS0246: The type or namespace name 'HourlyStat' could not be found (are you missing a using directive or an assembly reference?) [/workspace/LawMatics.SDK.Tests/LawMatics.SDK.Tests.csproj]
/workspace/LawMatics.SDK.Tests/EmailCampaignStatsClientTests.cs(148,39): error CS1061: 'EmailCampaignStatsClient' does not contain a definition for 'GetEmailCampaignOpenStatsAsync' and no accessible extension method 'GetEmailCampaignOpenStatsAsync' accepting a first argument of type 'EmailCampaignStatsClient' could be found (are you missing a using directive or an assembly reference?) [/workspace/LawMatics.SDK.Tests/LawMatics.SDK.Tests.csproj]
/workspace/LawMatics.SDK.Tests/EmailAddressesClientTests.cs(155,17): error CS0117: 'CreateEmailAddressRequest' does not contain a definition for 'EmailType' [/workspace/LawMatics.SDK.Tests/LawMatics.SDK.Tests.csproj]
/workspace/LawMatics.SDK.Tests/EmailAddressesClientTests.cs(156,17): error CS0117: 'CreateEmailAddressRequest' does not contain a definition for 'ContactId' [/workspace/LawMatics.SDK.Tests/LawMatics.SDK.Tests.csproj]
/workspace/LawMatics.SDK.Tests/EmailAddressesClientTests.cs(164,17): error CS0117: 'EmailAddress' does not contain a definition for 'EmailType' [/workspace/LawMatics.SDK.Tests/LawMatics.SDK.Tests.csproj]
/workspace/LawMatics.SDK.Tests/EmailAddressesClientTests.cs(164,37): error CS1061: 'CreateEmailAddressRequest' does not contain a definition for 'EmailType' and no accessible extension method 'EmailType' accepting a first argument of type 'CreateEmailAddressRequest' could be found (are you missing a using directive or an assembly reference?) [/workspace/LawMatics.SDK.Tests/LawMatics.SDK.Tests.csproj]
/workspace/LawMatics.SDK.Tests/EmailAddressesClientTests.cs(165,17): error CS0117: 'EmailAddress' does not contain a definition for 'ContactId' [/workspace/LawMatics.SDK.Tests/LawMatics.SDK.Tests.csproj]
/workspace/LawMatics.SDK.Tests/EmailAddressesClientTests.cs(165,37): error CS1061: 'CreateEmailAddressRequest' does not contain a definition for 'ContactId' and no accessible extension method 'ContactId' accepting a first argument of type 'CreateEmailAddressRequest' could be found (are you missing a using directive or an assembly reference?) [/workspace/LawMatics.SDK.Tests/LawMatics.SDK.Tests.csproj]
/workspace/LawMatics.SDK.Tests/EmailAddressesClientTests.cs(167,17): error CS0117: 'EmailAddress' does not contain a definition for 'IsVerified' [/workspace/LawMatics.SDK.Tests/LawMatics.SDK.Tests.csproj]
/workspace/LawMatics.SDK.Tests/EmailAddressesClientTests.cs(195,34): error CS1061: 'CreateEmailAddressRequest' does not contain a definition for 'EmailType' and no accessible extension method 'EmailType' accepting a first argument of type 'CreateEmailAddressRequest' could be found (are you missing a using directive or an assembly reference?) [/workspace/LawMatics.SDK.Tests/LawMatics.SDK.Tests.csproj]
/workspace/LawMatics.SDK.Tests/EmailAddressesClientTests.cs(195,52): error CS1061: 'EmailAddress' does not contain a definition for 'EmailType' and no accessible extension method 'EmailType' accepting a first argument of type 'EmailAddress' could be found (are you missing a using directive or an assembly reference?) [/workspace/LawMatics.SDK.Tests/LawMatics.SDK.Tests.csproj]
/workspace/LawMatics.SDK.Tests/EventTypesClientTests.cs(158,17): error CS0117: 'CreateEventTypeRequest' does not contain a definition for 'Duration' [/workspace/LawMatics.SDK.Tests/LawMatics.SDK.Tests.csproj]
/workspace/LawMatics.SDK.Tests/EventTypesClientTests.cs(160,17): error CS0117: 'CreateEventTypeRequest' does not contain a definition for 'IsActive' [/workspace/LawMatics.SDK.Tests/LawMatics.SDK.Tests.csproj]
/workspace/LawMatics.SDK.Tests/EventTypesClientTests.cs(161,17): error CS0117: 'CreateEventTypeRequest' does not contain a definition for 'RequiresLocation' [/workspace/LawMatics.SDK.Tests/LawMatics.SDK.Tests.csproj]
/workspace/LawMatics.SDK.Tests/EventTypesClientTests.cs(162,17): error CS0117: 'CreateEventTypeRequest' does not contain a definition for 'RequiresPreparation' [/workspace/LawMatics.SDK.Tests/LawMatics.SDK.Tests.csproj]
/workspace/LawMatics.SDK.Tests/EventTypesClientTests.cs(170,17): error CS0117: 'EventType' does not contain a definition for 'Duration' [/workspace/LawMatics.SDK.Tests/LawMatics.SDK.Tests.csproj]
/workspace/LawMatics.SDK.Tests/EventTypesClientTests.cs(170,36): error CS1061: 'CreateEventTypeRequest' does not contain a definition for 'Duration' and no accessible extension method 'Duration' accepting a first argument of type 'CreateEventTypeRequest' could be found (are you missing a using directive or an assembly reference?) [/workspace/LawMatics.SDK.Tests/LawMatics.SDK.Tests.csproj]
/workspace/LawMatics.SDK.Tests/EventTypesClientTests.cs(172,17): error CS0117: 'EventType' does not contain a definition for 'IsActive' [/workspace/LawMatics.SDK.Tests/LawMatics.SDK.Tests.csproj]
/workspace/LawMatics.SDK.Tests/EventTypesClientTests.cs(172,36): error CS1061: 'CreateEventTypeRequest' does not contain a definition for 'IsActive' and no accessible extension method 'IsActive' accepting a first argument of type 'CreateEventTypeRequest' could be found (are you missing a using directive or an assembly reference?) [/workspace/LawMatics.SDK.Tests/LawMatics.SDK.Tests.csproj]
/workspace/LawMatics.SDK.Tests/EventTypesClientTests.cs(173,17): error CS0117: 'EventType' does not contain a definition for 'RequiresLocation' [/workspace/LawMatics.SDK.Tests/LawMatics.SDK.Tests.csproj]
/workspace/LawMatics.SDK.Tests/EventTypesClientTests.cs(173,44): error CS1061: 'CreateEventTypeRequest' does not contain a definition for 'RequiresLocation' and no accessible extension method 'RequiresLocation' accepting a first argument of type 'CreateEventTypeRequest' could be found (are you missing a using directive or an assembly reference?) [/workspace/LawMatics.SDK.Tests/LawMatics.SDK.Tests.csproj]
/workspace/LawMatics.SDK.Tests/EventTypesClientTests.cs(174,17): error CS0117: 'EventType' does not contain a definition for 'RequiresPreparation' [/workspace/LawMatics.SDK.Tests/LawMatics.SDK.Tests.csproj]
/workspace/LawMatics.SDK.Tests/EventTypesClientTests.cs(174,47): error CS1061: 'CreateEventTypeRequest' does not contain a definition for 'RequiresPreparation' and no accessible extension method 'RequiresPreparation' accepting a first argument of type 'CreateEventTypeRequest' could be found (are you missing a using directive or an assembly reference?) [/workspace/LawMatics.SDK.Tests/LawMatics.SDK.Tests.csproj]
/workspace/LawMatics.SDK.Tests/EventTypesClientTests.cs(202,34): error CS1061: 'CreateEventTypeRequest' does not contain a definition for 'Duration' and no accessible extension method 'Duration' accepting a first argument of type 'CreateEventTypeRequest' could be found (are you missing a using directive or an assembly reference?) [/workspace/LawMatics.SDK.Tests/LawMatics.SDK.Tests.csproj]
/workspace/LawMatics.SDK.Tests/EventTypesClientTests.cs(202,51): error CS1061: 'EventType' does not contain a definition for 'Duration' and no accessible extension method 'Duration' accepting a first argument of type 'EventType' could be found (are you missing a using directive or an assembly reference?) [/workspace/LawMatics.SDK.Tests/LawMatics.SDK.Tests.csproj]
/workspace/LawMatics.SDK.Tests/EventLocationsClientTests.cs(160,17): error CS0117: 'CreateEventLocationRequest' does not contain a definition for 'City' [/workspace/LawMatics.SDK.Tests/LawMatics.SDK.Tests.csproj]
/workspace/LawMatics.SDK.Tests/EventLocationsClientTests.cs(161,17): error CS0117: 'CreateEventLocationRequest' does not contain a definition for 'State' [/workspace/LawMatics.SDK.Tests/LawMatics.SDK.Tests.csproj]
/workspace/LawMatics.SDK.Tests/EventLocationsClientTests.cs(163,17): error CS0117: 'CreateEventLocationRequest' does not contain a definition for 'Equipment' [/workspace/LawMatics.SDK.Tests/LawMatics.SDK.Tests.csproj]
/workspace/LawMatics.SDK.Tests/EventLocationsClientTests.cs(164,17): error CS0117: 'CreateEventLocationRequest' does not contain a definition for 'IsActive' [/workspace/LawMatics.SDK.Tests/LawMatics.SDK.Tests.csproj]
/workspace/LawMatics.SDK.Tests/EventLocationsClientTests.cs(172,17): error CS0117: 'EventLocation' does not contain a definition for 'City' [/workspace/LawMatics.SDK.Tests/LawMatics.SDK.Tests.csproj]
/workspace/LawMatics.SDK.Tests/EventLocationsClientTests.cs(172,32): error CS1061: 'CreateEventLocationRequest' does not contain a definition for 'City' and no accessible extension method 'City' accepting a first argument of type 'CreateEventLocationRequest' could be found (are you missing a using directive or an assembly reference?) [/workspace/LawMatics.SDK.Tests/LawMatics.SDK.Tests.csproj]
/workspace/LawMatics.SDK.Tests/EventLocationsClientTests.cs(173,17): error CS0117: 'EventLocation' does not contain a definition for 'State' [/workspace/LawMatics.SDK.Tests/LawMatics.SDK.Tests.csproj]
/workspace/LawMatics.SDK.Tests/EventLocationsClientTests.cs(173,33): error CS1061: 'CreateEventLocationRequest' does not contain a definition for 'State' and no accessible extension method 'State' accepting a first argument of type 'CreateEventLocationRequest' could be found (are you missing a using directive or an assembly reference?) [/workspace/LawMatics.SDK.Tests/LawMatics.SDK.Tests.csproj]
/workspace/LawMatics.SDK.Tests/EventLocationsClientTests.cs(175,17): error CS0117: 'EventLocation' does not contain a definition for 'Equipment' [/workspace/LawMatics.SDK.Tests/LawMatics.SDK.Tests.csproj]
/workspace/LawMatics.SDK.Tests/EventLocationsClientTests.cs(175,37): error CS1061: 'CreateEventLocationRequest' does not contain a definition for 'Equipment' and no accessible extension method 'Equipment' accepting a first argument of type 'CreateEventLocationRequest' could be found (are you missing a using directive or an assembly reference?) [/workspace/LawMatics.SDK.Tests/LawMatics.SDK.Tests.csproj]
/workspace/LawMatics.SDK.Tests/EventLocationsClientTests.cs(176,17): error CS0117: 'EventLocation' does not contain a definition for 'IsActive' [/workspace/LawMatics.SDK.Tests/LawMatics.SDK.Tests.csproj]
/workspace/LawMatics.SDK.Tests/EventLocationsClientTests.cs(176,36): error CS1061: 'CreateEventLocationRequest' does not contain a definition for 'IsActive' and no accessible extension method 'IsActive' accepting a first argument of type 'CreateEventLocationRequest' could be found (are you missing a using directive or an assembly reference?) [/workspace/LawMatics.SDK.Tests/LawMatics.SDK.Tests.csproj]
/workspace/LawMatics.SDK.Tests/ExpensesClientTests.cs(119,17): error CS0117: 'Expense' does not contain a definition for 'ContactId' [/workspace/LawMatics.SDK.Tests/LawMatics.SDK.Tests.csproj]
/workspace/LawMatics.SDK.Tests/ExpensesClientTests.cs(120,17): error CS0117: 'Expense' does not contain a definition for 'CreatedBy' [/workspace/LawMatics.SDK.Tests/LawMatics.SDK.Tests.csproj]
/workspace/LawMatics.SDK.Tests/TimeEntriesClientTests.cs(436,31): error CS0246: The type or namespace name 'StartTimerRequest' could not be found (are you missing a using directive or an assembly reference?) [/workspace/LawMatics.SDK.Tests/LawMatics.SDK.Tests.csproj]
/workspace/LawMatics.SDK.Tests/TimeEntriesClientTests.cs(444,40): error CS0246: The type or namespace name 'ActiveTimer' could not be found (are you missing a using directive or an assembly reference?) [/workspace/LawMatics.SDK.Tests/LawMatics.SDK.Tests.csproj]
/workspace/LawMatics.SDK.Tests/ExpensesClientTests.cs(163,17): error CS0117: 'CreateExpenseRequest' does not contain a definition for 'ContactId' [/workspace/LawMatics.SDK.Tests/LawMatics.SDK.Tests.csproj]
/workspace/LawMatics.SDK.Tests/ExpensesClientTests.cs(164,17): error CS0117: 'CreateExpenseRequest' does not contain a definition for 'ReceiptUrl' [/workspace/LawMatics.SDK.Tests/LawMatics.SDK.Tests.csproj]
/workspace/LawMatics.SDK.Tests/ExpensesClientTests.cs(175,17): error CS0117: 'Expense' does not contain a definition for 'ContactId' [/workspace/LawMatics.SDK.Tests/LawMatics.SDK.Tests.csproj]
/workspace/LawMatics.SDK.Tests/ExpensesClientTests.cs(175,37): error CS1061: 'CreateExpenseRequest' does not contain a definition for 'ContactId' and no accessible extension method 'ContactId' accepting a first argument of type 'CreateExpenseRequest' could be found (are you missing a using directive or an assembly reference?) [/workspace/LawMatics.SDK.Tests/LawMatics.SDK.Tests.csproj]
/workspace/LawMatics.SDK.Tests/ExpensesClientTests.cs(176,17): error CS0117: 'Expense' does not contain a definition for 'ReceiptUrl' [/workspace/LawMatics.SDK.Tests/LawMatics.SDK.Tests.csproj]
/workspace/LawMatics.SDK.Tests/ExpensesClientTests.cs(176,38): error CS1061: 'CreateExpenseRequest' does not contain a definition for 'ReceiptUrl' and no accessible extension method 'ReceiptUrl' accepting a first argument of type 'CreateExpenseRequest' could be found (are you missing a using directive or an assembly reference?) [/workspace/LawMatics.SDK.Tests/LawMatics.SDK.Tests.csproj]
/workspace/LawMatics.SDK.Tests/ExpensesClientTests.cs(177,17): error CS0117: 'Expense' does not contain a definition for 'CreatedBy' [/workspace/LawMatics.SDK.Tests/LawMatics.SDK.Tests.csproj]
/workspace/LawMatics.SDK.Tests/EmailAddressesClientTests.cs(206,17): error CS0117: 'UpdateEmailAddressRequest' does not contain a definition for 'EmailType' [/workspace/LawMatics.SDK.Tests/LawMatics.SDK.Tests.csproj]
/workspace/LawMatics.SDK.Tests/EmailAddressesClientTests.cs(214,17): error CS0117: 'EmailAddress' does not contain a definition for 'EmailType' [/workspace/LawMatics.SDK.Tests/LawMatics.SDK.Tests.csproj]
/workspace/LawMatics.SDK.Tests/EmailAddressesClientTests.cs(214,37): error CS1061: 'UpdateEmailAddressRequest' does not contain a definition for 'EmailType' and no accessible extension method 'EmailType' accepting a first argument of type 'UpdateEmailAddressRequest' could be found (are you missing a using directive or an assembly reference?) [/workspace/LawMatics.SDK.Tests/LawMatics.SDK.Tests.csproj]
/workspace/LawMatics.SDK.Tests/EmailAddressesClientTests.cs(215,29): error CS0266: Cannot implicitly convert type 'bool?' to 'bool'. An explicit conversion exists (are you missing a cast?) [/workspace/LawMatics.SDK.Tests/LawMatics.SDK.Tests.csproj]
/workspace/LawMatics.SDK.Tests/EmailAddressesClientTests.cs(216,17): error CS0117: 'EmailAddress' does not contain a definition for 'IsVerified' [/workspace/LawMatics.SDK.Tests/LawMatics.SDK.Tests.csproj]
/workspace/LawMatics.SDK.Tests/EmailAddressesClientTests.cs(217,17): error CS0117: 'EmailAddress' does not contain a definition for 'ContactId' [/workspace/LawMatics.SDK.Tests/LawMatics.SDK.Tests.csproj]
/workspace/LawMatics.SDK.Tests/EmailAddressesClientTests.cs(246,34): error CS1061: 'UpdateEmailAddressRequest' does not contain a definition for 'EmailType' and no accessible extension method 'EmailType' accepting a first argument of type 'UpdateEmailAddressRequest' could be found (are you missing a using directive or an assembly reference?) [/workspace/LawMatics.SDK.Tests/LawMatics.SDK.Tests.csproj]
/workspace/LawMatics.SDK.Tests/EmailAddressesClientTests.cs(246,52): error CS1061: 'EmailAddress' does not contain a definition for 'EmailType' and no accessible extension method 'EmailType' accepting a first argument of type 'EmailAddress' could be found (are you missing a using directive or an assembly reference?) [/workspace/LawMatics.SDK.Tests/LawMatics.SDK.Tests.csproj]
/workspace/LawMatics.SDK.Tests/EventLocationsClientTests.cs(216,17): error CS0117: 'UpdateEventLocationRequest' does not contain a definition for 'Equipment' [/workspace/LawMatics.SDK.Tests/LawMatics.SDK.Tests.csproj]
/workspace/LawMatics.SDK.Tests/EventLocationsClientTests.cs(224,17): error CS0117: 'EventLocation' does not contain a definition for 'City' [/workspace/LawMatics.SDK.Tests/LawMatics.SDK.Tests.csproj]
/workspace/LawMatics.SDK.Tests/EventLocationsClientTests.cs(225,17): error CS0117: 'EventLocation' does not contain a definition for 'State' [/workspace/LawMatics.SDK.Tests/LawMatics.SDK.Tests.csproj]
/workspace/LawMatics.SDK.Tests/EventLocationsClientTests.cs(227,17): error CS0117: 'EventLocation' does not contain a definition for 'Equipment' [/workspace/LawMatics.SDK.Tests/LawMatics.SDK.Tests.csproj]
/workspace/LawMatics.SDK.Tests/EventLocationsClientTests.cs(227,37): error CS1061: 'UpdateEventLocationRequest' does not contain a definition for 'Equipment' and no accessible extension method 'Equipment' accepting a first argument of type 'UpdateEventLocationRequest' could be found (are you missing a using directive or an assembly reference?) [/workspace/LawMatics.SDK.Tests/LawMatics.SDK.Tests.csproj]
/workspace/LawMatics.SDK.Tests/EventLocationsClientTests.cs(228,17): error CS0117: 'EventLocation' does not contain a definition for 'IsActive' [/workspace/LawMatics.SDK.Tests/LawMatics.SDK.Tests.csproj]
/workspace/LawMatics.SDK.Tests/TimeEntriesClientTests.cs(490,17): error CS0117: 'TimeEntry' does not contain a definition for 'Duration' [/workspace/LawMatics.SDK.Tests/LawMatics.SDK.Tests.csproj]
/workspace/LawMatics.SDK.Tests/TimeEntriesClientTests.cs(491,17): error CS0117: 'TimeEntry' does not contain a definition for 'StartTime' [/workspace/LawMatics.SDK.Tests/LawMatics.SDK.Tests.csproj]
/workspace/LawMatics.SDK.Tests/TimeEntriesClientTests.cs(492,17): error CS0117: 'TimeEntry' does not contain a definition for 'EndTime' [/workspace/LawMatics.SDK.Tests/LawMatics.SDK.Tests.csproj]
/workspace/LawMatics.SDK.Tests/TimeEntriesClientTests.cs(519,35): error CS1061: 'TimeEntry' does not contain a definition for 'EndTime' and no accessible extension method 'EndTime' accepting a first argument of type 'TimeEntry' could be found (are you missing a using directive or an assembly reference?) [/workspace/LawMatics.SDK.Tests/LawMatics.SDK.Tests.csproj]
/workspace/LawMatics.SDK.Tests/TimeEntriesClientTests.cs(520,32): error CS1061: 'TimeEntry' does not contain a definition for 'Duration' and no accessible extension method 'Duration' accepting a first argument of type 'TimeEntry' could be found (are you missing a using directive or an assembly reference?) [/workspace/LawMatics.SDK.Tests/LawMatics.SDK.Tests.csproj]
/workspace/LawMatics.SDK.Tests/CustomEmailsClientTests.cs(284,17): error CS0117: 'CustomEmailPreview' does not contain a definition for 'RenderedAt' [/workspace/LawMatics.SDK.Tests/LawMatics.SDK.Tests.csproj]
/workspace/LawMatics.SDK.Tests/CustomEmailsClientTests.cs(305,39): error CS1061: 'CustomEmailsClient' does not contain a definition for 'PreviewCustomEmailAsync' and no accessible extension method 'PreviewCustomEmailAsync' accepting a first argument of type 'CustomEmailsClient' could be found (are you missing a using directive or an assembly reference?) [/workspace/LawMatics.SDK.Tests/LawMatics.SDK.Tests.csproj]
/workspace/LawMatics.SDK.Tests/EventTypesClientTests.cs(214,17): error CS0117: 'UpdateEventTypeRequest' does not contain a definition for 'Duration' [/workspace/LawMatics.SDK.Tests/LawMatics.SDK.Tests.csproj]
/workspace/LawMatics.SDK.Tests/EventTypesClientTests.cs(223,17): error CS0117: 'EventType' does not contain a definition for 'Duration' [/workspace/LawMatics.SDK.Tests/LawMatics.SDK.Tests.csproj]
/workspace/LawMatics.SDK.Tests/EventTypesClientTests.cs(223,36): error CS1061: 'UpdateEventTypeRequest' does not contain a definition for 'Duration' and no accessible extension method 'Duration' accepting a first argument of type 'UpdateEventTypeRequest' could be found (are you missing a using directive or an assembly reference?) [/workspace/LawMatics.SDK.Tests/LawMatics.SDK.Tests.csproj]
/workspace/LawMatics.SDK.Tests/EventTypesClientTests.cs(225,17): error CS0117: 'EventType' does not contain a definition for 'IsActive' [/workspace/LawMatics.SDK.Tests/LawMatics.SDK.Tests.csproj]
/workspace/LawMatics.SDK.Tests/EventTypesClientTests.cs(226,17): error CS0117: 'EventType' does not contain a definition for 'RequiresLocation' [/workspace/LawMatics.SDK.Tests/LawMatics.SDK.Tests.csproj]
/workspace/LawMatics.SDK.Tests/EventTypesClientTests.cs(255,34): error CS1061: 'UpdateEventTypeRequest' does not contain a definition for 'Duration' and no accessible extension method 'Duration' accepting a first argument of type 'UpdateEventTypeRequest' could be found (are you missing a using directive or an assembly reference?) [/workspace/LawMatics.SDK.Tests/LawMatics.SDK.Tests.csproj]
/workspace/LawMatics.SDK.Tests/EventTypesClientTests.cs(255,51): error CS1061: 'EventType' does not contain a definition for 'Duration' and no accessible extension method 'Duration' accepting a first argument of type 'EventType' could be found (are you missing a using directive or an assembly reference?) [/workspace/LawMatics.SDK.Tests/LawMatics.SDK.Tests.csproj]
/workspace/LawMatics.SDK.Tests/ExpensesClientTests.cs(218,17): error CS0117: 'UpdateExpenseRequest' does not contain a definition for 'ReceiptUrl' [/workspace/LawMatics.SDK.Tests/LawMatics.SDK.Tests.csproj]
/workspace/LawMatics.SDK.Tests/ExpensesClientTests.cs(225,26): error CS0266: Cannot implicitly convert type 'decimal?' to 'decimal'. An explicit conversion exists (are you missing a cast?) [/workspace/LawMatics.SDK.Tests/LawMatics.SDK.Tests.csproj]
/workspace/LawMatics.SDK.Tests/ExpensesClientTests.cs(229,17): error CS0117: 'Expense' does not contain a definition for 'ReceiptUrl' [/workspace/LawMatics.SDK.Tests/LawMatics.SDK.Tests.csproj]
/workspace/LawMatics.SDK.Tests/ExpensesClientTests.cs(229,38): error CS1061: 'UpdateExpenseRequest' does not contain a definition for 'ReceiptUrl' and no accessible extension method 'ReceiptUrl' accepting a first argument of type 'UpdateExpenseRequest' could be found (are you missing a using directive or an assembly reference?) [/workspace/LawMatics.SDK.Tests/LawMatics.SDK.Tests.csproj]
/workspace/LawMatics.SDK.Tests/ExpensesClientTests.cs(230,17): error CS0117: 'Expense' does not contain a definition for 'CreatedBy' [/workspace/LawMatics.SDK.Tests/LawMatics.SDK.Tests.csproj]
/workspace/LawMatics.SDK.Tests/EmailCampaignStatsClientTests.cs(163,40): error CS0246: The type or namespace name 'EmailCampaignClickStats' could not be found (are you missing a using directive or an assembly reference?) [/workspace/LawMatics.SDK.Tests/LawMatics.SDK.Tests.csproj]
/workspace/LawMatics.SDK.Tests/EmailCampaignStatsClientTests.cs(169,40): error CS0246: The type or namespace name 'DailyStat' could not be found (are you missing a using directive or an assembly reference?) [/workspace/LawMatics.SDK.Tests/LawMatics.SDK.Tests.csproj]
/workspace/LawMatics.SDK.Tests/EmailCampaignStatsClientTests.cs(171,25): error CS0246: The type or namespace name 'DailyStat' could not be found (are you missing a using directive or an assembly reference?) [/workspace/LawMatics.SDK.Tests/LawMatics.SDK.Tests.csproj]
/workspace/LawMatics.SDK.Tests/EmailCampaignStatsClientTests.cs(176,25): error CS0246: The type or namespace name 'DailyStat' could not be found (are you missing a using directive or an assembly reference?) [/workspace/LawMatics.SDK.Tests/LawMatics.SDK.Tests.csproj]
/workspace/LawMatics.SDK.Tests/EmailCampaignStatsClientTests.cs(182,37): error CS0246: The type or namespace name 'LinkStat' could not be found (are you missing a using directive or an assembly reference?) [/workspace/LawMatics.SDK.Tests/LawMatics.SDK.Tests.csproj]
/workspace/LawMatics.SDK.Tests/EmailCampaignStatsClientTests.cs(184,25): error CS0246: The type or namespace name 'LinkStat' could not be found (are you missing a using directive or an assembly reference?) [/workspace/LawMatics.SDK.Tests/LawMatics.SDK.Tests.csproj]
/workspace/LawMatics.SDK.Tests/EmailCampaignStatsClientTests.cs(190,25): error CS0246: The type or namespace name 'LinkStat' could not be found (are you missing a using directive or an assembly reference?) [/workspace/LawMatics.SDK.Tests/LawMatics.SDK.Tests.csproj]
/workspace/LawMatics.SDK.Tests/EmailCampaignStatsClientTests.cs(217,39): error CS1061: 'EmailCampaignStatsClient' does not contain a definition for 'GetEmailCampaignClickStatsAsync' and no accessible extension method 'GetEmailCampaignClickStatsAsync' accepting a first argument of type 'EmailCampaignStatsClient' could be found (are you missing a using directive or an assembly reference?) [/workspace/LawMatics.SDK.Tests/LawMatics.SDK.Tests.csproj]
/workspace/LawMatics.SDK.Tests/MatterSubStatusesClientTests.cs(61,25): error CS0117: 'MatterSubStatus' does not contain a definition for 'MatterStatusId' [/workspace/LawMatics.SDK.Tests/LawMatics.SDK.Tests.csproj]
/workspace/LawMatics.SDK.Tests/MatterSubStatusesClientTests.cs(62,25): error CS0117: 'MatterSubStatus' does not contain a definition for 'Color' [/workspace/LawMatics.SDK.Tests/LawMatics.SDK.Tests.csproj]
/workspace/LawMatics.SDK.Tests/MatterSubStatusesClientTests.cs(63,25): error CS0117: 'MatterSubStatus' does not contain a definition for 'IsActive' [/workspace/LawMatics.SDK.Tests/LawMatics.SDK.Tests.csproj]
/workspace/LawMatics.SDK.Tests/MatterSubStatusesClientTests.cs(64,25): error CS0117: 'MatterSubStatus' does not contain a definition for 'SortOrder' [/workspace/LawMatics.SDK.Tests/LawMatics.SDK.Tests.csproj]
/workspace/LawMatics.SDK.Tests/MatterSubStatusesClientTests.cs(70,21): error CS0117: 'PaginationInfo' does not contain a definition for 'Page' [/workspace/LawMatics.SDK.Tests/LawMatics.SDK.Tests.csproj]
/workspace/LawMatics.SDK.Tests/MatterSubStatusesClientTests.cs(71,21): error CS0117: 'PaginationInfo' does not contain a definition for 'PageSize' [/workspace/LawMatics.SDK.Tests/LawMatics.SDK.Tests.csproj]
/workspace/LawMatics.SDK.Tests/MatterSubStatusesClientTests.cs(72,21): error CS0117: 'PaginationInfo' does not contain a definition for 'TotalCount' [/workspace/LawMatics.SDK.Tests/LawMatics.SDK.Tests.csproj]
/workspace/LawMatics.SDK.Tests/EventTypesClientTests.cs(294,21): error CS0117: 'EventType' does not contain a definition for 'IsActive' [/workspace/LawMatics.SDK.Tests/LawMatics.SDK.Tests.csproj]
/workspace/LawMatics.SDK.Tests/EventTypesClientTests.cs(321,27): error CS1503: Argument 1: cannot convert from 'LawMatics.SDK.Models.PagedResponse<LawMatics.SDK.Models.EventType>' to 'System.Collections.IEnumerable' [/workspace/LawMatics.SDK.Tests/LawMatics.SDK.Tests.csproj]
/workspace/LawMatics.SDK.Tests/EventTypesClientTests.cs(322,25): error CS0021: Cannot apply indexing with [] to an expression of type 'PagedResponse<EventType>' [/workspace/LawMatics.SDK.Tests/LawMatics.SDK.Tests.csproj]
/workspace/LawMatics.SDK.Tests/EventTypesClientTests.cs(323,47): error CS0021: Cannot apply indexing with [] to an expression of type 'PagedResponse<EventType>' [/workspace/LawMatics.SDK.Tests/LawMatics.SDK.Tests.csproj]
/workspace/LawMatics.SDK.Tests/SubtasksClientTests.cs(62,25): error CS0117: 'Subtask' does not contain a definition for 'Order' [/workspace/LawMatics.SDK.Tests/LawMatics.SDK.Tests.csproj]
/workspace/LawMatics.SDK.Tests/SubtasksClientTests.cs(64,25): error CS0117: 'Subtask' does not contain a definition for 'DueDate' [/workspace/LawMatics.SDK.Tests/LawMatics.SDK.Tests.csproj]
/workspace/LawMatics.SDK.Tests/SubtasksClientTests.cs(65,25): error CS0117: 'Subtask' does not contain a definition for 'AssignedToId' [/workspace/LawMatics.SDK.Tests/LawMatics.SDK.Tests.csproj]
/workspace/LawMatics.SDK.Tests/SubtasksClientTests.cs(71,21): error CS0117: 'PaginationInfo' does not contain a definition for 'Page' [/workspace/LawMatics.SDK.Tests/LawMatics.SDK.Tests.csproj]
/workspace/LawMatics.SDK.Tests/SubtasksClientTests.cs(72,21): error CS0117: 'PaginationInfo' does not contain a definition for 'PageSize' [/workspace/LawMatics.SDK.Tests/LawMatics.SDK.Tests.csproj]
/workspace/LawMatics.SDK.Tests/SubtasksClientTests.cs(73,21): error CS0117: 'PaginationInfo' does not contain a definition for 'TotalCount' [/workspace/LawMatics.SDK.Tests/LawMatics.SDK.Tests.csproj]
/workspace/LawMatics.SDK.Tests/EmailAddressesClientTests.cs(279,40): error CS0246: The type or namespace name 'EmailVerificationResult' could not be found (are you missing a using directive or an assembly reference?) [/workspace/LawMatics.SDK.Tests/LawMatics.SDK.Tests.csproj]
/workspace/LawMatics.SDK.Tests/EmailAddressesClientTests.cs(307,39): error CS1061: 'EmailAddressesClient' does not contain a definition for 'VerifyEmailAddressAsync' and no accessible extension method 'VerifyEmailAddressAsync' accepting a first argument of type 'EmailAddressesClient' could be found (are you missing a using directive or an assembly reference?) [/workspace/LawMatics.SDK.Tests/LawMatics.SDK.Tests.csproj]
/workspace/LawMatics.SDK.Tests/MatterSubStatusesClientTests.cs(115,17): error CS0117: 'MatterSubStatus' does not contain a definition for 'MatterStatusId' [/workspace/LawMatics.SDK.Tests/LawMatics.SDK.Tests.csproj]
/workspace/LawMatics.SDK.Tests/MatterSubStatusesClientTests.cs(116,17): error CS0117: 'MatterSubStatus' does not contain a definition for 'Color' [/workspace/LawMatics.SDK.Tests/LawMatics.SDK.Tests.csproj]
/workspace/LawMatics.SDK.Tests/MatterSubStatusesClientTests.cs(117,17): error CS0117: 'MatterSubStatus' does not contain a definition for 'IsActive' [/workspace/LawMatics.SDK.Tests/LawMatics.SDK.Tests.csproj]
/workspace/LawMatics.SDK.Tests/MatterSubStatusesClientTests.cs(118,17): error CS0117: 'MatterSubStatus' does not contain a definition for 'SortOrder' [/workspace/LawMatics.SDK.Tests/LawMatics.SDK.Tests.csproj]
/workspace/LawMatics.SDK.Tests/MatterSubStatusesClientTests.cs(146,36): error CS1061: 'MatterSubStatus' does not contain a definition for 'MatterStatusId' and no accessible extension method 'MatterStatusId' accepting a first argument of type 'MatterSubStatus' could be found (are you missing a using directive or an assembly reference?) [/workspace/LawMatics.SDK.Tests/LawMatics.SDK.Tests.csproj]
/workspace/LawMatics.SDK.Tests/SubtasksClientTests.cs(117,17): error CS0117: 'Subtask' does not contain a definition for 'Order' [/workspace/LawMatics.SDK.Tests/LawMatics.SDK.Tests.csproj]
/workspace/LawMatics.SDK.Tests/SubtasksClientTests.cs(119,17): error CS0117: 'Subtask' does not contain a definition for 'DueDate' [/workspace/LawMatics.SDK.Tests/LawMatics.SDK.Tests.csproj]
/workspace/LawMatics.SDK.Tests/SubtasksClientTests.cs(120,17): error CS0117: 'Subtask' does not contain a definition for 'AssignedToId' [/workspace/LawMatics.SDK.Tests/LawMatics.SDK.Tests.csproj]
/workspace/LawMatics.SDK.Tests/EventLocationsClientTests.cs(293,45): error CS0246: The type or namespace name 'EventLocationAvailability' could not be found (are you missing a using directive or an assembly reference?) [/workspace/LawMatics.SDK.Tests/LawMatics.SDK.Tests.csproj]
/workspace/LawMatics.SDK.Tests/EventLocationsClientTests.cs(295,21): error CS0246: The type or namespace name 'EventLocationAvailability' could not be found (are you missing a using directive or an assembly reference?) [/workspace/LawMatics.SDK.Tests/LawMatics.SDK.Tests.csproj]
/workspace/LawMatics.SDK.Tests/EventLocationsClientTests.cs(323,39): error CS1061: 'EventLocationsClient' does not contain a definition for 'GetAvailableEventLocationsAsync' and no accessible extension method 'GetAvailableEventLocationsAsync' accepting a first argument of type 'EventLocationsClient' could be found (are you missing a using directive or an assembly reference?) [/workspace/LawMatics.SDK.Tests/LawMatics.SDK.Tests.csproj]
/workspace/LawMatics.SDK.Tests/EmailCampaignStatsClientTests.cs(232,40): error CS0246: The type or namespace name 'EmailCampaignBounceStats' could not be found (are you missing a using directive or an assembly reference?) [/workspace/LawMatics.SDK.Tests/LawMatics.SDK.Tests.csproj]
/workspace/LawMatics.SDK.Tests/EmailCampaignStatsClientTests.cs(239,44): error CS0246: The type or namespace name 'BounceReasonStat' could not be found (are you missing a using directive or an assembly reference?) [/workspace/LawMatics.SDK.Tests/LawMatics.SDK.Tests.csproj]
/workspace/LawMatics.SDK.Tests/EmailCampaignStatsClientTests.cs(241,25): error CS0246: The type or namespace name 'BounceReasonStat' could not be found (are you missing a using directive or an assembly reference?) [/workspace/LawMatics.SDK.Tests/LawMatics.SDK.Tests.csproj]
/workspace/LawMatics.SDK.Tests/EmailCampaignStatsClientTests.cs(247,25): error CS0246: The type or namespace name 'BounceReasonStat' could not be found (are you missing a using directive or an assembly reference?) [/workspace/LawMatics.SDK.Tests/LawMatics.SDK.Tests.csproj]
/workspace/LawMatics.SDK.Tests/EmailCampaignStatsClientTests.cs(274,39): error CS1061: 'EmailCampaignStatsClient' does not contain a definition for 'GetEmailCampaignBounceStatsAsync' and no accessible extension method 'GetEmailCampaignBounceStatsAsync' accepting a first argument of type 'EmailCampaignStatsClient' could be found (are you missing a using directive or an assembly reference?) [/workspace/LawMatics.SDK.Tests/LawMatics.SDK.Tests.csproj]
/workspace/LawMatics.SDK.Tests/ExpensesClientTests.cs(334,36): error CS1061: 'PagedResponse<Expense>' does not contain a definition for 'Count' and no accessible extension method 'Count' accepting a first argument of type 'PagedResponse<Expense>' could be found (are you missing a using directive or an assembly reference?) [/workspace/LawMatics.SDK.Tests/LawMatics.SDK.Tests.csproj]
/workspace/LawMatics.SDK.Tests/ExpensesClientTests.cs(335,20): error CS0411: The type arguments for method 'Assert.All<T>(IAsyncEnumerable<T>, Action<T>)' cannot be inferred from the usage. Try specifying the type arguments explicitly. [/workspace/LawMatics.SDK.Tests/LawMatics.SDK.Tests.csproj]
/workspace/LawMatics.SDK.Tests/TasksClientTests.cs(56,25): error CS1729: 'Task' does not contain a constructor that takes 0 arguments [/workspace/LawMatics.SDK.Tests/LawMatics.SDK.Tests.csproj]
/workspace/LawMatics.SDK.Tests/TasksClientTests.cs(58,25): error CS0200: Property or indexer 'Task.Id' cannot be assigned to -- it is read only [/workspace/LawMatics.SDK.Tests/LawMatics.SDK.Tests.csproj]
/workspace/LawMatics.SDK.Tests/TasksClientTests.cs(59,25): error CS0117: 'Task' does not contain a definition for 'Title' [/workspace/LawMatics.SDK.Tests/LawMatics.SDK.Tests.csproj]
/workspace/LawMatics.SDK.Tests/TasksClientTests.cs(60,25): error CS0117: 'Task' does not contain a definition for 'Description' [/workspace/LawMatics.SDK.Tests/LawMatics.SDK.Tests.csproj]
/workspace/LawMatics.SDK.Tests/TasksClientTests.cs(61,25): error CS0117: 'Task' does not contain a definition for 'DueDate' [/workspace/LawMatics.SDK.Tests/LawMatics.SDK.Tests.csproj]
/workspace/LawMatics.SDK.Tests/TasksClientTests.cs(62,25): error CS0117: 'Task' does not contain a definition for 'Priority' [/workspace/LawMatics.SDK.Tests/LawMatics.SDK.Tests.csproj]
/workspace/LawMatics.SDK.Tests/TasksClientTests.cs(63,25): error CS0117: 'Task' does not contain a definition for 'StatusId' [/workspace/LawMatics.SDK.Tests/LawMatics.SDK.Tests.csproj]
/workspace/LawMatics.SDK.Tests/TasksClientTests.cs(64,25): error CS0117: 'Task' does not contain a definition for 'AssignedToId' [/workspace/LawMatics.SDK.Tests/LawMatics.SDK.Tests.csproj]
/workspace/LawMatics.SDK.Tests/TasksClientTests.cs(65,25): error CS0117: 'Task' does not contain a definition for 'MatterId' [/workspace/LawMatics.SDK.Tests/LawMatics.SDK.Tests.csproj]
/workspace/LawMatics.SDK.Tests/TasksClientTests.cs(66,25): error CS0117: 'Task' does not contain a definition for 'ContactId' [/workspace/LawMatics.SDK.Tests/LawMatics.SDK.Tests.csproj]
/workspace/LawMatics.SDK.Tests/TasksClientTests.cs(67,25): error CS0200: Property or indexer 'Task.IsCompleted' cannot be assigned to -- it is read only [/workspace/LawMatics.SDK.Tests/LawMatics.SDK.Tests.csproj]
/workspace/LawMatics.SDK.Tests/TasksClientTests.cs(68,25): error CS0117: 'Task' does not contain a definition for 'CreatedAt' [/workspace/LawMatics.SDK.Tests/LawMatics.SDK.Tests.csproj]
/workspace/LawMatics.SDK.Tests/TasksClientTests.cs(73,21): error CS0117: 'PaginationInfo' does not contain a definition for 'Page' [/workspace/LawMatics.SDK.Tests/LawMatics.SDK.Tests.csproj]
/workspace/LawMatics.SDK.Tests/TasksClientTests.cs(74,21): error CS0117: 'PaginationInfo' does not contain a definition for 'PageSize' [/workspace/LawMatics.SDK.Tests/LawMatics.SDK.Tests.csproj]
/workspace/LawMatics.SDK.Tests/TasksClientTests.cs(75,21): error CS0117: 'PaginationInfo' does not contain a definition for 'TotalCount' [/workspace/LawMatics.SDK.Tests/LawMatics.SDK.Tests.csproj]
/workspace/LawMatics.SDK.Tests/TaskStatusesClientTests.cs(52,54): error CS0104: 'TaskStatus' is an ambiguous reference between 'LawMatics.SDK.Models.TaskStatus' and 'System.Threading.Tasks.TaskStatus' [/workspace/LawMatics.SDK.Tests/LawMatics.SDK.Tests.csproj]
/workspace/LawMatics.SDK.Tests/TaskStatusesClientTests.cs(54,33): error CS0104: 'TaskStatus' is an ambiguous reference between 'LawMatics.SDK.Models.TaskStatus' and 'System.Threading.Tasks.TaskStatus' [/workspace/LawMatics.SDK.Tests/LawMatics.SDK.Tests.csproj]
/workspace/LawMatics.SDK.Tests/TaskStatusesClientTests.cs(56,25): error CS0104: 'TaskStatus' is an ambiguous reference between 'LawMatics.SDK.Models.TaskStatus' and 'System.Threading.Tasks.TaskStatus' [/workspace/LawMatics.SDK.Tests/LawMatics.SDK.Tests.csproj]
/workspace/LawMatics.SDK.Tests/TaskStatusesClientTests.cs(70,21): error CS0117: 'PaginationInfo' does not contain a definition for 'Page' [/workspace/LawMatics.SDK.Tests/LawMatics.SDK.Tests.csproj]
/workspace/LawMatics.SDK.Tests/TaskStatusesClientTests.cs(71,21): error CS0117: 'PaginationInfo' does not contain a definition for 'PageSize' [/workspace/LawMatics.SDK.Tests/LawMatics.SDK.Tests.csproj]
/workspace/LawMatics.SDK.Tests/TaskStatusesClientTests.cs(72,21): error CS0117: 'PaginationInfo' does not contain a definition for 'TotalCount' [/workspace/LawMatics.SDK.Tests/LawMatics.SDK.Tests.csproj]
/workspace/LawMatics.SDK.Tests/SubtasksClientTests.cs(161,17): error CS0117: 'CreateSubtaskRequest' does not contain a definition for 'Order' [/workspace/LawMatics.SDK.Tests/LawMatics.SDK.Tests.csproj]
/workspace/LawMatics.SDK.Tests/SubtasksClientTests.cs(162,17): error CS0117: 'CreateSubtaskRequest' does not contain a definition for 'DueDate' [/workspace/LawMatics.SDK.Tests/LawMatics.SDK.Tests.csproj]
/workspace/LawMatics.SDK.Tests/SubtasksClientTests.cs(163,17): error CS0117: 'CreateSubtaskRequest' does not contain a definition for 'AssignedToId' [/workspace/LawMatics.SDK.Tests/LawMatics.SDK.Tests.csproj]
/workspace/LawMatics.SDK.Tests/SubtasksClientTests.cs(172,17): error CS0117: 'Subtask' does not contain a definition for 'Order' [/workspace/LawMatics.SDK.Tests/LawMatics.SDK.Tests.csproj]
/workspace/LawMatics.SDK.Tests/SubtasksClientTests.cs(172,33): error CS1061: 'CreateSubtaskRequest' does not contain a definition for 'Order' and no accessible extension method 'Order' accepting a first argument of type 'CreateSubtaskRequest' could be found (are you missing a using directive or an assembly reference?) [/workspace/LawMatics.SDK.Tests/LawMatics.SDK.Tests.csproj]
/workspace/LawMatics.SDK.Tests/SubtasksClientTests.cs(173,17): error CS0117: 'Subtask' does not contain a definition for 'DueDate' [/workspace/LawMatics.SDK.Tests/LawMatics.SDK.Tests.csproj]
/workspace/LawMatics.SDK.Tests/SubtasksClientTests.cs(173,35): error CS1061: 'CreateSubtaskRequest' does not contain a definition for 'DueDate' and no accessible extension method 'DueDate' accepting a first argument of type 'CreateSubtaskRequest' could be found (are you missing a using directive or an assembly reference?) [/workspace/LawMatics.SDK.Tests/LawMatics.SDK.Tests.csproj]
/workspace/LawMatics.SDK.Tests/SubtasksClientTests.cs(174,17): error CS0117: 'Subtask' does not contain a definition for 'AssignedToId' [/workspace/LawMatics.SDK.Tests/LawMatics.SDK.Tests.csproj]
/workspace/LawMatics.SDK.Tests/SubtasksClientTests.cs(174,40): error CS1061: 'CreateSubtaskRequest' does not contain a definition for 'AssignedToId' and no accessible extension method 'AssignedToId' accepting a first argument of type 'CreateSubtaskRequest' could be found (are you missing a using directive or an assembly reference?) [/workspace/LawMatics.SDK.Tests/LawMatics.SDK.Tests.csproj]
/workspace/LawMatics.SDK.Tests/MatterSubStatusesClientTests.cs(158,17): error CS0117: 'CreateMatterSubStatusRequest' does not contain a definition for 'MatterStatusId' [/workspace/LawMatics.SDK.Tests/LawMatics.SDK.Tests.csproj]
/workspace/LawMatics.SDK.Tests/MatterSubStatusesClientTests.cs(159,17): error CS0117: 'CreateMatterSubStatusRequest' does not contain a definition for 'Color' [/workspace/LawMatics.SDK.Tests/LawMatics.SDK.Tests.csproj]
/workspace/LawMatics.SDK.Tests/MatterSubStatusesClientTests.cs(160,17): error CS0117: 'CreateMatterSubStatusRequest' does not contain a definition for 'IsActive' [/workspace/LawMatics.SDK.Tests/LawMatics.SDK.Tests.csproj]
/workspace/LawMatics.SDK.Tests/MatterSubStatusesClientTests.cs(161,17): error CS0117: 'CreateMatterSubStatusRequest' does not contain a definition for 'SortOrder' [/workspace/LawMatics.SDK.Tests/LawMatics.SDK.Tests.csproj]
/workspace/LawMatics.SDK.Tests/MatterSubStatusesClientTests.cs(169,17): error CS0117: 'MatterSubStatus' does not contain a definition for 'MatterStatusId' [/workspace/LawMatics.SDK.Tests/LawMatics.SDK.Tests.csproj]
/workspace/LawMatics.SDK.Tests/MatterSubStatusesClientTests.cs(169,42): error CS1061: 'CreateMatterSubStatusRequest' does not contain a definition for 'MatterStatusId' and no accessible extension method 'MatterStatusId' accepting a first argument of type 'CreateMatterSubStatusRequest' could be found (are you missing a using directive or an assembly reference?) [/workspace/LawMatics.SDK.Tests/LawMatics.SDK.Tests.csproj]
/workspace/LawMatics.SDK.Tests/MatterSubStatusesClientTests.cs(170,17): error CS0117: 'MatterSubStatus' does not contain a definition for 'Color' [/workspace/LawMatics.SDK.Tests/LawMatics.SDK.Tests.csproj]
/workspace/LawMatics.SDK.Tests/MatterSubStatusesClientTests.cs(170,33): error CS1061: 'CreateMatterSubStatusRequest' does not contain a definition for 'Color' and no accessible extension method 'Color' accepting a first argument of type 'CreateMatterSubStatusRequest' could be found (are you missing a using directive or an assembly reference?) [/workspace/LawMatics.SDK.Tests/LawMatics.SDK.Tests.csproj]
/workspace/LawMatics.SDK.Tests/MatterSubStatusesClientTests.cs(171,17): error CS0117: 'MatterSubStatus' does not contain a definition for 'IsActive' [/workspace/LawMatics.SDK.Tests/LawMatics.SDK.Tests.csproj]
/workspace/LawMatics.SDK.Tests/MatterSubStatusesClientTests.cs(171,36): error CS1061: 'CreateMatterSubStatusRequest' does not contain a definition for 'IsActive' and no accessible extension method 'IsActive' accepting a first argument of type 'CreateMatterSubStatusRequest' could be found (are you missing a using directive or an assembly reference?) [/workspace/LawMatics.SDK.Tests/LawMatics.SDK.Tests.csproj]
/workspace/LawMatics.SDK.Tests/MatterSubStatusesClientTests.cs(172,17): error CS0117: 'MatterSubStatus' does not contain a definition for 'SortOrder' [/workspace/LawMatics.SDK.Tests/LawMatics.SDK.Tests.csproj]
/workspace/LawMatics.SDK.Tests/MatterSubStatusesClientTests.cs(172,37): error CS1061: 'CreateMatterSubStatusRequest' does not contain a definition for 'SortOrder' and no accessible extension method 'SortOrder' accepting a first argument of type 'CreateMatterSubStatusRequest' could be found (are you missing a using directive or an assembly reference?) [/workspace/LawMatics.SDK.Tests/LawMatics.SDK.Tests.csproj]
/workspace/LawMatics.SDK.Tests/MatterSubStatusesClientTests.cs(200,34): error CS1061: 'CreateMatterSubStatusRequest' does not contain a definition for 'MatterStatusId' and no accessible extension method 'MatterStatusId' accepting a first argument of type 'CreateMatterSubStatusRequest' could be found (are you missing a using directive or an assembly reference?) [/workspace/LawMatics.SDK.Tests/LawMatics.SDK.Tests.csproj]
/workspace/LawMatics.SDK.Tests/MatterSubStatusesClientTests.cs(200,57): error CS1061: 'MatterSubStatus' does not contain a definition for 'MatterStatusId' and no accessible extension method 'MatterStatusId' accepting a first argument of type 'MatterSubStatus' could be found (are you missing a using directive or an assembly reference?) [/workspace/LawMatics.SDK.Tests/LawMatics.SDK.Tests.csproj]
/workspace/LawMatics.SDK.Tests/TasksClientTests.cs(113,40): error CS1729: 'Task' does not contain a constructor that takes 0 arguments [/workspace/LawMatics.SDK.Tests/LawMatics.SDK.Tests.csproj]
/workspace/LawMatics.SDK.Tests/TasksClientTests.cs(115,17): error CS0200: Property or indexer 'Task.Id' cannot be assigned to -- it is read only [/workspace/LawMatics.SDK.Tests/LawMatics.SDK.Tests.csproj]
/workspace/LawMatics.SDK.Tests/TasksClientTests.cs(116,17): error CS0117: 'Task' does not contain a definition for 'Title' [/workspace/LawMatics.SDK.Tests/LawMatics.SDK.Tests.csproj]
/workspace/LawMatics.SDK.Tests/TasksClientTests.cs(117,17): error CS0117: 'Task' does not contain a definition for 'Description' [/workspace/LawMatics.SDK.Tests/LawMatics.SDK.Tests.csproj]
/workspace/LawMatics.SDK.Tests/TasksClientTests.cs(118,17): error CS0117: 'Task' does not contain a definition for 'DueDate' [/workspace/LawMatics.SDK.Tests/LawMatics.SDK.Tests.csproj]
/workspace/LawMatics.SDK.Tests/TasksClientTests.cs(119,17): error CS0117: 'Task' does not contain a definition for 'Priority' [/workspace/LawMatics.SDK.Tests/LawMatics.SDK.Tests.csproj]
/workspace/LawMatics.SDK.Tests/TasksClientTests.cs(120,17): error CS0117: 'Task' does not contain a definition for 'StatusId' [/workspace/LawMatics.SDK.Tests/LawMatics.SDK.Tests.csproj]
/workspace/LawMatics.SDK.Tests/TasksClientTests.cs(121,17): error CS0117: 'Task' does not contain a definition for 'AssignedToId' [/workspace/LawMatics.SDK.Tests/LawMatics.SDK.Tests.csproj]
/workspace/LawMatics.SDK.Tests/TasksClientTests.cs(122,17): error CS0117: 'Task' does not contain a definition for 'MatterId' [/workspace/LawMatics.SDK.Tests/LawMatics.SDK.Tests.csproj]
/workspace/LawMatics.SDK.Tests/TasksClientTests.cs(123,17): error CS0117: 'Task' does not contain a definition for 'ContactId' [/workspace/LawMatics.SDK.Tests/LawMatics.SDK.Tests.csproj]
/workspace/LawMatics.SDK.Tests/TasksClientTests.cs(124,17): error CS0200: Property or indexer 'Task.IsCompleted' cannot be assigned to -- it is read only [/workspace/LawMatics.SDK.Tests/LawMatics.SDK.Tests.csproj]
/workspace/LawMatics.SDK.Tests/TasksClientTests.cs(125,17): error CS0117: 'Task' does not contain a definition for 'CreatedAt' [/workspace/LawMatics.SDK.Tests/LawMatics.SDK.Tests.csproj]
/workspace/LawMatics.SDK.Tests/ExpensesClientTests.cs(421,27): error CS1503: Argument 1: cannot convert from 'LawMatics.SDK.Models.PagedResponse<LawMatics.SDK.Models.Expense>' to 'System.Collections.IEnumerable' [/workspace/LawMatics.SDK.Tests/LawMatics.SDK.Tests.csproj]
/workspace/LawMatics.SDK.Tests/ExpensesClientTests.cs(422,25): error CS0021: Cannot apply indexing with [] to an expression of type 'PagedResponse<Expense>' [/workspace/LawMatics.SDK.Tests/LawMatics.SDK.Tests.csproj]
/workspace/LawMatics.SDK.Tests/ExpensesClientTests.cs(422,56): error CS0021: Cannot apply indexing with [] to an expression of type 'PagedResponse<Expense>' [/workspace/LawMatics.SDK.Tests/LawMatics.SDK.Tests.csproj]
/workspace/LawMatics.SDK.Tests/MatterSubStatusesClientTests.cs(212,17): error CS0117: 'UpdateMatterSubStatusRequest' does not contain a definition for 'Color' [/workspace/LawMatics.SDK.Tests/LawMatics.SDK.Tests.csproj]
/workspace/LawMatics.SDK.Tests/MatterSubStatusesClientTests.cs(213,17): error CS0117: 'UpdateMatterSubStatusRequest' does not contain a definition for 'SortOrder' [/workspace/LawMatics.SDK.Tests/LawMatics.SDK.Tests.csproj]
/workspace/LawMatics.SDK.Tests/MatterSubStatusesClientTests.cs(221,17): error CS0117: 'MatterSubStatus' does not contain a definition for 'MatterStatusId' [/workspace/LawMatics.SDK.Tests/LawMatics.SDK.Tests.csproj]
/workspace/LawMatics.SDK.Tests/MatterSubStatusesClientTests.cs(222,17): error CS0117: 'MatterSubStatus' does not contain a definition for 'Color' [/workspace/LawMatics.SDK.Tests/LawMatics.SDK.Tests.csproj]
/workspace/LawMatics.SDK.Tests/MatterSubStatusesClientTests.cs(222,33): error CS1061: 'UpdateMatterSubStatusRequest' does not contain a definition for 'Color' and no accessible extension method 'Color' accepting a first argument of type 'UpdateMatterSubStatusRequest' could be found (are you missing a using directive or an assembly reference?) [/workspace/LawMatics.SDK.Tests/LawMatics.SDK.Tests.csproj]
/workspace/LawMatics.SDK.Tests/MatterSubStatusesClientTests.cs(223,17): error CS0117: 'MatterSubStatus' does not contain a definition for 'IsActive' [/workspace/LawMatics.SDK.Tests/LawMatics.SDK.Tests.csproj]
/workspace/LawMatics.SDK.Tests/MatterSubStatusesClientTests.cs(224,17): error CS0117: 'MatterSubStatus' does not contain a definition for 'SortOrder' [/workspace/LawMatics.SDK.Tests/LawMatics.SDK.Tests.csproj]
/workspace/LawMatics.SDK.Tests/MatterSubStatusesClientTests.cs(224,37): error CS1061: 'UpdateMatterSubStatusRequest' does not contain a definition for 'SortOrder' and no accessible extension method 'SortOrder' accepting a first argument of type 'UpdateMatterSubStatusRequest' could be found (are you missing a using directive or an assembly reference?) [/workspace/LawMatics.SDK.Tests/LawMatics.SDK.Tests.csproj]
/workspace/LawMatics.SDK.Tests/MatterSubStatusesClientTests.cs(253,34): error CS1061: 'UpdateMatterSubStatusRequest' does not contain a definition for 'SortOrder' and no accessible extension method 'SortOrder' accepting a first argument of type 'UpdateMatterSubStatusRequest' could be found (are you missing a using directive or an assembly reference?) [/workspace/LawMatics.SDK.Tests/LawMatics.SDK.Tests.csproj]
/workspace/LawMatics.SDK.Tests/MatterSubStatusesClientTests.cs(253,52): error CS1061: 'MatterSubStatus' does not contain a definition for 'SortOrder' and no accessible extension method 'SortOrder' accepting a first argument of type 'MatterSubStatus' could be found (are you missing a using directive or an assembly reference?) [/workspace/LawMatics.SDK.Tests/LawMatics.SDK.Tests.csproj]
/workspace/LawMatics.SDK.Tests/EmailCampaignStatsClientTests.cs(289,40): error CS0246: The type or namespace name 'EmailCampaignUnsubscribeStats' could not be found (are you missing a using directive or an assembly reference?) [/workspace/LawMatics.SDK.Tests/LawMatics.SDK.Tests.csproj]
/workspace/LawMatics.SDK.Tests/EmailCampaignStatsClientTests.cs(294,46): error CS0246: The type or namespace name 'DailyStat' could not be found (are you missing a using directive or an assembly reference?) [/workspace/LawMatics.SDK.Tests/LawMatics.SDK.Tests.csproj]
/workspace/LawMatics.SDK.Tests/EmailCampaignStatsClientTests.cs(296,25): error CS0246: The type or namespace name 'DailyStat' could not be found (are you missing a using directive or an assembly reference?) [/workspace/LawMatics.SDK.Tests/LawMatics.SDK.Tests.csproj]
/workspace/LawMatics.SDK.Tests/EmailCampaignStatsClientTests.cs(301,25): error CS0246: The type or namespace name 'DailyStat' could not be found (are you missing a using directive or an assembly reference?) [/workspace/LawMatics.SDK.Tests/LawMatics.SDK.Tests.csproj]
/workspace/LawMatics.SDK.Tests/EmailCampaignStatsClientTests.cs(307,49): error CS0246: The type or namespace name 'UnsubscribeReasonStat' could not be found (are you missing a using directive or an assembly reference?) [/workspace/LawMatics.SDK.Tests/LawMatics.SDK.Tests.csproj]
/workspace/LawMatics.SDK.Tests/EmailCampaignStatsClientTests.cs(309,25): error CS0246: The type or namespace name 'UnsubscribeReasonStat' could not be found (are you missing a using directive or an assembly reference?) [/workspace/LawMatics.SDK.Tests/LawMatics.SDK.Tests.csproj]
/workspace/LawMatics.SDK.Tests/EmailCampaignStatsClientTests.cs(314,25): error CS0246: The type or namespace name 'UnsubscribeReasonStat' could not be found (are you missing a using directive or an assembly reference?) [/workspace/LawMatics.SDK.Tests/LawMatics.SDK.Tests.csproj]
/workspace/LawMatics.SDK.Tests/EmailCampaignStatsClientTests.cs(340,39): error CS1061: 'EmailCampaignStatsClient' does not contain a definition for 'GetEmailCampaignUnsubscribeStatsAsync' and no accessible extension method 'GetEmailCampaignUnsubscribeStatsAsync' accepting a first argument of type 'EmailCampaignStatsClient' could be found (are you missing a using directive or an assembly reference?) [/workspace/LawMatics.SDK.Tests/LawMatics.SDK.Tests.csproj]
/workspace/LawMatics.SDK.Tests/TaskStatusesClientTests.cs(110,40): error CS0104: 'TaskStatus' is an ambiguous reference between 'LawMatics.SDK.Models.TaskStatus' and 'System.Threading.Tasks.TaskStatus' [/workspace/LawMatics.SDK.Tests/LawMatics.SDK.Tests.csproj]
/workspace/LawMatics.SDK.Tests/TaskStatusesClientTests.cs(146,32): error CS1061: 'TaskStatus' does not contain a definition for 'IsDefault' and no accessible extension method 'IsDefault' accepting a first argument of type 'TaskStatus' could be found (are you missing a using directive or an assembly reference?) [/workspace/LawMatics.SDK.Tests/LawMatics.SDK.Tests.csproj]
/workspace/LawMatics.SDK.Tests/SubtasksClientTests.cs(215,17): error CS0117: 'UpdateSubtaskRequest' does not contain a definition for 'Order' [/workspace/LawMatics.SDK.Tests/LawMatics.SDK.Tests.csproj]
/workspace/LawMatics.SDK.Tests/SubtasksClientTests.cs(216,17): error CS0117: 'UpdateSubtaskRequest' does not contain a definition for 'DueDate' [/workspace/LawMatics.SDK.Tests/LawMatics.SDK.Tests.csproj]
/workspace/LawMatics.SDK.Tests/SubtasksClientTests.cs(225,17): error CS0117: 'Subtask' does not contain a definition for 'Order' [/workspace/LawMatics.SDK.Tests/LawMatics.SDK.Tests.csproj]
/workspace/LawMatics.SDK.Tests/SubtasksClientTests.cs(225,33): error CS1061: 'UpdateSubtaskRequest' does not contain a definition for 'Order' and no accessible extension method 'Order' accepting a first argument of type 'UpdateSubtaskRequest' could be found (are you missing a using directive or an assembly reference?) [/workspace/LawMatics.SDK.Tests/LawMatics.SDK.Tests.csproj]
/workspace/LawMatics.SDK.Tests/SubtasksClientTests.cs(226,17): error CS0117: 'Subtask' does not contain a definition for 'DueDate' [/workspace/LawMatics.SDK.Tests/LawMatics.SDK.Tests.csproj]
/workspace/LawMatics.SDK.Tests/SubtasksClientTests.cs(226,35): error CS1061: 'UpdateSubtaskRequest' does not contain a definition for 'DueDate' and no accessible extension method 'DueDate' accepting a first argument of type 'UpdateSubtaskRequest' could be found (are you missing a using directive or an assembly reference?) [/workspace/LawMatics.SDK.Tests/LawMatics.SDK.Tests.csproj]
/workspace/LawMatics.SDK.Tests/SubtasksClientTests.cs(227,17): error CS0117: 'Subtask' does not contain a definition for 'AssignedToId' [/workspace/LawMatics.SDK.Tests/LawMatics.SDK.Tests.csproj]
/workspace/LawMatics.SDK.Tests/SubtasksClientTests.cs(257,34): error CS1061: 'UpdateSubtaskRequest' does not contain a definition for 'Order' and no accessible extension method 'Order' accepting a first argument of type 'UpdateSubtaskRequest' could be found (are you missing a using directive or an assembly reference?) [/workspace/LawMatics.SDK.Tests/LawMatics.SDK.Tests.csproj]
/workspace/LawMatics.SDK.Tests/SubtasksClientTests.cs(257,48): error CS1061: 'Subtask' does not contain a definition for 'Order' and no accessible extension method 'Order' accepting a first argument of type 'Subtask' could be found (are you missing a using directive or an assembly reference?) [/workspace/LawMatics.SDK.Tests/LawMatics.SDK.Tests.csproj]
/workspace/LawMatics.SDK.Tests/TasksClientTests.cs(172,40): error CS1729: 'Task' does not contain a constructor that takes 0 arguments [/workspace/LawMatics.SDK.Tests/LawMatics.SDK.Tests.csproj]
/workspace/LawMatics.SDK.Tests/TasksClientTests.cs(174,17): error CS0200: Property or indexer 'Task.Id' cannot be assigned to -- it is read only [/workspace/LawMatics.SDK.Tests/LawMatics.SDK.Tests.csproj]
/workspace/LawMatics.SDK.Tests/TasksClientTests.cs(175,17): error CS0117: 'Task' does not contain a definition for 'Title' [/workspace/LawMatics.SDK.Tests/LawMatics.SDK.Tests.csproj]
/workspace/LawMatics.SDK.Tests/TasksClientTests.cs(176,17): error CS0117: 'Task' does not contain a definition for 'Description' [/workspace/LawMatics.SDK.Tests/LawMatics.SDK.Tests.csproj]
/workspace/LawMatics.SDK.Tests/TasksClientTests.cs(177,17): error CS0117: 'Task' does not contain a definition for 'DueDate' [/workspace/LawMatics.SDK.Tests/LawMatics.SDK.Tests.csproj]
/workspace/LawMatics.SDK.Tests/TasksClientTests.cs(178,17): error CS0117: 'Task' does not contain a definition for 'Priority' [/workspace/LawMatics.SDK.Tests/LawMatics.SDK.Tests.csproj]
/workspace/LawMatics.SDK.Tests/TasksClientTests.cs(179,17): error CS0117: 'Task' does not contain a definition for 'StatusId' [/workspace/LawMatics.SDK.Tests/LawMatics.SDK.Tests.csproj]
/workspace/LawMatics.SDK.Tests/TasksClientTests.cs(180,17): error CS0117: 'Task' does not contain a definition for 'AssignedToId' [/workspace/LawMatics.SDK.Tests/LawMatics.SDK.Tests.csproj]
/workspace/LawMatics.SDK.Tests/TasksClientTests.cs(181,17): error CS0117: 'Task' does not contain a definition for 'MatterId' [/workspace/LawMatics.SDK.Tests/LawMatics.SDK.Tests.csproj]
/workspace/LawMatics.SDK.Tests/TasksClientTests.cs(182,17): error CS0117: 'Task' does not contain a definition for 'ContactId' [/workspace/LawMatics.SDK.Tests/LawMatics.SDK.Tests.csproj]
/workspace/LawMatics.SDK.Tests/TasksClientTests.cs(183,17): error CS0200: Property or indexer 'Task.IsCompleted' cannot be assigned to -- it is read only [/workspace/LawMatics.SDK.Tests/LawMatics.SDK.Tests.csproj]
/workspace/LawMatics.SDK.Tests/TasksClientTests.cs(184,17): error CS0117: 'Task' does not contain a definition for 'CreatedAt' [/workspace/LawMatics.SDK.Tests/LawMatics.SDK.Tests.csproj]
/workspace/LawMatics.SDK.Tests/EmailCampaignStatsClientTests.cs(355,45): error CS0246: The type or namespace name 'EngagementDataPoint' could not be found (are you missing a using directive or an assembly reference?) [/workspace/LawMatics.SDK.Tests/LawMatics.SDK.Tests.csproj]
/workspace/LawMatics.SDK.Tests/EmailCampaignStatsClientTests.cs(357,21): error CS0246: The type or namespace name 'EngagementDataPoint' could not be found (are you missing a using directive or an assembly reference?) [/workspace/LawMatics.SDK.Tests/LawMatics.SDK.Tests.csproj]
/workspace/LawMatics.SDK.Tests/EmailCampaignStatsClientTests.cs(366,21): error CS0246: The type or namespace name 'EngagementDataPoint' could not be found (are you missing a using directive or an assembly reference?) [/workspace/LawMatics.SDK.Tests/LawMatics.SDK.Tests.csproj]
/workspace/LawMatics.SDK.Tests/EmailCampaignStatsClientTests.cs(392,39): error CS1061: 'EmailCampaignStatsClient' does not contain a definition for 'GetEmailCampaignEngagementTimelineAsync' and no accessible extension method 'GetEmailCampaignEngagementTimelineAsync' accepting a first argument of type 'EmailCampaignStatsClient' could be found (are you missing a using directive or an assembly reference?) [/workspace/LawMatics.SDK.Tests/LawMatics.SDK.Tests.csproj]
/workspace/LawMatics.SDK.Tests/TaskStatusesClientTests.cs(159,17): error CS0117: 'CreateTaskStatusRequest' does not contain a definition for 'IsDefault' [/workspace/LawMatics.SDK.Tests/LawMatics.SDK.Tests.csproj]
/workspace/LawMatics.SDK.Tests/TaskStatusesClientTests.cs(160,17): error CS0117: 'CreateTaskStatusRequest' does not contain a definition for 'IsActive' [/workspace/LawMatics.SDK.Tests/LawMatics.SDK.Tests.csproj]
/workspace/LawMatics.SDK.Tests/TaskStatusesClientTests.cs(164,40): error CS0104: 'TaskStatus' is an ambiguous reference between 'LawMatics.SDK.Models.TaskStatus' and 'System.Threading.Tasks.TaskStatus' [/workspace/LawMatics.SDK.Tests/LawMatics.SDK.Tests.csproj]
/workspace/LawMatics.SDK.Tests/TaskStatusesClientTests.cs(170,37): error CS1061: 'CreateTaskStatusRequest' does not contain a definition for 'IsDefault' and no accessible extension method 'IsDefault' accepting a first argument of type 'CreateTaskStatusRequest' could be found (are you missing a using directive or an assembly reference?) [/workspace/LawMatics.SDK.Tests/LawMatics.SDK.Tests.csproj]
/workspace/LawMatics.SDK.Tests/TaskStatusesClientTests.cs(171,36): error CS1061: 'CreateTaskStatusRequest' does not contain a definition for 'IsActive' and no accessible extension method 'IsActive' accepting a first argument of type 'CreateTaskStatusRequest' could be found (are you missing a using directive or an assembly reference?) [/workspace/LawMatics.SDK.Tests/LawMatics.SDK.Tests.csproj]
/workspace/LawMatics.SDK.Tests/SubtasksClientTests.cs(297,17): error CS0117: 'Subtask' does not contain a definition for 'CompletedById' [/workspace/LawMatics.SDK.Tests/LawMatics.SDK.Tests.csproj]
/workspace/LawMatics.SDK.Tests/MatterSubStatusesClientTests.cs(292,21): error CS0117: 'MatterSubStatus' does not contain a definition for 'MatterStatusId' [/workspace/LawMatics.SDK.Tests/LawMatics.SDK.Tests.csproj]
/workspace/LawMatics.SDK.Tests/MatterSubStatusesClientTests.cs(293,21): error CS0117: 'MatterSubStatus' does not contain a definition for 'IsActive' [/workspace/LawMatics.SDK.Tests/LawMatics.SDK.Tests.csproj]
/workspace/LawMatics.SDK.Tests/MatterSubStatusesClientTests.cs(300,21): error CS0117: 'MatterSubStatus' does not contain a definition for 'MatterStatusId' [/workspace/LawMatics.SDK.Tests/LawMatics.SDK.Tests.csproj]
/workspace/LawMatics.SDK.Tests/MatterSubStatusesClientTests.cs(301,21): error CS0117: 'MatterSubStatus' does not contain a definition for 'IsActive' [/workspace/LawMatics.SDK.Tests/LawMatics.SDK.Tests.csproj]
/workspace/LawMatics.SDK.Tests/MatterSubStatusesClientTests.cs(324,39): error CS1061: 'MatterSubStatusesClient' does not contain a definition for 'GetMatterSubStatusesByStatusAsync' and no accessible extension method 'GetMatterSubStatusesByStatusAsync' accepting a first argument of type 'MatterSubStatusesClient' could be found (are you missing a using directive or an assembly reference?) [/workspace/LawMatics.SDK.Tests/LawMatics.SDK.Tests.csproj]
/workspace/LawMatics.SDK.Tests/TasksClientTests.cs(227,40): error CS1729: 'Task' does not contain a constructor that takes 0 arguments [/workspace/LawMatics.SDK.Tests/LawMatics.SDK.Tests.csproj]
/workspace/LawMatics.SDK.Tests/TasksClientTests.cs(229,17): error CS0200: Property or indexer 'Task.Id' cannot be assigned to -- it is read only [/workspace/LawMatics.SDK.Tests/LawMatics.SDK.Tests.csproj]
/workspace/LawMatics.SDK.Tests/TasksClientTests.cs(230,17): error CS0117: 'Task' does not contain a definition for 'Title' [/workspace/LawMatics.SDK.Tests/LawMatics.SDK.Tests.csproj]
/workspace/LawMatics.SDK.Tests/TasksClientTests.cs(231,17): error CS0117: 'Task' does not contain a definition for 'Description' [/workspace/LawMatics.SDK.Tests/LawMatics.SDK.Tests.csproj]
/workspace/LawMatics.SDK.Tests/TasksClientTests.cs(232,17): error CS0117: 'Task' does not contain a definition for 'Priority' [/workspace/LawMatics.SDK.Tests/LawMatics.SDK.Tests.csproj]
/workspace/LawMatics.SDK.Tests/TasksClientTests.cs(233,17): error CS0117: 'Task' does not contain a definition for 'DueDate' [/workspace/LawMatics.SDK.Tests/LawMatics.SDK.Tests.csproj]
/workspace/LawMatics.SDK.Tests/TasksClientTests.cs(234,17): error CS0117: 'Task' does not contain a definition for 'StatusId' [/workspace/LawMatics.SDK.Tests/LawMatics.SDK.Tests.csproj]
/workspace/LawMatics.SDK.Tests/TasksClientTests.cs(235,17): error CS0117: 'Task' does not contain a definition for 'AssignedToId' [/workspace/LawMatics.SDK.Tests/LawMatics.SDK.Tests.csproj]
/workspace/LawMatics.SDK.Tests/TasksClientTests.cs(236,17): error CS0200: Property or indexer 'Task.IsCompleted' cannot be assigned to -- it is read only [/workspace/LawMatics.SDK.Tests/LawMatics.SDK.Tests.csproj]
/workspace/LawMatics.SDK.Tests/TasksClientTests.cs(237,17): error CS0117: 'Task' does not contain a definition for 'CreatedAt' [/workspace/LawMatics.SDK.Tests/LawMatics.SDK.Tests.csproj]
/workspace/LawMatics.SDK.Tests/TasksClientTests.cs(238,17): error CS0117: 'Task' does not contain a definition for 'UpdatedAt' [/workspace/LawMatics.SDK.Tests/LawMatics.SDK.Tests.csproj]
/workspace/LawMatics.SDK.Tests/MatterSubStatusesClientTests.cs(337,36): error CS0246: The type or namespace name 'ReorderMatterSubStatusesRequest' could not be found (are you missing a using directive or an assembly reference?) [/workspace/LawMatics.SDK.Tests/LawMatics.SDK.Tests.csproj]
/workspace/LawMatics.SDK.Tests/MatterSubStatusesClientTests.cs(339,44): error CS0246: The type or namespace name 'SubStatusOrder' could not be found (are you missing a using directive or an assembly reference?) [/workspace/LawMatics.SDK.Tests/LawMatics.SDK.Tests.csproj]
/workspace/LawMatics.SDK.Tests/MatterSubStatusesClientTests.cs(341,25): error CS0246: The type or namespace name 'SubStatusOrder' could not be found (are you missing a using directive or an assembly reference?) [/workspace/LawMatics.SDK.Tests/LawMatics.SDK.Tests.csproj]
/workspace/LawMatics.SDK.Tests/MatterSubStatusesClientTests.cs(342,25): error CS0246: The type or namespace name 'SubStatusOrder' could not be found (are you missing a using directive or an assembly reference?) [/workspace/LawMatics.SDK.Tests/LawMatics.SDK.Tests.csproj]
/workspace/LawMatics.SDK.Tests/MatterSubStatusesClientTests.cs(360,26): error CS1061: 'MatterSubStatusesClient' does not contain a definition for 'ReorderMatterSubStatusesAsync' and no accessible extension method 'ReorderMatterSubStatusesAsync' accepting a first argument of type 'MatterSubStatusesClient' could be found (are you missing a using directive or an assembly reference?) [/workspace/LawMatics.SDK.Tests/LawMatics.SDK.Tests.csproj]
/workspace/LawMatics.SDK.Tests/SubtasksClientTests.cs(339,21): error CS0117: 'Subtask' does not contain a definition for 'Order' [/workspace/LawMatics.SDK.Tests/LawMatics.SDK.Tests.csproj]
/workspace/LawMatics.SDK.Tests/SubtasksClientTests.cs(348,21): error CS0117: 'Subtask' does not contain a definition for 'Order' [/workspace/LawMatics.SDK.Tests/LawMatics.SDK.Tests.csproj]
/workspace/LawMatics.SDK.Tests/SubtasksClientTests.cs(376,36): error CS1061: 'PagedResponse<Subtask>' does not contain a definition for 'Count' and no accessible extension method 'Count' accepting a first argument of type 'PagedResponse<Subtask>' could be found (are you missing a using directive or an assembly reference?) [/workspace/LawMatics.SDK.Tests/LawMatics.SDK.Tests.csproj]
/workspace/LawMatics.SDK.Tests/SubtasksClientTests.cs(377,20): error CS0411: The type arguments for method 'Assert.All<T>(IAsyncEnumerable<T>, Action<T>)' cannot be inferred from the usage. Try specifying the type arguments explicitly. [/workspace/LawMatics.SDK.Tests/LawMatics.SDK.Tests.csproj]
/workspace/LawMatics.SDK.Tests/TaskStatusesClientTests.cs(216,40): error CS0104: 'TaskStatus' is an ambiguous reference between 'LawMatics.SDK.Models.TaskStatus' and 'System.Threading.Tasks.TaskStatus' [/workspace/LawMatics.SDK.Tests/LawMatics.SDK.Tests.csproj]
/workspace/LawMatics.SDK.Tests/EmailCampaignStatsClientTests.cs(405,45): error CS0246: The type or namespace name 'GeographicStat' could not be found (are you missing a using directive or an assembly reference?) [/workspace/LawMatics.SDK.Tests/LawMatics.SDK.Tests.csproj]
/workspace/LawMatics.SDK.Tests/EmailCampaignStatsClientTests.cs(407,21): error CS0246: The type or namespace name 'GeographicStat' could not be found (are you missing a using directive or an assembly reference?) [/workspace/LawMatics.SDK.Tests/LawMatics.SDK.Tests.csproj]
/workspace/LawMatics.SDK.Tests/EmailCampaignStatsClientTests.cs(415,21): error CS0246: The type or namespace name 'GeographicStat' could not be found (are you missing a using directive or an assembly reference?) [/workspace/LawMatics.SDK.Tests/LawMatics.SDK.Tests.csproj]
/workspace/LawMatics.SDK.Tests/EmailCampaignStatsClientTests.cs(443,39): error CS1061: 'EmailCampaignStatsClient' does not contain a definition for 'GetEmailCampaignGeographicStatsAsync' and no accessible extension method 'GetEmailCampaignGeographicStatsAsync' accepting a first argument of type 'EmailCampaignStatsClient' could be found (are you missing a using directive or an assembly reference?) [/workspace/LawMatics.SDK.Tests/LawMatics.SDK.Tests.csproj]
/workspace/LawMatics.SDK.Tests/SubtasksClientTests.cs(385,36): error CS0246: The type or namespace name 'ReorderSubtasksRequest' could not be found (are you missing a using directive or an assembly reference?) [/workspace/LawMatics.SDK.Tests/LawMatics.SDK.Tests.csproj]
/workspace/LawMatics.SDK.Tests/SubtasksClientTests.cs(390,40): error CS0117: 'SubtaskOrder' does not contain a definition for 'Id' [/workspace/LawMatics.SDK.Tests/LawMatics.SDK.Tests.csproj]
/workspace/LawMatics.SDK.Tests/SubtasksClientTests.cs(391,40): error CS0117: 'SubtaskOrder' does not contain a definition for 'Id' [/workspace/LawMatics.SDK.Tests/LawMatics.SDK.Tests.csproj]
/workspace/LawMatics.SDK.Tests/TasksClientTests.cs(298,40): error CS1729: 'Task' does not contain a constructor that takes 0 arguments [/workspace/LawMatics.SDK.Tests/LawMatics.SDK.Tests.csproj]
/workspace/LawMatics.SDK.Tests/TasksClientTests.cs(300,17): error CS0200: Property or indexer 'Task.Id' cannot be assigned to -- it is read only [/workspace/LawMatics.SDK.Tests/LawMatics.SDK.Tests.csproj]
/workspace/LawMatics.SDK.Tests/TasksClientTests.cs(301,17): error CS0117: 'Task' does not contain a definition for 'Title' [/workspace/LawMatics.SDK.Tests/LawMatics.SDK.Tests.csproj]
/workspace/LawMatics.SDK.Tests/TasksClientTests.cs(302,17): error CS0200: Property or indexer 'Task.IsCompleted' cannot be assigned to -- it is read only [/workspace/LawMatics.SDK.Tests/LawMatics.SDK.Tests.csproj]
/workspace/LawMatics.SDK.Tests/TasksClientTests.cs(303,17): error CS0117: 'Task' does not contain a definition for 'CompletedAt' [/workspace/LawMatics.SDK.Tests/LawMatics.SDK.Tests.csproj]
/workspace/LawMatics.SDK.Tests/TasksClientTests.cs(304,17): error CS0117: 'Task' does not contain a definition for 'CompletedById' [/workspace/LawMatics.SDK.Tests/LawMatics.SDK.Tests.csproj]
/workspace/LawMatics.SDK.Tests/TasksClientTests.cs(305,17): error CS0117: 'Task' does not contain a definition for 'UpdatedAt' [/workspace/LawMatics.SDK.Tests/LawMatics.SDK.Tests.csproj]
/workspace/LawMatics.SDK.Tests/TasksClientTests.cs(330,32): error CS1061: 'TaskItem' does not contain a definition for 'IsCompleted' and no accessible extension method 'IsCompleted' accepting a first argument of type 'TaskItem' could be found (are you missing a using directive or an assembly reference?) [/workspace/LawMatics.SDK.Tests/LawMatics.SDK.Tests.csproj]
/workspace/LawMatics.SDK.Tests/TasksClientTests.cs(341,21): error CS1729: 'Task' does not contain a constructor that takes 0 arguments [/workspace/LawMatics.SDK.Tests/LawMatics.SDK.Tests.csproj]
/workspace/LawMatics.SDK.Tests/TasksClientTests.cs(343,21): error CS0200: Property or indexer 'Task.Id' cannot be assigned to -- it is read only [/workspace/LawMatics.SDK.Tests/LawMatics.SDK.Tests.csproj]
/workspace/LawMatics.SDK.Tests/TasksClientTests.cs(344,21): error CS0117: 'Task' does not contain a definition for 'Title' [/workspace/LawMatics.SDK.Tests/LawMatics.SDK.Tests.csproj]
/workspace/LawMatics.SDK.Tests/TasksClientTests.cs(345,21): error CS0117: 'Task' does not contain a definition for 'MatterId' [/workspace/LawMatics.SDK.Tests/LawMatics.SDK.Tests.csproj]
/workspace/LawMatics.SDK.Tests/TasksClientTests.cs(346,21): error CS0200: Property or indexer 'Task.IsCompleted' cannot be assigned to -- it is read only [/workspace/LawMatics.SDK.Tests/LawMatics.SDK.Tests.csproj]
/workspace/LawMatics.SDK.Tests/TasksClientTests.cs(347,21): error CS0117: 'Task' does not contain a definition for 'CreatedAt' [/workspace/LawMatics.SDK.Tests/LawMatics.SDK.Tests.csproj]
/workspace/LawMatics.SDK.Tests/TasksClientTests.cs(373,27): error CS1503: Argument 1: cannot convert from 'LawMatics.SDK.Models.PagedResponse<LawMatics.SDK.Models.TaskItem>' to 'System.Collections.IEnumerable' [/workspace/LawMatics.SDK.Tests/LawMatics.SDK.Tests.csproj]
/workspace/LawMatics.SDK.Tests/TasksClientTests.cs(374,20): error CS0411: The type arguments for method 'Assert.All<T>(IAsyncEnumerable<T>, Action<T>)' cannot be inferred from the usage. Try specifying the type arguments explicitly. [/workspace/LawMatics.SDK.Tests/LawMatics.SDK.Tests.csproj]
/workspace/LawMatics.SDK.Tests/TaskStatusesClientTests.cs(286,45): error CS0104: 'TaskStatus' is an ambiguous reference between 'LawMatics.SDK.Models.TaskStatus' and 'System.Threading.Tasks.TaskStatus' [/workspace/LawMatics.SDK.Tests/LawMatics.SDK.Tests.csproj]
/workspace/LawMatics.SDK.Tests/TaskStatusesClientTests.cs(288,21): error CS0104: 'TaskStatus' is an ambiguous reference between 'LawMatics.SDK.Models.TaskStatus' and 'System.Threading.Tasks.TaskStatus' [/workspace/LawMatics.SDK.Tests/LawMatics.SDK.Tests.csproj]
/workspace/LawMatics.SDK.Tests/TaskStatusesClientTests.cs(319,27): error CS1503: Argument 1: cannot convert from 'LawMatics.SDK.Models.PagedResponse<LawMatics.SDK.Models.TaskStatus>' to 'System.Collections.IEnumerable' [/workspace/LawMatics.SDK.Tests/LawMatics.SDK.Tests.csproj]
/workspace/LawMatics.SDK.Tests/TaskStatusesClientTests.cs(320,25): error CS0021: Cannot apply indexing with [] to an expression of type 'PagedResponse<TaskStatus>' [/workspace/LawMatics.SDK.Tests/LawMatics.SDK.Tests.csproj]
/workspace/LawMatics.SDK.Tests/TaskStatusesClientTests.cs(321,43): error CS0021: Cannot apply indexing with [] to an expression of type 'PagedResponse<TaskStatus>' [/workspace/LawMatics.SDK.Tests/LawMatics.SDK.Tests.csproj]
/workspace/LawMatics.SDK.Tests/TasksClientTests.cs(384,21): error CS1729: 'Task' does not contain a constructor that takes 0 arguments [/workspace/LawMatics.SDK.Tests/LawMatics.SDK.Tests.csproj]
/workspace/LawMatics.SDK.Tests/TasksClientTests.cs(386,21): error CS0200: Property or indexer 'Task.Id' cannot be assigned to -- it is read only [/workspace/LawMatics.SDK.Tests/LawMatics.SDK.Tests.csproj]
/workspace/LawMatics.SDK.Tests/TasksClientTests.cs(387,21): error CS0117: 'Task' does not contain a definition for 'Title' [/workspace/LawMatics.SDK.Tests/LawMatics.SDK.Tests.csproj]
/workspace/LawMatics.SDK.Tests/TasksClientTests.cs(388,21): error CS0117: 'Task' does not contain a definition for 'AssignedToId' [/workspace/LawMatics.SDK.Tests/LawMatics.SDK.Tests.csproj]
/workspace/LawMatics.SDK.Tests/TasksClientTests.cs(389,21): error CS0200: Property or indexer 'Task.IsCompleted' cannot be assigned to -- it is read only [/workspace/LawMatics.SDK.Tests/LawMatics.SDK.Tests.csproj]
/workspace/LawMatics.SDK.Tests/TasksClientTests.cs(390,21): error CS0117: 'Task' does not contain a definition for 'CreatedAt' [/workspace/LawMatics.SDK.Tests/LawMatics.SDK.Tests.csproj]
/workspace/LawMatics.SDK.Tests/TasksClientTests.cs(416,27): error CS1503: Argument 1: cannot convert from 'LawMatics.SDK.Models.PagedResponse<LawMatics.SDK.Models.TaskItem>' to 'System.Collections.IEnumerable' [/workspace/LawMatics.SDK.Tests/LawMatics.SDK.Tests.csproj]
/workspace/LawMatics.SDK.Tests/TasksClientTests.cs(417,20): error CS0411: The type arguments for method 'Assert.All<T>(IAsyncEnumerable<T>, Action<T>)' cannot be inferred from the usage. Try specifying the type arguments explicitly. [/workspace/LawMatics.SDK.Tests/LawMatics.SDK.Tests.csproj]
/workspace/LawMatics.SDK.Tests/TaskStatusesClientTests.cs(329,40): error CS0104: 'TaskStatus' is an ambiguous reference between 'LawMatics.SDK.Models.TaskStatus' and 'System.Threading.Tasks.TaskStatus' [/workspace/LawMatics.SDK.Tests/LawMatics.SDK.Tests.csproj]
/workspace/LawMatics.SDK.Tests/TaskStatusesClientTests.cs(356,39): error CS1061: 'TaskStatusesClient' does not contain a definition for 'GetDefaultTaskStatusAsync' and no accessible extension method 'GetDefaultTaskStatusAsync' accepting a first argument of type 'TaskStatusesClient' could be found (are you missing a using directive or an assembly reference?) [/workspace/LawMatics.SDK.Tests/LawMatics.SDK.Tests.csproj]
/workspace/LawMatics.SDK.Tests/TaskStatusesClientTests.cs(383,26): error CS1061: 'TaskStatusesClient' does not contain a definition for 'SetDefaultTaskStatusAsync' and no accessible extension method 'SetDefaultTaskStatusAsync' accepting a first argument of type 'TaskStatusesClient' could be found (are you missing a using directive or an assembly reference?) [/workspace/LawMatics.SDK.Tests/LawMatics.SDK.Tests.csproj]
/workspace/LawMatics.SDK.Tests/CommentsClientTests.cs(241,13): warning xUnit2002: Do not use Assert.NotNull() on value type 'bool'. Remove this assert. (https://xunit.net/xunit.analyzers/rules/xUnit2002) [/workspace/LawMatics.SDK.Tests/LawMatics.SDK.Tests.csproj]

Build FAILED.

/workspace/LawMatics.SDK.Tests/CommentsClientTests.cs(78,90): warning CS8602: Dereference of a possibly null reference. [/workspace/LawMatics.SDK.Tests/LawMatics.SDK.Tests.csproj]
/workspace/LawMatics.SDK.Tests/CommentsClientTests.cs(121,90): warning CS8602: Dereference of a possibly null reference. [/workspace/LawMatics.SDK.Tests/LawMatics.SDK.Tests.csproj]
/workspace/LawMatics.SDK.Tests/CommentsClientTests.cs(170,91): warning CS8602: Dereference of a possibly null reference. [/workspace/LawMatics.SDK.Tests/LawMatics.SDK.Tests.csproj]
/workspace/LawMatics.SDK.Tests/CommentsClientTests.cs(202,93): warning CS8602: Dereference of a possibly null reference. [/workspace/LawMatics.SDK.Tests/LawMatics.SDK.Tests.csproj]
/workspace/LawMatics.SDK.Tests/CommentsClientTests.cs(231,91): warning CS8602: Dereference of a possibly null reference. [/workspace/LawMatics.SDK.Tests/LawMatics.SDK.Tests.csproj]
/workspace/LawMatics.SDK.Tests/CommentsClientTests.cs(241,13): warning xUnit2002: Do not use Assert.NotNull() on value type 'bool'. Remove this assert. (https://xunit.net/xunit.analyzers/rules/xUnit2002) [/workspace/LawMatics.SDK.Tests/LawMatics.SDK.Tests.csproj]
/workspace/LawMatics.SDK.Tests/TimeEntriesClientTests.cs(60,25): error CS0117: 'TimeEntry' does not contain a definition for 'Duration' [/workspace/LawMatics.SDK.Tests/LawMatics.SDK.Tests.csproj]
/workspace/LawMatics.SDK.Tests/TimeEntriesClientTests.cs(61,25): error CS0117: 'TimeEntry' does not contain a definition for 'StartTime' [/workspace/LawMatics.SDK.Tests/LawMatics.SDK.Tests.csproj]
/workspace/LawMatics.SDK.Tests/TimeEntriesClientTests.cs(62,25): error CS0117: 'TimeEntry' does not contain a definition for 'EndTime' [/workspace/LawMatics.SDK.Tests/LawMatics.SDK.Tests.csproj]
/workspace/LawMatics.SDK.Tests/TimeEntriesClientTests.cs(63,25): error CS0117: 'TimeEntry' does not contain a definition for 'HourlyRate' [/workspace/LawMatics.SDK.Tests/LawMatics.SDK.Tests.csproj]
/workspace/LawMatics.SDK.Tests/TimeEntriesClientTests.cs(66,25): error CS0117: 'TimeEntry' does not contain a definition for 'IsBillable' [/workspace/LawMatics.SDK.Tests/LawMatics.SDK.Tests.csproj]
/workspace/LawMatics.SDK.Tests/TimeEntriesClientTests.cs(72,21): error CS0117: 'PaginationInfo' does not contain a definition for 'Page' [/workspace/LawMatics.SDK.Tests/LawMatics.SDK.Tests.csproj]
/workspace/LawMatics.SDK.Tests/TimeEntriesClientTests.cs(73,21): error CS0117: 'PaginationInfo' does not contain a definition for 'PageSize' [/workspace/LawMatics.SDK.Tests/LawMatics.SDK.Tests.csproj]
/workspace/LawMatics.SDK.Tests/TimeEntriesClientTests.cs(74,21): error CS0117: 'PaginationInfo' does not contain a definition for 'TotalCount' [/workspace/LawMatics.SDK.Tests/LawMatics.SDK.Tests.csproj]
/workspace/LawMatics.SDK.Tests/TimeEntriesClientTests.cs(116,17): error CS0117: 'TimeEntry' does not contain a definition for 'Duration' [/workspace/LawMatics.SDK.Tests/LawMatics.SDK.Tests.csproj]
/workspace/LawMatics.SDK.Tests/TimeEntriesClientTests.cs(117,17): error CS0117: 'TimeEntry' does not contain a definition for 'StartTime' [/workspace/LawMatics.SDK.Tests/LawMatics.SDK.Tests.csproj]
/workspace/LawMatics.SDK.Tests/TimeEntriesClientTests.cs(118,17): error CS0117: 'TimeEntry' does not contain a definition for 'EndTime' [/workspace/LawMatics.SDK.Tests/LawMatics.SDK.Tests.csproj]
/workspace/LawMatics.SDK.Tests/TimeEntriesClientTests.cs(119,17): error CS0117: 'TimeEntry' does not contain a definition for 'HourlyRate' [/workspace/LawMatics.SDK.Tests/LawMatics.SDK.Tests.csproj]
/workspace/LawMatics.SDK.Tests/TimeEntriesClientTests.cs(122,17): error CS0117: 'TimeEntry' does not contain a definition for 'IsBillable' [/workspace/LawMatics.SDK.Tests/LawMatics.SDK.Tests.csproj]
/workspace/LawMatics.SDK.Tests/TimeEntriesClientTests.cs(150,37): error CS1061: 'TimeEntry' does not contain a definition for 'Duration' and no accessible extension method 'Duration' accepting a first argument of type 'TimeEntry' could be found (are you missing a using directive or an assembly reference?) [/workspace/LawMatics.SDK.Tests/LawMatics.SDK.Tests.csproj]
/workspace/LawMatics.SDK.Tests/AddressesClientTests.cs(58,25): error CS0117: 'Address' does not contain a definition for 'Id' [/workspace/LawMatics.SDK.Tests/LawMatics.SDK.Tests.csproj]
/workspace/LawMatics.SDK.Tests/AddressesClientTests.cs(62,25): error CS0117: 'Address' does not contain a definition for 'ZipCode' [/workspace/LawMatics.SDK.Tests/LawMatics.SDK.Tests.csproj]
/workspace/LawMatics.SDK.Tests/AddressesClientTests.cs(64,25): error CS0117: 'Address' does not contain a definition for 'AddressType' [/workspace/LawMatics.SDK.Tests/LawMatics.SDK.Tests.csproj]
/workspace/LawMatics.SDK.Tests/AddressesClientTests.cs(65,25): error CS0117: 'Address' does not contain a definition for 'IsPrimary' [/workspace/LawMatics.SDK.Tests/LawMatics.SDK.Tests.csproj]
/workspace/LawMatics.SDK.Tests/AddressesClientTests.cs(70,21): error CS0117: 'PaginationInfo' does not contain a definition for 'Page' [/workspace/LawMatics.SDK.Tests/LawMatics.SDK.Tests.csproj]
/workspace/LawMatics.SDK.Tests/AddressesClientTests.cs(71,21): error CS0117: 'PaginationInfo' does not contain a definition for 'PageSize' [/workspace/LawMatics.SDK.Tests/LawMatics.SDK.Tests.csproj]
/workspace/LawMatics.SDK.Tests/AddressesClientTests.cs(72,21): error CS0117: 'PaginationInfo' does not contain a definition for 'TotalCount' [/workspace/LawMatics.SDK.Tests/LawMatics.SDK.Tests.csproj]
/workspace/LawMatics.SDK.Tests/AddressesClientTests.cs(101,44): error CS1061: 'Address' does not contain a definition for 'Id' and no accessible extension method 'Id' accepting a first argument of type 'Address' could be found (are you missing a using directive or an assembly reference?) [/workspace/LawMatics.SDK.Tests/LawMatics.SDK.Tests.csproj]
/workspace/LawMatics.SDK.Tests/CustomContactTypesClientTests.cs(61,25): error CS0117: 'CustomContactType' does not contain a definition for 'Color' [/workspace/LawMatics.SDK.Tests/LawMatics.SDK.Tests.csproj]
/workspace/LawMatics.SDK.Tests/CustomContactTypesClientTests.cs(62,25): error CS0117: 'CustomContactType' does not contain a definition for 'IsActive' [/workspace/LawMatics.SDK.Tests/LawMatics.SDK.Tests.csproj]
/workspace/LawMatics.SDK.Tests/CustomContactTypesClientTests.cs(63,25): error CS0117: 'CustomContactType' does not contain a definition for 'SortOrder' [/workspace/LawMatics.SDK.Tests/LawMatics.SDK.Tests.csproj]
/workspace/LawMatics.SDK.Tests/CustomContactTypesClientTests.cs(69,21): error CS0117: 'PaginationInfo' does not contain a definition for 'Page' [/workspace/LawMatics.SDK.Tests/LawMatics.SDK.Tests.csproj]
/workspace/LawMatics.SDK.Tests/CustomContactTypesClientTests.cs(70,21): error CS0117: 'PaginationInfo' does not contain a definition for 'PageSize' [/workspace/LawMatics.SDK.Tests/LawMatics.SDK.Tests.csproj]
/workspace/LawMatics.SDK.Tests/CustomContactTypesClientTests.cs(71,21): error CS0117: 'PaginationInfo' does not contain a definition for 'TotalCount' [/workspace/LawMatics.SDK.Tests/LawMatics.SDK.Tests.csproj]
/workspace/LawMatics.SDK.Tests/CustomContactTypesClientTests.cs(114,17): error CS0117: 'CustomContactType' does not contain a definition for 'Color' [/workspace/LawMatics.SDK.Tests/LawMatics.SDK.Tests.csproj]
/workspace/LawMatics.SDK.Tests/CustomContactTypesClientTests.cs(115,17): error CS0117: 'CustomContactType' does not contain a definition for 'IsActive' [/workspace/LawMatics.SDK.Tests/LawMatics.SDK.Tests.csproj]
/workspace/LawMatics.SDK.Tests/CustomContactTypesClientTests.cs(116,17): error CS0117: 'CustomContactType' does not contain a definition for 'SortOrder' [/workspace/LawMatics.SDK.Tests/LawMatics.SDK.Tests.csproj]
/workspace/LawMatics.SDK.Tests/CustomContactTypesClientTests.cs(144,44): error CS1061: 'CustomContactType' does not contain a definition for 'Color' and no accessible extension method 'Color' accepting a first argument of type 'CustomContactType' could be found (are you missing a using directive or an assembly reference?) [/workspace/LawMatics.SDK.Tests/LawMatics.SDK.Tests.csproj]
/workspace/LawMatics.SDK.Tests/AddressesClientTests.cs(112,17): error CS0117: 'Address' does not contain a definition for 'Id' [/workspace/LawMatics.SDK.Tests/LawMatics.SDK.Tests.csproj]
/workspace/LawMatics.SDK.Tests/AddressesClientTests.cs(116,17): error CS0117: 'Address' does not contain a definition for 'ZipCode' [/workspace/LawMatics.SDK.Tests/LawMatics.SDK.Tests.csproj]
/workspace/LawMatics.SDK.Tests/AddressesClientTests.cs(118,17): error CS0117: 'Address' does not contain a definition for 'AddressType' [/workspace/LawMatics.SDK.Tests/LawMatics.SDK.Tests.csproj]
/workspace/LawMatics.SDK.Tests/AddressesClientTests.cs(119,17): error CS0117: 'Address' does not contain a definition for 'IsPrimary' [/workspace/LawMatics.SDK.Tests/LawMatics.SDK.Tests.csproj]
/workspace/LawMatics.SDK.Tests/AddressesClientTests.cs(144,36): error CS1061: 'Address' does not contain a definition for 'Id' and no accessible extension method 'Id' accepting a first argument of type 'Address' could be found (are you missing a using directive or an assembly reference?) [/workspace/LawMatics.SDK.Tests/LawMatics.SDK.Tests.csproj]
/workspace/LawMatics.SDK.Tests/TimeEntriesClientTests.cs(161,17): error CS0117: 'CreateTimeEntryRequest' does not contain a definition for 'Duration' [/workspace/LawMatics.SDK.Tests/LawMatics.SDK.Tests.csproj]
/workspace/LawMatics.SDK.Tests/TimeEntriesClientTests.cs(162,17): error CS0117: 'CreateTimeEntryRequest' does not contain a definition for 'StartTime' [/workspace/LawMatics.SDK.Tests/LawMatics.SDK.Tests.csproj]
/workspace/LawMatics.SDK.Tests/TimeEntriesClientTests.cs(163,17): error CS0117: 'CreateTimeEntryRequest' does not contain a definition for 'EndTime' [/workspace/LawMatics.SDK.Tests/LawMatics.SDK.Tests.csproj]
/workspace/LawMatics.SDK.Tests/TimeEntriesClientTests.cs(164,17): error CS0117: 'CreateTimeEntryRequest' does not contain a definition for 'HourlyRate' [/workspace/LawMatics.SDK.Tests/LawMatics.SDK.Tests.csproj]
/workspace/LawMatics.SDK.Tests/TimeEntriesClientTests.cs(167,17): error CS0117: 'CreateTimeEntryRequest' does not contain a definition for 'IsBillable' [/workspace/LawMatics.SDK.Tests/LawMatics.SDK.Tests.csproj]
/workspace/LawMatics.SDK.Tests/TimeEntriesClientTests.cs(174,17): error CS0117: 'TimeEntry' does not contain a definition for 'Duration' [/workspace/LawMatics.SDK.Tests/LawMatics.SDK.Tests.csproj]
/workspace/LawMatics.SDK.Tests/TimeEntriesClientTests.cs(174,36): error CS1061: 'CreateTimeEntryRequest' does not contain a definition for 'Duration' and no accessible extension method 'Duration' accepting a first argument of type 'CreateTimeEntryRequest' could be found (are you missing a using directive or an assembly reference?) [/workspace/LawMatics.SDK.Tests/LawMatics.SDK.Tests.csproj]
/workspace/LawMatics.SDK.Tests/TimeEntriesClientTests.cs(175,17): error CS0117: 'TimeEntry' does not contain a definition for 'StartTime' [/workspace/LawMatics.SDK.Tests/LawMatics.SDK.Tests.csproj]
/workspace/LawMatics.SDK.Tests/TimeEntriesClientTests.cs(175,37): error CS1061: 'CreateTimeEntryRequest' does not contain a definition for 'StartTime' and no accessible extension method 'StartTime' accepting a first argument of type 'CreateTimeEntryRequest' could be found (are you missing a using directive or an assembly reference?) [/workspace/LawMatics.SDK.Tests/LawMatics.SDK.Tests.csproj]
/workspace/LawMatics.SDK.Tests/TimeEntriesClientTests.cs(176,17): error CS0117: 'TimeEntry' does not contain a definition for 'EndTime' [/workspace/LawMatics.SDK.Tests/LawMatics.SDK.Tests.csproj]
/workspace/LawMatics.SDK.Tests/TimeEntriesClientTests.cs(176,35): error CS1061: 'CreateTimeEntryRequest' does not contain a definition for 'EndTime' and no accessible extension method 'EndTime' accepting a first argument of type 'CreateTimeEntryRequest' could be found (are you missing a using directive or an assembly reference?) [/workspace/LawMatics.SDK.Tests/LawMatics.SDK.Tests.csproj]
/workspace/LawMatics.SDK.Tests/TimeEntriesClientTests.cs(177,17): error CS0117: 'TimeEntry' does not contain a definition for 'HourlyRate' [/workspace/LawMatics.SDK.Tests/LawMatics.SDK.Tests.csproj]
/workspace/LawMatics.SDK.Tests/TimeEntriesClientTests.cs(177,38): error CS1061: 'CreateTimeEntryRequest' does not contain a definition for 'HourlyRate' and no accessible extension method 'HourlyRate' accepting a first argument of type 'CreateTimeEntryRequest' could be found (are you missing a using directive or an assembly reference?) [/workspace/LawMatics.SDK.Tests/LawMatics.SDK.Tests.csproj]
/workspace/LawMatics.SDK.Tests/TimeEntriesClientTests.cs(180,17): error CS0117: 'TimeEntry' does not contain a definition for 'IsBillable' [/workspace/LawMatics.SDK.Tests/LawMatics.SDK.Tests.csproj]
/workspace/LawMatics.SDK.Tests/TimeEntriesClientTests.cs(180,38): error CS1061: 'CreateTimeEntryRequest' does not contain a definition for 'IsBillable' and no accessible extension method 'IsBillable' accepting a first argument of type 'CreateTimeEntryRequest' could be found (are you missing a using directive or an assembly reference?) [/workspace/LawMatics.SDK.Tests/LawMatics.SDK.Tests.csproj]
/workspace/LawMatics.SDK.Tests/TimeEntriesClientTests.cs(208,34): error CS1061: 'CreateTimeEntryRequest' does not contain a definition for 'Duration' and no accessible extension method 'Duration' accepting a first argument of type 'CreateTimeEntryRequest' could be found (are you missing a using directive or an assembly reference?) [/workspace/LawMatics.SDK.Tests/LawMatics.SDK.Tests.csproj]
/workspace/LawMatics.SDK.Tests/TimeEntriesClientTests.cs(208,51): error CS1061: 'TimeEntry' does not contain a definition for 'Duration' and no accessible extension method 'Duration' accepting a first argument of type 'TimeEntry' could be found (are you missing a using directive or an assembly reference?) [/workspace/LawMatics.SDK.Tests/LawMatics.SDK.Tests.csproj]
/workspace/LawMatics.SDK.Tests/CustomContactTypesClientTests.cs(156,17): error CS0117: 'CreateCustomContactTypeRequest' does not contain a definition for 'Color' [/workspace/LawMatics.SDK.Tests/LawMatics.SDK.Tests.csproj]
/workspace/LawMatics.SDK.Tests/CustomContactTypesClientTests.cs(157,17): error CS0117: 'CreateCustomContactTypeRequest' does not contain a definition for 'IsActive' [/workspace/LawMatics.SDK.Tests/LawMatics.SDK.Tests.csproj]
/workspace/LawMatics.SDK.Tests/CustomContactTypesClientTests.cs(158,17): error CS0117: 'CreateCustomContactTypeRequest' does not contain a definition for 'SortOrder' [/workspace/LawMatics.SDK.Tests/LawMatics.SDK.Tests.csproj]
/workspace/LawMatics.SDK.Tests/CustomContactTypesClientTests.cs(166,17): error CS0117: 'CustomContactType' does not contain a definition for 'Color' [/workspace/LawMatics.SDK.Tests/LawMatics.SDK.Tests.csproj]
/workspace/LawMatics.SDK.Tests/CustomContactTypesClientTests.cs(166,33): error CS1061: 'CreateCustomContactTypeRequest' does not contain a definition for 'Color' and no accessible extension method 'Color' accepting a first argument of type 'CreateCustomContactTypeRequest' could be found (are you missing a using directive or an assembly reference?) [/workspace/LawMatics.SDK.Tests/LawMatics.SDK.Tests.csproj]
/workspace/LawMatics.SDK.Tests/CustomContactTypesClientTests.cs(167,17): error CS0117: 'CustomContactType' does not contain a definition for 'IsActive' [/workspace/LawMatics.SDK.Tests/LawMatics.SDK.Tests.csproj]
/workspace/LawMatics.SDK.Tests/CustomContactTypesClientTests.cs(167,36): error CS1061: 'CreateCustomContactTypeRequest' does not contain a definition for 'IsActive' and no accessible extension method 'IsActive' accepting a first argument of type 'CreateCustomContactTypeRequest' could be found (are you missing a using directive or an assembly reference?) [/workspace/LawMatics.SDK.Tests/LawMatics.SDK.Tests.csproj]
/workspace/LawMatics.SDK.Tests/CustomContactTypesClientTests.cs(168,17): error CS0117: 'CustomContactType' does not contain a definition for 'SortOrder' [/workspace/LawMatics.SDK.Tests/LawMatics.SDK.Tests.csproj]
/workspace/LawMatics.SDK.Tests/CustomContactTypesClientTests.cs(168,37): error CS1061: 'CreateCustomContactTypeRequest' does not contain a definition for 'SortOrder' and no accessible extension method 'SortOrder' accepting a first argument of type 'CreateCustomContactTypeRequest' could be found (are you missing a using directive or an assembly reference?) [/workspace/LawMatics.SDK.Tests/LawMatics.SDK.Tests.csproj]
/workspace/LawMatics.SDK.Tests/TimeEntriesClientTests.cs(219,17): error CS0117: 'UpdateTimeEntryRequest' does not contain a definition for 'Duration' [/workspace/LawMatics.SDK.Tests/LawMatics.SDK.Tests.csproj]
/workspace/LawMatics.SDK.Tests/TimeEntriesClientTests.cs(220,17): error CS0117: 'UpdateTimeEntryRequest' does not contain a definition for 'HourlyRate' [/workspace/LawMatics.SDK.Tests/LawMatics.SDK.Tests.csproj]
/workspace/LawMatics.SDK.Tests/TimeEntriesClientTests.cs(221,17): error CS0117: 'UpdateTimeEntryRequest' does not contain a definition for 'IsBillable' [/workspace/LawMatics.SDK.Tests/LawMatics.SDK.Tests.csproj]
/workspace/LawMatics.SDK.Tests/TimeEntriesClientTests.cs(228,17): error CS0117: 'TimeEntry' does not contain a definition for 'Duration' [/workspace/LawMatics.SDK.Tests/LawMatics.SDK.Tests.csproj]
/workspace/LawMatics.SDK.Tests/TimeEntriesClientTests.cs(228,36): error CS1061: 'UpdateTimeEntryRequest' does not contain a definition for 'Duration' and no accessible extension method 'Duration' accepting a first argument of type 'UpdateTimeEntryRequest' could be found (are you missing a using directive or an assembly reference?) [/workspace/LawMatics.SDK.Tests/LawMatics.SDK.Tests.csproj]
/workspace/LawMatics.SDK.Tests/TimeEntriesClientTests.cs(229,17): error CS0117: 'TimeEntry' does not contain a definition for 'StartTime' [/workspace/LawMatics.SDK.Tests/LawMatics.SDK.Tests.csproj]
/workspace/LawMatics.SDK.Tests/TimeEntriesClientTests.cs(230,17): error CS0117: 'TimeEntry' does not contain a definition for 'EndTime' [/workspace/LawMatics.SDK.Tests/LawMatics.SDK.Tests.csproj]
/workspace/LawMatics.SDK.Tests/TimeEntriesClientTests.cs(231,17): error CS0117: 'TimeEntry' does not contain a definition for 'HourlyRate' [/workspace/LawMatics.SDK.Tests/LawMatics.SDK.Tests.csproj]
/workspace/LawMatics.SDK.Tests/TimeEntriesClientTests.cs(231,38): error CS1061: 'UpdateTimeEntryRequest' does not contain a definition for 'HourlyRate' and no accessible extension method 'HourlyRate' accepting a first argument of type 'UpdateTimeEntryRequest' could be found (are you missing a using directive or an assembly reference?) [/workspace/LawMatics.SDK.Tests/LawMatics.SDK.Tests.csproj]
/workspace/LawMatics.SDK.Tests/TimeEntriesClientTests.cs(234,17): error CS0117: 'TimeEntry' does not contain a definition for 'IsBillable' [/workspace/LawMatics.SDK.Tests/LawMatics.SDK.Tests.csproj]
/workspace/LawMatics.SDK.Tests/TimeEntriesClientTests.cs(234,38): error CS1061: 'UpdateTimeEntryRequest' does not contain a definition for 'IsBillable' and no accessible extension method 'IsBillable' accepting a first argument of type 'UpdateTimeEntryRequest' could be found (are you missing a using directive or an assembly reference?) [/workspace/LawMatics.SDK.Tests/LawMatics.SDK.Tests.csproj]
/workspace/LawMatics.SDK.Tests/TimeEntriesClientTests.cs(263,34): error CS1061: 'UpdateTimeEntryRequest' does not contain a definition for 'Duration' and no accessible extension method 'Duration' accepting a first argument of type 'UpdateTimeEntryRequest' could be found (are you missing a using directive or an assembly reference?) [/workspace/LawMatics.SDK.Tests/LawMatics.SDK.Tests.csproj]
/workspace/LawMatics.SDK.Tests/TimeEntriesClientTests.cs(263,51): error CS1061: 'TimeEntry' does not contain a definition for 'Duration' and no accessible extension method 'Duration' accepting a first argument of type 'TimeEntry' could be found (are you missing a using directive or an assembly reference?) [/workspace/LawMatics.SDK.Tests/LawMatics.SDK.Tests.csproj]
/workspace/LawMatics.SDK.Tests/CustomContactTypesClientTests.cs(208,17): error CS0117: 'UpdateCustomContactTypeRequest' does not contain a definition for 'Color' [/workspace/LawMatics.SDK.Tests/LawMatics.SDK.Tests.csproj]
/workspace/LawMatics.SDK.Tests/CustomContactTypesClientTests.cs(209,17): error CS0117: 'UpdateCustomContactTypeRequest' does not contain a definition for 'SortOrder' [/workspace/LawMatics.SDK.Tests/LawMatics.SDK.Tests.csproj]
/workspace/LawMatics.SDK.Tests/CustomContactTypesClientTests.cs(217,17): error CS0117: 'CustomContactType' does not contain a definition for 'Color' [/workspace/LawMatics.SDK.Tests/LawMatics.SDK.Tests.csproj]
/workspace/LawMatics.SDK.Tests/CustomContactTypesClientTests.cs(217,33): error CS1061: 'UpdateCustomContactTypeRequest' does not contain a definition for 'Color' and no accessible extension method 'Color' accepting a first argument of type 'UpdateCustomContactTypeRequest' could be found (are you missing a using directive or an assembly reference?) [/workspace/LawMatics.SDK.Tests/LawMatics.SDK.Tests.csproj]
/workspace/LawMatics.SDK.Tests/CustomContactTypesClientTests.cs(218,17): error CS0117: 'CustomContactType' does not contain a definition for 'IsActive' [/workspace/LawMatics.SDK.Tests/LawMatics.SDK.Tests.csproj]
/workspace/LawMatics.SDK.Tests/CustomContactTypesClientTests.cs(219,17): error CS0117: 'CustomContactType' does not contain a definition for 'SortOrder' [/workspace/LawMatics.SDK.Tests/LawMatics.SDK.Tests.csproj]
/workspace/LawMatics.SDK.Tests/CustomContactTypesClientTests.cs(219,37): error CS1061: 'UpdateCustomContactTypeRequest' does not contain a definition for 'SortOrder' and no accessible extension method 'SortOrder' accepting a first argument of type 'UpdateCustomContactTypeRequest' could be found (are you missing a using directive or an assembly reference?) [/workspace/LawMatics.SDK.Tests/LawMatics.SDK.Tests.csproj]
/workspace/LawMatics.SDK.Tests/CustomContactTypesClientTests.cs(248,34): error CS1061: 'UpdateCustomContactTypeRequest' does not contain a definition for 'Color' and no accessible extension method 'Color' accepting a first argument of type 'UpdateCustomContactTypeRequest' could be found (are you missing a using directive or an assembly reference?) [/workspace/LawMatics.SDK.Tests/LawMatics.SDK.Tests.csproj]
/workspace/LawMatics.SDK.Tests/CustomContactTypesClientTests.cs(248,48): error CS1061: 'CustomContactType' does not contain a definition for 'Color' and no accessible extension method 'Color' accepting a first argument of type 'CustomContactType' could be found (are you missing a using directive or an assembly reference?) [/workspace/LawMatics.SDK.Tests/LawMatics.SDK.Tests.csproj]
/workspace/LawMatics.SDK.Tests/AddressesClientTests.cs(158,17): error CS0117: 'CreateAddressRequest' does not contain a definition for 'ZipCode' [/workspace/LawMatics.SDK.Tests/LawMatics.SDK.Tests.csproj]
/workspace/LawMatics.SDK.Tests/AddressesClientTests.cs(165,17): error CS0117: 'Address' does not contain a definition for 'Id' [/workspace/LawMatics.SDK.Tests/LawMatics.SDK.Tests.csproj]
/workspace/LawMatics.SDK.Tests/AddressesClientTests.cs(169,17): error CS0117: 'Address' does not contain a definition for 'ZipCode' [/workspace/LawMatics.SDK.Tests/LawMatics.SDK.Tests.csproj]
/workspace/LawMatics.SDK.Tests/AddressesClientTests.cs(169,35): error CS1061: 'CreateAddressRequest' does not contain a definition for 'ZipCode' and no accessible extension method 'ZipCode' accepting a first argument of type 'CreateAddressRequest' could be found (are you missing a using directive or an assembly reference?) [/workspace/LawMatics.SDK.Tests/LawMatics.SDK.Tests.csproj]
/workspace/LawMatics.SDK.Tests/AddressesClientTests.cs(171,17): error CS0117: 'Address' does not contain a definition for 'AddressType' [/workspace/LawMatics.SDK.Tests/LawMatics.SDK.Tests.csproj]
/workspace/LawMatics.SDK.Tests/AddressesClientTests.cs(172,17): error CS0117: 'Address' does not contain a definition for 'IsPrimary' [/workspace/LawMatics.SDK.Tests/LawMatics.SDK.Tests.csproj]
/workspace/LawMatics.SDK.Tests/AddressesClientTests.cs(197,36): error CS1061: 'Address' does not contain a definition for 'Id' and no accessible extension method 'Id' accepting a first argument of type 'Address' could be found (are you missing a using directive or an assembly reference?) [/workspace/LawMatics.SDK.Tests/LawMatics.SDK.Tests.csproj]
/workspace/LawMatics.SDK.Tests/AddressesClientTests.cs(215,17): error CS0117: 'Address' does not contain a definition for 'Id' [/workspace/LawMatics.SDK.Tests/LawMatics.SDK.Tests.csproj]
/workspace/LawMatics.SDK.Tests/AddressesClientTests.cs(219,17): error CS0117: 'Address' does not contain a definition for 'ZipCode' [/workspace/LawMatics.SDK.Tests/LawMatics.SDK.Tests.csproj]
/workspace/LawMatics.SDK.Tests/AddressesClientTests.cs(221,17): error CS0117: 'Address' does not contain a definition for 'AddressType' [/workspace/LawMatics.SDK.Tests/LawMatics.SDK.Tests.csproj]
/workspace/LawMatics.SDK.Tests/AddressesClientTests.cs(222,17): error CS0117: 'Address' does not contain a definition for 'IsPrimary' [/workspace/LawMatics.SDK.Tests/LawMatics.SDK.Tests.csproj]
/workspace/LawMatics.SDK.Tests/AddressesClientTests.cs(247,36): error CS1061: 'Address' does not contain a definition for 'Id' and no accessible extension method 'Id' accepting a first argument of type 'Address' could be found (are you missing a using directive or an assembly reference?) [/workspace/LawMatics.SDK.Tests/LawMatics.SDK.Tests.csproj]
/workspace/LawMatics.SDK.Tests/CustomContactTypesClientTests.cs(287,21): error CS0117: 'CustomContactType' does not contain a definition for 'IsActive' [/workspace/LawMatics.SDK.Tests/LawMatics.SDK.Tests.csproj]
/workspace/LawMatics.SDK.Tests/CustomContactTypesClientTests.cs(314,27): error CS1503: Argument 1: cannot convert from 'LawMatics.SDK.Models.PagedResponse<LawMatics.SDK.Models.CustomContactType>' to 'System.Collections.IEnumerable' [/workspace/LawMatics.SDK.Tests/LawMatics.SDK.Tests.csproj]
/workspace/LawMatics.SDK.Tests/CustomContactTypesClientTests.cs(315,25): error CS0021: Cannot apply indexing with [] to an expression of type 'PagedResponse<CustomContactType>' [/workspace/LawMatics.SDK.Tests/LawMatics.SDK.Tests.csproj]
/workspace/LawMatics.SDK.Tests/CustomContactTypesClientTests.cs(316,41): error CS0021: Cannot apply indexing with [] to an expression of type 'PagedResponse<CustomContactType>' [/workspace/LawMatics.SDK.Tests/LawMatics.SDK.Tests.csproj]
/workspace/LawMatics.SDK.Tests/TimeEntriesClientTests.cs(302,21): error CS0117: 'TimeEntry' does not contain a definition for 'Duration' [/workspace/LawMatics.SDK.Tests/LawMatics.SDK.Tests.csproj]
/workspace/LawMatics.SDK.Tests/TimeEntriesClientTests.cs(310,21): error CS0117: 'TimeEntry' does not contain a definition for 'Duration' [/workspace/LawMatics.SDK.Tests/LawMatics.SDK.Tests.csproj]
/workspace/LawMatics.SDK.Tests/TimeEntriesClientTests.cs(338,36): error CS1061: 'PagedResponse<TimeEntry>' does not contain a definition for 'Count' and no accessible extension method 'Count' accepting a first argument of type 'PagedResponse<TimeEntry>' could be found (are you missing a using directive or an assembly reference?) [/workspace/LawMatics.SDK.Tests/LawMatics.SDK.Tests.csproj]
/workspace/LawMatics.SDK.Tests/TimeEntriesClientTests.cs(339,20): error CS0411: The type arguments for method 'Assert.All<T>(IAsyncEnumerable<T>, Action<T>)' cannot be inferred from the usage. Try specifying the type arguments explicitly. [/workspace/LawMatics.SDK.Tests/LawMatics.SDK.Tests.csproj]
/workspace/LawMatics.SDK.Tests/CustomEmailsClientTests.cs(68,21): error CS0117: 'PaginationInfo' does not contain a definition for 'Page' [/workspace/LawMatics.SDK.Tests/LawMatics.SDK.Tests.csproj]
/workspace/LawMatics.SDK.Tests/CustomEmailsClientTests.cs(69,21): error CS0117: 'PaginationInfo' does not contain a definition for 'PageSize' [/workspace/LawMatics.SDK.Tests/LawMatics.SDK.Tests.csproj]
/workspace/LawMatics.SDK.Tests/CustomEmailsClientTests.cs(70,21): error CS0117: 'PaginationInfo' does not contain a definition for 'TotalCount' [/workspace/LawMatics.SDK.Tests/LawMatics.SDK.Tests.csproj]
/workspace/LawMatics.SDK.Tests/CustomContactTypesClientTests.cs(324,36): error CS0246: The type or namespace name 'ReorderCustomContactTypesRequest' could not be found (are you missing a using directive or an assembly reference?) [/workspace/LawMatics.SDK.Tests/LawMatics.SDK.Tests.csproj]
/workspace/LawMatics.SDK.Tests/CustomContactTypesClientTests.cs(326,46): error CS0246: The type or namespace name 'ContactTypeOrder' could not be found (are you missing a using directive or an assembly reference?) [/workspace/LawMatics.SDK.Tests/LawMatics.SDK.Tests.csproj]
/workspace/LawMatics.SDK.Tests/CustomContactTypesClientTests.cs(328,25): error CS0246: The type or namespace name 'ContactTypeOrder' could not be found (are you missing a using directive or an assembly reference?) [/workspace/LawMatics.SDK.Tests/LawMatics.SDK.Tests.csproj]
/workspace/LawMatics.SDK.Tests/CustomContactTypesClientTests.cs(329,25): error CS0246: The type or namespace name 'ContactTypeOrder' could not be found (are you missing a using directive or an assembly reference?) [/workspace/LawMatics.SDK.Tests/LawMatics.SDK.Tests.csproj]
/workspace/LawMatics.SDK.Tests/CustomContactTypesClientTests.cs(347,26): error CS1061: 'CustomContactTypesClient' does not contain a definition for 'ReorderCustomContactTypesAsync' and no accessible extension method 'ReorderCustomContactTypesAsync' accepting a first argument of type 'CustomContactTypesClient' could be found (are you missing a using directive or an assembly reference?) [/workspace/LawMatics.SDK.Tests/LawMatics.SDK.Tests.csproj]
/workspace/LawMatics.SDK.Tests/AddressesClientTests.cs(282,31): error CS0246: The type or namespace name 'AddressValidationRequest' could not be found (are you missing a using directive or an assembly reference?) [/workspace/LawMatics.SDK.Tests/LawMatics.SDK.Tests.csproj]
/workspace/LawMatics.SDK.Tests/AddressesClientTests.cs(300,21): error CS0117: 'Address' does not contain a definition for 'ZipCode' [/workspace/LawMatics.SDK.Tests/LawMatics.SDK.Tests.csproj]
/workspace/LawMatics.SDK.Tests/EmailAddressesClientTests.cs(60,25): error CS0117: 'EmailAddress' does not contain a definition for 'EmailType' [/workspace/LawMatics.SDK.Tests/LawMatics.SDK.Tests.csproj]
/workspace/LawMatics.SDK.Tests/EmailAddressesClientTests.cs(62,25): error CS0117: 'EmailAddress' does not contain a definition for 'IsVerified' [/workspace/LawMatics.SDK.Tests/LawMatics.SDK.Tests.csproj]
/workspace/LawMatics.SDK.Tests/EmailAddressesClientTests.cs(63,25): error CS0117: 'EmailAddress' does not contain a definition for 'ContactId' [/workspace/LawMatics.SDK.Tests/LawMatics.SDK.Tests.csproj]
/workspace/LawMatics.SDK.Tests/EmailAddressesClientTests.cs(69,21): error CS0117: 'PaginationInfo' does not contain a definition for 'Page' [/workspace/LawMatics.SDK.Tests/LawMatics.SDK.Tests.csproj]
/workspace/LawMatics.SDK.Tests/EmailAddressesClientTests.cs(70,21): error CS0117: 'PaginationInfo' does not contain a definition for 'PageSize' [/workspace/LawMatics.SDK.Tests/LawMatics.SDK.Tests.csproj]
/workspace/LawMatics.SDK.Tests/EmailAddressesClientTests.cs(71,21): error CS0117: 'PaginationInfo' does not contain a definition for 'TotalCount' [/workspace/LawMatics.SDK.Tests/LawMatics.SDK.Tests.csproj]
/workspace/LawMatics.SDK.Tests/EmailCampaignStatsClientTests.cs(54,17): error CS0117: 'EmailCampaignStats' does not contain a definition for 'CampaignId' [/workspace/LawMatics.SDK.Tests/LawMatics.SDK.Tests.csproj]
/workspace/LawMatics.SDK.Tests/EmailCampaignStatsClientTests.cs(55,17): error CS0117: 'EmailCampaignStats' does not contain a definition for 'CampaignName' [/workspace/LawMatics.SDK.Tests/LawMatics.SDK.Tests.csproj]
/workspace/LawMatics.SDK.Tests/EmailCampaignStatsClientTests.cs(56,17): error CS0117: 'EmailCampaignStats' does not contain a definition for 'TotalSent' [/workspace/LawMatics.SDK.Tests/LawMatics.SDK.Tests.csproj]
/workspace/LawMatics.SDK.Tests/EmailCampaignStatsClientTests.cs(57,17): error CS0117: 'EmailCampaignStats' does not contain a definition for 'TotalDelivered' [/workspace/LawMatics.SDK.Tests/LawMatics.SDK.Tests.csproj]
/workspace/LawMatics.SDK.Tests/EmailCampaignStatsClientTests.cs(58,17): error CS0117: 'EmailCampaignStats' does not contain a definition for 'TotalOpened' [/workspace/LawMatics.SDK.Tests/LawMatics.SDK.Tests.csproj]
/workspace/LawMatics.SDK.Tests/EmailCampaignStatsClientTests.cs(59,17): error CS0117: 'EmailCampaignStats' does not contain a definition for 'TotalClicked' [/workspace/LawMatics.SDK.Tests/LawMatics.SDK.Tests.csproj]
/workspace/LawMatics.SDK.Tests/EmailCampaignStatsClientTests.cs(60,17): error CS0117: 'EmailCampaignStats' does not contain a definition for 'TotalBounced' [/workspace/LawMatics.SDK.Tests/LawMatics.SDK.Tests.csproj]
/workspace/LawMatics.SDK.Tests/EmailCampaignStatsClientTests.cs(61,17): error CS0117: 'EmailCampaignStats' does not contain a definition for 'TotalUnsubscribed' [/workspace/LawMatics.SDK.Tests/LawMatics.SDK.Tests.csproj]
/workspace/LawMatics.SDK.Tests/EmailCampaignStatsClientTests.cs(62,28): error CS0664: Literal of type double cannot be implicitly converted to type 'decimal'; use an 'M' suffix to create a literal of this type [/workspace/LawMatics.SDK.Tests/LawMatics.SDK.Tests.csproj]
/workspace/LawMatics.SDK.Tests/EmailCampaignStatsClientTests.cs(63,29): error CS0664: Literal of type double cannot be implicitly converted to type 'decimal'; use an 'M' suffix to create a literal of this type [/workspace/LawMatics.SDK.Tests/LawMatics.SDK.Tests.csproj]
/workspace/LawMatics.SDK.Tests/EmailCampaignStatsClientTests.cs(64,17): error CS0117: 'EmailCampaignStats' does not contain a definition for 'BounceRate' [/workspace/LawMatics.SDK.Tests/LawMatics.SDK.Tests.csproj]
/workspace/LawMatics.SDK.Tests/EmailCampaignStatsClientTests.cs(65,17): error CS0117: 'EmailCampaignStats' does not contain a definition for 'UnsubscribeRate' [/workspace/LawMatics.SDK.Tests/LawMatics.SDK.Tests.csproj]
/workspace/LawMatics.SDK.Tests/EmailCampaignStatsClientTests.cs(66,17): error CS0117: 'EmailCampaignStats' does not contain a definition for 'SentAt' [/workspace/LawMatics.SDK.Tests/LawMatics.SDK.Tests.csproj]
/workspace/LawMatics.SDK.Tests/EmailCampaignStatsClientTests.cs(67,17): error CS0117: 'EmailCampaignStats' does not contain a definition for 'LastActivityAt' [/workspace/LawMatics.SDK.Tests/LawMatics.SDK.Tests.csproj]
/workspace/LawMatics.SDK.Tests/EmailCampaignStatsClientTests.cs(68,17): error CS0117: 'EmailCampaignStats' does not contain a definition for 'StatsGeneratedAt' [/workspace/LawMatics.SDK.Tests/LawMatics.SDK.Tests.csproj]
/workspace/LawMatics.SDK.Tests/EmailCampaignStatsClientTests.cs(89,39): error CS1061: 'EmailCampaignStatsClient' does not contain a definition for 'GetEmailCampaignStatsAsync' and no accessible extension method 'GetEmailCampaignStatsAsync' accepting a first argument of type 'EmailCampaignStatsClient' could be found (are you missing a using directive or an assembly reference?) [/workspace/LawMatics.SDK.Tests/LawMatics.SDK.Tests.csproj]
/workspace/LawMatics.SDK.Tests/TimeEntriesClientTests.cs(353,21): error CS0117: 'TimeEntry' does not contain a definition for 'Duration' [/workspace/LawMatics.SDK.Tests/LawMatics.SDK.Tests.csproj]
/workspace/LawMatics.SDK.Tests/TimeEntriesClientTests.cs(381,27): error CS1503: Argument 1: cannot convert from 'LawMatics.SDK.Models.PagedResponse<LawMatics.SDK.Models.TimeEntry>' to 'System.Collections.IEnumerable' [/workspace/LawMatics.SDK.Tests/LawMatics.SDK.Tests.csproj]
/workspace/LawMatics.SDK.Tests/TimeEntriesClientTests.cs(382,20): error CS0411: The type arguments for method 'Assert.All<T>(IAsyncEnumerable<T>, Action<T>)' cannot be inferred from the usage. Try specifying the type arguments explicitly. [/workspace/LawMatics.SDK.Tests/LawMatics.SDK.Tests.csproj]
/workspace/LawMatics.SDK.Tests/EventLocationsClientTests.cs(61,25): error CS0117: 'EventLocation' does not contain a definition for 'City' [/workspace/LawMatics.SDK.Tests/LawMatics.SDK.Tests.csproj]
/workspace/LawMatics.SDK.Tests/EventLocationsClientTests.cs(62,25): error CS0117: 'EventLocation' does not contain a definition for 'State' [/workspace/LawMatics.SDK.Tests/LawMatics.SDK.Tests.csproj]
/workspace/LawMatics.SDK.Tests/EventLocationsClientTests.cs(64,25): error CS0117: 'EventLocation' does not contain a definition for 'Equipment' [/workspace/LawMatics.SDK.Tests/LawMatics.SDK.Tests.csproj]
/workspace/LawMatics.SDK.Tests/EventLocationsClientTests.cs(65,25): error CS0117: 'EventLocation' does not contain a definition for 'IsActive' [/workspace/LawMatics.SDK.Tests/LawMatics.SDK.Tests.csproj]
/workspace/LawMatics.SDK.Tests/EventLocationsClientTests.cs(71,21): error CS0117: 'PaginationInfo' does not contain a definition for 'Page' [/workspace/LawMatics.SDK.Tests/LawMatics.SDK.Tests.csproj]
/workspace/LawMatics.SDK.Tests/EventLocationsClientTests.cs(72,21): error CS0117: 'PaginationInfo' does not contain a definition for 'PageSize' [/workspace/LawMatics.SDK.Tests/LawMatics.SDK.Tests.csproj]
/workspace/LawMatics.SDK.Tests/EventLocationsClientTests.cs(73,21): error CS0117: 'PaginationInfo' does not contain a definition for 'TotalCount' [/workspace/LawMatics.SDK.Tests/LawMatics.SDK.Tests.csproj]
/workspace/LawMatics.SDK.Tests/EventTypesClientTests.cs(61,25): error CS0117: 'EventType' does not contain a definition for 'Duration' [/workspace/LawMatics.SDK.Tests/LawMatics.SDK.Tests.csproj]
/workspace/LawMatics.SDK.Tests/EventTypesClientTests.cs(63,25): error CS0117: 'EventType' does not contain a definition for 'IsActive' [/workspace/LawMatics.SDK.Tests/LawMatics.SDK.Tests.csproj]
/workspace/LawMatics.SDK.Tests/EventTypesClientTests.cs(64,25): error CS0117: 'EventType' does not contain a definition for 'RequiresLocation' [/workspace/LawMatics.SDK.Tests/LawMatics.SDK.Tests.csproj]
/workspace/LawMatics.SDK.Tests/EventTypesClientTests.cs(70,21): error CS0117: 'PaginationInfo' does not contain a definition for 'Page' [/workspace/LawMatics.SDK.Tests/LawMatics.SDK.Tests.csproj]
/workspace/LawMatics.SDK.Tests/EventTypesClientTests.cs(71,21): error CS0117: 'PaginationInfo' does not contain a definition for 'PageSize' [/workspace/LawMatics.SDK.Tests/LawMatics.SDK.Tests.csproj]
/workspace/LawMatics.SDK.Tests/EventTypesClientTests.cs(72,21): error CS0117: 'PaginationInfo' does not contain a definition for 'TotalCount' [/workspace/LawMatics.SDK.Tests/LawMatics.SDK.Tests.csproj]
/workspace/LawMatics.SDK.Tests/TimeEntriesClientTests.cs(399,21): error CS0117: 'TimeEntry' does not contain a definition for 'Duration' [/workspace/LawMatics.SDK.Tests/LawMatics.SDK.Tests.csproj]
/workspace/LawMatics.SDK.Tests/TimeEntriesClientTests.cs(400,21): error CS0117: 'TimeEntry' does not contain a definition for 'StartTime' [/workspace/LawMatics.SDK.Tests/LawMatics.SDK.Tests.csproj]
/workspace/LawMatics.SDK.Tests/TimeEntriesClientTests.cs(427,27): error CS1503: Argument 1: cannot convert from 'LawMatics.SDK.Models.PagedResponse<LawMatics.SDK.Models.TimeEntry>' to 'System.Collections.IEnumerable' [/workspace/LawMatics.SDK.Tests/LawMatics.SDK.Tests.csproj]
/workspace/LawMatics.SDK.Tests/TimeEntriesClientTests.cs(428,20): error CS0411: The type arguments for method 'Assert.All<T>(IAsyncEnumerable<T>, Action<T>)' cannot be inferred from the usage. Try specifying the type arguments explicitly. [/workspace/LawMatics.SDK.Tests/LawMatics.SDK.Tests.csproj]
/workspace/LawMatics.SDK.Tests/EmailAddressesClientTests.cs(113,17): error CS0117: 'EmailAddress' does not contain a definition for 'EmailType' [/workspace/LawMatics.SDK.Tests/LawMatics.SDK.Tests.csproj]
/workspace/LawMatics.SDK.Tests/EmailAddressesClientTests.cs(115,17): error CS0117: 'EmailAddress' does not contain a definition for 'IsVerified' [/workspace/LawMatics.SDK.Tests/LawMatics.SDK.Tests.csproj]
/workspace/LawMatics.SDK.Tests/EmailAddressesClientTests.cs(116,17): error CS0117: 'EmailAddress' does not contain a definition for 'ContactId' [/workspace/LawMatics.SDK.Tests/LawMatics.SDK.Tests.csproj]
/workspace/LawMatics.SDK.Tests/EventTypesClientTests.cs(115,17): error CS0117: 'EventType' does not contain a definition for 'Duration' [/workspace/LawMatics.SDK.Tests/LawMatics.SDK.Tests.csproj]
/workspace/LawMatics.SDK.Tests/EventTypesClientTests.cs(117,17): error CS0117: 'EventType' does not contain a definition for 'IsActive' [/workspace/LawMatics.SDK.Tests/LawMatics.SDK.Tests.csproj]
/workspace/LawMatics.SDK.Tests/EventTypesClientTests.cs(118,17): error CS0117: 'EventType' does not contain a definition for 'RequiresLocation' [/workspace/LawMatics.SDK.Tests/LawMatics.SDK.Tests.csproj]
/workspace/LawMatics.SDK.Tests/EventTypesClientTests.cs(146,37): error CS1061: 'EventType' does not contain a definition for 'Duration' and no accessible extension method 'Duration' accepting a first argument of type 'EventType' could be found (are you missing a using directive or an assembly reference?) [/workspace/LawMatics.SDK.Tests/LawMatics.SDK.Tests.csproj]
/workspace/LawMatics.SDK.Tests/EventLocationsClientTests.cs(116,17): error CS0117: 'EventLocation' does not contain a definition for 'City' [/workspace/LawMatics.SDK.Tests/LawMatics.SDK.Tests.csproj]
/workspace/LawMatics.SDK.Tests/EventLocationsClientTests.cs(117,17): error CS0117: 'EventLocation' does not contain a definition for 'State' [/workspace/LawMatics.SDK.Tests/LawMatics.SDK.Tests.csproj]
/workspace/LawMatics.SDK.Tests/EventLocationsClientTests.cs(119,17): error CS0117: 'EventLocation' does not contain a definition for 'Equipment' [/workspace/LawMatics.SDK.Tests/LawMatics.SDK.Tests.csproj]
/workspace/LawMatics.SDK.Tests/EventLocationsClientTests.cs(120,17): error CS0117: 'EventLocation' does not contain a definition for 'IsActive' [/workspace/LawMatics.SDK.Tests/LawMatics.SDK.Tests.csproj]
/workspace/LawMatics.SDK.Tests/ExpensesClientTests.cs(64,25): error CS0117: 'Expense' does not contain a definition for 'ContactId' [/workspace/LawMatics.SDK.Tests/LawMatics.SDK.Tests.csproj]
/workspace/LawMatics.SDK.Tests/ExpensesClientTests.cs(65,25): error CS0117: 'Expense' does not contain a definition for 'CreatedBy' [/workspace/LawMatics.SDK.Tests/LawMatics.SDK.Tests.csproj]
/workspace/LawMatics.SDK.Tests/ExpensesClientTests.cs(71,21): error CS0117: 'PaginationInfo' does not contain a definition for 'Page' [/workspace/LawMatics.SDK.Tests/LawMatics.SDK.Tests.csproj]
/workspace/LawMatics.SDK.Tests/ExpensesClientTests.cs(72,21): error CS0117: 'PaginationInfo' does not contain a definition for 'PageSize' [/workspace/LawMatics.SDK.Tests/LawMatics.SDK.Tests.csproj]
/workspace/LawMatics.SDK.Tests/ExpensesClientTests.cs(73,21): error CS0117: 'PaginationInfo' does not contain a definition for 'TotalCount' [/workspace/LawMatics.SDK.Tests/LawMatics.SDK.Tests.csproj]
/workspace/LawMatics.SDK.Tests/EmailCampaignStatsClientTests.cs(104,40): error CS0246: The type or namespace name 'EmailCampaignOpenStats' could not be found (are you missing a using directive or an assembly reference?) [/workspace/LawMatics.SDK.Tests/LawMatics.SDK.Tests.csproj]
/workspace/LawMatics.SDK.Tests/EmailCampaignStatsClientTests.cs(110,39): error CS0246: The type or namespace name 'DailyStat' could not be found (are you missing a using directive or an assembly reference?) [/workspace/LawMatics.SDK.Tests/LawMatics.SDK.Tests.csproj]
/workspace/LawMatics.SDK.Tests/EmailCampaignStatsClientTests.cs(112,25): error CS0246: The type or namespace name 'DailyStat' could not be found (are you missing a using directive or an assembly reference?) [/workspace/LawMatics.SDK.Tests/LawMatics.SDK.Tests.csproj]
/workspace/LawMatics.SDK.Tests/EmailCampaignStatsClientTests.cs(117,25): error CS0246: The type or namespace name 'DailyStat' could not be found (are you missing a using directive or an assembly reference?) [/workspace/LawMatics.SDK.Tests/LawMatics.SDK.Tests.csproj]
/workspace/LawMatics.SDK.Tests/EmailCampaignStatsClientTests.cs(123,40): error CS0246: The type or namespace name 'HourlyStat' could not be found (are you missing a using directive or an assembly reference?) [/workspace/LawMatics.SDK.Tests/LawMatics.SDK.Tests.csproj]
/workspace/LawMatics.SDK.Tests/EmailCampaignStatsClientTests.cs(125,25): error CS0246: The type or namespace name 'HourlyStat' could not be found (are you missing a using directive or an assembly reference?) [/workspace/LawMatics.SDK.Tests/LawMatics.SDK.Tests.csproj]
/workspace/LawMatics.SDK.Tests/EmailCampaignStatsClientTests.cs(126,25): error CS0246: The type or namespace name 'HourlyStat' could not be found (are you missing a using directive or an assembly reference?) [/workspace/LawMatics.SDK.Tests/LawMatics.SDK.Tests.csproj]
/workspace/LawMatics.SDK.Tests/EmailCampaignStatsClientTests.cs(148,39): error CS1061: 'EmailCampaignStatsClient' does not contain a definition for 'GetEmailCampaignOpenStatsAsync' and no accessible extension method 'GetEmailCampaignOpenStatsAsync' accepting a first argument of type 'EmailCampaignStatsClient' could be found (are you missing a using directive or an assembly reference?) [/workspace/LawMatics.SDK.Tests/LawMatics.SDK.Tests.csproj]
/workspace/LawMatics.SDK.Tests/EmailAddressesClientTests.cs(155,17): error CS0117: 'CreateEmailAddressRequest' does not contain a definition for 'EmailType' [/workspace/LawMatics.SDK.Tests/LawMatics.SDK.Tests.csproj]
/workspace/LawMatics.SDK.Tests/EmailAddressesClientTests.cs(156,17): error CS0117: 'CreateEmailAddressRequest' does not contain a definition for 'ContactId' [/workspace/LawMatics.SDK.Tests/LawMatics.SDK.Tests.csproj]
/workspace/LawMatics.SDK.Tests/EmailAddressesClientTests.cs(164,17): error CS0117: 'EmailAddress' does not contain a definition for 'EmailType' [/workspace/LawMatics.SDK.Tests/LawMatics.SDK.Tests.csproj]
/workspace/LawMatics.SDK.Tests/EmailAddressesClientTests.cs(164,37): error CS1061: 'CreateEmailAddressRequest' does not contain a definition for 'EmailType' and no accessible extension method 'EmailType' accepting a first argument of type 'CreateEmailAddressRequest' could be found (are you missing a using directive or an assembly reference?) [/workspace/LawMatics.SDK.Tests/LawMatics.SDK.Tests.csproj]
/workspace/LawMatics.SDK.Tests/EmailAddressesClientTests.cs(165,17): error CS0117: 'EmailAddress' does not contain a definition for 'ContactId' [/workspace/LawMatics.SDK.Tests/LawMatics.SDK.Tests.csproj]
/workspace/LawMatics.SDK.Tests/EmailAddressesClientTests.cs(165,37): error CS1061: 'CreateEmailAddressRequest' does not contain a definition for 'ContactId' and no accessible extension method 'ContactId' accepting a first argument of type 'CreateEmailAddressRequest' could be found (are you missing a using directive or an assembly reference?) [/workspace/LawMatics.SDK.Tests/LawMatics.SDK.Tests.csproj]
/workspace/LawMatics.SDK.Tests/EmailAddressesClientTests.cs(167,17): error CS0117: 'EmailAddress' does not contain a definition for 'IsVerified' [/workspace/LawMatics.SDK.Tests/LawMatics.SDK.Tests.csproj]
/workspace/LawMatics.SDK.Tests/EmailAddressesClientTests.cs(195,34): error CS1061: 'CreateEmailAddressRequest' does not contain a definition for 'EmailType' and no accessible extension method 'EmailType' accepting a first argument of type 'CreateEmailAddressRequest' could be found (are you missing a using directive or an assembly reference?) [/workspace/LawMatics.SDK.Tests/LawMatics.SDK.Tests.csproj]
/workspace/LawMatics.SDK.Tests/EmailAddressesClientTests.cs(195,52): error CS1061: 'EmailAddress' does not contain a definition for 'EmailType' and no accessible extension method 'EmailType' accepting a first argument of type 'EmailAddress' could be found (are you missing a using directive or an assembly reference?) [/workspace/LawMatics.SDK.Tests/LawMatics.SDK.Tests.csproj]
/workspace/LawMatics.SDK.Tests/EventTypesClientTests.cs(158,17): error CS0117: 'CreateEventTypeRequest' does not contain a definition for 'Duration' [/workspace/LawMatics.SDK.Tests/LawMatics.SDK.Tests.csproj]
/workspace/LawMatics.SDK.Tests/EventTypesClientTests.cs(160,17): error CS0117: 'CreateEventTypeRequest' does not contain a definition for 'IsActive' [/workspace/LawMatics.SDK.Tests/LawMatics.SDK.Tests.csproj]
/workspace/LawMatics.SDK.Tests/EventTypesClientTests.cs(161,17): error CS0117: 'CreateEventTypeRequest' does not contain a definition for 'RequiresLocation' [/workspace/LawMatics.SDK.Tests/LawMatics.SDK.Tests.csproj]
/workspace/LawMatics.SDK.Tests/EventTypesClientTests.cs(162,17): error CS0117: 'CreateEventTypeRequest' does not contain a definition for 'RequiresPreparation' [/workspace/LawMatics.SDK.Tests/LawMatics.SDK.Tests.csproj]
/workspace/LawMatics.SDK.Tests/EventTypesClientTests.cs(170,17): error CS0117: 'EventType' does not contain a definition for 'Duration' [/workspace/LawMatics.SDK.Tests/LawMatics.SDK.Tests.csproj]
/workspace/LawMatics.SDK.Tests/EventTypesClientTests.cs(170,36): error CS1061: 'CreateEventTypeRequest' does not contain a definition for 'Duration' and no accessible extension method 'Duration' accepting a first argument of type 'CreateEventTypeRequest' could be found (are you missing a using directive or an assembly reference?) [/workspace/LawMatics.SDK.Tests/LawMatics.SDK.Tests.csproj]
/workspace/LawMatics.SDK.Tests/EventTypesClientTests.cs(172,17): error CS0117: 'EventType' does not contain a definition for 'IsActive' [/workspace/LawMatics.SDK.Tests/LawMatics.SDK.Tests.csproj]
/workspace/LawMatics.SDK.Tests/EventTypesClientTests.cs(172,36): error CS1061: 'CreateEventTypeRequest' does not contain a definition for 'IsActive' and no accessible extension method 'IsActive' accepting a first argument of type 'CreateEventTypeRequest' could be found (are you missing a using directive or an assembly reference?) [/workspace/LawMatics.SDK.Tests/LawMatics.SDK.Tests.csproj]
/workspace/LawMatics.SDK.Tests/EventTypesClientTests.cs(173,17): error CS0117: 'EventType' does not contain a definition for 'RequiresLocation' [/workspace/LawMatics.SDK.Tests/LawMatics.SDK.Tests.csproj]
/workspace/LawMatics.SDK.Tests/EventTypesClientTests.cs(173,44): error CS1061: 'CreateEventTypeRequest' does not contain a definition for 'RequiresLocation' and no accessible extension method 'RequiresLocation' accepting a first argument of type 'CreateEventTypeRequest' could be found (are you missing a using directive or an assembly reference?) [/workspace/LawMatics.SDK.Tests/LawMatics.SDK.Tests.csproj]
/workspace/LawMatics.SDK.Tests/EventTypesClientTests.cs(174,17): error CS0117: 'EventType' does not contain a definition for 'RequiresPreparation' [/workspace/LawMatics.SDK.Tests/LawMatics.SDK.Tests.csproj]
/workspace/LawMatics.SDK.Tests/EventTypesClientTests.cs(174,47): error CS1061: 'CreateEventTypeRequest' does not contain a definition for 'RequiresPreparation' and no accessible extension method 'RequiresPreparation' accepting a first argument of type 'CreateEventTypeRequest' could be found (are you missing a using directive or an assembly reference?) [/workspace/LawMatics.SDK.Tests/LawMatics.SDK.Tests.csproj]
/workspace/LawMatics.SDK.Tests/EventTypesClientTests.cs(202,34): error CS1061: 'CreateEventTypeRequest' does not contain a definition for 'Duration' and no accessible extension method 'Duration' accepting a first argument of type 'CreateEventTypeRequest' could be found (are you missing a using directive or an assembly reference?) [/workspace/LawMatics.SDK.Tests/LawMatics.SDK.Tests.csproj]
/workspace/LawMatics.SDK.Tests/EventTypesClientTests.cs(202,51): error CS1061: 'EventType' does not contain a definition for 'Duration' and no accessible extension method 'Duration' accepting a first argument of type 'EventType' could be found (are you missing a using directive or an assembly reference?) [/workspace/LawMatics.SDK.Tests/LawMatics.SDK.Tests.csproj]
/workspace/LawMatics.SDK.Tests/EventLocationsClientTests.cs(160,17): error CS0117: 'CreateEventLocationRequest' does not contain a definition for 'City' [/workspace/LawMatics.SDK.Tests/LawMatics.SDK.Tests.csproj]
/workspace/LawMatics.SDK.Tests/EventLocationsClientTests.cs(161,17): error CS0117: 'CreateEventLocationRequest' does not contain a definition for 'State' [/workspace/LawMatics.SDK.Tests/LawMatics.SDK.Tests.csproj]
/workspace/LawMatics.SDK.Tests/EventLocationsClientTests.cs(163,17): error CS0117: 'CreateEventLocationRequest' does not contain a definition for 'Equipment' [/workspace/LawMatics.SDK.Tests/LawMatics.SDK.Tests.csproj]
/workspace/LawMatics.SDK.Tests/EventLocationsClientTests.cs(164,17): error CS0117: 'CreateEventLocationRequest' does not contain a definition for 'IsActive' [/workspace/LawMatics.SDK.Tests/LawMatics.SDK.Tests.csproj]
/workspace/LawMatics.SDK.Tests/EventLocationsClientTests.cs(172,17): error CS0117: 'EventLocation' does not contain a definition for 'City' [/workspace/LawMatics.SDK.Tests/LawMatics.SDK.Tests.csproj]
/workspace/LawMatics.SDK.Tests/EventLocationsClientTests.cs(172,32): error CS1061: 'CreateEventLocationRequest' does not contain a definition for 'City' and no accessible extension method 'City' accepting a first argument of type 'CreateEventLocationRequest' could be found (are you missing a using directive or an assembly reference?) [/workspace/LawMatics.SDK.Tests/LawMatics.SDK.Tests.csproj]
/workspace/LawMatics.SDK.Tests/EventLocationsClientTests.cs(173,17): error CS0117: 'EventLocation' does not contain a definition for 'State' [/workspace/LawMatics.SDK.Tests/LawMatics.SDK.Tests.csproj]
/workspace/LawMatics.SDK.Tests/EventLocationsClientTests.cs(173,33): error CS1061: 'CreateEventLocationRequest' does not contain a definition for 'State' and no accessible extension method 'State' accepting a first argument of type 'CreateEventLocationRequest' could be found (are you missing a using directive or an assembly reference?) [/workspace/LawMatics.SDK.Tests/LawMatics.SDK.Tests.csproj]
/workspace/LawMatics.SDK.Tests/EventLocationsClientTests.cs(175,17): error CS0117: 'EventLocation' does not contain a definition for 'Equipment' [/workspace/LawMatics.SDK.Tests/LawMatics.SDK.Tests.csproj]
/workspace/LawMatics.SDK.Tests/EventLocationsClientTests.cs(175,37): error CS1061: 'CreateEventLocationRequest' does not contain a definition for 'Equipment' and no accessible extension method 'Equipment' accepting a first argument of type 'CreateEventLocationRequest' could be found (are you missing a using directive or an assembly reference?) [/workspace/LawMatics.SDK.Tests/LawMatics.SDK.Tests.csproj]
/workspace/LawMatics.SDK.Tests/EventLocationsClientTests.cs(176,17): error CS0117: 'EventLocation' does not contain a definition for 'IsActive' [/workspace/LawMatics.SDK.Tests/LawMatics.SDK.Tests.csproj]
/workspace/LawMatics.SDK.Tests/EventLocationsClientTests.cs(176,36): error CS1061: 'CreateEventLocationRequest' does not contain a definition for 'IsActive' and no accessible extension method 'IsActive' accepting a first argument of type 'CreateEventLocationRequest' could be found (are you missing a using directive or an assembly reference?) [/workspace/LawMatics.SDK.Tests/LawMatics.SDK.Tests.csproj]
/workspace/LawMatics.SDK.Tests/ExpensesClientTests.cs(119,17): error CS0117: 'Expense' does not contain a definition for 'ContactId' [/workspace/LawMatics.SDK.Tests/LawMatics.SDK.Tests.csproj]
/workspace/LawMatics.SDK.Tests/ExpensesClientTests.cs(120,17): error CS0117: 'Expense' does not contain a definition for 'CreatedBy' [/workspace/LawMatics.SDK.Tests/LawMatics.SDK.Tests.csproj]
/workspace/LawMatics.SDK.Tests/TimeEntriesClientTests.cs(436,31): error CS0246: The type or namespace name 'StartTimerRequest' could not be found (are you missing a using directive or an assembly reference?) [/workspace/LawMatics.SDK.Tests/LawMatics.SDK.Tests.csproj]
/workspace/LawMatics.SDK.Tests/TimeEntriesClientTests.cs(444,40): error CS0246: The type or namespace name 'ActiveTimer' could not be found (are you missing a using directive or an assembly reference?) [/workspace/LawMatics.SDK.Tests/LawMatics.SDK.Tests.csproj]
/workspace/LawMatics.SDK.Tests/ExpensesClientTests.cs(163,17): error CS0117: 'CreateExpenseRequest' does not contain a definition for 'ContactId' [/workspace/LawMatics.SDK.Tests/LawMatics.SDK.Tests.csproj]
/workspace/LawMatics.SDK.Tests/ExpensesClientTests.cs(164,17): error CS0117: 'CreateExpenseRequest' does not contain a definition for 'ReceiptUrl' [/workspace/LawMatics.SDK.Tests/LawMatics.SDK.Tests.csproj]
/workspace/LawMatics.SDK.Tests/ExpensesClientTests.cs(175,17): error CS0117: 'Expense' does not contain a definition for 'ContactId' [/workspace/LawMatics.SDK.Tests/LawMatics.SDK.Tests.csproj]
/workspace/LawMatics.SDK.Tests/ExpensesClientTests.cs(175,37): error CS1061: 'CreateExpenseRequest' does not contain a definition for 'ContactId' and no accessible extension method 'ContactId' accepting a first argument of type 'CreateExpenseRequest' could be found (are you missing a using directive or an assembly reference?) [/workspace/LawMatics.SDK.Tests/LawMatics.SDK.Tests.csproj]
/workspace/LawMatics.SDK.Tests/ExpensesClientTests.cs(176,17): error CS0117: 'Expense' does not contain a definition for 'ReceiptUrl' [/workspace/LawMatics.SDK.Tests/LawMatics.SDK.Tests.csproj]
/workspace/LawMatics.SDK.Tests/ExpensesClientTests.cs(176,38): error CS1061: 'CreateExpenseRequest' does not contain a definition for 'ReceiptUrl' and no accessible extension method 'ReceiptUrl' accepting a first argument of type 'CreateExpenseRequest' could be found (are you missing a using directive or an assembly reference?) [/workspace/LawMatics.SDK.Tests/LawMatics.SDK.Tests.csproj]
/workspace/LawMatics.SDK.Tests/ExpensesClientTests.cs(177,17): error CS0117: 'Expense' does not contain a definition for 'CreatedBy' [/workspace/LawMatics.SDK.Tests/LawMatics.SDK.Tests.csproj]
/workspace/LawMatics.SDK.Tests/EmailAddressesClientTests.cs(206,17): error CS0117: 'UpdateEmailAddressRequest' does not contain a definition for 'EmailType' [/workspace/LawMatics.SDK.Tests/LawMatics.SDK.Tests.csproj]
/workspace/LawMatics.SDK.Tests/EmailAddressesClientTests.cs(214,17): error CS0117: 'EmailAddress' does not contain a definition for 'EmailType' [/workspace/LawMatics.SDK.Tests/LawMatics.SDK.Tests.csproj]
/workspace/LawMatics.SDK.Tests/EmailAddressesClientTests.cs(214,37): error CS1061: 'UpdateEmailAddressRequest' does not contain a definition for 'EmailType' and no accessible extension method 'EmailType' accepting a first argument of type 'UpdateEmailAddressRequest' could be found (are you missing a using directive or an assembly reference?) [/workspace/LawMatics.SDK.Tests/LawMatics.SDK.Tests.csproj]
/workspace/LawMatics.SDK.Tests/EmailAddressesClientTests.cs(215,29): error CS0266: Cannot implicitly convert type 'bool?' to 'bool'. An explicit conversion exists (are you missing a cast?) [/workspace/LawMatics.SDK.Tests/LawMatics.SDK.Tests.csproj]
/workspace/LawMatics.SDK.Tests/EmailAddressesClientTests.cs(216,17): error CS0117: 'EmailAddress' does not contain a definition for 'IsVerified' [/workspace/LawMatics.SDK.Tests/LawMatics.SDK.Tests.csproj]
/workspace/LawMatics.SDK.Tests/EmailAddressesClientTests.cs(217,17): error CS0117: 'EmailAddress' does not contain a definition for 'ContactId' [/workspace/LawMatics.SDK.Tests/LawMatics.SDK.Tests.csproj]
/workspace/LawMatics.SDK.Tests/EmailAddressesClientTests.cs(246,34): error CS1061: 'UpdateEmailAddressRequest' does not contain a definition for 'EmailType' and no accessible extension method 'EmailType' accepting a first argument of type 'UpdateEmailAddressRequest' could be found (are you missing a using directive or an assembly reference?) [/workspace/LawMatics.SDK.Tests/LawMatics.SDK.Tests.csproj]
/workspace/LawMatics.SDK.Tests/EmailAddressesClientTests.cs(246,52): error CS1061: 'EmailAddress' does not contain a definition for 'EmailType' and no accessible extension method 'EmailType' accepting a first argument of type 'EmailAddress' could be found (are you missing a using directive or an assembly reference?) [/workspace/LawMatics.SDK.Tests/LawMatics.SDK.Tests.csproj]
/workspace/LawMatics.SDK.Tests/EventLocationsClientTests.cs(216,17): error CS0117: 'UpdateEventLocationRequest' does not contain a definition for 'Equipment' [/workspace/LawMatics.SDK.Tests/LawMatics.SDK.Tests.csproj]
/workspace/LawMatics.SDK.Tests/EventLocationsClientTests.cs(224,17): error CS0117: 'EventLocation' does not contain a definition for 'City' [/workspace/LawMatics.SDK.Tests/LawMatics.SDK.Tests.csproj]
/workspace/LawMatics.SDK.Tests/EventLocationsClientTests.cs(225,17): error CS0117: 'EventLocation' does not contain a definition for 'State' [/workspace/LawMatics.SDK.Tests/LawMatics.SDK.Tests.csproj]
/workspace/LawMatics.SDK.Tests/EventLocationsClientTests.cs(227,17): error CS0117: 'EventLocation' does not contain a definition for 'Equipment' [/workspace/LawMatics.SDK.Tests/LawMatics.SDK.Tests.csproj]
/workspace/LawMatics.SDK.Tests/EventLocationsClientTests.cs(227,37): error CS1061: 'UpdateEventLocationRequest' does not contain a definition for 'Equipment' and no accessible extension method 'Equipment' accepting a first argument of type 'UpdateEventLocationRequest' could be found (are you missing a using directive or an assembly reference?) [/workspace/LawMatics.SDK.Tests/LawMatics.SDK.Tests.csproj]
/workspace/LawMatics.SDK.Tests/EventLocationsClientTests.cs(228,17): error CS0117: 'EventLocation' does not contain a definition for 'IsActive' [/workspace/LawMatics.SDK.Tests/LawMatics.SDK.Tests.csproj]
/workspace/LawMatics.SDK.Tests/TimeEntriesClientTests.cs(490,17): error CS0117: 'TimeEntry' does not contain a definition for 'Duration' [/workspace/LawMatics.SDK.Tests/LawMatics.SDK.Tests.csproj]
/workspace/LawMatics.SDK.Tests/TimeEntriesClientTests.cs(491,17): error CS0117: 'TimeEntry' does not contain a definition for 'StartTime' [/workspace/LawMatics.SDK.Tests/LawMatics.SDK.Tests.csproj]
/workspace/LawMatics.SDK.Tests/TimeEntriesClientTests.cs(492,17): error CS0117: 'TimeEntry' does not contain a definition for 'EndTime' [/workspace/LawMatics.SDK.Tests/LawMatics.SDK.Tests.csproj]
/workspace/LawMatics.SDK.Tests/TimeEntriesClientTests.cs(519,35): error CS1061: 'TimeEntry' does not contain a definition for 'EndTime' and no accessible extension method 'EndTime' accepting a first argument of type 'TimeEntry' could be found (are you missing a using directive or an assembly reference?) [/workspace/LawMatics.SDK.Tests/LawMatics.SDK.Tests.csproj]
/workspace/LawMatics.SDK.Tests/TimeEntriesClientTests.cs(520,32): error CS1061: 'TimeEntry' does not contain a definition for 'Duration' and no accessible extension method 'Duration' accepting a first argument of type 'TimeEntry' could be found (are you missing a using directive or an assembly reference?) [/workspace/LawMatics.SDK.Tests/LawMatics.SDK.Tests.csproj]
/workspace/LawMatics.SDK.Tests/CustomEmailsClientTests.cs(284,17): error CS0117: 'CustomEmailPreview' does not contain a definition for 'RenderedAt' [/workspace/LawMatics.SDK.Tests/LawMatics.SDK.Tests.csproj]
/workspace/LawMatics.SDK.Tests/CustomEmailsClientTests.cs(305,39): error CS1061: 'CustomEmailsClient' does not contain a definition for 'PreviewCustomEmailAsync' and no accessible extension method 'PreviewCustomEmailAsync' accepting a first argument of type 'CustomEmailsClient' could be found (are you missing a using directive or an assembly reference?) [/workspace/LawMatics.SDK.Tests/LawMatics.SDK.Tests.csproj]
/workspace/LawMatics.SDK.Tests/EventTypesClientTests.cs(214,17): error CS0117: 'UpdateEventTypeRequest' does not contain a definition for 'Duration' [/workspace/LawMatics.SDK.Tests/LawMatics.SDK.Tests.csproj]
/workspace/LawMatics.SDK.Tests/EventTypesClientTests.cs(223,17): error CS0117: 'EventType' does not contain a definition for 'Duration' [/workspace/LawMatics.SDK.Tests/LawMatics.SDK.Tests.csproj]
/workspace/LawMatics.SDK.Tests/EventTypesClientTests.cs(223,36): error CS1061: 'UpdateEventTypeRequest' does not contain a definition for 'Duration' and no accessible extension method 'Duration' accepting a first argument of type 'UpdateEventTypeRequest' could be found (are you missing a using directive or an assembly reference?) [/workspace/LawMatics.SDK.Tests/LawMatics.SDK.Tests.csproj]
/workspace/LawMatics.SDK.Tests/EventTypesClientTests.cs(225,17): error CS0117: 'EventType' does not contain a definition for 'IsActive' [/workspace/LawMatics.SDK.Tests/LawMatics.SDK.Tests.csproj]
/workspace/LawMatics.SDK.Tests/EventTypesClientTests.cs(226,17): error CS0117: 'EventType' does not contain a definition for 'RequiresLocation' [/workspace/LawMatics.SDK.Tests/LawMatics.SDK.Tests.csproj]
/workspace/LawMatics.SDK.Tests/EventTypesClientTests.cs(255,34): error CS1061: 'UpdateEventTypeRequest' does not contain a definition for 'Duration' and no accessible extension method 'Duration' accepting a first argument of type 'UpdateEventTypeRequest' could be found (are you missing a using directive or an assembly reference?) [/workspace/LawMatics.SDK.Tests/LawMatics.SDK.Tests.csproj]
/workspace/LawMatics.SDK.Tests/EventTypesClientTests.cs(255,51): error CS1061: 'EventType' does not contain a definition for 'Duration' and no accessible extension method 'Duration' accepting a first argument of type 'EventType' could be found (are you missing a using directive or an assembly reference?) [/workspace/LawMatics.SDK.Tests/LawMatics.SDK.Tests.csproj]
/workspace/LawMatics.SDK.Tests/ExpensesClientTests.cs(218,17): error CS0117: 'UpdateExpenseRequest' does not contain a definition for 'ReceiptUrl' [/workspace/LawMatics.SDK.Tests/LawMatics.SDK.Tests.csproj]
/workspace/LawMatics.SDK.Tests/ExpensesClientTests.cs(225,26): error CS0266: Cannot implicitly convert type 'decimal?' to 'decimal'. An explicit conversion exists (are you missing a cast?) [/workspace/LawMatics.SDK.Tests/LawMatics.SDK.Tests.csproj]
/workspace/LawMatics.SDK.Tests/ExpensesClientTests.cs(229,17): error CS0117: 'Expense' does not contain a definition for 'ReceiptUrl' [/workspace/LawMatics.SDK.Tests/LawMatics.SDK.Tests.csproj]
/workspace/LawMatics.SDK.Tests/ExpensesClientTests.cs(229,38): error CS1061: 'UpdateExpenseRequest' does not contain a definition for 'ReceiptUrl' and no accessible extension method 'ReceiptUrl' accepting a first argument of type 'UpdateExpenseRequest' could be found (are you missing a using directive or an assembly reference?) [/workspace/LawMatics.SDK.Tests/LawMatics.SDK.Tests.csproj]
/workspace/LawMatics.SDK.Tests/ExpensesClientTests.cs(230,17): error CS0117: 'Expense' does not contain a definition for 'CreatedBy' [/workspace/LawMatics.SDK.Tests/LawMatics.SDK.Tests.csproj]
/workspace/LawMatics.SDK.Tests/EmailCampaignStatsClientTests.cs(163,40): error CS0246: The type or namespace name 'EmailCampaignClickStats' could not be found (are you missing a using directive or an assembly reference?) [/workspace/LawMatics.SDK.Tests/LawMatics.SDK.Tests.csproj]
/workspace/LawMatics.SDK.Tests/EmailCampaignStatsClientTests.cs(169,40): error CS0246: The type or namespace name 'DailyStat' could not be found (are you missing a using directive or an assembly reference?) [/workspace/LawMatics.SDK.Tests/LawMatics.SDK.Tests.csproj]
/workspace/LawMatics.SDK.Tests/EmailCampaignStatsClientTests.cs(171,25): error CS0246: The type or namespace name 'DailyStat' could not be found (are you missing a using directive or an assembly reference?) [/workspace/LawMatics.SDK.Tests/LawMatics.SDK.Tests.csproj]
/workspace/LawMatics.SDK.Tests/EmailCampaignStatsClientTests.cs(176,25): error CS0246: The type or namespace name 'DailyStat' could not be found (are you missing a using directive or an assembly reference?) [/workspace/LawMatics.SDK.Tests/LawMatics.SDK.Tests.csproj]
/workspace/LawMatics.SDK.Tests/EmailCampaignStatsClientTests.cs(182,37): error CS0246: The type or namespace name 'LinkStat' could not be found (are you missing a using directive or an assembly reference?) [/workspace/LawMatics.SDK.Tests/LawMatics.SDK.Tests.csproj]
/workspace/LawMatics.SDK.Tests/EmailCampaignStatsClientTests.cs(184,25): error CS0246: The type or namespace name 'LinkStat' could not be found (are you missing a using directive or an assembly reference?) [/workspace/LawMatics.SDK.Tests/LawMatics.SDK.Tests.csproj]
/workspace/LawMatics.SDK.Tests/EmailCampaignStatsClientTests.cs(190,25): error CS0246: The type or namespace name 'LinkStat' could not be found (are you missing a using directive or an assembly reference?) [/workspace/LawMatics.SDK.Tests/LawMatics.SDK.Tests.csproj]
/workspace/LawMatics.SDK.Tests/EmailCampaignStatsClientTests.cs(217,39): error CS1061: 'EmailCampaignStatsClient' does not contain a definition for 'GetEmailCampaignClickStatsAsync' and no accessible extension method 'GetEmailCampaignClickStatsAsync' accepting a first argument of type 'EmailCampaignStatsClient' could be found (are you missing a using directive or an assembly reference?) [/workspace/LawMatics.SDK.Tests/LawMatics.SDK.Tests.csproj]
/workspace/LawMatics.SDK.Tests/MatterSubStatusesClientTests.cs(61,25): error CS0117: 'MatterSubStatus' does not contain a definition for 'MatterStatusId' [/workspace/LawMatics.SDK.Tests/LawMatics.SDK.Tests.csproj]
/workspace/LawMatics.SDK.Tests/MatterSubStatusesClientTests.cs(62,25): error CS0117: 'MatterSubStatus' does not contain a definition for 'Color' [/workspace/LawMatics.SDK.Tests/LawMatics.SDK.Tests.csproj]
/workspace/LawMatics.SDK.Tests/MatterSubStatusesClientTests.cs(63,25): error CS0117: 'MatterSubStatus' does not contain a definition for 'IsActive' [/workspace/LawMatics.SDK.Tests/LawMatics.SDK.Tests.csproj]
/workspace/LawMatics.SDK.Tests/MatterSubStatusesClientTests.cs(64,25): error CS0117: 'MatterSubStatus' does not contain a definition for 'SortOrder' [/workspace/LawMatics.SDK.Tests/LawMatics.SDK.Tests.csproj]
/workspace/LawMatics.SDK.Tests/MatterSubStatusesClientTests.cs(70,21): error CS0117: 'PaginationInfo' does not contain a definition for 'Page' [/workspace/LawMatics.SDK.Tests/LawMatics.SDK.Tests.csproj]
/workspace/LawMatics.SDK.Tests/MatterSubStatusesClientTests.cs(71,21): error CS0117: 'PaginationInfo' does not contain a definition for 'PageSize' [/workspace/LawMatics.SDK.Tests/LawMatics.SDK.Tests.csproj]
/workspace/LawMatics.SDK.Tests/MatterSubStatusesClientTests.cs(72,21): error CS0117: 'PaginationInfo' does not contain a definition for 'TotalCount' [/workspace/LawMatics.SDK.Tests/LawMatics.SDK.Tests.csproj]
/workspace/LawMatics.SDK.Tests/EventTypesClientTests.cs(294,21): error CS0117: 'EventType' does not contain a definition for 'IsActive' [/workspace/LawMatics.SDK.Tests/LawMatics.SDK.Tests.csproj]
/workspace/LawMatics.SDK.Tests/EventTypesClientTests.cs(321,27): error CS1503: Argument 1: cannot convert from 'LawMatics.SDK.Models.PagedResponse<LawMatics.SDK.Models.EventType>' to 'System.Collections.IEnumerable' [/workspace/LawMatics.SDK.Tests/LawMatics.SDK.Tests.csproj]
/workspace/LawMatics.SDK.Tests/EventTypesClientTests.cs(322,25): error CS0021: Cannot apply indexing with [] to an expression of type 'PagedResponse<EventType>' [/workspace/LawMatics.SDK.Tests/LawMatics.SDK.Tests.csproj]
/workspace/LawMatics.SDK.Tests/EventTypesClientTests.cs(323,47): error CS0021: Cannot apply indexing with [] to an expression of type 'PagedResponse<EventType>' [/workspace/LawMatics.SDK.Tests/LawMatics.SDK.Tests.csproj]
/workspace/LawMatics.SDK.Tests/SubtasksClientTests.cs(62,25): error CS0117: 'Subtask' does not contain a definition for 'Order' [/workspace/LawMatics.SDK.Tests/LawMatics.SDK.Tests.csproj]
/workspace/LawMatics.SDK.Tests/SubtasksClientTests.cs(64,25): error CS0117: 'Subtask' does not contain a definition for 'DueDate' [/workspace/LawMatics.SDK.Tests/LawMatics.SDK.Tests.csproj]
/workspace/LawMatics.SDK.Tests/SubtasksClientTests.cs(65,25): error CS0117: 'Subtask' does not contain a definition for 'AssignedToId' [/workspace/LawMatics.SDK.Tests/LawMatics.SDK.Tests.csproj]
/workspace/LawMatics.SDK.Tests/SubtasksClientTests.cs(71,21): error CS0117: 'PaginationInfo' does not contain a definition for 'Page' [/workspace/LawMatics.SDK.Tests/LawMatics.SDK.Tests.csproj]
/workspace/LawMatics.SDK.Tests/SubtasksClientTests.cs(72,21): error CS0117: 'PaginationInfo' does not contain a definition for 'PageSize' [/workspace/LawMatics.SDK.Tests/LawMatics.SDK.Tests.csproj]
/workspace/LawMatics.SDK.Tests/SubtasksClientTests.cs(73,21): error CS0117: 'PaginationInfo' does not contain a definition for 'TotalCount' [/workspace/LawMatics.SDK.Tests/LawMatics.SDK.Tests.csproj]
/workspace/LawMatics.SDK.Tests/EmailAddressesClientTests.cs(279,40): error CS0246: The type or namespace name 'EmailVerificationResult' could not be found (are you missing a using directive or an assembly reference?) [/workspace/LawMatics.SDK.Tests/LawMatics.SDK.Tests.csproj]
/workspace/LawMatics.SDK.Tests/EmailAddressesClientTests.cs(307,39): error CS1061: 'EmailAddressesClient' does not contain a definition for 'VerifyEmailAddressAsync' and no accessible extension method 'VerifyEmailAddressAsync' accepting a first argument of type 'EmailAddressesClient' could be found (are you missing a using directive or an assembly reference?) [/workspace/LawMatics.SDK.Tests/LawMatics.SDK.Tests.csproj]
/workspace/LawMatics.SDK.Tests/MatterSubStatusesClientTests.cs(115,17): error CS0117: 'MatterSubStatus' does not contain a definition for 'MatterStatusId' [/workspace/LawMatics.SDK.Tests/LawMatics.SDK.Tests.csproj]
/workspace/LawMatics.SDK.Tests/MatterSubStatusesClientTests.cs(116,17): error CS0117: 'MatterSubStatus' does not contain a definition for 'Color' [/workspace/LawMatics.SDK.Tests/LawMatics.SDK.Tests.csproj]
/workspace/LawMatics.SDK.Tests/MatterSubStatusesClientTests.cs(117,17): error CS0117: 'MatterSubStatus' does not contain a definition for 'IsActive' [/workspace/LawMatics.SDK.Tests/LawMatics.SDK.Tests.csproj]
/workspace/LawMatics.SDK.Tests/MatterSubStatusesClientTests.cs(118,17): error CS0117: 'MatterSubStatus' does not contain a definition for 'SortOrder' [/workspace/LawMatics.SDK.Tests/LawMatics.SDK.Tests.csproj]
/workspace/LawMatics.SDK.Tests/MatterSubStatusesClientTests.cs(146,36): error CS1061: 'MatterSubStatus' does not contain a definition for 'MatterStatusId' and no accessible extension method 'MatterStatusId' accepting a first argument of type 'MatterSubStatus' could be found (are you missing a using directive or an assembly reference?) [/workspace/LawMatics.SDK.Tests/LawMatics.SDK.Tests.csproj]
/workspace/LawMatics.SDK.Tests/SubtasksClientTests.cs(117,17): error CS0117: 'Subtask' does not contain a definition for 'Order' [/workspace/LawMatics.SDK.Tests/LawMatics.SDK.Tests.csproj]
/workspace/LawMatics.SDK.Tests/SubtasksClientTests.cs(119,17): error CS0117: 'Subtask' does not contain a definition for 'DueDate' [/workspace/LawMatics.SDK.Tests/LawMatics.SDK.Tests.csproj]
/workspace/LawMatics.SDK.Tests/SubtasksClientTests.cs(120,17): error CS0117: 'Subtask' does not contain a definition for 'AssignedToId' [/workspace/LawMatics.SDK.Tests/LawMatics.SDK.Tests.csproj]
/workspace/LawMatics.SDK.Tests/EventLocationsClientTests.cs(293,45): error CS0246: The type or namespace name 'EventLocationAvailability' could not be found (are you missing a using directive or an assembly reference?) [/workspace/LawMatics.SDK.Tests/LawMatics.SDK.Tests.csproj]
/workspace/LawMatics.SDK.Tests/EventLocationsClientTests.cs(295,21): error CS0246: The type or namespace name 'EventLocationAvailability' could not be found (are you missing a using directive or an assembly reference?) [/workspace/LawMatics.SDK.Tests/LawMatics.SDK.Tests.csproj]
/workspace/LawMatics.SDK.Tests/EventLocationsClientTests.cs(323,39): error CS1061: 'EventLocationsClient' does not contain a definition for 'GetAvailableEventLocationsAsync' and no accessible extension method 'GetAvailableEventLocationsAsync' accepting a first argument of type 'EventLocationsClient' could be found (are you missing a using directive or an assembly reference?) [/workspace/LawMatics.SDK.Tests/LawMatics.SDK.Tests.csproj]
/workspace/LawMatics.SDK.Tests/EmailCampaignStatsClientTests.cs(232,40): error CS0246: The type or namespace name 'EmailCampaignBounceStats' could not be found (are you missing a using directive or an assembly reference?) [/workspace/LawMatics.SDK.Tests/LawMatics.SDK.Tests.csproj]
/workspace/LawMatics.SDK.Tests/EmailCampaignStatsClientTests.cs(239,44): error CS0246: The type or namespace name 'BounceReasonStat' could not be found (are you missing a using directive or an assembly reference?) [/workspace/LawMatics.SDK.Tests/LawMatics.SDK.Tests.csproj]
/workspace/LawMatics.SDK.Tests/EmailCampaignStatsClientTests.cs(241,25): error CS0246: The type or namespace name 'BounceReasonStat' could not be found (are you missing a using directive or an assembly reference?) [/workspace/LawMatics.SDK.Tests/LawMatics.SDK.Tests.csproj]
/workspace/LawMatics.SDK.Tests/EmailCampaignStatsClientTests.cs(247,25): error CS0246: The type or namespace name 'BounceReasonStat' could not be found (are you missing a using directive or an assembly reference?) [/workspace/LawMatics.SDK.Tests/LawMatics.SDK.Tests.csproj]
/workspace/LawMatics.SDK.Tests/EmailCampaignStatsClientTests.cs(274,39): error CS1061: 'EmailCampaignStatsClient' does not contain a definition for 'GetEmailCampaignBounceStatsAsync' and no accessible extension method 'GetEmailCampaignBounceStatsAsync' accepting a first argument of type 'EmailCampaignStatsClient' could be found (are you missing a using directive or an assembly reference?) [/workspace/LawMatics.SDK.Tests/LawMatics.SDK.Tests.csproj]
/workspace/LawMatics.SDK.Tests/ExpensesClientTests.cs(334,36): error CS1061: 'PagedResponse<Expense>' does not contain a definition for 'Count' and no accessible extension method 'Count' accepting a first argument of type 'PagedResponse<Expense>' could be found (are you missing a using directive or an assembly reference?) [/workspace/LawMatics.SDK.Tests/LawMatics.SDK.Tests.csproj]
/workspace/LawMatics.SDK.Tests/ExpensesClientTests.cs(335,20): error CS0411: The type arguments for method 'Assert.All<T>(IAsyncEnumerable<T>, Action<T>)' cannot be inferred from the usage. Try specifying the type arguments explicitly. [/workspace/LawMatics.SDK.Tests/LawMatics.SDK.Tests.csproj]
/workspace/LawMatics.SDK.Tests/TasksClientTests.cs(56,25): error CS1729: 'Task' does not contain a constructor that takes 0 arguments [/workspace/LawMatics.SDK.Tests/LawMatics.SDK.Tests.csproj]
/workspace/LawMatics.SDK.Tests/TasksClientTests.cs(58,25): error CS0200: Property or indexer 'Task.Id' cannot be assigned to -- it is read only [/workspace/LawMatics.SDK.Tests/LawMatics.SDK.Tests.csproj]
/workspace/LawMatics.SDK.Tests/TasksClientTests.cs(59,25): error CS0117: 'Task' does not contain a definition for 'Title' [/workspace/LawMatics.SDK.Tests/LawMatics.SDK.Tests.csproj]
/workspace/LawMatics.SDK.Tests/TasksClientTests.cs(60,25): error CS0117: 'Task' does not contain a definition for 'Description' [/workspace/LawMatics.SDK.Tests/LawMatics.SDK.Tests.csproj]
/workspace/LawMatics.SDK.Tests/TasksClientTests.cs(61,25): error CS0117: 'Task' does not contain a definition for 'DueDate' [/workspace/LawMatics.SDK.Tests/LawMatics.SDK.Tests.csproj]
/workspace/LawMatics.SDK.Tests/TasksClientTests.cs(62,25): error CS0117: 'Task' does not contain a definition for 'Priority' [/workspace/LawMatics.SDK.Tests/LawMatics.SDK.Tests.csproj]
/workspace/LawMatics.SDK.Tests/TasksClientTests.cs(63,25): error CS0117: 'Task' does not contain a definition for 'StatusId' [/workspace/LawMatics.SDK.Tests/LawMatics.SDK.Tests.csproj]
/workspace/LawMatics.SDK.Tests/TasksClientTests.cs(64,25): error CS0117: 'Task' does not contain a definition for 'AssignedToId' [/workspace/LawMatics.SDK.Tests/LawMatics.SDK.Tests.csproj]
/workspace/LawMatics.SDK.Tests/TasksClientTests.cs(65,25): error CS0117: 'Task' does not contain a definition for 'MatterId' [/workspace/LawMatics.SDK.Tests/LawMatics.SDK.Tests.csproj]
/workspace/LawMatics.SDK.Tests/TasksClientTests.cs(66,25): error CS0117: 'Task' does not contain a definition for 'ContactId' [/workspace/LawMatics.SDK.Tests/LawMatics.SDK.Tests.csproj]
/workspace/LawMatics.SDK.Tests/TasksClientTests.cs(67,25): error CS0200: Property or indexer 'Task.IsCompleted' cannot be assigned to -- it is read only [/workspace/LawMatics.SDK.Tests/LawMatics.SDK.Tests.csproj]
/workspace/LawMatics.SDK.Tests/TasksClientTests.cs(68,25): error CS0117: 'Task' does not contain a definition for 'CreatedAt' [/workspace/LawMatics.SDK.Tests/LawMatics.SDK.Tests.csproj]
/workspace/LawMatics.SDK.Tests/TasksClientTests.cs(73,21): error CS0117: 'PaginationInfo' does not contain a definition for 'Page' [/workspace/LawMatics.SDK.Tests/LawMatics.SDK.Tests.csproj]
/workspace/LawMatics.SDK.Tests/TasksClientTests.cs(74,21): error CS0117: 'PaginationInfo' does not contain a definition for 'PageSize' [/workspace/LawMatics.SDK.Tests/LawMatics.SDK.Tests.csproj]
/workspace/LawMatics.SDK.Tests/TasksClientTests.cs(75,21): error CS0117: 'PaginationInfo' does not contain a definition for 'TotalCount' [/workspace/LawMatics.SDK.Tests/LawMatics.SDK.Tests.csproj]
/workspace/LawMatics.SDK.Tests/TaskStatusesClientTests.cs(52,54): error CS0104: 'TaskStatus' is an ambiguous reference between 'LawMatics.SDK.Models.TaskStatus' and 'System.Threading.Tasks.TaskStatus' [/workspace/LawMatics.SDK.Tests/LawMatics.SDK.Tests.csproj]
/workspace/LawMatics.SDK.Tests/TaskStatusesClientTests.cs(54,33): error CS0104: 'TaskStatus' is an ambiguous reference between 'LawMatics.SDK.Models.TaskStatus' and 'System.Threading.Tasks.TaskStatus' [/workspace/LawMatics.SDK.Tests/LawMatics.SDK.Tests.csproj]
/workspace/LawMatics.SDK.Tests/TaskStatusesClientTests.cs(56,25): error CS0104: 'TaskStatus' is an ambiguous reference between 'LawMatics.SDK.Models.TaskStatus' and 'System.Threading.Tasks.TaskStatus' [/workspace/LawMatics.SDK.Tests/LawMatics.SDK.Tests.csproj]
/workspace/LawMatics.SDK.Tests/TaskStatusesClientTests.cs(70,21): error CS0117: 'PaginationInfo' does not contain a definition for 'Page' [/workspace/LawMatics.SDK.Tests/LawMatics.SDK.Tests.csproj]
/workspace/LawMatics.SDK.Tests/TaskStatusesClientTests.cs(71,21): error CS0117: 'PaginationInfo' does not contain a definition for 'PageSize' [/workspace/LawMatics.SDK.Tests/LawMatics.SDK.Tests.csproj]
/workspace/LawMatics.SDK.Tests/TaskStatusesClientTests.cs(72,21): error CS0117: 'PaginationInfo' does not contain a definition for 'TotalCount' [/workspace/LawMatics.SDK.Tests/LawMatics.SDK.Tests.csproj]
/workspace/LawMatics.SDK.Tests/SubtasksClientTests.cs(161,17): error CS0117: 'CreateSubtaskRequest' does not contain a definition for 'Order' [/workspace/LawMatics.SDK.Tests/LawMatics.SDK.Tests.csproj]
/workspace/LawMatics.SDK.Tests/SubtasksClientTests.cs(162,17): error CS0117: 'CreateSubtaskRequest' does not contain a definition for 'DueDate' [/workspace/LawMatics.SDK.Tests/LawMatics.SDK.Tests.csproj]
/workspace/LawMatics.SDK.Tests/SubtasksClientTests.cs(163,17): error CS0117: 'CreateSubtaskRequest' does not contain a definition for 'AssignedToId' [/workspace/LawMatics.SDK.Tests/LawMatics.SDK.Tests.csproj]
/workspace/LawMatics.SDK.Tests/SubtasksClientTests.cs(172,17): error CS0117: 'Subtask' does not contain a definition for 'Order' [/workspace/LawMatics.SDK.Tests/LawMatics.SDK.Tests.csproj]
/workspace/LawMatics.SDK.Tests/SubtasksClientTests.cs(172,33): error CS1061: 'CreateSubtaskRequest' does not contain a definition for 'Order' and no accessible extension method 'Order' accepting a first argument of type 'CreateSubtaskRequest' could be found (are you missing a using directive or an assembly reference?) [/workspace/LawMatics.SDK.Tests/LawMatics.SDK.Tests.csproj]
/workspace/LawMatics.SDK.Tests/SubtasksClientTests.cs(173,17): error CS0117: 'Subtask' does not contain a definition for 'DueDate' [/workspace/LawMatics.SDK.Tests/LawMatics.SDK.Tests.csproj]
/workspace/LawMatics.SDK.Tests/SubtasksClientTests.cs(173,35): error CS1061: 'CreateSubtaskRequest' does not contain a definition for 'DueDate' and no accessible extension method 'DueDate' accepting a first argument of type 'CreateSubtaskRequest' could be found (are you missing a using directive or an assembly reference?) [/workspace/LawMatics.SDK.Tests/LawMatics.SDK.Tests.csproj]
/workspace/LawMatics.SDK.Tests/SubtasksClientTests.cs(174,17): error CS0117: 'Subtask' does not contain a definition for 'AssignedToId' [/workspace/LawMatics.SDK.Tests/LawMatics.SDK.Tests.csproj]
/workspace/LawMatics.SDK.Tests/SubtasksClientTests.cs(174,40): error CS1061: 'CreateSubtaskRequest' does not contain a definition for 'AssignedToId' and no accessible extension method 'AssignedToId' accepting a first argument of type 'CreateSubtaskRequest' could be found (are you missing a using directive or an assembly reference?) [/workspace/LawMatics.SDK.Tests/LawMatics.SDK.Tests.csproj]
/workspace/LawMatics.SDK.Tests/MatterSubStatusesClientTests.cs(158,17): error CS0117: 'CreateMatterSubStatusRequest' does not contain a definition for 'MatterStatusId' [/workspace/LawMatics.SDK.Tests/LawMatics.SDK.Tests.csproj]
/workspace/LawMatics.SDK.Tests/MatterSubStatusesClientTests.cs(159,17): error CS0117: 'CreateMatterSubStatusRequest' does not contain a definition for 'Color' [/workspace/LawMatics.SDK.Tests/LawMatics.SDK.Tests.csproj]
/workspace/LawMatics.SDK.Tests/MatterSubStatusesClientTests.cs(160,17): error CS0117: 'CreateMatterSubStatusRequest' does not contain a definition for 'IsActive' [/workspace/LawMatics.SDK.Tests/LawMatics.SDK.Tests.csproj]
/workspace/LawMatics.SDK.Tests/MatterSubStatusesClientTests.cs(161,17): error CS0117: 'CreateMatterSubStatusRequest' does not contain a definition for 'SortOrder' [/workspace/LawMatics.SDK.Tests/LawMatics.SDK.Tests.csproj]
/workspace/LawMatics.SDK.Tests/MatterSubStatusesClientTests.cs(169,17): error CS0117: 'MatterSubStatus' does not contain a definition for 'MatterStatusId' [/workspace/LawMatics.SDK.Tests/LawMatics.SDK.Tests.csproj]
/workspace/LawMatics.SDK.Tests/MatterSubStatusesClientTests.cs(169,42): error CS1061: 'CreateMatterSubStatusRequest' does not contain a definition for 'MatterStatusId' and no accessible extension method 'MatterStatusId' accepting a first argument of type 'CreateMatterSubStatusRequest' could be found (are you missing a using directive or an assembly reference?) [/workspace/LawMatics.SDK.Tests/LawMatics.SDK.Tests.csproj]
/workspace/LawMatics.SDK.Tests/MatterSubStatusesClientTests.cs(170,17): error CS0117: 'MatterSubStatus' does not contain a definition for 'Color' [/workspace/LawMatics.SDK.Tests/LawMatics.SDK.Tests.csproj]
/workspace/LawMatics.SDK.Tests/MatterSubStatusesClientTests.cs(170,33): error CS1061: 'CreateMatterSubStatusRequest' does not contain a definition for 'Color' and no accessible extension method 'Color' accepting a first argument of type 'CreateMatterSubStatusRequest' could be found (are you missing a using directive or an assembly reference?) [/workspace/LawMatics.SDK.Tests/LawMatics.SDK.Tests.csproj]
/workspace/LawMatics.SDK.Tests/MatterSubStatusesClientTests.cs(171,17): error CS0117: 'MatterSubStatus' does not contain a definition for 'IsActive' [/workspace/LawMatics.SDK.Tests/LawMatics.SDK.Tests.csproj]
/workspace/LawMatics.SDK.Tests/MatterSubStatusesClientTests.cs(171,36): error CS1061: 'CreateMatterSubStatusRequest' does not contain a definition for 'IsActive' and no accessible extension method 'IsActive' accepting a first argument of type 'CreateMatterSubStatusRequest' could be found (are you missing a using directive or an assembly reference?) [/workspace/LawMatics.SDK.Tests/LawMatics.SDK.Tests.csproj]
/workspace/LawMatics.SDK.Tests/MatterSubStatusesClientTests.cs(172,17): error CS0117: 'MatterSubStatus' does not contain a definition for 'SortOrder' [/workspace/LawMatics.SDK.Tests/LawMatics.SDK.Tests.csproj]
/workspace/LawMatics.SDK.Tests/MatterSubStatusesClientTests.cs(172,37): error CS1061: 'CreateMatterSubStatusRequest' does not contain a definition for 'SortOrder' and no accessible extension method 'SortOrder' accepting a first argument of type 'CreateMatterSubStatusRequest' could be found (are you missing a using directive or an assembly reference?) [/workspace/LawMatics.SDK.Tests/LawMatics.SDK.Tests.csproj]
/workspace/LawMatics.SDK.Tests/MatterSubStatusesClientTests.cs(200,34): error CS1061: 'CreateMatterSubStatusRequest' does not contain a definition for 'MatterStatusId' and no accessible extension method 'MatterStatusId' accepting a first argument of type 'CreateMatterSubStatusRequest' could be found (are you missing a using directive or an assembly reference?) [/workspace/LawMatics.SDK.Tests/LawMatics.SDK.Tests.csproj]
/workspace/LawMatics.SDK.Tests/MatterSubStatusesClientTests.cs(200,57): error CS1061: 'MatterSubStatus' does not contain a definition for 'MatterStatusId' and no accessible extension method 'MatterStatusId' accepting a first argument of type 'MatterSubStatus' could be found (are you missing a using directive or an assembly reference?) [/workspace/LawMatics.SDK.Tests/LawMatics.SDK.Tests.csproj]
/workspace/LawMatics.SDK.Tests/TasksClientTests.cs(113,40): error CS1729: 'Task' does not contain a constructor that takes 0 arguments [/workspace/LawMatics.SDK.Tests/LawMatics.SDK.Tests.csproj]
/workspace/LawMatics.SDK.Tests/TasksClientTests.cs(115,17): error CS0200: Property or indexer 'Task.Id' cannot be assigned to -- it is read only [/workspace/LawMatics.SDK.Tests/LawMatics.SDK.Tests.csproj]
/workspace/LawMatics.SDK.Tests/TasksClientTests.cs(116,17): error CS0117: 'Task' does not contain a definition for 'Title' [/workspace/LawMatics.SDK.Tests/LawMatics.SDK.Tests.csproj]
/workspace/LawMatics.SDK.Tests/TasksClientTests.cs(117,17): error CS0117: 'Task' does not contain a definition for 'Description' [/workspace/LawMatics.SDK.Tests/LawMatics.SDK.Tests.csproj]
/workspace/LawMatics.SDK.Tests/TasksClientTests.cs(118,17): error CS0117: 'Task' does not contain a definition for 'DueDate' [/workspace/LawMatics.SDK.Tests/LawMatics.SDK.Tests.csproj]
/workspace/LawMatics.SDK.Tests/TasksClientTests.cs(119,17): error CS0117: 'Task' does not contain a definition for 'Priority' [/workspace/LawMatics.SDK.Tests/LawMatics.SDK.Tests.csproj]
/workspace/LawMatics.SDK.Tests/TasksClientTests.cs(120,17): error CS0117: 'Task' does not contain a definition for 'StatusId' [/workspace/LawMatics.SDK.Tests/LawMatics.SDK.Tests.csproj]
/workspace/LawMatics.SDK.Tests/TasksClientTests.cs(121,17): error CS0117: 'Task' does not contain a definition for 'AssignedToId' [/workspace/LawMatics.SDK.Tests/LawMatics.SDK.Tests.csproj]
/workspace/LawMatics.SDK.Tests/TasksClientTests.cs(122,17): error CS0117: 'Task' does not contain a definition for 'MatterId' [/workspace/LawMatics.SDK.Tests/LawMatics.SDK.Tests.csproj]
/workspace/LawMatics.SDK.Tests/TasksClientTests.cs(123,17): error CS0117: 'Task' does not contain a definition for 'ContactId' [/workspace/LawMatics.SDK.Tests/LawMatics.SDK.Tests.csproj]
/workspace/LawMatics.SDK.Tests/TasksClientTests.cs(124,17): error CS0200: Property or indexer 'Task.IsCompleted' cannot be assigned to -- it is read only [/workspace/LawMatics.SDK.Tests/LawMatics.SDK.Tests.csproj]
/workspace/LawMatics.SDK.Tests/TasksClientTests.cs(125,17): error CS0117: 'Task' does not contain a definition for 'CreatedAt' [/workspace/LawMatics.SDK.Tests/LawMatics.SDK.Tests.csproj]
/workspace/LawMatics.SDK.Tests/ExpensesClientTests.cs(421,27): error CS1503: Argument 1: cannot convert from 'LawMatics.SDK.Models.PagedResponse<LawMatics.SDK.Models.Expense>' to 'System.Collections.IEnumerable' [/workspace/LawMatics.SDK.Tests/LawMatics.SDK.Tests.csproj]
/workspace/LawMatics.SDK.Tests/ExpensesClientTests.cs(422,25): error CS0021: Cannot apply indexing with [] to an expression of type 'PagedResponse<Expense>' [/workspace/LawMatics.SDK.Tests/LawMatics.SDK.Tests.csproj]
/workspace/LawMatics.SDK.Tests/ExpensesClientTests.cs(422,56): error CS0021: Cannot apply indexing with [] to an expression of type 'PagedResponse<Expense>' [/workspace/LawMatics.SDK.Tests/LawMatics.SDK.Tests.csproj]
/workspace/LawMatics.SDK.Tests/MatterSubStatusesClientTests.cs(212,17): error CS0117: 'UpdateMatterSubStatusRequest' does not contain a definition for 'Color' [/workspace/LawMatics.SDK.Tests/LawMatics.SDK.Tests.csproj]
/workspace/LawMatics.SDK.Tests/MatterSubStatusesClientTests.cs(213,17): error CS0117: 'UpdateMatterSubStatusRequest' does not contain a definition for 'SortOrder' [/workspace/LawMatics.SDK.Tests/LawMatics.SDK.Tests.csproj]
/workspace/LawMatics.SDK.Tests/MatterSubStatusesClientTests.cs(221,17): error CS0117: 'MatterSubStatus' does not contain a definition for 'MatterStatusId' [/workspace/LawMatics.SDK.Tests/LawMatics.SDK.Tests.csproj]
/workspace/LawMatics.SDK.Tests/MatterSubStatusesClientTests.cs(222,17): error CS0117: 'MatterSubStatus' does not contain a definition for 'Color' [/workspace/LawMatics.SDK.Tests/LawMatics.SDK.Tests.csproj]
/workspace/LawMatics.SDK.Tests/MatterSubStatusesClientTests.cs(222,33): error CS1061: 'UpdateMatterSubStatusRequest' does not contain a definition for 'Color' and no accessible extension method 'Color' accepting a first argument of type 'UpdateMatterSubStatusRequest' could be found (are you missing a using directive or an assembly reference?) [/workspace/LawMatics.SDK.Tests/LawMatics.SDK.Tests.csproj]
/workspace/LawMatics.SDK.Tests/MatterSubStatusesClientTests.cs(223,17): error CS0117: 'MatterSubStatus' does not contain a definition for 'IsActive' [/workspace/LawMatics.SDK.Tests/LawMatics.SDK.Tests.csproj]
/workspace/LawMatics.SDK.Tests/MatterSubStatusesClientTests.cs(224,17): error CS0117: 'MatterSubStatus' does not contain a definition for 'SortOrder' [/workspace/LawMatics.SDK.Tests/LawMatics.SDK.Tests.csproj]
/workspace/LawMatics.SDK.Tests/MatterSubStatusesClientTests.cs(224,37): error CS1061: 'UpdateMatterSubStatusRequest' does not contain a definition for 'SortOrder' and no accessible extension method 'SortOrder' accepting a first argument of type 'UpdateMatterSubStatusRequest' could be found (are you missing a using directive or an assembly reference?) [/workspace/LawMatics.SDK.Tests/LawMatics.SDK.Tests.csproj]
/workspace/LawMatics.SDK.Tests/MatterSubStatusesClientTests.cs(253,34): error CS1061: 'UpdateMatterSubStatusRequest' does not contain a definition for 'SortOrder' and no accessible extension method 'SortOrder' accepting a first argument of type 'UpdateMatterSubStatusRequest' could be found (are you missing a using directive or an assembly reference?) [/workspace/LawMatics.SDK.Tests/LawMatics.SDK.Tests.csproj]
/workspace/LawMatics.SDK.Tests/MatterSubStatusesClientTests.cs(253,52): error CS1061: 'MatterSubStatus' does not contain a definition for 'SortOrder' and no accessible extension method 'SortOrder' accepting a first argument of type 'MatterSubStatus' could be found (are you missing a using directive or an assembly reference?) [/workspace/LawMatics.SDK.Tests/LawMatics.SDK.Tests.csproj]
/workspace/LawMatics.SDK.Tests/EmailCampaignStatsClientTests.cs(289,40): error CS0246: The type or namespace name 'EmailCampaignUnsubscribeStats' could not be found (are you missing a using directive or an assembly reference?) [/workspace/LawMatics.SDK.Tests/LawMatics.SDK.Tests.csproj]
/workspace/LawMatics.SDK.Tests/EmailCampaignStatsClientTests.cs(294,46): error CS0246: The type or namespace name 'DailyStat' could not be found (are you missing a using directive or an assembly reference?) [/workspace/LawMatics.SDK.Tests/LawMatics.SDK.Tests.csproj]
/workspace/LawMatics.SDK.Tests/EmailCampaignStatsClientTests.cs(296,25): error CS0246: The type or namespace name 'DailyStat' could not be found (are you missing a using directive or an assembly reference?) [/workspace/LawMatics.SDK.Tests/LawMatics.SDK.Tests.csproj]
/workspace/LawMatics.SDK.Tests/EmailCampaignStatsClientTests.cs(301,25): error CS0246: The type or namespace name 'DailyStat' could not be found (are you missing a using directive or an assembly reference?) [/workspace/LawMatics.SDK.Tests/LawMatics.SDK.Tests.csproj]
/workspace/LawMatics.SDK.Tests/EmailCampaignStatsClientTests.cs(307,49): error CS0246: The type or namespace name 'UnsubscribeReasonStat' could not be found (are you missing a using directive or an assembly reference?) [/workspace/LawMatics.SDK.Tests/LawMatics.SDK.Tests.csproj]
/workspace/LawMatics.SDK.Tests/EmailCampaignStatsClientTests.cs(309,25): error CS0246: The type or namespace name 'UnsubscribeReasonStat' could not be found (are you missing a using directive or an assembly reference?) [/workspace/LawMatics.SDK.Tests/LawMatics.SDK.Tests.csproj]
/workspace/LawMatics.SDK.Tests/EmailCampaignStatsClientTests.cs(314,25): error CS0246: The type or namespace name 'UnsubscribeReasonStat' could not be found (are you missing a using directive or an assembly reference?) [/workspace/LawMatics.SDK.Tests/LawMatics.SDK.Tests.csproj]
/workspace/LawMatics.SDK.Tests/EmailCampaignStatsClientTests.cs(340,39): error CS1061: 'EmailCampaignStatsClient' does not contain a definition for 'GetEmailCampaignUnsubscribeStatsAsync' and no accessible extension method 'GetEmailCampaignUnsubscribeStatsAsync' accepting a first argument of type 'EmailCampaignStatsClient' could be found (are you missing a using directive or an assembly reference?) [/workspace/LawMatics.SDK.Tests/LawMatics.SDK.Tests.csproj]
/workspace/LawMatics.SDK.Tests/TaskStatusesClientTests.cs(110,40): error CS0104: 'TaskStatus' is an ambiguous reference between 'LawMatics.SDK.Models.TaskStatus' and 'System.Threading.Tasks.TaskStatus' [/workspace/LawMatics.SDK.Tests/LawMatics.SDK.Tests.csproj]
/workspace/LawMatics.SDK.Tests/TaskStatusesClientTests.cs(146,32): error CS1061: 'TaskStatus' does not contain a definition for 'IsDefault' and no accessible extension method 'IsDefault' accepting a first argument of type 'TaskStatus' could be found (are you missing a using directive or an assembly reference?) [/workspace/LawMatics.SDK.Tests/LawMatics.SDK.Tests.csproj]
/workspace/LawMatics.SDK.Tests/SubtasksClientTests.cs(215,17): error CS0117: 'UpdateSubtaskRequest' does not contain a definition for 'Order' [/workspace/LawMatics.SDK.Tests/LawMatics.SDK.Tests.csproj]
/workspace/LawMatics.SDK.Tests/SubtasksClientTests.cs(216,17): error CS0117: 'UpdateSubtaskRequest' does not contain a definition for 'DueDate' [/workspace/LawMatics.SDK.Tests/LawMatics.SDK.Tests.csproj]
/workspace/LawMatics.SDK.Tests/SubtasksClientTests.cs(225,17): error CS0117: 'Subtask' does not contain a definition for 'Order' [/workspace/LawMatics.SDK.Tests/LawMatics.SDK.Tests.csproj]
/workspace/LawMatics.SDK.Tests/SubtasksClientTests.cs(225,33): error CS1061: 'UpdateSubtaskRequest' does not contain a definition for 'Order' and no accessible extension method 'Order' accepting a first argument of type 'UpdateSubtaskRequest' could be found (are you missing a using directive or an assembly reference?) [/workspace/LawMatics.SDK.Tests/LawMatics.SDK.Tests.csproj]
/workspace/LawMatics.SDK.Tests/SubtasksClientTests.cs(226,17): error CS0117: 'Subtask' does not contain a definition for 'DueDate' [/workspace/LawMatics.SDK.Tests/LawMatics.SDK.Tests.csproj]
/workspace/LawMatics.SDK.Tests/SubtasksClientTests.cs(226,35): error CS1061: 'UpdateSubtaskRequest' does not contain a definition for 'DueDate' and no accessible extension method 'DueDate' accepting a first argument of type 'UpdateSubtaskRequest' could be found (are you missing a using directive or an assembly reference?) [/workspace/LawMatics.SDK.Tests/LawMatics.SDK.Tests.csproj]
/workspace/LawMatics.SDK.Tests/SubtasksClientTests.cs(227,17): error CS0117: 'Subtask' does not contain a definition for 'AssignedToId' [/workspace/LawMatics.SDK.Tests/LawMatics.SDK.Tests.csproj]
/workspace/LawMatics.SDK.Tests/SubtasksClientTests.cs(257,34): error CS1061: 'UpdateSubtaskRequest' does not contain a definition for 'Order' and no accessible extension method 'Order' accepting a first argument of type 'UpdateSubtaskRequest' could be found (are you missing a using directive or an assembly reference?) [/workspace/LawMatics.SDK.Tests/LawMatics.SDK.Tests.csproj]
/workspace/LawMatics.SDK.Tests/SubtasksClientTests.cs(257,48): error CS1061: 'Subtask' does not contain a definition for 'Order' and no accessible extension method 'Order' accepting a first argument of type 'Subtask' could be found (are you missing a using directive or an assembly reference?) [/workspace/LawMatics.SDK.Tests/LawMatics.SDK.Tests.csproj]
/workspace/LawMatics.SDK.Tests/TasksClientTests.cs(172,40): error CS1729: 'Task' does not contain a constructor that takes 0 arguments [/workspace/LawMatics.SDK.Tests/LawMatics.SDK.Tests.csproj]
/workspace/LawMatics.SDK.Tests/TasksClientTests.cs(174,17): error CS0200: Property or indexer 'Task.Id' cannot be assigned to -- it is read only [/workspace/LawMatics.SDK.Tests/LawMatics.SDK.Tests.csproj]
/workspace/LawMatics.SDK.Tests/TasksClientTests.cs(175,17): error CS0117: 'Task' does not contain a definition for 'Title' [/workspace/LawMatics.SDK.Tests/LawMatics.SDK.Tests.csproj]
/workspace/LawMatics.SDK.Tests/TasksClientTests.cs(176,17): error CS0117: 'Task' does not contain a definition for 'Description' [/workspace/LawMatics.SDK.Tests/LawMatics.SDK.Tests.csproj]
/workspace/LawMatics.SDK.Tests/TasksClientTests.cs(177,17): error CS0117: 'Task' does not contain a definition for 'DueDate' [/workspace/LawMatics.SDK.Tests/LawMatics.SDK.Tests.csproj]
/workspace/LawMatics.SDK.Tests/TasksClientTests.cs(178,17): error CS0117: 'Task' does not contain a definition for 'Priority' [/workspace/LawMatics.SDK.Tests/LawMatics.SDK.Tests.csproj]
/workspace/LawMatics.SDK.Tests/TasksClientTests.cs(179,17): error CS0117: 'Task' does not contain a definition for 'StatusId' [/workspace/LawMatics.SDK.Tests/LawMatics.SDK.Tests.csproj]
/workspace/LawMatics.SDK.Tests/TasksClientTests.cs(180,17): error CS0117: 'Task' does not contain a definition for 'AssignedToId' [/workspace/LawMatics.SDK.Tests/LawMatics.SDK.Tests.csproj]
/workspace/LawMatics.SDK.Tests/TasksClientTests.cs(181,17): error CS0117: 'Task' does not contain a definition for 'MatterId' [/workspace/LawMatics.SDK.Tests/LawMatics.SDK.Tests.csproj]
/workspace/LawMatics.SDK.Tests/TasksClientTests.cs(182,17): error CS0117: 'Task' does not contain a definition for 'ContactId' [/workspace/LawMatics.SDK.Tests/LawMatics.SDK.Tests.csproj]
/workspace/LawMatics.SDK.Tests/TasksClientTests.cs(183,17): error CS0200: Property or indexer 'Task.IsCompleted' cannot be assigned to -- it is read only [/workspace/LawMatics.SDK.Tests/LawMatics.SDK.Tests.csproj]
/workspace/LawMatics.SDK.Tests/TasksClientTests.cs(184,17): error CS0117: 'Task' does not contain a definition for 'CreatedAt' [/workspace/LawMatics.SDK.Tests/LawMatics.SDK.Tests.csproj]
/workspace/LawMatics.SDK.Tests/EmailCampaignStatsClientTests.cs(355,45): error CS0246: The type or namespace name 'EngagementDataPoint' could not be found (are you missing a using directive or an assembly reference?) [/workspace/LawMatics.SDK.Tests/LawMatics.SDK.Tests.csproj]
/workspace/LawMatics.SDK.Tests/EmailCampaignStatsClientTests.cs(357,21): error CS0246: The type or namespace name 'EngagementDataPoint' could not be found (are you missing a using directive or an assembly reference?) [/workspace/LawMatics.SDK.Tests/LawMatics.SDK.Tests.csproj]
/workspace/LawMatics.SDK.Tests/EmailCampaignStatsClientTests.cs(366,21): error CS0246: The type or namespace name 'EngagementDataPoint' could not be found (are you missing a using directive or an assembly reference?) [/workspace/LawMatics.SDK.Tests/LawMatics.SDK.Tests.csproj]
/workspace/LawMatics.SDK.Tests/EmailCampaignStatsClientTests.cs(392,39): error CS1061: 'EmailCampaignStatsClient' does not contain a definition for 'GetEmailCampaignEngagementTimelineAsync' and no accessible extension method 'GetEmailCampaignEngagementTimelineAsync' accepting a first argument of type 'EmailCampaignStatsClient' could be found (are you missing a using directive or an assembly reference?) [/workspace/LawMatics.SDK.Tests/LawMatics.SDK.Tests.csproj]
/workspace/LawMatics.SDK.Tests/TaskStatusesClientTests.cs(159,17): error CS0117: 'CreateTaskStatusRequest' does not contain a definition for 'IsDefault' [/workspace/LawMatics.SDK.Tests/LawMatics.SDK.Tests.csproj]
/workspace/LawMatics.SDK.Tests/TaskStatusesClientTests.cs(160,17): error CS0117: 'CreateTaskStatusRequest' does not contain a definition for 'IsActive' [/workspace/LawMatics.SDK.Tests/LawMatics.SDK.Tests.csproj]
/workspace/LawMatics.SDK.Tests/TaskStatusesClientTests.cs(164,40): error CS0104: 'TaskStatus' is an ambiguous reference between 'LawMatics.SDK.Models.TaskStatus' and 'System.Threading.Tasks.TaskStatus' [/workspace/LawMatics.SDK.Tests/LawMatics.SDK.Tests.csproj]
/workspace/LawMatics.SDK.Tests/TaskStatusesClientTests.cs(170,37): error CS1061: 'CreateTaskStatusRequest' does not contain a definition for 'IsDefault' and no accessible extension method 'IsDefault' accepting a first argument of type 'CreateTaskStatusRequest' could be found (are you missing a using directive or an assembly reference?) [/workspace/LawMatics.SDK.Tests/LawMatics.SDK.Tests.csproj]
/workspace/LawMatics.SDK.Tests/TaskStatusesClientTests.cs(171,36): error CS1061: 'CreateTaskStatusRequest' does not contain a definition for 'IsActive' and no accessible extension method 'IsActive' accepting a first argument of type 'CreateTaskStatusRequest' could be found (are you missing a using directive or an assembly reference?) [/workspace/LawMatics.SDK.Tests/LawMatics.SDK.Tests.csproj]
/workspace/LawMatics.SDK.Tests/SubtasksClientTests.cs(297,17): error CS0117: 'Subtask' does not contain a definition for 'CompletedById' [/workspace/LawMatics.SDK.Tests/LawMatics.SDK.Tests.csproj]
/workspace/LawMatics.SDK.Tests/MatterSubStatusesClientTests.cs(292,21): error CS0117: 'MatterSubStatus' does not contain a definition for 'MatterStatusId' [/workspace/LawMatics.SDK.Tests/LawMatics.SDK.Tests.csproj]
/workspace/LawMatics.SDK.Tests/MatterSubStatusesClientTests.cs(293,21): error CS0117: 'MatterSubStatus' does not contain a definition for 'IsActive' [/workspace/LawMatics.SDK.Tests/LawMatics.SDK.Tests.csproj]
/workspace/LawMatics.SDK.Tests/MatterSubStatusesClientTests.cs(300,21): error CS0117: 'MatterSubStatus' does not contain a definition for 'MatterStatusId' [/workspace/LawMatics.SDK.Tests/LawMatics.SDK.Tests.csproj]
/workspace/LawMatics.SDK.Tests/MatterSubStatusesClientTests.cs(301,21): error CS0117: 'MatterSubStatus' does not contain a definition for 'IsActive' [/workspace/LawMatics.SDK.Tests/LawMatics.SDK.Tests.csproj]
/workspace/LawMatics.SDK.Tests/MatterSubStatusesClientTests.cs(324,39): error CS1061: 'MatterSubStatusesClient' does not contain a definition for 'GetMatterSubStatusesByStatusAsync' and no accessible extension method 'GetMatterSubStatusesByStatusAsync' accepting a first argument of type 'MatterSubStatusesClient' could be found (are you missing a using directive or an assembly reference?) [/workspace/LawMatics.SDK.Tests/LawMatics.SDK.Tests.csproj]
/workspace/LawMatics.SDK.Tests/TasksClientTests.cs(227,40): error CS1729: 'Task' does not contain a constructor that takes 0 arguments [/workspace/LawMatics.SDK.Tests/LawMatics.SDK.Tests.csproj]
/workspace/LawMatics.SDK.Tests/TasksClientTests.cs(229,17): error CS0200: Property or indexer 'Task.Id' cannot be assigned to -- it is read only [/workspace/LawMatics.SDK.Tests/LawMatics.SDK.Tests.csproj]
/workspace/LawMatics.SDK.Tests/TasksClientTests.cs(230,17): error CS0117: 'Task' does not contain a definition for 'Title' [/workspace/LawMatics.SDK.Tests/LawMatics.SDK.Tests.csproj]
/workspace/LawMatics.SDK.Tests/TasksClientTests.cs(231,17): error CS0117: 'Task' does not contain a definition for 'Description' [/workspace/LawMatics.SDK.Tests/LawMatics.SDK.Tests.csproj]
/workspace/LawMatics.SDK.Tests/TasksClientTests.cs(232,17): error CS0117: 'Task' does not contain a definition for 'Priority' [/workspace/LawMatics.SDK.Tests/LawMatics.SDK.Tests.csproj]
/workspace/LawMatics.SDK.Tests/TasksClientTests.cs(233,17): error CS0117: 'Task' does not contain a definition for 'DueDate' [/workspace/LawMatics.SDK.Tests/LawMatics.SDK.Tests.csproj]
/workspace/LawMatics.SDK.Tests/TasksClientTests.cs(234,17): error CS0117: 'Task' does not contain a definition for 'StatusId' [/workspace/LawMatics.SDK.Tests/LawMatics.SDK.Tests.csproj]
/workspace/LawMatics.SDK.Tests/TasksClientTests.cs(235,17): error CS0117: 'Task' does not contain a definition for 'AssignedToId' [/workspace/LawMatics.SDK.Tests/LawMatics.SDK.Tests.csproj]
/workspace/LawMatics.SDK.Tests/TasksClientTests.cs(236,17): error CS0200: Property or indexer 'Task.IsCompleted' cannot be assigned to -- it is read only [/workspace/LawMatics.SDK.Tests/LawMatics.SDK.Tests.csproj]
/workspace/LawMatics.SDK.Tests/TasksClientTests.cs(237,17): error CS0117: 'Task' does not contain a definition for 'CreatedAt' [/workspace/LawMatics.SDK.Tests/LawMatics.SDK.Tests.csproj]
/workspace/LawMatics.SDK.Tests/TasksClientTests.cs(238,17): error CS0117: 'Task' does not contain a definition for 'UpdatedAt' [/workspace/LawMatics.SDK.Tests/LawMatics.SDK.Tests.csproj]
/workspace/LawMatics.SDK.Tests/MatterSubStatusesClientTests.cs(337,36): error CS0246: The type or namespace name 'ReorderMatterSubStatusesRequest' could not be found (are you missing a using directive or an assembly reference?) [/workspace/LawMatics.SDK.Tests/LawMatics.SDK.Tests.csproj]
/workspace/LawMatics.SDK.Tests/MatterSubStatusesClientTests.cs(339,44): error CS0246: The type or namespace name 'SubStatusOrder' could not be found (are you missing a using directive or an assembly reference?) [/workspace/LawMatics.SDK.Tests/LawMatics.SDK.Tests.csproj]
/workspace/LawMatics.SDK.Tests/MatterSubStatusesClientTests.cs(341,25): error CS0246: The type or namespace name 'SubStatusOrder' could not be found (are you missing a using directive or an assembly reference?) [/workspace/LawMatics.SDK.Tests/LawMatics.SDK.Tests.csproj]
/workspace/LawMatics.SDK.Tests/MatterSubStatusesClientTests.cs(342,25): error CS0246: The type or namespace name 'SubStatusOrder' could not be found (are you missing a using directive or an assembly reference?) [/workspace/LawMatics.SDK.Tests/LawMatics.SDK.Tests.csproj]
/workspace/LawMatics.SDK.Tests/MatterSubStatusesClientTests.cs(360,26): error CS1061: 'MatterSubStatusesClient' does not contain a definition for 'ReorderMatterSubStatusesAsync' and no accessible extension method 'ReorderMatterSubStatusesAsync' accepting a first argument of type 'MatterSubStatusesClient' could be found (are you missing a using directive or an assembly reference?) [/workspace/LawMatics.SDK.Tests/LawMatics.SDK.Tests.csproj]
/workspace/LawMatics.SDK.Tests/SubtasksClientTests.cs(339,21): error CS0117: 'Subtask' does not contain a definition for 'Order' [/workspace/LawMatics.SDK.Tests/LawMatics.SDK.Tests.csproj]
/workspace/LawMatics.SDK.Tests/SubtasksClientTests.cs(348,21): error CS0117: 'Subtask' does not contain a definition for 'Order' [/workspace/LawMatics.SDK.Tests/LawMatics.SDK.Tests.csproj]
/workspace/LawMatics.SDK.Tests/SubtasksClientTests.cs(376,36): error CS1061: 'PagedResponse<Subtask>' does not contain a definition for 'Count' and no accessible extension method 'Count' accepting a first argument of type 'PagedResponse<Subtask>' could be found (are you missing a using directive or an assembly reference?) [/workspace/LawMatics.SDK.Tests/LawMatics.SDK.Tests.csproj]
/workspace/LawMatics.SDK.Tests/SubtasksClientTests.cs(377,20): error CS0411: The type arguments for method 'Assert.All<T>(IAsyncEnumerable<T>, Action<T>)' cannot be inferred from the usage. Try specifying the type arguments explicitly. [/workspace/LawMatics.SDK.Tests/LawMatics.SDK.Tests.csproj]
/workspace/LawMatics.SDK.Tests/TaskStatusesClientTests.cs(216,40): error CS0104: 'TaskStatus' is an ambiguous reference between 'LawMatics.SDK.Models.TaskStatus' and 'System.Threading.Tasks.TaskStatus' [/workspace/LawMatics.SDK.Tests/LawMatics.SDK.Tests.csproj]
/workspace/LawMatics.SDK.Tests/EmailCampaignStatsClientTests.cs(405,45): error CS0246: The type or namespace name 'GeographicStat' could not be found (are you missing a using directive or an assembly reference?) [/workspace/LawMatics.SDK.Tests/LawMatics.SDK.Tests.csproj]
/workspace/LawMatics.SDK.Tests/EmailCampaignStatsClientTests.cs(407,21): error CS0246: The type or namespace name 'GeographicStat' could not be found (are you missing a using directive or an assembly reference?) [/workspace/LawMatics.SDK.Tests/LawMatics.SDK.Tests.csproj]
/workspace/LawMatics.SDK.Tests/EmailCampaignStatsClientTests.cs(415,21): error CS0246: The type or namespace name 'GeographicStat' could not be found (are you missing a using directive or an assembly reference?) [/workspace/LawMatics.SDK.Tests/LawMatics.SDK.Tests.csproj]
/workspace/LawMatics.SDK.Tests/EmailCampaignStatsClientTests.cs(443,39): error CS1061: 'EmailCampaignStatsClient' does not contain a definition for 'GetEmailCampaignGeographicStatsAsync' and no accessible extension method 'GetEmailCampaignGeographicStatsAsync' accepting a first argument of type 'EmailCampaignStatsClient' could be found (are you missing a using directive or an assembly reference?) [/workspace/LawMatics.SDK.Tests/LawMatics.SDK.Tests.csproj]
/workspace/LawMatics.SDK.Tests/SubtasksClientTests.cs(385,36): error CS0246: The type or namespace name 'ReorderSubtasksRequest' could not be found (are you missing a using directive or an assembly reference?) [/workspace/LawMatics.SDK.Tests/LawMatics.SDK.Tests.csproj]
/workspace/LawMatics.SDK.Tests/SubtasksClientTests.cs(390,40): error CS0117: 'SubtaskOrder' does not contain a definition for 'Id' [/workspace/LawMatics.SDK.Tests/LawMatics.SDK.Tests.csproj]
/workspace/LawMatics.SDK.Tests/SubtasksClientTests.cs(391,40): error CS0117: 'SubtaskOrder' does not contain a definition for 'Id' [/workspace/LawMatics.SDK.Tests/LawMatics.SDK.Tests.csproj]
/workspace/LawMatics.SDK.Tests/TasksClientTests.cs(298,40): error CS1729: 'Task' does not contain a constructor that takes 0 arguments [/workspace/LawMatics.SDK.Tests/LawMatics.SDK.Tests.csproj]
/workspace/LawMatics.SDK.Tests/TasksClientTests.cs(300,17): error CS0200: Property or indexer 'Task.Id' cannot be assigned to -- it is read only [/workspace/LawMatics.SDK.Tests/LawMatics.SDK.Tests.csproj]
/workspace/LawMatics.SDK.Tests/TasksClientTests.cs(301,17): error CS0117: 'Task' does not contain a definition for 'Title' [/workspace/LawMatics.SDK.Tests/LawMatics.SDK.Tests.csproj]
/workspace/LawMatics.SDK.Tests/TasksClientTests.cs(302,17): error CS0200: Property or indexer 'Task.IsCompleted' cannot be assigned to -- it is read only [/workspace/LawMatics.SDK.Tests/LawMatics.SDK.Tests.csproj]
/workspace/LawMatics.SDK.Tests/TasksClientTests.cs(303,17): error CS0117: 'Task' does not contain a definition for 'CompletedAt' [/workspace/LawMatics.SDK.Tests/LawMatics.SDK.Tests.csproj]
/workspace/LawMatics.SDK.Tests/TasksClientTests.cs(304,17): error CS0117: 'Task' does not contain a definition for 'CompletedById' [/workspace/LawMatics.SDK.Tests/LawMatics.SDK.Tests.csproj]
/workspace/LawMatics.SDK.Tests/TasksClientTests.cs(305,17): error CS0117: 'Task' does not contain a definition for 'UpdatedAt' [/workspace/LawMatics.SDK.Tests/LawMatics.SDK.Tests.csproj]
/workspace/LawMatics.SDK.Tests/TasksClientTests.cs(330,32): error CS1061: 'TaskItem' does not contain a definition for 'IsCompleted' and no accessible extension method 'IsCompleted' accepting a first argument of type 'TaskItem' could be found (are you missing a using directive or an assembly reference?) [/workspace/LawMatics.SDK.Tests/LawMatics.SDK.Tests.csproj]
/workspace/LawMatics.SDK.Tests/TasksClientTests.cs(341,21): error CS1729: 'Task' does not contain a constructor that takes 0 arguments [/workspace/LawMatics.SDK.Tests/LawMatics.SDK.Tests.csproj]
/workspace/LawMatics.SDK.Tests/TasksClientTests.cs(343,21): error CS0200: Property or indexer 'Task.Id' cannot be assigned to -- it is read only [/workspace/LawMatics.SDK.Tests/LawMatics.SDK.Tests.csproj]
/workspace/LawMatics.SDK.Tests/TasksClientTests.cs(344,21): error CS0117: 'Task' does not contain a definition for 'Title' [/workspace/LawMatics.SDK.Tests/LawMatics.SDK.Tests.csproj]
/workspace/LawMatics.SDK.Tests/TasksClientTests.cs(345,21): error CS0117: 'Task' does not contain a definition for 'MatterId' [/workspace/LawMatics.SDK.Tests/LawMatics.SDK.Tests.csproj]
/workspace/LawMatics.SDK.Tests/TasksClientTests.cs(346,21): error CS0200: Property or indexer 'Task.IsCompleted' cannot be assigned to -- it is read only [/workspace/LawMatics.SDK.Tests/LawMatics.SDK.Tests.csproj]
/workspace/LawMatics.SDK.Tests/TasksClientTests.cs(347,21): error CS0117: 'Task' does not contain a definition for 'CreatedAt' [/workspace/LawMatics.SDK.Tests/LawMatics.SDK.Tests.csproj]
/workspace/LawMatics.SDK.Tests/TasksClientTests.cs(373,27): error CS1503: Argument 1: cannot convert from 'LawMatics.SDK.Models.PagedResponse<LawMatics.SDK.Models.TaskItem>' to 'System.Collections.IEnumerable' [/workspace/LawMatics.SDK.Tests/LawMatics.SDK.Tests.csproj]
/workspace/LawMatics.SDK.Tests/TasksClientTests.cs(374,20): error CS0411: The type arguments for method 'Assert.All<T>(IAsyncEnumerable<T>, Action<T>)' cannot be inferred from the usage. Try specifying the type arguments explicitly. [/workspace/LawMatics.SDK.Tests/LawMatics.SDK.Tests.csproj]
/workspace/LawMatics.SDK.Tests/TaskStatusesClientTests.cs(286,45): error CS0104: 'TaskStatus' is an ambiguous reference between 'LawMatics.SDK.Models.TaskStatus' and 'System.Threading.Tasks.TaskStatus' [/workspace/LawMatics.SDK.Tests/LawMatics.SDK.Tests.csproj]
/workspace/LawMatics.SDK.Tests/TaskStatusesClientTests.cs(288,21): error CS0104: 'TaskStatus' is an ambiguous reference between 'LawMatics.SDK.Models.TaskStatus' and 'System.Threading.Tasks.TaskStatus' [/workspace/LawMatics.SDK.Tests/LawMatics.SDK.Tests.csproj]
/workspace/LawMatics.SDK.Tests/TaskStatusesClientTests.cs(319,27): error CS1503: Argument 1: cannot convert from 'LawMatics.SDK.Models.PagedResponse<LawMatics.SDK.Models.TaskStatus>' to 'System.Collections.IEnumerable' [/workspace/LawMatics.SDK.Tests/LawMatics.SDK.Tests.csproj]
/workspace/LawMatics.SDK.Tests/TaskStatusesClientTests.cs(320,25): error CS0021: Cannot apply indexing with [] to an expression of type 'PagedResponse<TaskStatus>' [/workspace/LawMatics.SDK.Tests/LawMatics.SDK.Tests.csproj]
/workspace/LawMatics.SDK.Tests/TaskStatusesClientTests.cs(321,43): error CS0021: Cannot apply indexing with [] to an expression of type 'PagedResponse<TaskStatus>' [/workspace/LawMatics.SDK.Tests/LawMatics.SDK.Tests.csproj]
/workspace/LawMatics.SDK.Tests/TasksClientTests.cs(384,21): error CS1729: 'Task' does not contain a constructor that takes 0 arguments [/workspace/LawMatics.SDK.Tests/LawMatics.SDK.Tests.csproj]
/workspace/LawMatics.SDK.Tests/TasksClientTests.cs(386,21): error CS0200: Property or indexer 'Task.Id' cannot be assigned to -- it is read only [/workspace/LawMatics.SDK.Tests/LawMatics.SDK.Tests.csproj]
/workspace/LawMatics.SDK.Tests/TasksClientTests.cs(387,21): error CS0117: 'Task' does not contain a definition for 'Title' [/workspace/LawMatics.SDK.Tests/LawMatics.SDK.Tests.csproj]
/workspace/LawMatics.SDK.Tests/TasksClientTests.cs(388,21): error CS0117: 'Task' does not contain a definition for 'AssignedToId' [/workspace/LawMatics.SDK.Tests/LawMatics.SDK.Tests.csproj]
/workspace/LawMatics.SDK.Tests/TasksClientTests.cs(389,21): error CS0200: Property or indexer 'Task.IsCompleted' cannot be assigned to -- it is read only [/workspace/LawMatics.SDK.Tests/LawMatics.SDK.Tests.csproj]
/workspace/LawMatics.SDK.Tests/TasksClientTests.cs(390,21): error CS0117: 'Task' does not contain a definition for 'CreatedAt' [/workspace/LawMatics.SDK.Tests/LawMatics.SDK.Tests.csproj]
/workspace/LawMatics.SDK.Tests/TasksClientTests.cs(416,27): error CS1503: Argument 1: cannot convert from 'LawMatics.SDK.Models.PagedResponse<LawMatics.SDK.Models.TaskItem>' to 'System.Collections.IEnumerable' [/workspace/LawMatics.SDK.Tests/LawMatics.SDK.Tests.csproj]
/workspace/LawMatics.SDK.Tests/TasksClientTests.cs(417,20): error CS0411: The type arguments for method 'Assert.All<T>(IAsyncEnumerable<T>, Action<T>)' cannot be inferred from the usage. Try specifying the type arguments explicitly. [/workspace/LawMatics.SDK.Tests/LawMatics.SDK.Tests.csproj]
/workspace/LawMatics.SDK.Tests/TaskStatusesClientTests.cs(329,40): error CS0104: 'TaskStatus' is an ambiguous reference between 'LawMatics.SDK.Models.TaskStatus' and 'System.Threading.Tasks.TaskStatus' [/workspace/LawMatics.SDK.Tests/LawMatics.SDK.Tests.csproj]
/workspace/LawMatics.SDK.Tests/TaskStatusesClientTests.cs(356,39): error CS1061: 'TaskStatusesClient' does not contain a definition for 'GetDefaultTaskStatusAsync' and no accessible extension method 'GetDefaultTaskStatusAsync' accepting a first argument of type 'TaskStatusesClient' could be found (are you missing a using directive or an assembly reference?) [/workspace/LawMatics.SDK.Tests/LawMatics.SDK.Tests.csproj]
/workspace/LawMatics.SDK.Tests/TaskStatusesClientTests.cs(383,26): error CS1061: 'TaskStatusesClient' does not contain a definition for 'SetDefaultTaskStatusAsync' and no accessible extension method 'SetDefaultTaskStatusAsync' accepting a first argument of type 'TaskStatusesClient' could be found (are you missing a using directive or an assembly reference?) [/workspace/LawMatics.SDK.Tests/LawMatics.SDK.Tests.csproj]
    6 Warning(s)
    480 Error(s)

Time Elapsed 00:00:02.73
