  Determining projects to restore...
  All projects are up-to-date for restore.
  LawMatics.SDK -> /workspace/LawMatics.SDK/bin/Debug/net9.0/LawMatics.SDK.dll
/workspace/LawMatics.SDK.Tests/TimeEntriesClientTests.cs(171,54): error CS1061: 'decimal' does not contain a definition for 'Value' and no accessible extension method 'Value' accepting a first argument of type 'decimal' could be found (are you missing a using directive or an assembly reference?) [/workspace/LawMatics.SDK.Tests/LawMatics.SDK.Tests.csproj]
/workspace/LawMatics.SDK.Tests/TimeEntriesClientTests.cs(221,25): error CS0266: Cannot implicitly convert type 'decimal?' to 'decimal'. An explicit conversion exists (are you missing a cast?) [/workspace/LawMatics.SDK.Tests/LawMatics.SDK.Tests.csproj]
/workspace/LawMatics.SDK.Tests/TimeEntriesClientTests.cs(222,24): error CS0266: Cannot implicitly convert type 'decimal?' to 'decimal'. An explicit conversion exists (are you missing a cast?) [/workspace/LawMatics.SDK.Tests/LawMatics.SDK.Tests.csproj]
/workspace/LawMatics.SDK.Tests/TimeEntriesClientTests.cs(223,25): error CS0266: Cannot implicitly convert type 'decimal?' to 'decimal'. An explicit conversion exists (are you missing a cast?) [/workspace/LawMatics.SDK.Tests/LawMatics.SDK.Tests.csproj]
/workspace/LawMatics.SDK.Tests/CommentsClientTests.cs(78,90): warning CS8602: Dereference of a possibly null reference. [/workspace/LawMatics.SDK.Tests/LawMatics.SDK.Tests.csproj]
/workspace/LawMatics.SDK.Tests/CommentsClientTests.cs(121,90): warning CS8602: Dereference of a possibly null reference. [/workspace/LawMatics.SDK.Tests/LawMatics.SDK.Tests.csproj]
/workspace/LawMatics.SDK.Tests/CommentsClientTests.cs(170,91): warning CS8602: Dereference of a possibly null reference. [/workspace/LawMatics.SDK.Tests/LawMatics.SDK.Tests.csproj]
/workspace/LawMatics.SDK.Tests/CommentsClientTests.cs(202,93): warning CS8602: Dereference of a possibly null reference. [/workspace/LawMatics.SDK.Tests/LawMatics.SDK.Tests.csproj]
/workspace/LawMatics.SDK.Tests/CommentsClientTests.cs(231,91): warning CS8602: Dereference of a possibly null reference. [/workspace/LawMatics.SDK.Tests/LawMatics.SDK.Tests.csproj]
/workspace/LawMatics.SDK.Tests/CommentsClientTests.cs(241,13): warning xUnit2002: Do not use Assert.NotNull() on value type 'bool'. Remove this assert. (https://xunit.net/xunit.analyzers/rules/xUnit2002) [/workspace/LawMatics.SDK.Tests/LawMatics.SDK.Tests.csproj]

Build FAILED.

/workspace/LawMatics.SDK.Tests/CommentsClientTests.cs(78,90): warning CS8602: Dereference of a possibly null reference. [/workspace/LawMatics.SDK.Tests/LawMatics.SDK.Tests.csproj]
/workspace/LawMatics.SDK.Tests/CommentsClientTests.cs(121,90): warning CS8602: Dereference of a possibly null reference. [/workspace/LawMatics.SDK.Tests/LawMatics.SDK.Tests.csproj]
/workspace/LawMatics.SDK.Tests/CommentsClientTests.cs(170,91): warning CS8602: Dereference of a possibly null reference. [/workspace/LawMatics.SDK.Tests/LawMatics.SDK.Tests.csproj]
/workspace/LawMatics.SDK.Tests/CommentsClientTests.cs(202,93): warning CS8602: Dereference of a possibly null reference. [/workspace/LawMatics.SDK.Tests/LawMatics.SDK.Tests.csproj]
/workspace/LawMatics.SDK.Tests/CommentsClientTests.cs(231,91): warning CS8602: Dereference of a possibly null reference. [/workspace/LawMatics.SDK.Tests/LawMatics.SDK.Tests.csproj]
/workspace/LawMatics.SDK.Tests/CommentsClientTests.cs(241,13): warning xUnit2002: Do not use Assert.NotNull() on value type 'bool'. Remove this assert. (https://xunit.net/xunit.analyzers/rules/xUnit2002) [/workspace/LawMatics.SDK.Tests/LawMatics.SDK.Tests.csproj]
/workspace/LawMatics.SDK.Tests/TimeEntriesClientTests.cs(171,54): error CS1061: 'decimal' does not contain a definition for 'Value' and no accessible extension method 'Value' accepting a first argument of type 'decimal' could be found (are you missing a using directive or an assembly reference?) [/workspace/LawMatics.SDK.Tests/LawMatics.SDK.Tests.csproj]
/workspace/LawMatics.SDK.Tests/TimeEntriesClientTests.cs(221,25): error CS0266: Cannot implicitly convert type 'decimal?' to 'decimal'. An explicit conversion exists (are you missing a cast?) [/workspace/LawMatics.SDK.Tests/LawMatics.SDK.Tests.csproj]
/workspace/LawMatics.SDK.Tests/TimeEntriesClientTests.cs(222,24): error CS0266: Cannot implicitly convert type 'decimal?' to 'decimal'. An explicit conversion exists (are you missing a cast?) [/workspace/LawMatics.SDK.Tests/LawMatics.SDK.Tests.csproj]
/workspace/LawMatics.SDK.Tests/TimeEntriesClientTests.cs(223,25): error CS0266: Cannot implicitly convert type 'decimal?' to 'decimal'. An explicit conversion exists (are you missing a cast?) [/workspace/LawMatics.SDK.Tests/LawMatics.SDK.Tests.csproj]
    6 Warning(s)
    4 Error(s)

Time Elapsed 00:00:02.20
