  Stack Trace:
     at LawMatics.SDK.Tests.AddressesClientTests.CreateAddressAsync_WithValidRequest_ReturnsCreatedAddress() in /workspace/LawMatics.SDK.Tests/AddressesClientTests.cs:line 185
--- End of stack trace from previous location ---
  Passed LawMatics.SDK.Tests.AddressesClientTests.DeleteAddressAsync_WithValidId_ReturnsTrue [2 ms]
  Failed LawMatics.SDK.Tests.AddressesClientTests.GetAddressesAsync_WithValidParameters_ReturnsAddresses [11 ms]
  Error Message:
   LawMatics.SDK.Exceptions.LawMaticsException : Error sending request to addresses?page=1&page_size=20: The JSON value could not be converted to LawMatics.SDK.Models.PagedResponse`1[LawMatics.SDK.Models.Address]. Path: $.data | LineNumber: 0 | BytePositionInLine: 9.
---- System.Text.Json.JsonException : The JSON value could not be converted to LawMatics.SDK.Models.PagedResponse`1[LawMatics.SDK.Models.Address]. Path: $.data | LineNumber: 0 | BytePositionInLine: 9.
  Stack Trace:
     at LawMatics.SDK.Clients.BaseClient.SendRequestAsync[T](HttpMethod method, String endpoint, Object data) in /workspace/LawMatics.SDK/Clients/BaseClient.cs:line 146
   at LawMatics.SDK.Clients.BaseClient.GetAsync[T](String endpoint) in /workspace/LawMatics.SDK/Clients/BaseClient.cs:line 37
   at LawMatics.SDK.Clients.BaseClient.GetAsync[T](String endpoint, Dictionary`2 parameters, CancellationToken cancellationToken) in /workspace/LawMatics.SDK/Clients/BaseClient.cs:line 59
   at LawMatics.SDK.Clients.AddressesClient.GetAddressesAsync(Int32 page, Int32 pageSize, Nullable`1 contactId, Nullable`1 companyId, String addressType, CancellationToken cancellationToken) in /workspace/LawMatics.SDK/Clients/AddressesClient.cs:line 50
   at LawMatics.SDK.Tests.AddressesClientTests.GetAddressesAsync_WithValidParameters_ReturnsAddresses() in /workspace/LawMatics.SDK.Tests/AddressesClientTests.cs:line 91
--- End of stack trace from previous location ---
----- Inner Stack Trace -----
   at System.Text.Json.ThrowHelper.ThrowJsonException_DeserializeUnableToConvertValue(Type propertyType)
   at System.Text.Json.Serialization.Converters.ObjectDefaultConverter`1.OnTryRead(Utf8JsonReader& reader, Type typeToConvert, JsonSerializerOptions options, ReadStack& state, T& value)
   at System.Text.Json.Serialization.JsonConverter`1.TryRead(Utf8JsonReader& reader, Type typeToConvert, JsonSerializerOptions options, ReadStack& state, T& value, Boolean& isPopulatedValue)
   at System.Text.Json.Serialization.Metadata.JsonPropertyInfo`1.ReadJsonAndSetMember(Object obj, ReadStack& state, Utf8JsonReader& reader)
   at System.Text.Json.Serialization.Converters.ObjectDefaultConverter`1.OnTryRead(Utf8JsonReader& reader, Type typeToConvert, JsonSerializerOptions options, ReadStack& state, T& value)
   at System.Text.Json.Serialization.JsonConverter`1.TryRead(Utf8JsonReader& reader, Type typeToConvert, JsonSerializerOptions options, ReadStack& state, T& value, Boolean& isPopulatedValue)
   at System.Text.Json.Serialization.JsonConverter`1.ReadCore(Utf8JsonReader& reader, T& value, JsonSerializerOptions options, ReadStack& state)
   at System.Text.Json.Serialization.Metadata.JsonTypeInfo`1.Deserialize(Utf8JsonReader& reader, ReadStack& state)
   at System.Text.Json.JsonSerializer.ReadFromSpan[TValue](ReadOnlySpan`1 utf8Json, JsonTypeInfo`1 jsonTypeInfo, Nullable`1 actualByteCount)
   at System.Text.Json.JsonSerializer.ReadFromSpan[TValue](ReadOnlySpan`1 json, JsonTypeInfo`1 jsonTypeInfo)
   at System.Text.Json.JsonSerializer.Deserialize[TValue](String json, JsonSerializerOptions options)
   at LawMatics.SDK.Clients.BaseClient.SendRequestAsync[T](HttpMethod method, String endpoint, Object data) in /workspace/LawMatics.SDK/Clients/BaseClient.cs:line 136
  Failed LawMatics.SDK.Tests.AddressesClientTests.GetAddressAsync_WithValidId_ReturnsAddress [3 ms]
  Error Message:
   Assert.NotNull() Failure: Value is null
  Stack Trace:
     at LawMatics.SDK.Tests.AddressesClientTests.GetAddressAsync_WithValidId_ReturnsAddress() in /workspace/LawMatics.SDK.Tests/AddressesClientTests.cs:line 136
--- End of stack trace from previous location ---

Test Run Failed.
Total tests: 114
     Passed: 80
     Failed: 34
 Total time: 1.0544 Seconds
       _VSTestConsole:
         MSB4181: The "VSTestTask" task returned false but did not log an error.
     3>Done Building Project "/workspace/LawMatics.SDK.Tests/LawMatics.SDK.Tests.csproj" (VSTest target(s)) -- FAILED.
     1>Done Building Project "/workspace/LawMatics.SDK.sln" (VSTest target(s)) -- FAILED.

Build FAILED.
    0 Warning(s)
    0 Error(s)

Time Elapsed 00:00:02.61
