[xUnit.net 00:00:00.28]     LawMatics.SDK.Tests.CustomContactTypesClientTests.UpdateCustomContactTypeAsync_WithValidIdAndRequest_ReturnsUpdatedCustomContactType [FAIL]
[xUnit.net 00:00:00.28]       Assert.NotNull() Failure: Value is null
[xUnit.net 00:00:00.28]       Stack Trace:
[xUnit.net 00:00:00.28]         /workspace/LawMatics.SDK.Tests/CustomContactTypesClientTests.cs(243,0): at LawMatics.SDK.Tests.CustomContactTypesClientTests.UpdateCustomContactTypeAsync_WithValidIdAndRequest_ReturnsUpdatedCustomContactType()
--
  Error Message:
   Assert.NotNull() Failure: Value is null
  Stack Trace:
     at LawMatics.SDK.Tests.CustomContactTypesClientTests.UpdateCustomContactTypeAsync_WithValidIdAndRequest_ReturnsUpdatedCustomContactType() in /workspace/LawMatics.SDK.Tests/CustomContactTypesClientTests.cs:line 243
--
     1>Done Building Project "/workspace/LawMatics.SDK.Tests/LawMatics.SDK.Tests.csproj" (VSTest target(s)) -- FAILED.

Build FAILED.

       "/workspace/LawMatics.SDK.Tests/LawMatics.SDK.Tests.csproj" (VSTest target) (1:7) ->
       "/workspace/LawMatics.SDK.Tests/LawMatics.SDK.Tests.csproj" (default target) (1:8) ->
--
    0 Error(s)

Time Elapsed 00:00:02.49
