  Determining projects to restore...
  All projects are up-to-date for restore.
/workspace/LawMatics.SDK/Clients/PaymentsClient.cs(40,20): warning CS8603: Possible null reference return. [/workspace/LawMatics.SDK/LawMatics.SDK.csproj]
/workspace/LawMatics.SDK/Clients/PaymentsClient.cs(51,20): warning CS8603: Possible null reference return. [/workspace/LawMatics.SDK/LawMatics.SDK.csproj]
/workspace/LawMatics.SDK/Clients/PaymentsClient.cs(63,20): warning CS8603: Possible null reference return. [/workspace/LawMatics.SDK/LawMatics.SDK.csproj]
/workspace/LawMatics.SDK/Clients/PaymentsClient.cs(84,20): warning CS8603: Possible null reference return. [/workspace/LawMatics.SDK/LawMatics.SDK.csproj]
/workspace/LawMatics.SDK/Clients/CompaniesClient.cs(38,20): warning CS8603: Possible null reference return. [/workspace/LawMatics.SDK/LawMatics.SDK.csproj]
/workspace/LawMatics.SDK/Clients/CompaniesClient.cs(49,20): warning CS8603: Possible null reference return. [/workspace/LawMatics.SDK/LawMatics.SDK.csproj]
/workspace/LawMatics.SDK/Clients/CompaniesClient.cs(61,20): warning CS8603: Possible null reference return. [/workspace/LawMatics.SDK/LawMatics.SDK.csproj]
/workspace/LawMatics.SDK/Clients/PaymentsClient.cs(188,20): warning CS8603: Possible null reference return. [/workspace/LawMatics.SDK/LawMatics.SDK.csproj]
/workspace/LawMatics.SDK/Clients/BaseClient.cs(101,28): warning CS1998: This async method lacks 'await' operators and will run synchronously. Consider using the 'await' operator to await non-blocking API calls, or 'await Task.Run(...)' to do CPU-bound work on a background thread. [/workspace/LawMatics.SDK/LawMatics.SDK.csproj]
/workspace/LawMatics.SDK/Clients/PaymentsClient.cs(211,20): warning CS8603: Possible null reference return. [/workspace/LawMatics.SDK/LawMatics.SDK.csproj]
/workspace/LawMatics.SDK/Clients/PaymentsClient.cs(238,20): warning CS8603: Possible null reference return. [/workspace/LawMatics.SDK/LawMatics.SDK.csproj]
/workspace/LawMatics.SDK/Clients/PaymentsClient.cs(249,20): warning CS8603: Possible null reference return. [/workspace/LawMatics.SDK/LawMatics.SDK.csproj]
/workspace/LawMatics.SDK/Clients/PaymentsClient.cs(261,20): warning CS8603: Possible null reference return. [/workspace/LawMatics.SDK/LawMatics.SDK.csproj]
/workspace/LawMatics.SDK/Clients/ContactsClient.cs(39,20): warning CS8603: Possible null reference return. [/workspace/LawMatics.SDK/LawMatics.SDK.csproj]
/workspace/LawMatics.SDK/Clients/ContactsClient.cs(50,20): warning CS8603: Possible null reference return. [/workspace/LawMatics.SDK/LawMatics.SDK.csproj]
/workspace/LawMatics.SDK/Clients/ContactsClient.cs(62,20): warning CS8603: Possible null reference return. [/workspace/LawMatics.SDK/LawMatics.SDK.csproj]
/workspace/LawMatics.SDK/Clients/PaymentsClient.cs(322,20): warning CS8603: Possible null reference return. [/workspace/LawMatics.SDK/LawMatics.SDK.csproj]
/workspace/LawMatics.SDK/Clients/PaymentsClient.cs(333,20): warning CS8603: Possible null reference return. [/workspace/LawMatics.SDK/LawMatics.SDK.csproj]
/workspace/LawMatics.SDK/Clients/PaymentsClient.cs(345,20): warning CS8603: Possible null reference return. [/workspace/LawMatics.SDK/LawMatics.SDK.csproj]
/workspace/LawMatics.SDK/Clients/CompaniesClient.cs(225,20): warning CS8603: Possible null reference return. [/workspace/LawMatics.SDK/LawMatics.SDK.csproj]
/workspace/LawMatics.SDK/Clients/CustomFieldsClient.cs(38,20): warning CS8603: Possible null reference return. [/workspace/LawMatics.SDK/LawMatics.SDK.csproj]
/workspace/LawMatics.SDK/Clients/CompaniesClient.cs(236,20): warning CS8603: Possible null reference return. [/workspace/LawMatics.SDK/LawMatics.SDK.csproj]
/workspace/LawMatics.SDK/Clients/CustomFieldsClient.cs(49,20): warning CS8603: Possible null reference return. [/workspace/LawMatics.SDK/LawMatics.SDK.csproj]
/workspace/LawMatics.SDK/Clients/CustomFieldsClient.cs(61,20): warning CS8603: Possible null reference return. [/workspace/LawMatics.SDK/LawMatics.SDK.csproj]
/workspace/LawMatics.SDK/Clients/ContactsClient.cs(185,20): warning CS8603: Possible null reference return. [/workspace/LawMatics.SDK/LawMatics.SDK.csproj]
/workspace/LawMatics.SDK/Clients/ContactsClient.cs(196,20): warning CS8603: Possible null reference return. [/workspace/LawMatics.SDK/LawMatics.SDK.csproj]
/workspace/LawMatics.SDK/Clients/PaymentsClient.cs(406,20): warning CS8603: Possible null reference return. [/workspace/LawMatics.SDK/LawMatics.SDK.csproj]
/workspace/LawMatics.SDK/Clients/ContactsClient.cs(211,20): warning CS8603: Possible null reference return. [/workspace/LawMatics.SDK/LawMatics.SDK.csproj]
/workspace/LawMatics.SDK/Clients/PaymentsClient.cs(417,20): warning CS8603: Possible null reference return. [/workspace/LawMatics.SDK/LawMatics.SDK.csproj]
/workspace/LawMatics.SDK/Clients/PaymentsClient.cs(464,20): warning CS8603: Possible null reference return. [/workspace/LawMatics.SDK/LawMatics.SDK.csproj]
/workspace/LawMatics.SDK/Clients/PaymentsClient.cs(483,20): warning CS8603: Possible null reference return. [/workspace/LawMatics.SDK/LawMatics.SDK.csproj]
/workspace/LawMatics.SDK/Clients/PaymentsClient.cs(495,20): warning CS8603: Possible null reference return. [/workspace/LawMatics.SDK/LawMatics.SDK.csproj]
/workspace/LawMatics.SDK/Clients/CustomFieldsClient.cs(171,20): warning CS8603: Possible null reference return. [/workspace/LawMatics.SDK/LawMatics.SDK.csproj]
/workspace/LawMatics.SDK/Clients/CustomFieldsClient.cs(182,20): warning CS8603: Possible null reference return. [/workspace/LawMatics.SDK/LawMatics.SDK.csproj]
/workspace/LawMatics.SDK/Clients/CustomFieldsClient.cs(194,20): warning CS8603: Possible null reference return. [/workspace/LawMatics.SDK/LawMatics.SDK.csproj]
/workspace/LawMatics.SDK/Clients/CustomFieldsClient.cs(207,20): warning CS8603: Possible null reference return. [/workspace/LawMatics.SDK/LawMatics.SDK.csproj]
/workspace/LawMatics.SDK/Clients/CustomFieldsClient.cs(228,20): warning CS8603: Possible null reference return. [/workspace/LawMatics.SDK/LawMatics.SDK.csproj]
/workspace/LawMatics.SDK/Clients/CustomFieldsClient.cs(240,20): warning CS8603: Possible null reference return. [/workspace/LawMatics.SDK/LawMatics.SDK.csproj]
/workspace/LawMatics.SDK/Clients/CustomFieldsClient.cs(253,20): warning CS8603: Possible null reference return. [/workspace/LawMatics.SDK/LawMatics.SDK.csproj]
/workspace/LawMatics.SDK/Clients/EmailCampaignsClient.cs(38,20): warning CS8603: Possible null reference return. [/workspace/LawMatics.SDK/LawMatics.SDK.csproj]
/workspace/LawMatics.SDK/Clients/EmailCampaignsClient.cs(49,20): warning CS8603: Possible null reference return. [/workspace/LawMatics.SDK/LawMatics.SDK.csproj]
/workspace/LawMatics.SDK/Clients/EmailCampaignsClient.cs(61,20): warning CS8603: Possible null reference return. [/workspace/LawMatics.SDK/LawMatics.SDK.csproj]
/workspace/LawMatics.SDK/Clients/CustomFieldsClient.cs(296,20): warning CS8603: Possible null reference return. [/workspace/LawMatics.SDK/LawMatics.SDK.csproj]
/workspace/LawMatics.SDK/Clients/CustomFieldsClient.cs(307,20): warning CS8603: Possible null reference return. [/workspace/LawMatics.SDK/LawMatics.SDK.csproj]
/workspace/LawMatics.SDK/Clients/CustomFieldsClient.cs(319,20): warning CS8603: Possible null reference return. [/workspace/LawMatics.SDK/LawMatics.SDK.csproj]
/workspace/LawMatics.SDK/Clients/CustomFieldsClient.cs(343,20): warning CS8603: Possible null reference return. [/workspace/LawMatics.SDK/LawMatics.SDK.csproj]
/workspace/LawMatics.SDK/Clients/CustomFieldsClient.cs(354,20): warning CS8603: Possible null reference return. [/workspace/LawMatics.SDK/LawMatics.SDK.csproj]
/workspace/LawMatics.SDK/Clients/EventsClient.cs(38,20): warning CS8603: Possible null reference return. [/workspace/LawMatics.SDK/LawMatics.SDK.csproj]
/workspace/LawMatics.SDK/Clients/EventsClient.cs(49,20): warning CS8603: Possible null reference return. [/workspace/LawMatics.SDK/LawMatics.SDK.csproj]
/workspace/LawMatics.SDK/Clients/EventsClient.cs(61,20): warning CS8603: Possible null reference return. [/workspace/LawMatics.SDK/LawMatics.SDK.csproj]
/workspace/LawMatics.SDK/Clients/EventsClient.cs(239,20): warning CS8603: Possible null reference return. [/workspace/LawMatics.SDK/LawMatics.SDK.csproj]
/workspace/LawMatics.SDK/Clients/EventsClient.cs(250,20): warning CS8603: Possible null reference return. [/workspace/LawMatics.SDK/LawMatics.SDK.csproj]
/workspace/LawMatics.SDK/Clients/EventsClient.cs(262,20): warning CS8603: Possible null reference return. [/workspace/LawMatics.SDK/LawMatics.SDK.csproj]
/workspace/LawMatics.SDK/Clients/EventsClient.cs(296,20): warning CS8603: Possible null reference return. [/workspace/LawMatics.SDK/LawMatics.SDK.csproj]
/workspace/LawMatics.SDK/Clients/CustomFieldsClient.cs(397,20): warning CS8603: Possible null reference return. [/workspace/LawMatics.SDK/LawMatics.SDK.csproj]
/workspace/LawMatics.SDK/Clients/CustomFieldsClient.cs(408,20): warning CS8603: Possible null reference return. [/workspace/LawMatics.SDK/LawMatics.SDK.csproj]
/workspace/LawMatics.SDK/Clients/CustomFieldsClient.cs(420,20): warning CS8603: Possible null reference return. [/workspace/LawMatics.SDK/LawMatics.SDK.csproj]
/workspace/LawMatics.SDK/Clients/MattersClient.cs(38,20): warning CS8603: Possible null reference return. [/workspace/LawMatics.SDK/LawMatics.SDK.csproj]
/workspace/LawMatics.SDK/Clients/MattersClient.cs(49,20): warning CS8603: Possible null reference return. [/workspace/LawMatics.SDK/LawMatics.SDK.csproj]
/workspace/LawMatics.SDK/Clients/MattersClient.cs(61,20): warning CS8603: Possible null reference return. [/workspace/LawMatics.SDK/LawMatics.SDK.csproj]
/workspace/LawMatics.SDK/Clients/FilesClient.cs(38,20): warning CS8603: Possible null reference return. [/workspace/LawMatics.SDK/LawMatics.SDK.csproj]
/workspace/LawMatics.SDK/Clients/EmailCampaignsClient.cs(232,20): warning CS8603: Possible null reference return. [/workspace/LawMatics.SDK/LawMatics.SDK.csproj]
/workspace/LawMatics.SDK/Clients/EmailCampaignsClient.cs(248,20): warning CS8603: Possible null reference return. [/workspace/LawMatics.SDK/LawMatics.SDK.csproj]
/workspace/LawMatics.SDK/Clients/EmailCampaignsClient.cs(302,20): warning CS8603: Possible null reference return. [/workspace/LawMatics.SDK/LawMatics.SDK.csproj]
/workspace/LawMatics.SDK/Clients/EventsClient.cs(307,20): warning CS8603: Possible null reference return. [/workspace/LawMatics.SDK/LawMatics.SDK.csproj]
/workspace/LawMatics.SDK/Clients/EventsClient.cs(319,20): warning CS8603: Possible null reference return. [/workspace/LawMatics.SDK/LawMatics.SDK.csproj]
/workspace/LawMatics.SDK/Clients/EventsClient.cs(341,20): warning CS8603: Possible null reference return. [/workspace/LawMatics.SDK/LawMatics.SDK.csproj]
/workspace/LawMatics.SDK/Clients/EventsClient.cs(352,20): warning CS8603: Possible null reference return. [/workspace/LawMatics.SDK/LawMatics.SDK.csproj]
/workspace/LawMatics.SDK/Clients/FilesClient.cs(120,20): warning CS8603: Possible null reference return. [/workspace/LawMatics.SDK/LawMatics.SDK.csproj]
/workspace/LawMatics.SDK/Clients/EmailCampaignsClient.cs(313,20): warning CS8603: Possible null reference return. [/workspace/LawMatics.SDK/LawMatics.SDK.csproj]
/workspace/LawMatics.SDK/Clients/EmailCampaignsClient.cs(356,20): warning CS8603: Possible null reference return. [/workspace/LawMatics.SDK/LawMatics.SDK.csproj]
/workspace/LawMatics.SDK/Clients/EmailCampaignsClient.cs(376,20): warning CS8603: Possible null reference return. [/workspace/LawMatics.SDK/LawMatics.SDK.csproj]
/workspace/LawMatics.SDK/Clients/EmailCampaignsClient.cs(389,20): warning CS8603: Possible null reference return. [/workspace/LawMatics.SDK/LawMatics.SDK.csproj]
/workspace/LawMatics.SDK/Clients/EmailCampaignsClient.cs(402,20): warning CS8603: Possible null reference return. [/workspace/LawMatics.SDK/LawMatics.SDK.csproj]
/workspace/LawMatics.SDK/Clients/FoldersClient.cs(38,20): warning CS8603: Possible null reference return. [/workspace/LawMatics.SDK/LawMatics.SDK.csproj]
/workspace/LawMatics.SDK/Clients/FoldersClient.cs(49,20): warning CS8603: Possible null reference return. [/workspace/LawMatics.SDK/LawMatics.SDK.csproj]
/workspace/LawMatics.SDK/Clients/FoldersClient.cs(61,20): warning CS8603: Possible null reference return. [/workspace/LawMatics.SDK/LawMatics.SDK.csproj]
/workspace/LawMatics.SDK/Clients/EmailCampaignsClient.cs(415,20): warning CS8603: Possible null reference return. [/workspace/LawMatics.SDK/LawMatics.SDK.csproj]
/workspace/LawMatics.SDK/Clients/EmailCampaignsClient.cs(428,20): warning CS8603: Possible null reference return. [/workspace/LawMatics.SDK/LawMatics.SDK.csproj]
/workspace/LawMatics.SDK/Clients/FilesClient.cs(283,20): warning CS8603: Possible null reference return. [/workspace/LawMatics.SDK/LawMatics.SDK.csproj]
/workspace/LawMatics.SDK/Clients/FilesClient.cs(295,20): warning CS8603: Possible null reference return. [/workspace/LawMatics.SDK/LawMatics.SDK.csproj]
/workspace/LawMatics.SDK/Clients/FilesClient.cs(306,20): warning CS8603: Possible null reference return. [/workspace/LawMatics.SDK/LawMatics.SDK.csproj]
/workspace/LawMatics.SDK/Clients/FilesClient.cs(318,20): warning CS8603: Possible null reference return. [/workspace/LawMatics.SDK/LawMatics.SDK.csproj]
/workspace/LawMatics.SDK/Clients/FilesClient.cs(348,20): warning CS8603: Possible null reference return. [/workspace/LawMatics.SDK/LawMatics.SDK.csproj]
/workspace/LawMatics.SDK/Clients/FoldersClient.cs(116,20): warning CS8603: Possible null reference return. [/workspace/LawMatics.SDK/LawMatics.SDK.csproj]
/workspace/LawMatics.SDK/Clients/MattersClient.cs(274,20): warning CS8603: Possible null reference return. [/workspace/LawMatics.SDK/LawMatics.SDK.csproj]
/workspace/LawMatics.SDK/Clients/MattersClient.cs(285,20): warning CS8603: Possible null reference return. [/workspace/LawMatics.SDK/LawMatics.SDK.csproj]
/workspace/LawMatics.SDK/Clients/FoldersClient.cs(186,20): warning CS8603: Possible null reference return. [/workspace/LawMatics.SDK/LawMatics.SDK.csproj]
/workspace/LawMatics.SDK/Clients/MattersClient.cs(297,20): warning CS8603: Possible null reference return. [/workspace/LawMatics.SDK/LawMatics.SDK.csproj]
/workspace/LawMatics.SDK/Clients/MattersClient.cs(319,20): warning CS8603: Possible null reference return. [/workspace/LawMatics.SDK/LawMatics.SDK.csproj]
/workspace/LawMatics.SDK/Clients/MattersClient.cs(330,20): warning CS8603: Possible null reference return. [/workspace/LawMatics.SDK/LawMatics.SDK.csproj]
/workspace/LawMatics.SDK/Clients/FoldersClient.cs(200,20): warning CS8603: Possible null reference return. [/workspace/LawMatics.SDK/LawMatics.SDK.csproj]
/workspace/LawMatics.SDK/Clients/FoldersClient.cs(211,20): warning CS8603: Possible null reference return. [/workspace/LawMatics.SDK/LawMatics.SDK.csproj]
/workspace/LawMatics.SDK/Clients/FoldersClient.cs(246,20): warning CS8603: Possible null reference return. [/workspace/LawMatics.SDK/LawMatics.SDK.csproj]
/workspace/LawMatics.SDK/Clients/FoldersClient.cs(288,20): warning CS8603: Possible null reference return. [/workspace/LawMatics.SDK/LawMatics.SDK.csproj]
  LawMatics.SDK -> /workspace/LawMatics.SDK/bin/Debug/net9.0/LawMatics.SDK.dll
/workspace/LawMatics.SDK.Tests/Clients/UsersClientTests.cs(114,35): error CS1061: 'User' does not contain a definition for 'Data' and no accessible extension method 'Data' accepting a first argument of type 'User' could be found (are you missing a using directive or an assembly reference?) [/workspace/LawMatics.SDK.Tests/LawMatics.SDK.Tests.csproj]
/workspace/LawMatics.SDK.Tests/Clients/UsersClientTests.cs(115,36): error CS1061: 'User' does not contain a definition for 'Data' and no accessible extension method 'Data' accepting a first argument of type 'User' could be found (are you missing a using directive or an assembly reference?) [/workspace/LawMatics.SDK.Tests/LawMatics.SDK.Tests.csproj]
/workspace/LawMatics.SDK.Tests/Clients/UsersClientTests.cs(116,41): error CS1061: 'User' does not contain a definition for 'Data' and no accessible extension method 'Data' accepting a first argument of type 'User' could be found (are you missing a using directive or an assembly reference?) [/workspace/LawMatics.SDK.Tests/LawMatics.SDK.Tests.csproj]
/workspace/LawMatics.SDK.Tests/Clients/UsersClientTests.cs(117,40): error CS1061: 'User' does not contain a definition for 'Data' and no accessible extension method 'Data' accepting a first argument of type 'User' could be found (are you missing a using directive or an assembly reference?) [/workspace/LawMatics.SDK.Tests/LawMatics.SDK.Tests.csproj]
/workspace/LawMatics.SDK.Tests/Clients/UsersClientTests.cs(118,53): error CS1061: 'User' does not contain a definition for 'Data' and no accessible extension method 'Data' accepting a first argument of type 'User' could be found (are you missing a using directive or an assembly reference?) [/workspace/LawMatics.SDK.Tests/LawMatics.SDK.Tests.csproj]
/workspace/LawMatics.SDK.Tests/Clients/UsersClientTests.cs(119,45): error CS1061: 'User' does not contain a definition for 'Data' and no accessible extension method 'Data' accepting a first argument of type 'User' could be found (are you missing a using directive or an assembly reference?) [/workspace/LawMatics.SDK.Tests/LawMatics.SDK.Tests.csproj]
/workspace/LawMatics.SDK.Tests/Clients/CompaniesClientTests.cs(56,51): error CS0117: 'PaginationInfo' does not contain a definition for 'Page' [/workspace/LawMatics.SDK.Tests/LawMatics.SDK.Tests.csproj]
/workspace/LawMatics.SDK.Tests/Clients/CompaniesClientTests.cs(56,61): error CS0117: 'PaginationInfo' does not contain a definition for 'PageSize' [/workspace/LawMatics.SDK.Tests/LawMatics.SDK.Tests.csproj]
/workspace/LawMatics.SDK.Tests/Clients/CompaniesClientTests.cs(56,76): error CS0117: 'PaginationInfo' does not contain a definition for 'TotalCount' [/workspace/LawMatics.SDK.Tests/LawMatics.SDK.Tests.csproj]
/workspace/LawMatics.SDK.Tests/Clients/UsersClientTests.cs(153,56): error CS1503: Argument 1: cannot convert from 'LawMatics.SDK.Models.CreateUserRequest' to 'LawMatics.SDK.Clients.CreateUserRequest' [/workspace/LawMatics.SDK.Tests/LawMatics.SDK.Tests.csproj]
/workspace/LawMatics.SDK.Tests/Clients/UsersClientTests.cs(166,21): error CS1061: 'UsersClient' does not contain a definition for 'Dispose' and no accessible extension method 'Dispose' accepting a first argument of type 'UsersClient' could be found (are you missing a using directive or an assembly reference?) [/workspace/LawMatics.SDK.Tests/LawMatics.SDK.Tests.csproj]
/workspace/LawMatics.SDK.Tests/Clients/CompaniesClientTests.cs(110,35): error CS1061: 'Company' does not contain a definition for 'Data' and no accessible extension method 'Data' accepting a first argument of type 'Company' could be found (are you missing a using directive or an assembly reference?) [/workspace/LawMatics.SDK.Tests/LawMatics.SDK.Tests.csproj]
/workspace/LawMatics.SDK.Tests/Clients/CompaniesClientTests.cs(111,36): error CS1061: 'Company' does not contain a definition for 'Data' and no accessible extension method 'Data' accepting a first argument of type 'Company' could be found (are you missing a using directive or an assembly reference?) [/workspace/LawMatics.SDK.Tests/LawMatics.SDK.Tests.csproj]
/workspace/LawMatics.SDK.Tests/Clients/CompaniesClientTests.cs(112,49): error CS1061: 'Company' does not contain a definition for 'Data' and no accessible extension method 'Data' accepting a first argument of type 'Company' could be found (are you missing a using directive or an assembly reference?) [/workspace/LawMatics.SDK.Tests/LawMatics.SDK.Tests.csproj]
/workspace/LawMatics.SDK.Tests/Clients/PaymentsClientTests.cs(53,43): error CS0117: 'Payment' does not contain a definition for 'Amount' [/workspace/LawMatics.SDK.Tests/LawMatics.SDK.Tests.csproj]
/workspace/LawMatics.SDK.Tests/Clients/PaymentsClientTests.cs(54,43): error CS0117: 'Payment' does not contain a definition for 'Amount' [/workspace/LawMatics.SDK.Tests/LawMatics.SDK.Tests.csproj]
/workspace/LawMatics.SDK.Tests/Clients/PaymentsClientTests.cs(56,51): error CS0117: 'PaginationInfo' does not contain a definition for 'Page' [/workspace/LawMatics.SDK.Tests/LawMatics.SDK.Tests.csproj]
/workspace/LawMatics.SDK.Tests/Clients/PaymentsClientTests.cs(56,61): error CS0117: 'PaginationInfo' does not contain a definition for 'PageSize' [/workspace/LawMatics.SDK.Tests/LawMatics.SDK.Tests.csproj]
/workspace/LawMatics.SDK.Tests/Clients/PaymentsClientTests.cs(56,76): error CS0117: 'PaginationInfo' does not contain a definition for 'TotalCount' [/workspace/LawMatics.SDK.Tests/LawMatics.SDK.Tests.csproj]
/workspace/LawMatics.SDK.Tests/Clients/PaymentsClientTests.cs(79,50): error CS1061: 'Payment' does not contain a definition for 'Amount' and no accessible extension method 'Amount' accepting a first argument of type 'Payment' could be found (are you missing a using directive or an assembly reference?) [/workspace/LawMatics.SDK.Tests/LawMatics.SDK.Tests.csproj]
/workspace/LawMatics.SDK.Tests/Clients/PaymentsClientTests.cs(90,46): error CS0117: 'Payment' does not contain a definition for 'Amount' [/workspace/LawMatics.SDK.Tests/LawMatics.SDK.Tests.csproj]
/workspace/LawMatics.SDK.Tests/Clients/PaymentsClientTests.cs(111,35): error CS1061: 'Payment' does not contain a definition for 'Data' and no accessible extension method 'Data' accepting a first argument of type 'Payment' could be found (are you missing a using directive or an assembly reference?) [/workspace/LawMatics.SDK.Tests/LawMatics.SDK.Tests.csproj]
/workspace/LawMatics.SDK.Tests/Clients/PaymentsClientTests.cs(112,36): error CS1061: 'Payment' does not contain a definition for 'Data' and no accessible extension method 'Data' accepting a first argument of type 'Payment' could be found (are you missing a using directive or an assembly reference?) [/workspace/LawMatics.SDK.Tests/LawMatics.SDK.Tests.csproj]
/workspace/LawMatics.SDK.Tests/Clients/PaymentsClientTests.cs(113,42): error CS1061: 'Payment' does not contain a definition for 'Data' and no accessible extension method 'Data' accepting a first argument of type 'Payment' could be found (are you missing a using directive or an assembly reference?) [/workspace/LawMatics.SDK.Tests/LawMatics.SDK.Tests.csproj]
/workspace/LawMatics.SDK.Tests/Clients/PaymentsClientTests.cs(114,41): error CS1061: 'Payment' does not contain a definition for 'Data' and no accessible extension method 'Data' accepting a first argument of type 'Payment' could be found (are you missing a using directive or an assembly reference?) [/workspace/LawMatics.SDK.Tests/LawMatics.SDK.Tests.csproj]
/workspace/LawMatics.SDK.Tests/Clients/PaymentsClientTests.cs(115,44): error CS1061: 'Payment' does not contain a definition for 'Data' and no accessible extension method 'Data' accepting a first argument of type 'Payment' could be found (are you missing a using directive or an assembly reference?) [/workspace/LawMatics.SDK.Tests/LawMatics.SDK.Tests.csproj]
/workspace/LawMatics.SDK.Tests/Clients/PaymentsClientTests.cs(125,17): error CS0117: 'CreateInvoiceRequest' does not contain a definition for 'Amount' [/workspace/LawMatics.SDK.Tests/LawMatics.SDK.Tests.csproj]
/workspace/LawMatics.SDK.Tests/Clients/PaymentsClientTests.cs(130,66): error CS0117: 'InvoiceItem' does not contain a definition for 'Amount' [/workspace/LawMatics.SDK.Tests/LawMatics.SDK.Tests.csproj]
/workspace/LawMatics.SDK.Tests/Clients/PaymentsClientTests.cs(131,66): error CS0117: 'InvoiceItem' does not contain a definition for 'Amount' [/workspace/LawMatics.SDK.Tests/LawMatics.SDK.Tests.csproj]
/workspace/LawMatics.SDK.Tests/Clients/PaymentsClientTests.cs(139,21): error CS0117: 'Payment' does not contain a definition for 'ContactId' [/workspace/LawMatics.SDK.Tests/LawMatics.SDK.Tests.csproj]
/workspace/LawMatics.SDK.Tests/Clients/PaymentsClientTests.cs(140,21): error CS0117: 'Payment' does not contain a definition for 'Amount' [/workspace/LawMatics.SDK.Tests/LawMatics.SDK.Tests.csproj]
/workspace/LawMatics.SDK.Tests/Clients/PaymentsClientTests.cs(140,38): error CS1061: 'CreateInvoiceRequest' does not contain a definition for 'Amount' and no accessible extension method 'Amount' accepting a first argument of type 'CreateInvoiceRequest' could be found (are you missing a using directive or an assembly reference?) [/workspace/LawMatics.SDK.Tests/LawMatics.SDK.Tests.csproj]
/workspace/LawMatics.SDK.Tests/Clients/PaymentsClientTests.cs(162,40): error CS1061: 'PaymentsClient' does not contain a definition for 'CreateInvoiceAsync' and no accessible extension method 'CreateInvoiceAsync' accepting a first argument of type 'PaymentsClient' could be found (are you missing a using directive or an assembly reference?) [/workspace/LawMatics.SDK.Tests/LawMatics.SDK.Tests.csproj]
/workspace/LawMatics.SDK.Tests/Clients/PaymentsClientTests.cs(169,34): error CS1061: 'CreateInvoiceRequest' does not contain a definition for 'Amount' and no accessible extension method 'Amount' accepting a first argument of type 'CreateInvoiceRequest' could be found (are you missing a using directive or an assembly reference?) [/workspace/LawMatics.SDK.Tests/LawMatics.SDK.Tests.csproj]
/workspace/LawMatics.SDK.Tests/Clients/PaymentsClientTests.cs(182,17): error CS0117: 'UpdatePaymentRequest' does not contain a definition for 'DueDate' [/workspace/LawMatics.SDK.Tests/LawMatics.SDK.Tests.csproj]
/workspace/LawMatics.SDK.Tests/Clients/PaymentsClientTests.cs(190,21): error CS0117: 'Payment' does not contain a definition for 'Amount' [/workspace/LawMatics.SDK.Tests/LawMatics.SDK.Tests.csproj]
/workspace/LawMatics.SDK.Tests/Clients/PaymentsClientTests.cs(191,39): error CS1061: 'UpdatePaymentRequest' does not contain a definition for 'DueDate' and no accessible extension method 'DueDate' accepting a first argument of type 'UpdatePaymentRequest' could be found (are you missing a using directive or an assembly reference?) [/workspace/LawMatics.SDK.Tests/LawMatics.SDK.Tests.csproj]
/workspace/LawMatics.SDK.Tests/Clients/PaymentsClientTests.cs(214,35): error CS1061: 'Payment' does not contain a definition for 'Data' and no accessible extension method 'Data' accepting a first argument of type 'Payment' could be found (are you missing a using directive or an assembly reference?) [/workspace/LawMatics.SDK.Tests/LawMatics.SDK.Tests.csproj]
/workspace/LawMatics.SDK.Tests/Clients/PaymentsClientTests.cs(215,36): error CS1061: 'Payment' does not contain a definition for 'Data' and no accessible extension method 'Data' accepting a first argument of type 'Payment' could be found (are you missing a using directive or an assembly reference?) [/workspace/LawMatics.SDK.Tests/LawMatics.SDK.Tests.csproj]
/workspace/LawMatics.SDK.Tests/Clients/PaymentsClientTests.cs(216,49): error CS1061: 'Payment' does not contain a definition for 'Data' and no accessible extension method 'Data' accepting a first argument of type 'Payment' could be found (are you missing a using directive or an assembly reference?) [/workspace/LawMatics.SDK.Tests/LawMatics.SDK.Tests.csproj]
/workspace/LawMatics.SDK.Tests/Clients/PaymentsClientTests.cs(217,34): error CS1061: 'UpdatePaymentRequest' does not contain a definition for 'DueDate' and no accessible extension method 'DueDate' accepting a first argument of type 'UpdatePaymentRequest' could be found (are you missing a using directive or an assembly reference?) [/workspace/LawMatics.SDK.Tests/LawMatics.SDK.Tests.csproj]
/workspace/LawMatics.SDK.Tests/Clients/PaymentsClientTests.cs(217,50): error CS1061: 'Payment' does not contain a definition for 'Data' and no accessible extension method 'Data' accepting a first argument of type 'Payment' could be found (are you missing a using directive or an assembly reference?) [/workspace/LawMatics.SDK.Tests/LawMatics.SDK.Tests.csproj]
/workspace/LawMatics.SDK.Tests/Clients/PaymentsClientTests.cs(218,54): error CS1061: 'Payment' does not contain a definition for 'Data' and no accessible extension method 'Data' accepting a first argument of type 'Payment' could be found (are you missing a using directive or an assembly reference?) [/workspace/LawMatics.SDK.Tests/LawMatics.SDK.Tests.csproj]
/workspace/LawMatics.SDK.Tests/Clients/PaymentsClientTests.cs(241,17): error CS0815: Cannot assign void to an implicitly-typed variable [/workspace/LawMatics.SDK.Tests/LawMatics.SDK.Tests.csproj]
/workspace/LawMatics.SDK.Tests/Clients/PaymentsClientTests.cs(253,17): error CS0117: 'ProcessPaymentRequest' does not contain a definition for 'PaymentId' [/workspace/LawMatics.SDK.Tests/LawMatics.SDK.Tests.csproj]
/workspace/LawMatics.SDK.Tests/Clients/PaymentsClientTests.cs(262,34): error CS1061: 'ProcessPaymentRequest' does not contain a definition for 'PaymentId' and no accessible extension method 'PaymentId' accepting a first argument of type 'ProcessPaymentRequest' could be found (are you missing a using directive or an assembly reference?) [/workspace/LawMatics.SDK.Tests/LawMatics.SDK.Tests.csproj]
/workspace/LawMatics.SDK.Tests/Clients/PaymentsClientTests.cs(263,21): error CS0117: 'Payment' does not contain a definition for 'Amount' [/workspace/LawMatics.SDK.Tests/LawMatics.SDK.Tests.csproj]
/workspace/LawMatics.SDK.Tests/Clients/PaymentsClientTests.cs(285,40): error CS7036: There is no argument given that corresponds to the required parameter 'request' of 'PaymentsClient.ProcessPaymentAsync(int, ProcessPaymentRequest)' [/workspace/LawMatics.SDK.Tests/LawMatics.SDK.Tests.csproj]
/workspace/LawMatics.SDK.Tests/Clients/PaymentsClientTests.cs(290,34): error CS1061: 'ProcessPaymentRequest' does not contain a definition for 'PaymentId' and no accessible extension method 'PaymentId' accepting a first argument of type 'ProcessPaymentRequest' could be found (are you missing a using directive or an assembly reference?) [/workspace/LawMatics.SDK.Tests/LawMatics.SDK.Tests.csproj]
/workspace/LawMatics.SDK.Tests/Clients/CompaniesClientTests.cs(148,35): error CS1061: 'Company' does not contain a definition for 'Data' and no accessible extension method 'Data' accepting a first argument of type 'Company' could be found (are you missing a using directive or an assembly reference?) [/workspace/LawMatics.SDK.Tests/LawMatics.SDK.Tests.csproj]
/workspace/LawMatics.SDK.Tests/Clients/CompaniesClientTests.cs(149,36): error CS1061: 'Company' does not contain a definition for 'Data' and no accessible extension method 'Data' accepting a first argument of type 'Company' could be found (are you missing a using directive or an assembly reference?) [/workspace/LawMatics.SDK.Tests/LawMatics.SDK.Tests.csproj]
/workspace/LawMatics.SDK.Tests/Clients/CompaniesClientTests.cs(150,47): error CS1061: 'Company' does not contain a definition for 'Data' and no accessible extension method 'Data' accepting a first argument of type 'Company' could be found (are you missing a using directive or an assembly reference?) [/workspace/LawMatics.SDK.Tests/LawMatics.SDK.Tests.csproj]
/workspace/LawMatics.SDK.Tests/Clients/CompaniesClientTests.cs(151,54): error CS1061: 'Company' does not contain a definition for 'Data' and no accessible extension method 'Data' accepting a first argument of type 'Company' could be found (are you missing a using directive or an assembly reference?) [/workspace/LawMatics.SDK.Tests/LawMatics.SDK.Tests.csproj]
/workspace/LawMatics.SDK.Tests/Clients/CompaniesClientTests.cs(152,50): error CS1061: 'Company' does not contain a definition for 'Data' and no accessible extension method 'Data' accepting a first argument of type 'Company' could be found (are you missing a using directive or an assembly reference?) [/workspace/LawMatics.SDK.Tests/LawMatics.SDK.Tests.csproj]
/workspace/LawMatics.SDK.Tests/Clients/CompaniesClientTests.cs(187,35): error CS1061: 'Company' does not contain a definition for 'Data' and no accessible extension method 'Data' accepting a first argument of type 'Company' could be found (are you missing a using directive or an assembly reference?) [/workspace/LawMatics.SDK.Tests/LawMatics.SDK.Tests.csproj]
/workspace/LawMatics.SDK.Tests/Clients/CompaniesClientTests.cs(188,36): error CS1061: 'Company' does not contain a definition for 'Data' and no accessible extension method 'Data' accepting a first argument of type 'Company' could be found (are you missing a using directive or an assembly reference?) [/workspace/LawMatics.SDK.Tests/LawMatics.SDK.Tests.csproj]
/workspace/LawMatics.SDK.Tests/Clients/CompaniesClientTests.cs(189,47): error CS1061: 'Company' does not contain a definition for 'Data' and no accessible extension method 'Data' accepting a first argument of type 'Company' could be found (are you missing a using directive or an assembly reference?) [/workspace/LawMatics.SDK.Tests/LawMatics.SDK.Tests.csproj]
/workspace/LawMatics.SDK.Tests/Clients/CompaniesClientTests.cs(190,54): error CS1061: 'Company' does not contain a definition for 'Data' and no accessible extension method 'Data' accepting a first argument of type 'Company' could be found (are you missing a using directive or an assembly reference?) [/workspace/LawMatics.SDK.Tests/LawMatics.SDK.Tests.csproj]
/workspace/LawMatics.SDK.Tests/Clients/PaymentsClientTests.cs(306,43): error CS0117: 'Payment' does not contain a definition for 'ContactId' [/workspace/LawMatics.SDK.Tests/LawMatics.SDK.Tests.csproj]
/workspace/LawMatics.SDK.Tests/Clients/PaymentsClientTests.cs(306,66): error CS0117: 'Payment' does not contain a definition for 'Amount' [/workspace/LawMatics.SDK.Tests/LawMatics.SDK.Tests.csproj]
/workspace/LawMatics.SDK.Tests/Clients/PaymentsClientTests.cs(307,43): error CS0117: 'Payment' does not contain a definition for 'ContactId' [/workspace/LawMatics.SDK.Tests/LawMatics.SDK.Tests.csproj]
/workspace/LawMatics.SDK.Tests/Clients/PaymentsClientTests.cs(307,66): error CS0117: 'Payment' does not contain a definition for 'Amount' [/workspace/LawMatics.SDK.Tests/LawMatics.SDK.Tests.csproj]
/workspace/LawMatics.SDK.Tests/Clients/PaymentsClientTests.cs(309,51): error CS0117: 'PaginationInfo' does not contain a definition for 'Page' [/workspace/LawMatics.SDK.Tests/LawMatics.SDK.Tests.csproj]
/workspace/LawMatics.SDK.Tests/Clients/PaymentsClientTests.cs(309,61): error CS0117: 'PaginationInfo' does not contain a definition for 'PageSize' [/workspace/LawMatics.SDK.Tests/LawMatics.SDK.Tests.csproj]
/workspace/LawMatics.SDK.Tests/Clients/PaymentsClientTests.cs(309,76): error CS0117: 'PaginationInfo' does not contain a definition for 'TotalCount' [/workspace/LawMatics.SDK.Tests/LawMatics.SDK.Tests.csproj]
/workspace/LawMatics.SDK.Tests/Clients/PaymentsClientTests.cs(332,80): error CS1061: 'Payment' does not contain a definition for 'ContactId' and no accessible extension method 'ContactId' accepting a first argument of type 'Payment' could be found (are you missing a using directive or an assembly reference?) [/workspace/LawMatics.SDK.Tests/LawMatics.SDK.Tests.csproj]
/workspace/LawMatics.SDK.Tests/Clients/PaymentsClientTests.cs(344,43): error CS0117: 'Payment' does not contain a definition for 'Amount' [/workspace/LawMatics.SDK.Tests/LawMatics.SDK.Tests.csproj]
/workspace/LawMatics.SDK.Tests/Clients/PaymentsClientTests.cs(345,43): error CS0117: 'Payment' does not contain a definition for 'Amount' [/workspace/LawMatics.SDK.Tests/LawMatics.SDK.Tests.csproj]
/workspace/LawMatics.SDK.Tests/Clients/PaymentsClientTests.cs(347,51): error CS0117: 'PaginationInfo' does not contain a definition for 'Page' [/workspace/LawMatics.SDK.Tests/LawMatics.SDK.Tests.csproj]
/workspace/LawMatics.SDK.Tests/Clients/PaymentsClientTests.cs(347,61): error CS0117: 'PaginationInfo' does not contain a definition for 'PageSize' [/workspace/LawMatics.SDK.Tests/LawMatics.SDK.Tests.csproj]
/workspace/LawMatics.SDK.Tests/Clients/PaymentsClientTests.cs(347,76): error CS0117: 'PaginationInfo' does not contain a definition for 'TotalCount' [/workspace/LawMatics.SDK.Tests/LawMatics.SDK.Tests.csproj]
/workspace/LawMatics.SDK.Tests/Clients/PaymentsClientTests.cs(376,21): error CS1061: 'PaymentsClient' does not contain a definition for 'Dispose' and no accessible extension method 'Dispose' accepting a first argument of type 'PaymentsClient' could be found (are you missing a using directive or an assembly reference?) [/workspace/LawMatics.SDK.Tests/LawMatics.SDK.Tests.csproj]
/workspace/LawMatics.SDK.Tests/Clients/NotesClientTests.cs(49,54): error CS0104: 'Note' is an ambiguous reference between 'LawMatics.SDK.Clients.Note' and 'LawMatics.SDK.Models.Note' [/workspace/LawMatics.SDK.Tests/LawMatics.SDK.Tests.csproj]
/workspace/LawMatics.SDK.Tests/Clients/NotesClientTests.cs(51,33): error CS0104: 'Note' is an ambiguous reference between 'LawMatics.SDK.Clients.Note' and 'LawMatics.SDK.Models.Note' [/workspace/LawMatics.SDK.Tests/LawMatics.SDK.Tests.csproj]
/workspace/LawMatics.SDK.Tests/Clients/NotesClientTests.cs(53,25): error CS0104: 'Note' is an ambiguous reference between 'LawMatics.SDK.Clients.Note' and 'LawMatics.SDK.Models.Note' [/workspace/LawMatics.SDK.Tests/LawMatics.SDK.Tests.csproj]
/workspace/LawMatics.SDK.Tests/Clients/NotesClientTests.cs(54,25): error CS0104: 'Note' is an ambiguous reference between 'LawMatics.SDK.Clients.Note' and 'LawMatics.SDK.Models.Note' [/workspace/LawMatics.SDK.Tests/LawMatics.SDK.Tests.csproj]
/workspace/LawMatics.SDK.Tests/Clients/NotesClientTests.cs(56,51): error CS0117: 'PaginationInfo' does not contain a definition for 'Page' [/workspace/LawMatics.SDK.Tests/LawMatics.SDK.Tests.csproj]
/workspace/LawMatics.SDK.Tests/Clients/NotesClientTests.cs(56,61): error CS0117: 'PaginationInfo' does not contain a definition for 'PageSize' [/workspace/LawMatics.SDK.Tests/LawMatics.SDK.Tests.csproj]
/workspace/LawMatics.SDK.Tests/Clients/NotesClientTests.cs(56,76): error CS0117: 'PaginationInfo' does not contain a definition for 'TotalCount' [/workspace/LawMatics.SDK.Tests/LawMatics.SDK.Tests.csproj]
/workspace/LawMatics.SDK.Tests/Clients/NotesClientTests.cs(79,56): error CS1061: 'Note' does not contain a definition for 'Title' and no accessible extension method 'Title' accepting a first argument of type 'Note' could be found (are you missing a using directive or an assembly reference?) [/workspace/LawMatics.SDK.Tests/LawMatics.SDK.Tests.csproj]
/workspace/LawMatics.SDK.Tests/Clients/NotesClientTests.cs(80,56): error CS1061: 'Note' does not contain a definition for 'Title' and no accessible extension method 'Title' accepting a first argument of type 'Note' could be found (are you missing a using directive or an assembly reference?) [/workspace/LawMatics.SDK.Tests/LawMatics.SDK.Tests.csproj]
/workspace/LawMatics.SDK.Tests/Clients/CompaniesClientTests.cs(213,17): error CS0815: Cannot assign void to an implicitly-typed variable [/workspace/LawMatics.SDK.Tests/LawMatics.SDK.Tests.csproj]
/workspace/LawMatics.SDK.Tests/Clients/NotesClientTests.cs(87,52): error CS0104: 'Note' is an ambiguous reference between 'LawMatics.SDK.Clients.Note' and 'LawMatics.SDK.Models.Note' [/workspace/LawMatics.SDK.Tests/LawMatics.SDK.Tests.csproj]
/workspace/LawMatics.SDK.Tests/Clients/NotesClientTests.cs(89,28): error CS0104: 'Note' is an ambiguous reference between 'LawMatics.SDK.Clients.Note' and 'LawMatics.SDK.Models.Note' [/workspace/LawMatics.SDK.Tests/LawMatics.SDK.Tests.csproj]
/workspace/LawMatics.SDK.Tests/Clients/NotesClientTests.cs(110,35): error CS1061: 'Note' does not contain a definition for 'Data' and no accessible extension method 'Data' accepting a first argument of type 'Note' could be found (are you missing a using directive or an assembly reference?) [/workspace/LawMatics.SDK.Tests/LawMatics.SDK.Tests.csproj]
/workspace/LawMatics.SDK.Tests/Clients/NotesClientTests.cs(111,36): error CS1061: 'Note' does not contain a definition for 'Data' and no accessible extension method 'Data' accepting a first argument of type 'Note' could be found (are you missing a using directive or an assembly reference?) [/workspace/LawMatics.SDK.Tests/LawMatics.SDK.Tests.csproj]
/workspace/LawMatics.SDK.Tests/Clients/NotesClientTests.cs(112,46): error CS1061: 'Note' does not contain a definition for 'Data' and no accessible extension method 'Data' accepting a first argument of type 'Note' could be found (are you missing a using directive or an assembly reference?) [/workspace/LawMatics.SDK.Tests/LawMatics.SDK.Tests.csproj]
/workspace/LawMatics.SDK.Tests/Clients/NotesClientTests.cs(113,49): error CS1061: 'Note' does not contain a definition for 'Data' and no accessible extension method 'Data' accepting a first argument of type 'Note' could be found (are you missing a using directive or an assembly reference?) [/workspace/LawMatics.SDK.Tests/LawMatics.SDK.Tests.csproj]
/workspace/LawMatics.SDK.Tests/Clients/NotesClientTests.cs(114,44): error CS1061: 'Note' does not contain a definition for 'Data' and no accessible extension method 'Data' accepting a first argument of type 'Note' could be found (are you missing a using directive or an assembly reference?) [/workspace/LawMatics.SDK.Tests/LawMatics.SDK.Tests.csproj]
/workspace/LawMatics.SDK.Tests/Clients/NotesClientTests.cs(115,36): error CS1061: 'Note' does not contain a definition for 'Data' and no accessible extension method 'Data' accepting a first argument of type 'Note' could be found (are you missing a using directive or an assembly reference?) [/workspace/LawMatics.SDK.Tests/LawMatics.SDK.Tests.csproj]
/workspace/LawMatics.SDK.Tests/Clients/NotesClientTests.cs(122,31): error CS0104: 'CreateNoteRequest' is an ambiguous reference between 'LawMatics.SDK.Clients.CreateNoteRequest' and 'LawMatics.SDK.Models.CreateNoteRequest' [/workspace/LawMatics.SDK.Tests/LawMatics.SDK.Tests.csproj]
/workspace/LawMatics.SDK.Tests/Clients/NotesClientTests.cs(130,52): error CS0104: 'Note' is an ambiguous reference between 'LawMatics.SDK.Clients.Note' and 'LawMatics.SDK.Models.Note' [/workspace/LawMatics.SDK.Tests/LawMatics.SDK.Tests.csproj]
/workspace/LawMatics.SDK.Tests/Clients/NotesClientTests.cs(132,28): error CS0104: 'Note' is an ambiguous reference between 'LawMatics.SDK.Clients.Note' and 'LawMatics.SDK.Models.Note' [/workspace/LawMatics.SDK.Tests/LawMatics.SDK.Tests.csproj]
/workspace/LawMatics.SDK.Tests/Clients/CompaniesClientTests.cs(230,51): error CS0117: 'PaginationInfo' does not contain a definition for 'Page' [/workspace/LawMatics.SDK.Tests/LawMatics.SDK.Tests.csproj]
/workspace/LawMatics.SDK.Tests/Clients/CompaniesClientTests.cs(230,61): error CS0117: 'PaginationInfo' does not contain a definition for 'PageSize' [/workspace/LawMatics.SDK.Tests/LawMatics.SDK.Tests.csproj]
/workspace/LawMatics.SDK.Tests/Clients/CompaniesClientTests.cs(230,76): error CS0117: 'PaginationInfo' does not contain a definition for 'TotalCount' [/workspace/LawMatics.SDK.Tests/LawMatics.SDK.Tests.csproj]
/workspace/LawMatics.SDK.Tests/Clients/CompaniesClientTests.cs(247,40): error CS1061: 'CompaniesClient' does not contain a definition for 'SearchCompaniesAsync' and no accessible extension method 'SearchCompaniesAsync' accepting a first argument of type 'CompaniesClient' could be found (are you missing a using directive or an assembly reference?) [/workspace/LawMatics.SDK.Tests/LawMatics.SDK.Tests.csproj]
/workspace/LawMatics.SDK.Tests/Clients/CompaniesClientTests.cs(259,21): error CS1061: 'CompaniesClient' does not contain a definition for 'Dispose' and no accessible extension method 'Dispose' accepting a first argument of type 'CompaniesClient' could be found (are you missing a using directive or an assembly reference?) [/workspace/LawMatics.SDK.Tests/LawMatics.SDK.Tests.csproj]
/workspace/LawMatics.SDK.Tests/Clients/NotesClientTests.cs(175,31): error CS0104: 'UpdateNoteRequest' is an ambiguous reference between 'LawMatics.SDK.Clients.UpdateNoteRequest' and 'LawMatics.SDK.Models.UpdateNoteRequest' [/workspace/LawMatics.SDK.Tests/LawMatics.SDK.Tests.csproj]
/workspace/LawMatics.SDK.Tests/Clients/NotesClientTests.cs(181,52): error CS0104: 'Note' is an ambiguous reference between 'LawMatics.SDK.Clients.Note' and 'LawMatics.SDK.Models.Note' [/workspace/LawMatics.SDK.Tests/LawMatics.SDK.Tests.csproj]
/workspace/LawMatics.SDK.Tests/Clients/NotesClientTests.cs(183,28): error CS0104: 'Note' is an ambiguous reference between 'LawMatics.SDK.Clients.Note' and 'LawMatics.SDK.Models.Note' [/workspace/LawMatics.SDK.Tests/LawMatics.SDK.Tests.csproj]
/workspace/LawMatics.SDK.Tests/Clients/NotesClientTests.cs(250,54): error CS0104: 'Note' is an ambiguous reference between 'LawMatics.SDK.Clients.Note' and 'LawMatics.SDK.Models.Note' [/workspace/LawMatics.SDK.Tests/LawMatics.SDK.Tests.csproj]
/workspace/LawMatics.SDK.Tests/Clients/NotesClientTests.cs(252,33): error CS0104: 'Note' is an ambiguous reference between 'LawMatics.SDK.Clients.Note' and 'LawMatics.SDK.Models.Note' [/workspace/LawMatics.SDK.Tests/LawMatics.SDK.Tests.csproj]
/workspace/LawMatics.SDK.Tests/Clients/NotesClientTests.cs(254,25): error CS0104: 'Note' is an ambiguous reference between 'LawMatics.SDK.Clients.Note' and 'LawMatics.SDK.Models.Note' [/workspace/LawMatics.SDK.Tests/LawMatics.SDK.Tests.csproj]
/workspace/LawMatics.SDK.Tests/Clients/NotesClientTests.cs(255,25): error CS0104: 'Note' is an ambiguous reference between 'LawMatics.SDK.Clients.Note' and 'LawMatics.SDK.Models.Note' [/workspace/LawMatics.SDK.Tests/LawMatics.SDK.Tests.csproj]
/workspace/LawMatics.SDK.Tests/Clients/NotesClientTests.cs(257,51): error CS0117: 'PaginationInfo' does not contain a definition for 'Page' [/workspace/LawMatics.SDK.Tests/LawMatics.SDK.Tests.csproj]
/workspace/LawMatics.SDK.Tests/Clients/NotesClientTests.cs(257,61): error CS0117: 'PaginationInfo' does not contain a definition for 'PageSize' [/workspace/LawMatics.SDK.Tests/LawMatics.SDK.Tests.csproj]
/workspace/LawMatics.SDK.Tests/Clients/NotesClientTests.cs(257,76): error CS0117: 'PaginationInfo' does not contain a definition for 'TotalCount' [/workspace/LawMatics.SDK.Tests/LawMatics.SDK.Tests.csproj]
/workspace/LawMatics.SDK.Tests/Clients/NotesClientTests.cs(274,40): error CS1061: 'NotesClient' does not contain a definition for 'GetNotesByEntityAsync' and no accessible extension method 'GetNotesByEntityAsync' accepting a first argument of type 'NotesClient' could be found (are you missing a using directive or an assembly reference?) [/workspace/LawMatics.SDK.Tests/LawMatics.SDK.Tests.csproj]
/workspace/LawMatics.SDK.Tests/Clients/NotesClientTests.cs(292,54): error CS0104: 'Note' is an ambiguous reference between 'LawMatics.SDK.Clients.Note' and 'LawMatics.SDK.Models.Note' [/workspace/LawMatics.SDK.Tests/LawMatics.SDK.Tests.csproj]
/workspace/LawMatics.SDK.Tests/Clients/NotesClientTests.cs(294,33): error CS0104: 'Note' is an ambiguous reference between 'LawMatics.SDK.Clients.Note' and 'LawMatics.SDK.Models.Note' [/workspace/LawMatics.SDK.Tests/LawMatics.SDK.Tests.csproj]
/workspace/LawMatics.SDK.Tests/Clients/NotesClientTests.cs(296,25): error CS0104: 'Note' is an ambiguous reference between 'LawMatics.SDK.Clients.Note' and 'LawMatics.SDK.Models.Note' [/workspace/LawMatics.SDK.Tests/LawMatics.SDK.Tests.csproj]
/workspace/LawMatics.SDK.Tests/Clients/NotesClientTests.cs(297,25): error CS0104: 'Note' is an ambiguous reference between 'LawMatics.SDK.Clients.Note' and 'LawMatics.SDK.Models.Note' [/workspace/LawMatics.SDK.Tests/LawMatics.SDK.Tests.csproj]
/workspace/LawMatics.SDK.Tests/Clients/NotesClientTests.cs(299,51): error CS0117: 'PaginationInfo' does not contain a definition for 'Page' [/workspace/LawMatics.SDK.Tests/LawMatics.SDK.Tests.csproj]
/workspace/LawMatics.SDK.Tests/Clients/NotesClientTests.cs(299,61): error CS0117: 'PaginationInfo' does not contain a definition for 'PageSize' [/workspace/LawMatics.SDK.Tests/LawMatics.SDK.Tests.csproj]
/workspace/LawMatics.SDK.Tests/Clients/NotesClientTests.cs(299,76): error CS0117: 'PaginationInfo' does not contain a definition for 'TotalCount' [/workspace/LawMatics.SDK.Tests/LawMatics.SDK.Tests.csproj]
/workspace/LawMatics.SDK.Tests/Clients/NotesClientTests.cs(316,40): error CS1061: 'NotesClient' does not contain a definition for 'GetNotesByUserAsync' and no accessible extension method 'GetNotesByUserAsync' accepting a first argument of type 'NotesClient' could be found (are you missing a using directive or an assembly reference?) [/workspace/LawMatics.SDK.Tests/LawMatics.SDK.Tests.csproj]
/workspace/LawMatics.SDK.Tests/Clients/NotesClientTests.cs(330,54): error CS0104: 'Note' is an ambiguous reference between 'LawMatics.SDK.Clients.Note' and 'LawMatics.SDK.Models.Note' [/workspace/LawMatics.SDK.Tests/LawMatics.SDK.Tests.csproj]
/workspace/LawMatics.SDK.Tests/Clients/NotesClientTests.cs(332,33): error CS0104: 'Note' is an ambiguous reference between 'LawMatics.SDK.Clients.Note' and 'LawMatics.SDK.Models.Note' [/workspace/LawMatics.SDK.Tests/LawMatics.SDK.Tests.csproj]
/workspace/LawMatics.SDK.Tests/Clients/NotesClientTests.cs(334,25): error CS0104: 'Note' is an ambiguous reference between 'LawMatics.SDK.Clients.Note' and 'LawMatics.SDK.Models.Note' [/workspace/LawMatics.SDK.Tests/LawMatics.SDK.Tests.csproj]
/workspace/LawMatics.SDK.Tests/Clients/NotesClientTests.cs(336,51): error CS0117: 'PaginationInfo' does not contain a definition for 'Page' [/workspace/LawMatics.SDK.Tests/LawMatics.SDK.Tests.csproj]
/workspace/LawMatics.SDK.Tests/Clients/NotesClientTests.cs(336,61): error CS0117: 'PaginationInfo' does not contain a definition for 'PageSize' [/workspace/LawMatics.SDK.Tests/LawMatics.SDK.Tests.csproj]
/workspace/LawMatics.SDK.Tests/Clients/NotesClientTests.cs(336,76): error CS0117: 'PaginationInfo' does not contain a definition for 'TotalCount' [/workspace/LawMatics.SDK.Tests/LawMatics.SDK.Tests.csproj]
/workspace/LawMatics.SDK.Tests/Clients/NotesClientTests.cs(353,40): error CS1061: 'NotesClient' does not contain a definition for 'SearchNotesAsync' and no accessible extension method 'SearchNotesAsync' accepting a first argument of type 'NotesClient' could be found (are you missing a using directive or an assembly reference?) [/workspace/LawMatics.SDK.Tests/LawMatics.SDK.Tests.csproj]
/workspace/LawMatics.SDK.Tests/Clients/NotesClientTests.cs(365,21): error CS1061: 'NotesClient' does not contain a definition for 'Dispose' and no accessible extension method 'Dispose' accepting a first argument of type 'NotesClient' could be found (are you missing a using directive or an assembly reference?) [/workspace/LawMatics.SDK.Tests/LawMatics.SDK.Tests.csproj]
/workspace/LawMatics.SDK.Tests/Clients/MattersClientTests.cs(56,51): error CS0117: 'PaginationInfo' does not contain a definition for 'Page' [/workspace/LawMatics.SDK.Tests/LawMatics.SDK.Tests.csproj]
/workspace/LawMatics.SDK.Tests/Clients/MattersClientTests.cs(56,61): error CS0117: 'PaginationInfo' does not contain a definition for 'PageSize' [/workspace/LawMatics.SDK.Tests/LawMatics.SDK.Tests.csproj]
/workspace/LawMatics.SDK.Tests/Clients/MattersClientTests.cs(56,76): error CS0117: 'PaginationInfo' does not contain a definition for 'TotalCount' [/workspace/LawMatics.SDK.Tests/LawMatics.SDK.Tests.csproj]
/workspace/LawMatics.SDK.Tests/Clients/MattersClientTests.cs(110,35): error CS1061: 'Matter' does not contain a definition for 'Data' and no accessible extension method 'Data' accepting a first argument of type 'Matter' could be found (are you missing a using directive or an assembly reference?) [/workspace/LawMatics.SDK.Tests/LawMatics.SDK.Tests.csproj]
/workspace/LawMatics.SDK.Tests/Clients/MattersClientTests.cs(111,36): error CS1061: 'Matter' does not contain a definition for 'Data' and no accessible extension method 'Data' accepting a first argument of type 'Matter' could be found (are you missing a using directive or an assembly reference?) [/workspace/LawMatics.SDK.Tests/LawMatics.SDK.Tests.csproj]
/workspace/LawMatics.SDK.Tests/Clients/MattersClientTests.cs(112,48): error CS1061: 'Matter' does not contain a definition for 'Data' and no accessible extension method 'Data' accepting a first argument of type 'Matter' could be found (are you missing a using directive or an assembly reference?) [/workspace/LawMatics.SDK.Tests/LawMatics.SDK.Tests.csproj]
/workspace/LawMatics.SDK.Tests/Clients/MattersClientTests.cs(113,43): error CS1061: 'Matter' does not contain a definition for 'Data' and no accessible extension method 'Data' accepting a first argument of type 'Matter' could be found (are you missing a using directive or an assembly reference?) [/workspace/LawMatics.SDK.Tests/LawMatics.SDK.Tests.csproj]
/workspace/LawMatics.SDK.Tests/Clients/MattersClientTests.cs(150,35): error CS1061: 'Matter' does not contain a definition for 'Data' and no accessible extension method 'Data' accepting a first argument of type 'Matter' could be found (are you missing a using directive or an assembly reference?) [/workspace/LawMatics.SDK.Tests/LawMatics.SDK.Tests.csproj]
/workspace/LawMatics.SDK.Tests/Clients/MattersClientTests.cs(151,36): error CS1061: 'Matter' does not contain a definition for 'Data' and no accessible extension method 'Data' accepting a first argument of type 'Matter' could be found (are you missing a using directive or an assembly reference?) [/workspace/LawMatics.SDK.Tests/LawMatics.SDK.Tests.csproj]
/workspace/LawMatics.SDK.Tests/Clients/MattersClientTests.cs(152,47): error CS1061: 'Matter' does not contain a definition for 'Data' and no accessible extension method 'Data' accepting a first argument of type 'Matter' could be found (are you missing a using directive or an assembly reference?) [/workspace/LawMatics.SDK.Tests/LawMatics.SDK.Tests.csproj]
/workspace/LawMatics.SDK.Tests/Clients/MattersClientTests.cs(153,54): error CS1061: 'Matter' does not contain a definition for 'Data' and no accessible extension method 'Data' accepting a first argument of type 'Matter' could be found (are you missing a using directive or an assembly reference?) [/workspace/LawMatics.SDK.Tests/LawMatics.SDK.Tests.csproj]
/workspace/LawMatics.SDK.Tests/Clients/MattersClientTests.cs(154,49): error CS1061: 'Matter' does not contain a definition for 'Data' and no accessible extension method 'Data' accepting a first argument of type 'Matter' could be found (are you missing a using directive or an assembly reference?) [/workspace/LawMatics.SDK.Tests/LawMatics.SDK.Tests.csproj]
/workspace/LawMatics.SDK.Tests/Clients/MattersClientTests.cs(155,51): error CS1061: 'Matter' does not contain a definition for 'Data' and no accessible extension method 'Data' accepting a first argument of type 'Matter' could be found (are you missing a using directive or an assembly reference?) [/workspace/LawMatics.SDK.Tests/LawMatics.SDK.Tests.csproj]
/workspace/LawMatics.SDK.Tests/Clients/MattersClientTests.cs(187,61): error CS1503: Argument 2: cannot convert from 'LawMatics.SDK.Models.UpdateMatterRequest' to 'LawMatics.SDK.Models.CreateMatterRequest' [/workspace/LawMatics.SDK.Tests/LawMatics.SDK.Tests.csproj]
/workspace/LawMatics.SDK.Tests/Clients/MattersClientTests.cs(218,17): error CS0815: Cannot assign void to an implicitly-typed variable [/workspace/LawMatics.SDK.Tests/LawMatics.SDK.Tests.csproj]
/workspace/LawMatics.SDK.Tests/Clients/MattersClientTests.cs(235,51): error CS0117: 'PaginationInfo' does not contain a definition for 'Page' [/workspace/LawMatics.SDK.Tests/LawMatics.SDK.Tests.csproj]
/workspace/LawMatics.SDK.Tests/Clients/MattersClientTests.cs(235,61): error CS0117: 'PaginationInfo' does not contain a definition for 'PageSize' [/workspace/LawMatics.SDK.Tests/LawMatics.SDK.Tests.csproj]
/workspace/LawMatics.SDK.Tests/Clients/MattersClientTests.cs(235,76): error CS0117: 'PaginationInfo' does not contain a definition for 'TotalCount' [/workspace/LawMatics.SDK.Tests/LawMatics.SDK.Tests.csproj]
/workspace/LawMatics.SDK.Tests/Clients/MattersClientTests.cs(252,40): error CS1061: 'MattersClient' does not contain a definition for 'SearchMattersAsync' and no accessible extension method 'SearchMattersAsync' accepting a first argument of type 'MattersClient' could be found (are you missing a using directive or an assembly reference?) [/workspace/LawMatics.SDK.Tests/LawMatics.SDK.Tests.csproj]
/workspace/LawMatics.SDK.Tests/Clients/MattersClientTests.cs(272,51): error CS0117: 'PaginationInfo' does not contain a definition for 'Page' [/workspace/LawMatics.SDK.Tests/LawMatics.SDK.Tests.csproj]
/workspace/LawMatics.SDK.Tests/Clients/MattersClientTests.cs(272,61): error CS0117: 'PaginationInfo' does not contain a definition for 'PageSize' [/workspace/LawMatics.SDK.Tests/LawMatics.SDK.Tests.csproj]
/workspace/LawMatics.SDK.Tests/Clients/MattersClientTests.cs(272,76): error CS0117: 'PaginationInfo' does not contain a definition for 'TotalCount' [/workspace/LawMatics.SDK.Tests/LawMatics.SDK.Tests.csproj]
/workspace/LawMatics.SDK.Tests/Clients/MattersClientTests.cs(302,21): error CS1061: 'MattersClient' does not contain a definition for 'Dispose' and no accessible extension method 'Dispose' accepting a first argument of type 'MattersClient' could be found (are you missing a using directive or an assembly reference?) [/workspace/LawMatics.SDK.Tests/LawMatics.SDK.Tests.csproj]
/workspace/LawMatics.SDK.Tests/Clients/CustomFieldsClientTests.cs(53,87): error CS0117: 'CustomField' does not contain a definition for 'EntityType' [/workspace/LawMatics.SDK.Tests/LawMatics.SDK.Tests.csproj]
/workspace/LawMatics.SDK.Tests/Clients/CustomFieldsClientTests.cs(54,89): error CS0117: 'CustomField' does not contain a definition for 'EntityType' [/workspace/LawMatics.SDK.Tests/LawMatics.SDK.Tests.csproj]
/workspace/LawMatics.SDK.Tests/Clients/CustomFieldsClientTests.cs(56,51): error CS0117: 'PaginationInfo' does not contain a definition for 'Page' [/workspace/LawMatics.SDK.Tests/LawMatics.SDK.Tests.csproj]
/workspace/LawMatics.SDK.Tests/Clients/CustomFieldsClientTests.cs(56,61): error CS0117: 'PaginationInfo' does not contain a definition for 'PageSize' [/workspace/LawMatics.SDK.Tests/LawMatics.SDK.Tests.csproj]
/workspace/LawMatics.SDK.Tests/Clients/CustomFieldsClientTests.cs(56,76): error CS0117: 'PaginationInfo' does not contain a definition for 'TotalCount' [/workspace/LawMatics.SDK.Tests/LawMatics.SDK.Tests.csproj]
/workspace/LawMatics.SDK.Tests/Clients/FoldersClientTests.cs(56,51): error CS0117: 'PaginationInfo' does not contain a definition for 'Page' [/workspace/LawMatics.SDK.Tests/LawMatics.SDK.Tests.csproj]
/workspace/LawMatics.SDK.Tests/Clients/FoldersClientTests.cs(56,61): error CS0117: 'PaginationInfo' does not contain a definition for 'PageSize' [/workspace/LawMatics.SDK.Tests/LawMatics.SDK.Tests.csproj]
/workspace/LawMatics.SDK.Tests/Clients/FoldersClientTests.cs(56,76): error CS0117: 'PaginationInfo' does not contain a definition for 'TotalCount' [/workspace/LawMatics.SDK.Tests/LawMatics.SDK.Tests.csproj]
/workspace/LawMatics.SDK.Tests/Clients/CustomFieldsClientTests.cs(89,86): error CS0117: 'CustomField' does not contain a definition for 'EntityType' [/workspace/LawMatics.SDK.Tests/LawMatics.SDK.Tests.csproj]
/workspace/LawMatics.SDK.Tests/Clients/CustomFieldsClientTests.cs(110,35): error CS1061: 'CustomField' does not contain a definition for 'Data' and no accessible extension method 'Data' accepting a first argument of type 'CustomField' could be found (are you missing a using directive or an assembly reference?) [/workspace/LawMatics.SDK.Tests/LawMatics.SDK.Tests.csproj]
/workspace/LawMatics.SDK.Tests/Clients/CustomFieldsClientTests.cs(111,36): error CS1061: 'CustomField' does not contain a definition for 'Data' and no accessible extension method 'Data' accepting a first argument of type 'CustomField' could be found (are you missing a using directive or an assembly reference?) [/workspace/LawMatics.SDK.Tests/LawMatics.SDK.Tests.csproj]
/workspace/LawMatics.SDK.Tests/Clients/CustomFieldsClientTests.cs(112,47): error CS1061: 'CustomField' does not contain a definition for 'Data' and no accessible extension method 'Data' accepting a first argument of type 'CustomField' could be found (are you missing a using directive or an assembly reference?) [/workspace/LawMatics.SDK.Tests/LawMatics.SDK.Tests.csproj]
/workspace/LawMatics.SDK.Tests/Clients/CustomFieldsClientTests.cs(113,41): error CS1061: 'CustomField' does not contain a definition for 'Data' and no accessible extension method 'Data' accepting a first argument of type 'CustomField' could be found (are you missing a using directive or an assembly reference?) [/workspace/LawMatics.SDK.Tests/LawMatics.SDK.Tests.csproj]
/workspace/LawMatics.SDK.Tests/Clients/CustomFieldsClientTests.cs(114,44): error CS1061: 'CustomField' does not contain a definition for 'Data' and no accessible extension method 'Data' accepting a first argument of type 'CustomField' could be found (are you missing a using directive or an assembly reference?) [/workspace/LawMatics.SDK.Tests/LawMatics.SDK.Tests.csproj]
/workspace/LawMatics.SDK.Tests/Clients/FoldersClientTests.cs(110,35): error CS1061: 'Folder' does not contain a definition for 'Data' and no accessible extension method 'Data' accepting a first argument of type 'Folder' could be found (are you missing a using directive or an assembly reference?) [/workspace/LawMatics.SDK.Tests/LawMatics.SDK.Tests.csproj]
/workspace/LawMatics.SDK.Tests/Clients/FoldersClientTests.cs(111,36): error CS1061: 'Folder' does not contain a definition for 'Data' and no accessible extension method 'Data' accepting a first argument of type 'Folder' could be found (are you missing a using directive or an assembly reference?) [/workspace/LawMatics.SDK.Tests/LawMatics.SDK.Tests.csproj]
/workspace/LawMatics.SDK.Tests/Clients/FoldersClientTests.cs(112,48): error CS1061: 'Folder' does not contain a definition for 'Data' and no accessible extension method 'Data' accepting a first argument of type 'Folder' could be found (are you missing a using directive or an assembly reference?) [/workspace/LawMatics.SDK.Tests/LawMatics.SDK.Tests.csproj]
/workspace/LawMatics.SDK.Tests/Clients/FoldersClientTests.cs(113,53): error CS1061: 'Folder' does not contain a definition for 'Data' and no accessible extension method 'Data' accepting a first argument of type 'Folder' could be found (are you missing a using directive or an assembly reference?) [/workspace/LawMatics.SDK.Tests/LawMatics.SDK.Tests.csproj]
/workspace/LawMatics.SDK.Tests/Clients/FoldersClientTests.cs(155,35): error CS1061: 'Folder' does not contain a definition for 'Data' and no accessible extension method 'Data' accepting a first argument of type 'Folder' could be found (are you missing a using directive or an assembly reference?) [/workspace/LawMatics.SDK.Tests/LawMatics.SDK.Tests.csproj]
/workspace/LawMatics.SDK.Tests/Clients/FoldersClientTests.cs(156,36): error CS1061: 'Folder' does not contain a definition for 'Data' and no accessible extension method 'Data' accepting a first argument of type 'Folder' could be found (are you missing a using directive or an assembly reference?) [/workspace/LawMatics.SDK.Tests/LawMatics.SDK.Tests.csproj]
/workspace/LawMatics.SDK.Tests/Clients/FoldersClientTests.cs(157,47): error CS1061: 'Folder' does not contain a definition for 'Data' and no accessible extension method 'Data' accepting a first argument of type 'Folder' could be found (are you missing a using directive or an assembly reference?) [/workspace/LawMatics.SDK.Tests/LawMatics.SDK.Tests.csproj]
/workspace/LawMatics.SDK.Tests/Clients/FoldersClientTests.cs(158,54): error CS1061: 'Folder' does not contain a definition for 'Data' and no accessible extension method 'Data' accepting a first argument of type 'Folder' could be found (are you missing a using directive or an assembly reference?) [/workspace/LawMatics.SDK.Tests/LawMatics.SDK.Tests.csproj]
/workspace/LawMatics.SDK.Tests/Clients/FoldersClientTests.cs(159,51): error CS1061: 'Folder' does not contain a definition for 'Data' and no accessible extension method 'Data' accepting a first argument of type 'Folder' could be found (are you missing a using directive or an assembly reference?) [/workspace/LawMatics.SDK.Tests/LawMatics.SDK.Tests.csproj]
/workspace/LawMatics.SDK.Tests/Clients/CustomFieldsClientTests.cs(125,17): error CS0117: 'CreateCustomFieldRequest' does not contain a definition for 'EntityType' [/workspace/LawMatics.SDK.Tests/LawMatics.SDK.Tests.csproj]
/workspace/LawMatics.SDK.Tests/Clients/CustomFieldsClientTests.cs(128,27): error CS0029: Cannot implicitly convert type 'System.Collections.Generic.List<string>' to 'System.Collections.Generic.List<LawMatics.SDK.Models.CustomFieldOption>' [/workspace/LawMatics.SDK.Tests/LawMatics.SDK.Tests.csproj]
/workspace/LawMatics.SDK.Tests/Clients/CustomFieldsClientTests.cs(137,21): error CS0117: 'CustomField' does not contain a definition for 'EntityType' [/workspace/LawMatics.SDK.Tests/LawMatics.SDK.Tests.csproj]
/workspace/LawMatics.SDK.Tests/Clients/CustomFieldsClientTests.cs(137,42): error CS1061: 'CreateCustomFieldRequest' does not contain a definition for 'EntityType' and no accessible extension method 'EntityType' accepting a first argument of type 'CreateCustomFieldRequest' could be found (are you missing a using directive or an assembly reference?) [/workspace/LawMatics.SDK.Tests/LawMatics.SDK.Tests.csproj]
/workspace/LawMatics.SDK.Tests/Clients/CustomFieldsClientTests.cs(158,63): error CS1503: Argument 1: cannot convert from 'LawMatics.SDK.Models.CreateCustomFieldRequest' to 'LawMatics.SDK.Models.CustomField' [/workspace/LawMatics.SDK.Tests/LawMatics.SDK.Tests.csproj]
/workspace/LawMatics.SDK.Tests/Clients/CustomFieldsClientTests.cs(166,34): error CS1061: 'CreateCustomFieldRequest' does not contain a definition for 'EntityType' and no accessible extension method 'EntityType' accepting a first argument of type 'CreateCustomFieldRequest' could be found (are you missing a using directive or an assembly reference?) [/workspace/LawMatics.SDK.Tests/LawMatics.SDK.Tests.csproj]
/workspace/LawMatics.SDK.Tests/Clients/FoldersClientTests.cs(201,35): error CS1061: 'Folder' does not contain a definition for 'Data' and no accessible extension method 'Data' accepting a first argument of type 'Folder' could be found (are you missing a using directive or an assembly reference?) [/workspace/LawMatics.SDK.Tests/LawMatics.SDK.Tests.csproj]
/workspace/LawMatics.SDK.Tests/Clients/FoldersClientTests.cs(202,36): error CS1061: 'Folder' does not contain a definition for 'Data' and no accessible extension method 'Data' accepting a first argument of type 'Folder' could be found (are you missing a using directive or an assembly reference?) [/workspace/LawMatics.SDK.Tests/LawMatics.SDK.Tests.csproj]
/workspace/LawMatics.SDK.Tests/Clients/FoldersClientTests.cs(203,47): error CS1061: 'Folder' does not contain a definition for 'Data' and no accessible extension method 'Data' accepting a first argument of type 'Folder' could be found (are you missing a using directive or an assembly reference?) [/workspace/LawMatics.SDK.Tests/LawMatics.SDK.Tests.csproj]
/workspace/LawMatics.SDK.Tests/Clients/FoldersClientTests.cs(204,54): error CS1061: 'Folder' does not contain a definition for 'Data' and no accessible extension method 'Data' accepting a first argument of type 'Folder' could be found (are you missing a using directive or an assembly reference?) [/workspace/LawMatics.SDK.Tests/LawMatics.SDK.Tests.csproj]
/workspace/LawMatics.SDK.Tests/Clients/FoldersClientTests.cs(205,51): error CS1061: 'Folder' does not contain a definition for 'Data' and no accessible extension method 'Data' accepting a first argument of type 'Folder' could be found (are you missing a using directive or an assembly reference?) [/workspace/LawMatics.SDK.Tests/LawMatics.SDK.Tests.csproj]
/workspace/LawMatics.SDK.Tests/Clients/FoldersClientTests.cs(228,17): error CS0815: Cannot assign void to an implicitly-typed variable [/workspace/LawMatics.SDK.Tests/LawMatics.SDK.Tests.csproj]
/workspace/LawMatics.SDK.Tests/Clients/CustomFieldsClientTests.cs(176,31): error CS0246: The type or namespace name 'UpdateCustomFieldRequest' could not be found (are you missing a using directive or an assembly reference?) [/workspace/LawMatics.SDK.Tests/LawMatics.SDK.Tests.csproj]
/workspace/LawMatics.SDK.Tests/Clients/CustomFieldsClientTests.cs(238,17): error CS0815: Cannot assign void to an implicitly-typed variable [/workspace/LawMatics.SDK.Tests/LawMatics.SDK.Tests.csproj]
/workspace/LawMatics.SDK.Tests/Clients/CustomFieldsClientTests.cs(253,88): error CS0117: 'CustomField' does not contain a definition for 'EntityType' [/workspace/LawMatics.SDK.Tests/LawMatics.SDK.Tests.csproj]
/workspace/LawMatics.SDK.Tests/Clients/CustomFieldsClientTests.cs(254,90): error CS0117: 'CustomField' does not contain a definition for 'EntityType' [/workspace/LawMatics.SDK.Tests/LawMatics.SDK.Tests.csproj]
/workspace/LawMatics.SDK.Tests/Clients/CustomFieldsClientTests.cs(256,51): error CS0117: 'PaginationInfo' does not contain a definition for 'Page' [/workspace/LawMatics.SDK.Tests/LawMatics.SDK.Tests.csproj]
/workspace/LawMatics.SDK.Tests/Clients/CustomFieldsClientTests.cs(256,61): error CS0117: 'PaginationInfo' does not contain a definition for 'PageSize' [/workspace/LawMatics.SDK.Tests/LawMatics.SDK.Tests.csproj]
/workspace/LawMatics.SDK.Tests/Clients/CustomFieldsClientTests.cs(256,76): error CS0117: 'PaginationInfo' does not contain a definition for 'TotalCount' [/workspace/LawMatics.SDK.Tests/LawMatics.SDK.Tests.csproj]
/workspace/LawMatics.SDK.Tests/Clients/CustomFieldsClientTests.cs(279,77): error CS1061: 'CustomField' does not contain a definition for 'EntityType' and no accessible extension method 'EntityType' accepting a first argument of type 'CustomField' could be found (are you missing a using directive or an assembly reference?) [/workspace/LawMatics.SDK.Tests/LawMatics.SDK.Tests.csproj]
/workspace/LawMatics.SDK.Tests/Clients/FoldersClientTests.cs(245,51): error CS0117: 'PaginationInfo' does not contain a definition for 'Page' [/workspace/LawMatics.SDK.Tests/LawMatics.SDK.Tests.csproj]
/workspace/LawMatics.SDK.Tests/Clients/FoldersClientTests.cs(245,61): error CS0117: 'PaginationInfo' does not contain a definition for 'PageSize' [/workspace/LawMatics.SDK.Tests/LawMatics.SDK.Tests.csproj]
/workspace/LawMatics.SDK.Tests/Clients/FoldersClientTests.cs(245,76): error CS0117: 'PaginationInfo' does not contain a definition for 'TotalCount' [/workspace/LawMatics.SDK.Tests/LawMatics.SDK.Tests.csproj]
/workspace/LawMatics.SDK.Tests/Clients/CustomFieldsClientTests.cs(314,40): error CS1501: No overload for method 'GetCustomFieldValuesAsync' takes 3 arguments [/workspace/LawMatics.SDK.Tests/LawMatics.SDK.Tests.csproj]
/workspace/LawMatics.SDK.Tests/Clients/CustomFieldsClientTests.cs(353,40): error CS1061: 'CustomFieldsClient' does not contain a definition for 'SetCustomFieldValueAsync' and no accessible extension method 'SetCustomFieldValueAsync' accepting a first argument of type 'CustomFieldsClient' could be found (are you missing a using directive or an assembly reference?) [/workspace/LawMatics.SDK.Tests/LawMatics.SDK.Tests.csproj]
/workspace/LawMatics.SDK.Tests/Clients/CustomFieldsClientTests.cs(363,21): error CS1061: 'CustomFieldsClient' does not contain a definition for 'Dispose' and no accessible extension method 'Dispose' accepting a first argument of type 'CustomFieldsClient' could be found (are you missing a using directive or an assembly reference?) [/workspace/LawMatics.SDK.Tests/LawMatics.SDK.Tests.csproj]
/workspace/LawMatics.SDK.Tests/Clients/FoldersClientTests.cs(283,51): error CS0117: 'PaginationInfo' does not contain a definition for 'Page' [/workspace/LawMatics.SDK.Tests/LawMatics.SDK.Tests.csproj]
/workspace/LawMatics.SDK.Tests/Clients/FoldersClientTests.cs(283,61): error CS0117: 'PaginationInfo' does not contain a definition for 'PageSize' [/workspace/LawMatics.SDK.Tests/LawMatics.SDK.Tests.csproj]
/workspace/LawMatics.SDK.Tests/Clients/FoldersClientTests.cs(283,76): error CS0117: 'PaginationInfo' does not contain a definition for 'TotalCount' [/workspace/LawMatics.SDK.Tests/LawMatics.SDK.Tests.csproj]
/workspace/LawMatics.SDK.Tests/Clients/FoldersClientTests.cs(338,35): error CS1061: 'Folder' does not contain a definition for 'Data' and no accessible extension method 'Data' accepting a first argument of type 'Folder' could be found (are you missing a using directive or an assembly reference?) [/workspace/LawMatics.SDK.Tests/LawMatics.SDK.Tests.csproj]
/workspace/LawMatics.SDK.Tests/Clients/FoldersClientTests.cs(339,43): error CS1061: 'Folder' does not contain a definition for 'Data' and no accessible extension method 'Data' accepting a first argument of type 'Folder' could be found (are you missing a using directive or an assembly reference?) [/workspace/LawMatics.SDK.Tests/LawMatics.SDK.Tests.csproj]
/workspace/LawMatics.SDK.Tests/Clients/FoldersClientTests.cs(340,46): error CS1061: 'Folder' does not contain a definition for 'Data' and no accessible extension method 'Data' accepting a first argument of type 'Folder' could be found (are you missing a using directive or an assembly reference?) [/workspace/LawMatics.SDK.Tests/LawMatics.SDK.Tests.csproj]
/workspace/LawMatics.SDK.Tests/Clients/FoldersClientTests.cs(346,21): error CS1061: 'FoldersClient' does not contain a definition for 'Dispose' and no accessible extension method 'Dispose' accepting a first argument of type 'FoldersClient' could be found (are you missing a using directive or an assembly reference?) [/workspace/LawMatics.SDK.Tests/LawMatics.SDK.Tests.csproj]
/workspace/LawMatics.SDK.Tests/Clients/CustomFormsClientTests.cs(49,54): error CS0104: 'CustomForm' is an ambiguous reference between 'LawMatics.SDK.Clients.CustomForm' and 'LawMatics.SDK.Models.CustomForm' [/workspace/LawMatics.SDK.Tests/LawMatics.SDK.Tests.csproj]
/workspace/LawMatics.SDK.Tests/Clients/CustomFormsClientTests.cs(51,33): error CS0104: 'CustomForm' is an ambiguous reference between 'LawMatics.SDK.Clients.CustomForm' and 'LawMatics.SDK.Models.CustomForm' [/workspace/LawMatics.SDK.Tests/LawMatics.SDK.Tests.csproj]
/workspace/LawMatics.SDK.Tests/Clients/CustomFormsClientTests.cs(53,25): error CS0104: 'CustomForm' is an ambiguous reference between 'LawMatics.SDK.Clients.CustomForm' and 'LawMatics.SDK.Models.CustomForm' [/workspace/LawMatics.SDK.Tests/LawMatics.SDK.Tests.csproj]
/workspace/LawMatics.SDK.Tests/Clients/CustomFormsClientTests.cs(54,25): error CS0104: 'CustomForm' is an ambiguous reference between 'LawMatics.SDK.Clients.CustomForm' and 'LawMatics.SDK.Models.CustomForm' [/workspace/LawMatics.SDK.Tests/LawMatics.SDK.Tests.csproj]
/workspace/LawMatics.SDK.Tests/Clients/CustomFormsClientTests.cs(56,51): error CS0117: 'PaginationInfo' does not contain a definition for 'Page' [/workspace/LawMatics.SDK.Tests/LawMatics.SDK.Tests.csproj]
/workspace/LawMatics.SDK.Tests/Clients/CustomFormsClientTests.cs(56,61): error CS0117: 'PaginationInfo' does not contain a definition for 'PageSize' [/workspace/LawMatics.SDK.Tests/LawMatics.SDK.Tests.csproj]
/workspace/LawMatics.SDK.Tests/Clients/CustomFormsClientTests.cs(56,76): error CS0117: 'PaginationInfo' does not contain a definition for 'TotalCount' [/workspace/LawMatics.SDK.Tests/LawMatics.SDK.Tests.csproj]
/workspace/LawMatics.SDK.Tests/Clients/FilesClientTests.cs(57,51): error CS0117: 'PaginationInfo' does not contain a definition for 'Page' [/workspace/LawMatics.SDK.Tests/LawMatics.SDK.Tests.csproj]
/workspace/LawMatics.SDK.Tests/Clients/FilesClientTests.cs(57,61): error CS0117: 'PaginationInfo' does not contain a definition for 'PageSize' [/workspace/LawMatics.SDK.Tests/LawMatics.SDK.Tests.csproj]
/workspace/LawMatics.SDK.Tests/Clients/FilesClientTests.cs(57,76): error CS0117: 'PaginationInfo' does not contain a definition for 'TotalCount' [/workspace/LawMatics.SDK.Tests/LawMatics.SDK.Tests.csproj]
/workspace/LawMatics.SDK.Tests/Clients/FilesClientTests.cs(111,35): error CS1061: 'LawMaticsFile' does not contain a definition for 'Data' and no accessible extension method 'Data' accepting a first argument of type 'LawMaticsFile' could be found (are you missing a using directive or an assembly reference?) [/workspace/LawMatics.SDK.Tests/LawMatics.SDK.Tests.csproj]
/workspace/LawMatics.SDK.Tests/Clients/FilesClientTests.cs(112,36): error CS1061: 'LawMaticsFile' does not contain a definition for 'Data' and no accessible extension method 'Data' accepting a first argument of type 'LawMaticsFile' could be found (are you missing a using directive or an assembly reference?) [/workspace/LawMatics.SDK.Tests/LawMatics.SDK.Tests.csproj]
/workspace/LawMatics.SDK.Tests/Clients/FilesClientTests.cs(113,45): error CS1061: 'LawMaticsFile' does not contain a definition for 'Data' and no accessible extension method 'Data' accepting a first argument of type 'LawMaticsFile' could be found (are you missing a using directive or an assembly reference?) [/workspace/LawMatics.SDK.Tests/LawMatics.SDK.Tests.csproj]
/workspace/LawMatics.SDK.Tests/Clients/FilesClientTests.cs(114,39): error CS1061: 'LawMaticsFile' does not contain a definition for 'Data' and no accessible extension method 'Data' accepting a first argument of type 'LawMaticsFile' could be found (are you missing a using directive or an assembly reference?) [/workspace/LawMatics.SDK.Tests/LawMatics.SDK.Tests.csproj]
/workspace/LawMatics.SDK.Tests/Clients/FilesClientTests.cs(115,40): error CS1061: 'LawMaticsFile' does not contain a definition for 'Data' and no accessible extension method 'Data' accepting a first argument of type 'LawMaticsFile' could be found (are you missing a using directive or an assembly reference?) [/workspace/LawMatics.SDK.Tests/LawMatics.SDK.Tests.csproj]
/workspace/LawMatics.SDK.Tests/Clients/CustomFormsClientTests.cs(87,52): error CS0104: 'CustomForm' is an ambiguous reference between 'LawMatics.SDK.Clients.CustomForm' and 'LawMatics.SDK.Models.CustomForm' [/workspace/LawMatics.SDK.Tests/LawMatics.SDK.Tests.csproj]
/workspace/LawMatics.SDK.Tests/Clients/CustomFormsClientTests.cs(89,28): error CS0104: 'CustomForm' is an ambiguous reference between 'LawMatics.SDK.Clients.CustomForm' and 'LawMatics.SDK.Models.CustomForm' [/workspace/LawMatics.SDK.Tests/LawMatics.SDK.Tests.csproj]
/workspace/LawMatics.SDK.Tests/Clients/CustomFormsClientTests.cs(110,35): error CS1061: 'CustomForm' does not contain a definition for 'Data' and no accessible extension method 'Data' accepting a first argument of type 'CustomForm' could be found (are you missing a using directive or an assembly reference?) [/workspace/LawMatics.SDK.Tests/LawMatics.SDK.Tests.csproj]
/workspace/LawMatics.SDK.Tests/Clients/CustomFormsClientTests.cs(111,36): error CS1061: 'CustomForm' does not contain a definition for 'Data' and no accessible extension method 'Data' accepting a first argument of type 'CustomForm' could be found (are you missing a using directive or an assembly reference?) [/workspace/LawMatics.SDK.Tests/LawMatics.SDK.Tests.csproj]
/workspace/LawMatics.SDK.Tests/Clients/CustomFormsClientTests.cs(112,46): error CS1061: 'CustomForm' does not contain a definition for 'Data' and no accessible extension method 'Data' accepting a first argument of type 'CustomForm' could be found (are you missing a using directive or an assembly reference?) [/workspace/LawMatics.SDK.Tests/LawMatics.SDK.Tests.csproj]
/workspace/LawMatics.SDK.Tests/Clients/CustomFormsClientTests.cs(113,53): error CS1061: 'CustomForm' does not contain a definition for 'Data' and no accessible extension method 'Data' accepting a first argument of type 'CustomForm' could be found (are you missing a using directive or an assembly reference?) [/workspace/LawMatics.SDK.Tests/LawMatics.SDK.Tests.csproj]
/workspace/LawMatics.SDK.Tests/Clients/CustomFormsClientTests.cs(120,31): error CS0104: 'CreateCustomFormRequest' is an ambiguous reference between 'LawMatics.SDK.Clients.CreateCustomFormRequest' and 'LawMatics.SDK.Models.CreateCustomFormRequest' [/workspace/LawMatics.SDK.Tests/LawMatics.SDK.Tests.csproj]
/workspace/LawMatics.SDK.Tests/Clients/CustomFormsClientTests.cs(124,35): error CS0246: The type or namespace name 'CustomFormField' could not be found (are you missing a using directive or an assembly reference?) [/workspace/LawMatics.SDK.Tests/LawMatics.SDK.Tests.csproj]
/workspace/LawMatics.SDK.Tests/Clients/CustomFormsClientTests.cs(126,25): error CS0246: The type or namespace name 'CustomFormField' could not be found (are you missing a using directive or an assembly reference?) [/workspace/LawMatics.SDK.Tests/LawMatics.SDK.Tests.csproj]
/workspace/LawMatics.SDK.Tests/Clients/CustomFormsClientTests.cs(127,25): error CS0246: The type or namespace name 'CustomFormField' could not be found (are you missing a using directive or an assembly reference?) [/workspace/LawMatics.SDK.Tests/LawMatics.SDK.Tests.csproj]
/workspace/LawMatics.SDK.Tests/Clients/CustomFormsClientTests.cs(130,52): error CS0104: 'CustomForm' is an ambiguous reference between 'LawMatics.SDK.Clients.CustomForm' and 'LawMatics.SDK.Models.CustomForm' [/workspace/LawMatics.SDK.Tests/LawMatics.SDK.Tests.csproj]
/workspace/LawMatics.SDK.Tests/Clients/CustomFormsClientTests.cs(132,28): error CS0104: 'CustomForm' is an ambiguous reference between 'LawMatics.SDK.Clients.CustomForm' and 'LawMatics.SDK.Models.CustomForm' [/workspace/LawMatics.SDK.Tests/LawMatics.SDK.Tests.csproj]
/workspace/LawMatics.SDK.Tests/Clients/CustomFormsClientTests.cs(175,52): error CS0104: 'CustomForm' is an ambiguous reference between 'LawMatics.SDK.Clients.CustomForm' and 'LawMatics.SDK.Models.CustomForm' [/workspace/LawMatics.SDK.Tests/LawMatics.SDK.Tests.csproj]
/workspace/LawMatics.SDK.Tests/Clients/CustomFormsClientTests.cs(177,28): error CS0104: 'CustomForm' is an ambiguous reference between 'LawMatics.SDK.Clients.CustomForm' and 'LawMatics.SDK.Models.CustomForm' [/workspace/LawMatics.SDK.Tests/LawMatics.SDK.Tests.csproj]
/workspace/LawMatics.SDK.Tests/Clients/CustomFormsClientTests.cs(203,35): error CS1061: 'CustomForm' does not contain a definition for 'Data' and no accessible extension method 'Data' accepting a first argument of type 'CustomForm' could be found (are you missing a using directive or an assembly reference?) [/workspace/LawMatics.SDK.Tests/LawMatics.SDK.Tests.csproj]
/workspace/LawMatics.SDK.Tests/Clients/CustomFormsClientTests.cs(204,36): error CS1061: 'CustomForm' does not contain a definition for 'Data' and no accessible extension method 'Data' accepting a first argument of type 'CustomForm' could be found (are you missing a using directive or an assembly reference?) [/workspace/LawMatics.SDK.Tests/LawMatics.SDK.Tests.csproj]
/workspace/LawMatics.SDK.Tests/Clients/CustomFormsClientTests.cs(205,47): error CS1061: 'CustomForm' does not contain a definition for 'Data' and no accessible extension method 'Data' accepting a first argument of type 'CustomForm' could be found (are you missing a using directive or an assembly reference?) [/workspace/LawMatics.SDK.Tests/LawMatics.SDK.Tests.csproj]
/workspace/LawMatics.SDK.Tests/Clients/CustomFormsClientTests.cs(206,54): error CS1061: 'CustomForm' does not contain a definition for 'Data' and no accessible extension method 'Data' accepting a first argument of type 'CustomForm' could be found (are you missing a using directive or an assembly reference?) [/workspace/LawMatics.SDK.Tests/LawMatics.SDK.Tests.csproj]
/workspace/LawMatics.SDK.Tests/Clients/FilesClientTests.cs(128,31): error CS0029: Cannot implicitly convert type 'System.IO.MemoryStream' to 'byte[]' [/workspace/LawMatics.SDK.Tests/LawMatics.SDK.Tests.csproj]
/workspace/LawMatics.SDK.Tests/Clients/FilesClientTests.cs(140,21): error CS0117: 'LawMaticsFile' does not contain a definition for 'FolderId' [/workspace/LawMatics.SDK.Tests/LawMatics.SDK.Tests.csproj]
/workspace/LawMatics.SDK.Tests/Clients/FilesClientTests.cs(159,56): error CS1503: Argument 1: cannot convert from 'LawMatics.SDK.Models.UploadDocumentRequest' to 'string' [/workspace/LawMatics.SDK.Tests/LawMatics.SDK.Tests.csproj]
/workspace/LawMatics.SDK.Tests/Clients/FilesClientTests.cs(179,17): error CS0117: 'UpdateFileRequest' does not contain a definition for 'FolderId' [/workspace/LawMatics.SDK.Tests/LawMatics.SDK.Tests.csproj]
/workspace/LawMatics.SDK.Tests/Clients/FilesClientTests.cs(188,21): error CS0117: 'LawMaticsFile' does not contain a definition for 'FolderId' [/workspace/LawMatics.SDK.Tests/LawMatics.SDK.Tests.csproj]
/workspace/LawMatics.SDK.Tests/Clients/FilesClientTests.cs(188,40): error CS1061: 'UpdateFileRequest' does not contain a definition for 'FolderId' and no accessible extension method 'FolderId' accepting a first argument of type 'UpdateFileRequest' could be found (are you missing a using directive or an assembly reference?) [/workspace/LawMatics.SDK.Tests/LawMatics.SDK.Tests.csproj]
/workspace/LawMatics.SDK.Tests/Clients/FilesClientTests.cs(210,35): error CS1061: 'LawMaticsFile' does not contain a definition for 'Data' and no accessible extension method 'Data' accepting a first argument of type 'LawMaticsFile' could be found (are you missing a using directive or an assembly reference?) [/workspace/LawMatics.SDK.Tests/LawMatics.SDK.Tests.csproj]
/workspace/LawMatics.SDK.Tests/Clients/FilesClientTests.cs(211,36): error CS1061: 'LawMaticsFile' does not contain a definition for 'Data' and no accessible extension method 'Data' accepting a first argument of type 'LawMaticsFile' could be found (are you missing a using directive or an assembly reference?) [/workspace/LawMatics.SDK.Tests/LawMatics.SDK.Tests.csproj]
/workspace/LawMatics.SDK.Tests/Clients/FilesClientTests.cs(212,47): error CS1061: 'LawMaticsFile' does not contain a definition for 'Data' and no accessible extension method 'Data' accepting a first argument of type 'LawMaticsFile' could be found (are you missing a using directive or an assembly reference?) [/workspace/LawMatics.SDK.Tests/LawMatics.SDK.Tests.csproj]
/workspace/LawMatics.SDK.Tests/Clients/FilesClientTests.cs(213,54): error CS1061: 'LawMaticsFile' does not contain a definition for 'Data' and no accessible extension method 'Data' accepting a first argument of type 'LawMaticsFile' could be found (are you missing a using directive or an assembly reference?) [/workspace/LawMatics.SDK.Tests/LawMatics.SDK.Tests.csproj]
/workspace/LawMatics.SDK.Tests/Clients/FilesClientTests.cs(214,34): error CS1061: 'UpdateFileRequest' does not contain a definition for 'FolderId' and no accessible extension method 'FolderId' accepting a first argument of type 'UpdateFileRequest' could be found (are you missing a using directive or an assembly reference?) [/workspace/LawMatics.SDK.Tests/LawMatics.SDK.Tests.csproj]
/workspace/LawMatics.SDK.Tests/Clients/FilesClientTests.cs(214,51): error CS1061: 'LawMaticsFile' does not contain a definition for 'Data' and no accessible extension method 'Data' accepting a first argument of type 'LawMaticsFile' could be found (are you missing a using directive or an assembly reference?) [/workspace/LawMatics.SDK.Tests/LawMatics.SDK.Tests.csproj]
/workspace/LawMatics.SDK.Tests/Clients/FilesClientTests.cs(237,17): error CS0815: Cannot assign void to an implicitly-typed variable [/workspace/LawMatics.SDK.Tests/LawMatics.SDK.Tests.csproj]
/workspace/LawMatics.SDK.Tests/Clients/CustomFormsClientTests.cs(245,52): error CS0246: The type or namespace name 'CustomFormSubmission' could not be found (are you missing a using directive or an assembly reference?) [/workspace/LawMatics.SDK.Tests/LawMatics.SDK.Tests.csproj]
/workspace/LawMatics.SDK.Tests/Clients/CustomFormsClientTests.cs(247,28): error CS0246: The type or namespace name 'CustomFormSubmission' could not be found (are you missing a using directive or an assembly reference?) [/workspace/LawMatics.SDK.Tests/LawMatics.SDK.Tests.csproj]
/workspace/LawMatics.SDK.Tests/Clients/CustomFormsClientTests.cs(270,40): error CS1061: 'CustomFormsClient' does not contain a definition for 'SubmitCustomFormAsync' and no accessible extension method 'SubmitCustomFormAsync' accepting a first argument of type 'CustomFormsClient' could be found (are you missing a using directive or an assembly reference?) [/workspace/LawMatics.SDK.Tests/LawMatics.SDK.Tests.csproj]
/workspace/LawMatics.SDK.Tests/Clients/FilesClientTests.cs(279,75): error CS0117: 'LawMaticsFile' does not contain a definition for 'FolderId' [/workspace/LawMatics.SDK.Tests/LawMatics.SDK.Tests.csproj]
/workspace/LawMatics.SDK.Tests/Clients/FilesClientTests.cs(281,51): error CS0117: 'PaginationInfo' does not contain a definition for 'Page' [/workspace/LawMatics.SDK.Tests/LawMatics.SDK.Tests.csproj]
/workspace/LawMatics.SDK.Tests/Clients/FilesClientTests.cs(281,61): error CS0117: 'PaginationInfo' does not contain a definition for 'PageSize' [/workspace/LawMatics.SDK.Tests/LawMatics.SDK.Tests.csproj]
/workspace/LawMatics.SDK.Tests/Clients/FilesClientTests.cs(281,76): error CS0117: 'PaginationInfo' does not contain a definition for 'TotalCount' [/workspace/LawMatics.SDK.Tests/LawMatics.SDK.Tests.csproj]
/workspace/LawMatics.SDK.Tests/Clients/FilesClientTests.cs(305,51): error CS1061: 'LawMaticsFile' does not contain a definition for 'FolderId' and no accessible extension method 'FolderId' accepting a first argument of type 'LawMaticsFile' could be found (are you missing a using directive or an assembly reference?) [/workspace/LawMatics.SDK.Tests/LawMatics.SDK.Tests.csproj]
/workspace/LawMatics.SDK.Tests/Clients/FilesClientTests.cs(311,21): error CS1061: 'FilesClient' does not contain a definition for 'Dispose' and no accessible extension method 'Dispose' accepting a first argument of type 'FilesClient' could be found (are you missing a using directive or an assembly reference?) [/workspace/LawMatics.SDK.Tests/LawMatics.SDK.Tests.csproj]
/workspace/LawMatics.SDK.Tests/Clients/CustomFormsClientTests.cs(285,54): error CS0246: The type or namespace name 'CustomFormSubmission' could not be found (are you missing a using directive or an assembly reference?) [/workspace/LawMatics.SDK.Tests/LawMatics.SDK.Tests.csproj]
/workspace/LawMatics.SDK.Tests/Clients/CustomFormsClientTests.cs(287,33): error CS0246: The type or namespace name 'CustomFormSubmission' could not be found (are you missing a using directive or an assembly reference?) [/workspace/LawMatics.SDK.Tests/LawMatics.SDK.Tests.csproj]
/workspace/LawMatics.SDK.Tests/Clients/CustomFormsClientTests.cs(289,25): error CS0246: The type or namespace name 'CustomFormSubmission' could not be found (are you missing a using directive or an assembly reference?) [/workspace/LawMatics.SDK.Tests/LawMatics.SDK.Tests.csproj]
/workspace/LawMatics.SDK.Tests/Clients/CustomFormsClientTests.cs(290,25): error CS0246: The type or namespace name 'CustomFormSubmission' could not be found (are you missing a using directive or an assembly reference?) [/workspace/LawMatics.SDK.Tests/LawMatics.SDK.Tests.csproj]
/workspace/LawMatics.SDK.Tests/Clients/CustomFormsClientTests.cs(292,51): error CS0117: 'PaginationInfo' does not contain a definition for 'Page' [/workspace/LawMatics.SDK.Tests/LawMatics.SDK.Tests.csproj]
/workspace/LawMatics.SDK.Tests/Clients/CustomFormsClientTests.cs(292,61): error CS0117: 'PaginationInfo' does not contain a definition for 'PageSize' [/workspace/LawMatics.SDK.Tests/LawMatics.SDK.Tests.csproj]
/workspace/LawMatics.SDK.Tests/Clients/CustomFormsClientTests.cs(292,76): error CS0117: 'PaginationInfo' does not contain a definition for 'TotalCount' [/workspace/LawMatics.SDK.Tests/LawMatics.SDK.Tests.csproj]
/workspace/LawMatics.SDK.Tests/Clients/CustomFormsClientTests.cs(309,40): error CS1061: 'CustomFormsClient' does not contain a definition for 'GetFormSubmissionsAsync' and no accessible extension method 'GetFormSubmissionsAsync' accepting a first argument of type 'CustomFormsClient' could be found (are you missing a using directive or an assembly reference?) [/workspace/LawMatics.SDK.Tests/LawMatics.SDK.Tests.csproj]
/workspace/LawMatics.SDK.Tests/Clients/CustomFormsClientTests.cs(324,52): error CS0246: The type or namespace name 'CustomFormSubmission' could not be found (are you missing a using directive or an assembly reference?) [/workspace/LawMatics.SDK.Tests/LawMatics.SDK.Tests.csproj]
/workspace/LawMatics.SDK.Tests/Clients/CustomFormsClientTests.cs(326,28): error CS0246: The type or namespace name 'CustomFormSubmission' could not be found (are you missing a using directive or an assembly reference?) [/workspace/LawMatics.SDK.Tests/LawMatics.SDK.Tests.csproj]
/workspace/LawMatics.SDK.Tests/Clients/CustomFormsClientTests.cs(349,40): error CS1061: 'CustomFormsClient' does not contain a definition for 'GetFormSubmissionAsync' and no accessible extension method 'GetFormSubmissionAsync' accepting a first argument of type 'CustomFormsClient' could be found (are you missing a using directive or an assembly reference?) [/workspace/LawMatics.SDK.Tests/LawMatics.SDK.Tests.csproj]
/workspace/LawMatics.SDK.Tests/Clients/CustomFormsClientTests.cs(361,21): error CS1061: 'CustomFormsClient' does not contain a definition for 'Dispose' and no accessible extension method 'Dispose' accepting a first argument of type 'CustomFormsClient' could be found (are you missing a using directive or an assembly reference?) [/workspace/LawMatics.SDK.Tests/LawMatics.SDK.Tests.csproj]
/workspace/LawMatics.SDK.Tests/Clients/EventsClientTests.cs(53,65): error CS0117: 'Event' does not contain a definition for 'StartDate' [/workspace/LawMatics.SDK.Tests/LawMatics.SDK.Tests.csproj]
/workspace/LawMatics.SDK.Tests/Clients/EventsClientTests.cs(53,94): error CS0117: 'Event' does not contain a definition for 'EndDate' [/workspace/LawMatics.SDK.Tests/LawMatics.SDK.Tests.csproj]
/workspace/LawMatics.SDK.Tests/Clients/EventsClientTests.cs(54,65): error CS0117: 'Event' does not contain a definition for 'StartDate' [/workspace/LawMatics.SDK.Tests/LawMatics.SDK.Tests.csproj]
/workspace/LawMatics.SDK.Tests/Clients/EventsClientTests.cs(54,105): error CS0117: 'Event' does not contain a definition for 'EndDate' [/workspace/LawMatics.SDK.Tests/LawMatics.SDK.Tests.csproj]
/workspace/LawMatics.SDK.Tests/Clients/EventsClientTests.cs(56,51): error CS0117: 'PaginationInfo' does not contain a definition for 'Page' [/workspace/LawMatics.SDK.Tests/LawMatics.SDK.Tests.csproj]
/workspace/LawMatics.SDK.Tests/Clients/EventsClientTests.cs(56,61): error CS0117: 'PaginationInfo' does not contain a definition for 'PageSize' [/workspace/LawMatics.SDK.Tests/LawMatics.SDK.Tests.csproj]
/workspace/LawMatics.SDK.Tests/Clients/EventsClientTests.cs(56,76): error CS0117: 'PaginationInfo' does not contain a definition for 'TotalCount' [/workspace/LawMatics.SDK.Tests/LawMatics.SDK.Tests.csproj]
/workspace/LawMatics.SDK.Tests/Clients/EventsClientTests.cs(90,66): error CS0117: 'Event' does not contain a definition for 'StartDate' [/workspace/LawMatics.SDK.Tests/LawMatics.SDK.Tests.csproj]
/workspace/LawMatics.SDK.Tests/Clients/EventsClientTests.cs(90,89): error CS0117: 'Event' does not contain a definition for 'EndDate' [/workspace/LawMatics.SDK.Tests/LawMatics.SDK.Tests.csproj]
/workspace/LawMatics.SDK.Tests/Clients/EventsClientTests.cs(111,35): error CS1061: 'Event' does not contain a definition for 'Data' and no accessible extension method 'Data' accepting a first argument of type 'Event' could be found (are you missing a using directive or an assembly reference?) [/workspace/LawMatics.SDK.Tests/LawMatics.SDK.Tests.csproj]
/workspace/LawMatics.SDK.Tests/Clients/EventsClientTests.cs(112,36): error CS1061: 'Event' does not contain a definition for 'Data' and no accessible extension method 'Data' accepting a first argument of type 'Event' could be found (are you missing a using directive or an assembly reference?) [/workspace/LawMatics.SDK.Tests/LawMatics.SDK.Tests.csproj]
/workspace/LawMatics.SDK.Tests/Clients/EventsClientTests.cs(113,47): error CS1061: 'Event' does not contain a definition for 'Data' and no accessible extension method 'Data' accepting a first argument of type 'Event' could be found (are you missing a using directive or an assembly reference?) [/workspace/LawMatics.SDK.Tests/LawMatics.SDK.Tests.csproj]
/workspace/LawMatics.SDK.Tests/Clients/EventsClientTests.cs(114,44): error CS1061: 'Event' does not contain a definition for 'Data' and no accessible extension method 'Data' accepting a first argument of type 'Event' could be found (are you missing a using directive or an assembly reference?) [/workspace/LawMatics.SDK.Tests/LawMatics.SDK.Tests.csproj]
/workspace/LawMatics.SDK.Tests/Clients/EventsClientTests.cs(127,17): error CS0117: 'CreateEventRequest' does not contain a definition for 'StartDate' [/workspace/LawMatics.SDK.Tests/LawMatics.SDK.Tests.csproj]
/workspace/LawMatics.SDK.Tests/Clients/EventsClientTests.cs(128,17): error CS0117: 'CreateEventRequest' does not contain a definition for 'EndDate' [/workspace/LawMatics.SDK.Tests/LawMatics.SDK.Tests.csproj]
/workspace/LawMatics.SDK.Tests/Clients/EventsClientTests.cs(139,21): error CS0117: 'Event' does not contain a definition for 'StartDate' [/workspace/LawMatics.SDK.Tests/LawMatics.SDK.Tests.csproj]
/workspace/LawMatics.SDK.Tests/Clients/EventsClientTests.cs(139,41): error CS1061: 'CreateEventRequest' does not contain a definition for 'StartDate' and no accessible extension method 'StartDate' accepting a first argument of type 'CreateEventRequest' could be found (are you missing a using directive or an assembly reference?) [/workspace/LawMatics.SDK.Tests/LawMatics.SDK.Tests.csproj]
/workspace/LawMatics.SDK.Tests/Clients/EventsClientTests.cs(140,21): error CS0117: 'Event' does not contain a definition for 'EndDate' [/workspace/LawMatics.SDK.Tests/LawMatics.SDK.Tests.csproj]
/workspace/LawMatics.SDK.Tests/Clients/EventsClientTests.cs(140,39): error CS1061: 'CreateEventRequest' does not contain a definition for 'EndDate' and no accessible extension method 'EndDate' accepting a first argument of type 'CreateEventRequest' could be found (are you missing a using directive or an assembly reference?) [/workspace/LawMatics.SDK.Tests/LawMatics.SDK.Tests.csproj]
/workspace/LawMatics.SDK.Tests/Clients/EventsClientTests.cs(164,35): error CS1061: 'Event' does not contain a definition for 'Data' and no accessible extension method 'Data' accepting a first argument of type 'Event' could be found (are you missing a using directive or an assembly reference?) [/workspace/LawMatics.SDK.Tests/LawMatics.SDK.Tests.csproj]
/workspace/LawMatics.SDK.Tests/Clients/EventsClientTests.cs(165,36): error CS1061: 'Event' does not contain a definition for 'Data' and no accessible extension method 'Data' accepting a first argument of type 'Event' could be found (are you missing a using directive or an assembly reference?) [/workspace/LawMatics.SDK.Tests/LawMatics.SDK.Tests.csproj]
/workspace/LawMatics.SDK.Tests/Clients/EventsClientTests.cs(166,48): error CS1061: 'Event' does not contain a definition for 'Data' and no accessible extension method 'Data' accepting a first argument of type 'Event' could be found (are you missing a using directive or an assembly reference?) [/workspace/LawMatics.SDK.Tests/LawMatics.SDK.Tests.csproj]
/workspace/LawMatics.SDK.Tests/Clients/EventsClientTests.cs(167,54): error CS1061: 'Event' does not contain a definition for 'Data' and no accessible extension method 'Data' accepting a first argument of type 'Event' could be found (are you missing a using directive or an assembly reference?) [/workspace/LawMatics.SDK.Tests/LawMatics.SDK.Tests.csproj]
/workspace/LawMatics.SDK.Tests/Clients/EventsClientTests.cs(168,34): error CS1061: 'CreateEventRequest' does not contain a definition for 'StartDate' and no accessible extension method 'StartDate' accepting a first argument of type 'CreateEventRequest' could be found (are you missing a using directive or an assembly reference?) [/workspace/LawMatics.SDK.Tests/LawMatics.SDK.Tests.csproj]
/workspace/LawMatics.SDK.Tests/Clients/EventsClientTests.cs(168,52): error CS1061: 'Event' does not contain a definition for 'Data' and no accessible extension method 'Data' accepting a first argument of type 'Event' could be found (are you missing a using directive or an assembly reference?) [/workspace/LawMatics.SDK.Tests/LawMatics.SDK.Tests.csproj]
/workspace/LawMatics.SDK.Tests/Clients/EventsClientTests.cs(169,34): error CS1061: 'CreateEventRequest' does not contain a definition for 'EndDate' and no accessible extension method 'EndDate' accepting a first argument of type 'CreateEventRequest' could be found (are you missing a using directive or an assembly reference?) [/workspace/LawMatics.SDK.Tests/LawMatics.SDK.Tests.csproj]
/workspace/LawMatics.SDK.Tests/Clients/EventsClientTests.cs(169,50): error CS1061: 'Event' does not contain a definition for 'Data' and no accessible extension method 'Data' accepting a first argument of type 'Event' could be found (are you missing a using directive or an assembly reference?) [/workspace/LawMatics.SDK.Tests/LawMatics.SDK.Tests.csproj]
/workspace/LawMatics.SDK.Tests/Clients/EventsClientTests.cs(170,51): error CS1061: 'Event' does not contain a definition for 'Data' and no accessible extension method 'Data' accepting a first argument of type 'Event' could be found (are you missing a using directive or an assembly reference?) [/workspace/LawMatics.SDK.Tests/LawMatics.SDK.Tests.csproj]
/workspace/LawMatics.SDK.Tests/Clients/EventsClientTests.cs(171,47): error CS1061: 'Event' does not contain a definition for 'Data' and no accessible extension method 'Data' accepting a first argument of type 'Event' could be found (are you missing a using directive or an assembly reference?) [/workspace/LawMatics.SDK.Tests/LawMatics.SDK.Tests.csproj]
/workspace/LawMatics.SDK.Tests/Clients/EmailCampaignsClientTests.cs(56,51): error CS0117: 'PaginationInfo' does not contain a definition for 'Page' [/workspace/LawMatics.SDK.Tests/LawMatics.SDK.Tests.csproj]
/workspace/LawMatics.SDK.Tests/Clients/EmailCampaignsClientTests.cs(56,61): error CS0117: 'PaginationInfo' does not contain a definition for 'PageSize' [/workspace/LawMatics.SDK.Tests/LawMatics.SDK.Tests.csproj]
/workspace/LawMatics.SDK.Tests/Clients/EmailCampaignsClientTests.cs(56,76): error CS0117: 'PaginationInfo' does not contain a definition for 'TotalCount' [/workspace/LawMatics.SDK.Tests/LawMatics.SDK.Tests.csproj]
/workspace/LawMatics.SDK.Tests/Clients/EmailCampaignsClientTests.cs(73,40): error CS1061: 'EmailCampaignsClient' does not contain a definition for 'GetEmailCampaignsAsync' and no accessible extension method 'GetEmailCampaignsAsync' accepting a first argument of type 'EmailCampaignsClient' could be found (are you missing a using directive or an assembly reference?) [/workspace/LawMatics.SDK.Tests/LawMatics.SDK.Tests.csproj]
/workspace/LawMatics.SDK.Tests/Clients/EventsClientTests.cs(204,60): error CS1503: Argument 2: cannot convert from 'LawMatics.SDK.Models.UpdateEventRequest' to 'LawMatics.SDK.Models.CreateEventRequest' [/workspace/LawMatics.SDK.Tests/LawMatics.SDK.Tests.csproj]
/workspace/LawMatics.SDK.Tests/Clients/EventsClientTests.cs(235,17): error CS0815: Cannot assign void to an implicitly-typed variable [/workspace/LawMatics.SDK.Tests/LawMatics.SDK.Tests.csproj]
/workspace/LawMatics.SDK.Tests/Clients/EventsClientTests.cs(251,69): error CS0117: 'Event' does not contain a definition for 'StartDate' [/workspace/LawMatics.SDK.Tests/LawMatics.SDK.Tests.csproj]
/workspace/LawMatics.SDK.Tests/Clients/EventsClientTests.cs(253,51): error CS0117: 'PaginationInfo' does not contain a definition for 'Page' [/workspace/LawMatics.SDK.Tests/LawMatics.SDK.Tests.csproj]
/workspace/LawMatics.SDK.Tests/Clients/EventsClientTests.cs(253,61): error CS0117: 'PaginationInfo' does not contain a definition for 'PageSize' [/workspace/LawMatics.SDK.Tests/LawMatics.SDK.Tests.csproj]
/workspace/LawMatics.SDK.Tests/Clients/EventsClientTests.cs(253,76): error CS0117: 'PaginationInfo' does not contain a definition for 'TotalCount' [/workspace/LawMatics.SDK.Tests/LawMatics.SDK.Tests.csproj]
/workspace/LawMatics.SDK.Tests/Clients/EventsClientTests.cs(290,51): error CS0117: 'PaginationInfo' does not contain a definition for 'Page' [/workspace/LawMatics.SDK.Tests/LawMatics.SDK.Tests.csproj]
/workspace/LawMatics.SDK.Tests/Clients/EventsClientTests.cs(290,61): error CS0117: 'PaginationInfo' does not contain a definition for 'PageSize' [/workspace/LawMatics.SDK.Tests/LawMatics.SDK.Tests.csproj]
/workspace/LawMatics.SDK.Tests/Clients/EventsClientTests.cs(290,76): error CS0117: 'PaginationInfo' does not contain a definition for 'TotalCount' [/workspace/LawMatics.SDK.Tests/LawMatics.SDK.Tests.csproj]
/workspace/LawMatics.SDK.Tests/Clients/EventsClientTests.cs(307,61): error CS1503: Argument 1: cannot convert from 'string' to 'int' [/workspace/LawMatics.SDK.Tests/LawMatics.SDK.Tests.csproj]
/workspace/LawMatics.SDK.Tests/Clients/EventsClientTests.cs(320,21): error CS1061: 'EventsClient' does not contain a definition for 'Dispose' and no accessible extension method 'Dispose' accepting a first argument of type 'EventsClient' could be found (are you missing a using directive or an assembly reference?) [/workspace/LawMatics.SDK.Tests/LawMatics.SDK.Tests.csproj]
/workspace/LawMatics.SDK.Tests/Clients/EmailCampaignsClientTests.cs(106,40): error CS1061: 'EmailCampaignsClient' does not contain a definition for 'GetEmailCampaignAsync' and no accessible extension method 'GetEmailCampaignAsync' accepting a first argument of type 'EmailCampaignsClient' could be found (are you missing a using directive or an assembly reference?) [/workspace/LawMatics.SDK.Tests/LawMatics.SDK.Tests.csproj]
/workspace/LawMatics.SDK.Tests/Clients/EmailCampaignsClientTests.cs(159,40): error CS1061: 'EmailCampaignsClient' does not contain a definition for 'CreateEmailCampaignAsync' and no accessible extension method 'CreateEmailCampaignAsync' accepting a first argument of type 'EmailCampaignsClient' could be found (are you missing a using directive or an assembly reference?) [/workspace/LawMatics.SDK.Tests/LawMatics.SDK.Tests.csproj]
/workspace/LawMatics.SDK.Tests/Clients/EmailCampaignsClientTests.cs(209,40): error CS1061: 'EmailCampaignsClient' does not contain a definition for 'UpdateEmailCampaignAsync' and no accessible extension method 'UpdateEmailCampaignAsync' accepting a first argument of type 'EmailCampaignsClient' could be found (are you missing a using directive or an assembly reference?) [/workspace/LawMatics.SDK.Tests/LawMatics.SDK.Tests.csproj]
/workspace/LawMatics.SDK.Tests/Clients/EmailCampaignsClientTests.cs(240,40): error CS1061: 'EmailCampaignsClient' does not contain a definition for 'DeleteEmailCampaignAsync' and no accessible extension method 'DeleteEmailCampaignAsync' accepting a first argument of type 'EmailCampaignsClient' could be found (are you missing a using directive or an assembly reference?) [/workspace/LawMatics.SDK.Tests/LawMatics.SDK.Tests.csproj]
/workspace/LawMatics.SDK.Tests/Clients/EmailCampaignsClientTests.cs(255,21): error CS0117: 'EmailCampaignStats' does not contain a definition for 'CampaignId' [/workspace/LawMatics.SDK.Tests/LawMatics.SDK.Tests.csproj]
/workspace/LawMatics.SDK.Tests/Clients/EmailCampaignsClientTests.cs(256,21): error CS0117: 'EmailCampaignStats' does not contain a definition for 'Status' [/workspace/LawMatics.SDK.Tests/LawMatics.SDK.Tests.csproj]
/workspace/LawMatics.SDK.Tests/Clients/EmailCampaignsClientTests.cs(257,21): error CS0117: 'EmailCampaignStats' does not contain a definition for 'SentCount' [/workspace/LawMatics.SDK.Tests/LawMatics.SDK.Tests.csproj]
/workspace/LawMatics.SDK.Tests/Clients/EmailCampaignsClientTests.cs(258,21): error CS0117: 'EmailCampaignStats' does not contain a definition for 'DeliveredCount' [/workspace/LawMatics.SDK.Tests/LawMatics.SDK.Tests.csproj]
/workspace/LawMatics.SDK.Tests/Clients/EmailCampaignsClientTests.cs(259,21): error CS0117: 'EmailCampaignStats' does not contain a definition for 'OpenedCount' [/workspace/LawMatics.SDK.Tests/LawMatics.SDK.Tests.csproj]
/workspace/LawMatics.SDK.Tests/Clients/EmailCampaignsClientTests.cs(260,21): error CS0117: 'EmailCampaignStats' does not contain a definition for 'ClickedCount' [/workspace/LawMatics.SDK.Tests/LawMatics.SDK.Tests.csproj]
/workspace/LawMatics.SDK.Tests/Clients/EmailCampaignsClientTests.cs(278,40): error CS1061: 'EmailCampaignsClient' does not contain a definition for 'SendEmailCampaignAsync' and no accessible extension method 'SendEmailCampaignAsync' accepting a first argument of type 'EmailCampaignsClient' could be found (are you missing a using directive or an assembly reference?) [/workspace/LawMatics.SDK.Tests/LawMatics.SDK.Tests.csproj]
/workspace/LawMatics.SDK.Tests/Clients/EmailCampaignsClientTests.cs(297,21): error CS0117: 'EmailCampaignStats' does not contain a definition for 'CampaignId' [/workspace/LawMatics.SDK.Tests/LawMatics.SDK.Tests.csproj]
/workspace/LawMatics.SDK.Tests/Clients/EmailCampaignsClientTests.cs(298,21): error CS0117: 'EmailCampaignStats' does not contain a definition for 'Status' [/workspace/LawMatics.SDK.Tests/LawMatics.SDK.Tests.csproj]
/workspace/LawMatics.SDK.Tests/Clients/EmailCampaignsClientTests.cs(299,21): error CS0117: 'EmailCampaignStats' does not contain a definition for 'SentCount' [/workspace/LawMatics.SDK.Tests/LawMatics.SDK.Tests.csproj]
/workspace/LawMatics.SDK.Tests/Clients/EmailCampaignsClientTests.cs(300,21): error CS0117: 'EmailCampaignStats' does not contain a definition for 'DeliveredCount' [/workspace/LawMatics.SDK.Tests/LawMatics.SDK.Tests.csproj]
/workspace/LawMatics.SDK.Tests/Clients/EmailCampaignsClientTests.cs(301,21): error CS0117: 'EmailCampaignStats' does not contain a definition for 'OpenedCount' [/workspace/LawMatics.SDK.Tests/LawMatics.SDK.Tests.csproj]
/workspace/LawMatics.SDK.Tests/Clients/EmailCampaignsClientTests.cs(302,21): error CS0117: 'EmailCampaignStats' does not contain a definition for 'ClickedCount' [/workspace/LawMatics.SDK.Tests/LawMatics.SDK.Tests.csproj]
/workspace/LawMatics.SDK.Tests/Clients/EmailCampaignsClientTests.cs(303,21): error CS0117: 'EmailCampaignStats' does not contain a definition for 'BouncedCount' [/workspace/LawMatics.SDK.Tests/LawMatics.SDK.Tests.csproj]
/workspace/LawMatics.SDK.Tests/Clients/EmailCampaignsClientTests.cs(304,21): error CS0117: 'EmailCampaignStats' does not contain a definition for 'UnsubscribedCount' [/workspace/LawMatics.SDK.Tests/LawMatics.SDK.Tests.csproj]
/workspace/LawMatics.SDK.Tests/Clients/EmailCampaignsClientTests.cs(326,35): error CS1061: 'EmailCampaignStats' does not contain a definition for 'Data' and no accessible extension method 'Data' accepting a first argument of type 'EmailCampaignStats' could be found (are you missing a using directive or an assembly reference?) [/workspace/LawMatics.SDK.Tests/LawMatics.SDK.Tests.csproj]
/workspace/LawMatics.SDK.Tests/Clients/EmailCampaignsClientTests.cs(327,45): error CS1061: 'EmailCampaignStats' does not contain a definition for 'Data' and no accessible extension method 'Data' accepting a first argument of type 'EmailCampaignStats' could be found (are you missing a using directive or an assembly reference?) [/workspace/LawMatics.SDK.Tests/LawMatics.SDK.Tests.csproj]
/workspace/LawMatics.SDK.Tests/Clients/EmailCampaignsClientTests.cs(328,38): error CS1061: 'EmailCampaignStats' does not contain a definition for 'Data' and no accessible extension method 'Data' accepting a first argument of type 'EmailCampaignStats' could be found (are you missing a using directive or an assembly reference?) [/workspace/LawMatics.SDK.Tests/LawMatics.SDK.Tests.csproj]
/workspace/LawMatics.SDK.Tests/Clients/EmailCampaignsClientTests.cs(329,37): error CS1061: 'EmailCampaignStats' does not contain a definition for 'Data' and no accessible extension method 'Data' accepting a first argument of type 'EmailCampaignStats' could be found (are you missing a using directive or an assembly reference?) [/workspace/LawMatics.SDK.Tests/LawMatics.SDK.Tests.csproj]
/workspace/LawMatics.SDK.Tests/Clients/EmailCampaignsClientTests.cs(330,37): error CS1061: 'EmailCampaignStats' does not contain a definition for 'Data' and no accessible extension method 'Data' accepting a first argument of type 'EmailCampaignStats' could be found (are you missing a using directive or an assembly reference?) [/workspace/LawMatics.SDK.Tests/LawMatics.SDK.Tests.csproj]
/workspace/LawMatics.SDK.Tests/Clients/EmailCampaignsClientTests.cs(331,37): error CS1061: 'EmailCampaignStats' does not contain a definition for 'Data' and no accessible extension method 'Data' accepting a first argument of type 'EmailCampaignStats' could be found (are you missing a using directive or an assembly reference?) [/workspace/LawMatics.SDK.Tests/LawMatics.SDK.Tests.csproj]
/workspace/LawMatics.SDK.Tests/Clients/EmailCampaignsClientTests.cs(332,36): error CS1061: 'EmailCampaignStats' does not contain a definition for 'Data' and no accessible extension method 'Data' accepting a first argument of type 'EmailCampaignStats' could be found (are you missing a using directive or an assembly reference?) [/workspace/LawMatics.SDK.Tests/LawMatics.SDK.Tests.csproj]
/workspace/LawMatics.SDK.Tests/Clients/EmailCampaignsClientTests.cs(333,36): error CS1061: 'EmailCampaignStats' does not contain a definition for 'Data' and no accessible extension method 'Data' accepting a first argument of type 'EmailCampaignStats' could be found (are you missing a using directive or an assembly reference?) [/workspace/LawMatics.SDK.Tests/LawMatics.SDK.Tests.csproj]
/workspace/LawMatics.SDK.Tests/Clients/EmailCampaignsClientTests.cs(339,21): error CS1061: 'EmailCampaignsClient' does not contain a definition for 'Dispose' and no accessible extension method 'Dispose' accepting a first argument of type 'EmailCampaignsClient' could be found (are you missing a using directive or an assembly reference?) [/workspace/LawMatics.SDK.Tests/LawMatics.SDK.Tests.csproj]
/workspace/LawMatics.SDK.Tests/Clients/NotesClientTests.cs(241,13): warning xUnit2002: Do not use Assert.NotNull() on value type 'bool'. Remove this assert. (https://xunit.net/xunit.analyzers/rules/xUnit2002) [/workspace/LawMatics.SDK.Tests/LawMatics.SDK.Tests.csproj]
/workspace/LawMatics.SDK.Tests/Clients/CustomFormsClientTests.cs(232,13): warning xUnit2002: Do not use Assert.NotNull() on value type 'bool'. Remove this assert. (https://xunit.net/xunit.analyzers/rules/xUnit2002) [/workspace/LawMatics.SDK.Tests/LawMatics.SDK.Tests.csproj]

Build FAILED.

/workspace/LawMatics.SDK/Clients/PaymentsClient.cs(40,20): warning CS8603: Possible null reference return. [/workspace/LawMatics.SDK/LawMatics.SDK.csproj]
/workspace/LawMatics.SDK/Clients/PaymentsClient.cs(51,20): warning CS8603: Possible null reference return. [/workspace/LawMatics.SDK/LawMatics.SDK.csproj]
/workspace/LawMatics.SDK/Clients/PaymentsClient.cs(63,20): warning CS8603: Possible null reference return. [/workspace/LawMatics.SDK/LawMatics.SDK.csproj]
/workspace/LawMatics.SDK/Clients/PaymentsClient.cs(84,20): warning CS8603: Possible null reference return. [/workspace/LawMatics.SDK/LawMatics.SDK.csproj]
/workspace/LawMatics.SDK/Clients/CompaniesClient.cs(38,20): warning CS8603: Possible null reference return. [/workspace/LawMatics.SDK/LawMatics.SDK.csproj]
/workspace/LawMatics.SDK/Clients/CompaniesClient.cs(49,20): warning CS8603: Possible null reference return. [/workspace/LawMatics.SDK/LawMatics.SDK.csproj]
/workspace/LawMatics.SDK/Clients/CompaniesClient.cs(61,20): warning CS8603: Possible null reference return. [/workspace/LawMatics.SDK/LawMatics.SDK.csproj]
/workspace/LawMatics.SDK/Clients/PaymentsClient.cs(188,20): warning CS8603: Possible null reference return. [/workspace/LawMatics.SDK/LawMatics.SDK.csproj]
/workspace/LawMatics.SDK/Clients/BaseClient.cs(101,28): warning CS1998: This async method lacks 'await' operators and will run synchronously. Consider using the 'await' operator to await non-blocking API calls, or 'await Task.Run(...)' to do CPU-bound work on a background thread. [/workspace/LawMatics.SDK/LawMatics.SDK.csproj]
/workspace/LawMatics.SDK/Clients/PaymentsClient.cs(211,20): warning CS8603: Possible null reference return. [/workspace/LawMatics.SDK/LawMatics.SDK.csproj]
/workspace/LawMatics.SDK/Clients/PaymentsClient.cs(238,20): warning CS8603: Possible null reference return. [/workspace/LawMatics.SDK/LawMatics.SDK.csproj]
/workspace/LawMatics.SDK/Clients/PaymentsClient.cs(249,20): warning CS8603: Possible null reference return. [/workspace/LawMatics.SDK/LawMatics.SDK.csproj]
/workspace/LawMatics.SDK/Clients/PaymentsClient.cs(261,20): warning CS8603: Possible null reference return. [/workspace/LawMatics.SDK/LawMatics.SDK.csproj]
/workspace/LawMatics.SDK/Clients/ContactsClient.cs(39,20): warning CS8603: Possible null reference return. [/workspace/LawMatics.SDK/LawMatics.SDK.csproj]
/workspace/LawMatics.SDK/Clients/ContactsClient.cs(50,20): warning CS8603: Possible null reference return. [/workspace/LawMatics.SDK/LawMatics.SDK.csproj]
/workspace/LawMatics.SDK/Clients/ContactsClient.cs(62,20): warning CS8603: Possible null reference return. [/workspace/LawMatics.SDK/LawMatics.SDK.csproj]
/workspace/LawMatics.SDK/Clients/PaymentsClient.cs(322,20): warning CS8603: Possible null reference return. [/workspace/LawMatics.SDK/LawMatics.SDK.csproj]
/workspace/LawMatics.SDK/Clients/PaymentsClient.cs(333,20): warning CS8603: Possible null reference return. [/workspace/LawMatics.SDK/LawMatics.SDK.csproj]
/workspace/LawMatics.SDK/Clients/PaymentsClient.cs(345,20): warning CS8603: Possible null reference return. [/workspace/LawMatics.SDK/LawMatics.SDK.csproj]
/workspace/LawMatics.SDK/Clients/CompaniesClient.cs(225,20): warning CS8603: Possible null reference return. [/workspace/LawMatics.SDK/LawMatics.SDK.csproj]
/workspace/LawMatics.SDK/Clients/CustomFieldsClient.cs(38,20): warning CS8603: Possible null reference return. [/workspace/LawMatics.SDK/LawMatics.SDK.csproj]
/workspace/LawMatics.SDK/Clients/CompaniesClient.cs(236,20): warning CS8603: Possible null reference return. [/workspace/LawMatics.SDK/LawMatics.SDK.csproj]
/workspace/LawMatics.SDK/Clients/CustomFieldsClient.cs(49,20): warning CS8603: Possible null reference return. [/workspace/LawMatics.SDK/LawMatics.SDK.csproj]
/workspace/LawMatics.SDK/Clients/CustomFieldsClient.cs(61,20): warning CS8603: Possible null reference return. [/workspace/LawMatics.SDK/LawMatics.SDK.csproj]
/workspace/LawMatics.SDK/Clients/ContactsClient.cs(185,20): warning CS8603: Possible null reference return. [/workspace/LawMatics.SDK/LawMatics.SDK.csproj]
/workspace/LawMatics.SDK/Clients/ContactsClient.cs(196,20): warning CS8603: Possible null reference return. [/workspace/LawMatics.SDK/LawMatics.SDK.csproj]
/workspace/LawMatics.SDK/Clients/PaymentsClient.cs(406,20): warning CS8603: Possible null reference return. [/workspace/LawMatics.SDK/LawMatics.SDK.csproj]
/workspace/LawMatics.SDK/Clients/ContactsClient.cs(211,20): warning CS8603: Possible null reference return. [/workspace/LawMatics.SDK/LawMatics.SDK.csproj]
/workspace/LawMatics.SDK/Clients/PaymentsClient.cs(417,20): warning CS8603: Possible null reference return. [/workspace/LawMatics.SDK/LawMatics.SDK.csproj]
/workspace/LawMatics.SDK/Clients/PaymentsClient.cs(464,20): warning CS8603: Possible null reference return. [/workspace/LawMatics.SDK/LawMatics.SDK.csproj]
/workspace/LawMatics.SDK/Clients/PaymentsClient.cs(483,20): warning CS8603: Possible null reference return. [/workspace/LawMatics.SDK/LawMatics.SDK.csproj]
/workspace/LawMatics.SDK/Clients/PaymentsClient.cs(495,20): warning CS8603: Possible null reference return. [/workspace/LawMatics.SDK/LawMatics.SDK.csproj]
/workspace/LawMatics.SDK/Clients/CustomFieldsClient.cs(171,20): warning CS8603: Possible null reference return. [/workspace/LawMatics.SDK/LawMatics.SDK.csproj]
/workspace/LawMatics.SDK/Clients/CustomFieldsClient.cs(182,20): warning CS8603: Possible null reference return. [/workspace/LawMatics.SDK/LawMatics.SDK.csproj]
/workspace/LawMatics.SDK/Clients/CustomFieldsClient.cs(194,20): warning CS8603: Possible null reference return. [/workspace/LawMatics.SDK/LawMatics.SDK.csproj]
/workspace/LawMatics.SDK/Clients/CustomFieldsClient.cs(207,20): warning CS8603: Possible null reference return. [/workspace/LawMatics.SDK/LawMatics.SDK.csproj]
/workspace/LawMatics.SDK/Clients/CustomFieldsClient.cs(228,20): warning CS8603: Possible null reference return. [/workspace/LawMatics.SDK/LawMatics.SDK.csproj]
/workspace/LawMatics.SDK/Clients/CustomFieldsClient.cs(240,20): warning CS8603: Possible null reference return. [/workspace/LawMatics.SDK/LawMatics.SDK.csproj]
/workspace/LawMatics.SDK/Clients/CustomFieldsClient.cs(253,20): warning CS8603: Possible null reference return. [/workspace/LawMatics.SDK/LawMatics.SDK.csproj]
/workspace/LawMatics.SDK/Clients/EmailCampaignsClient.cs(38,20): warning CS8603: Possible null reference return. [/workspace/LawMatics.SDK/LawMatics.SDK.csproj]
/workspace/LawMatics.SDK/Clients/EmailCampaignsClient.cs(49,20): warning CS8603: Possible null reference return. [/workspace/LawMatics.SDK/LawMatics.SDK.csproj]
/workspace/LawMatics.SDK/Clients/EmailCampaignsClient.cs(61,20): warning CS8603: Possible null reference return. [/workspace/LawMatics.SDK/LawMatics.SDK.csproj]
/workspace/LawMatics.SDK/Clients/CustomFieldsClient.cs(296,20): warning CS8603: Possible null reference return. [/workspace/LawMatics.SDK/LawMatics.SDK.csproj]
/workspace/LawMatics.SDK/Clients/CustomFieldsClient.cs(307,20): warning CS8603: Possible null reference return. [/workspace/LawMatics.SDK/LawMatics.SDK.csproj]
/workspace/LawMatics.SDK/Clients/CustomFieldsClient.cs(319,20): warning CS8603: Possible null reference return. [/workspace/LawMatics.SDK/LawMatics.SDK.csproj]
/workspace/LawMatics.SDK/Clients/CustomFieldsClient.cs(343,20): warning CS8603: Possible null reference return. [/workspace/LawMatics.SDK/LawMatics.SDK.csproj]
/workspace/LawMatics.SDK/Clients/CustomFieldsClient.cs(354,20): warning CS8603: Possible null reference return. [/workspace/LawMatics.SDK/LawMatics.SDK.csproj]
/workspace/LawMatics.SDK/Clients/EventsClient.cs(38,20): warning CS8603: Possible null reference return. [/workspace/LawMatics.SDK/LawMatics.SDK.csproj]
/workspace/LawMatics.SDK/Clients/EventsClient.cs(49,20): warning CS8603: Possible null reference return. [/workspace/LawMatics.SDK/LawMatics.SDK.csproj]
/workspace/LawMatics.SDK/Clients/EventsClient.cs(61,20): warning CS8603: Possible null reference return. [/workspace/LawMatics.SDK/LawMatics.SDK.csproj]
/workspace/LawMatics.SDK/Clients/EventsClient.cs(239,20): warning CS8603: Possible null reference return. [/workspace/LawMatics.SDK/LawMatics.SDK.csproj]
/workspace/LawMatics.SDK/Clients/EventsClient.cs(250,20): warning CS8603: Possible null reference return. [/workspace/LawMatics.SDK/LawMatics.SDK.csproj]
/workspace/LawMatics.SDK/Clients/EventsClient.cs(262,20): warning CS8603: Possible null reference return. [/workspace/LawMatics.SDK/LawMatics.SDK.csproj]
/workspace/LawMatics.SDK/Clients/EventsClient.cs(296,20): warning CS8603: Possible null reference return. [/workspace/LawMatics.SDK/LawMatics.SDK.csproj]
/workspace/LawMatics.SDK/Clients/CustomFieldsClient.cs(397,20): warning CS8603: Possible null reference return. [/workspace/LawMatics.SDK/LawMatics.SDK.csproj]
/workspace/LawMatics.SDK/Clients/CustomFieldsClient.cs(408,20): warning CS8603: Possible null reference return. [/workspace/LawMatics.SDK/LawMatics.SDK.csproj]
/workspace/LawMatics.SDK/Clients/CustomFieldsClient.cs(420,20): warning CS8603: Possible null reference return. [/workspace/LawMatics.SDK/LawMatics.SDK.csproj]
/workspace/LawMatics.SDK/Clients/MattersClient.cs(38,20): warning CS8603: Possible null reference return. [/workspace/LawMatics.SDK/LawMatics.SDK.csproj]
/workspace/LawMatics.SDK/Clients/MattersClient.cs(49,20): warning CS8603: Possible null reference return. [/workspace/LawMatics.SDK/LawMatics.SDK.csproj]
/workspace/LawMatics.SDK/Clients/MattersClient.cs(61,20): warning CS8603: Possible null reference return. [/workspace/LawMatics.SDK/LawMatics.SDK.csproj]
/workspace/LawMatics.SDK/Clients/FilesClient.cs(38,20): warning CS8603: Possible null reference return. [/workspace/LawMatics.SDK/LawMatics.SDK.csproj]
/workspace/LawMatics.SDK/Clients/EmailCampaignsClient.cs(232,20): warning CS8603: Possible null reference return. [/workspace/LawMatics.SDK/LawMatics.SDK.csproj]
/workspace/LawMatics.SDK/Clients/EmailCampaignsClient.cs(248,20): warning CS8603: Possible null reference return. [/workspace/LawMatics.SDK/LawMatics.SDK.csproj]
/workspace/LawMatics.SDK/Clients/EmailCampaignsClient.cs(302,20): warning CS8603: Possible null reference return. [/workspace/LawMatics.SDK/LawMatics.SDK.csproj]
/workspace/LawMatics.SDK/Clients/EventsClient.cs(307,20): warning CS8603: Possible null reference return. [/workspace/LawMatics.SDK/LawMatics.SDK.csproj]
/workspace/LawMatics.SDK/Clients/EventsClient.cs(319,20): warning CS8603: Possible null reference return. [/workspace/LawMatics.SDK/LawMatics.SDK.csproj]
/workspace/LawMatics.SDK/Clients/EventsClient.cs(341,20): warning CS8603: Possible null reference return. [/workspace/LawMatics.SDK/LawMatics.SDK.csproj]
/workspace/LawMatics.SDK/Clients/EventsClient.cs(352,20): warning CS8603: Possible null reference return. [/workspace/LawMatics.SDK/LawMatics.SDK.csproj]
/workspace/LawMatics.SDK/Clients/FilesClient.cs(120,20): warning CS8603: Possible null reference return. [/workspace/LawMatics.SDK/LawMatics.SDK.csproj]
/workspace/LawMatics.SDK/Clients/EmailCampaignsClient.cs(313,20): warning CS8603: Possible null reference return. [/workspace/LawMatics.SDK/LawMatics.SDK.csproj]
/workspace/LawMatics.SDK/Clients/EmailCampaignsClient.cs(356,20): warning CS8603: Possible null reference return. [/workspace/LawMatics.SDK/LawMatics.SDK.csproj]
/workspace/LawMatics.SDK/Clients/EmailCampaignsClient.cs(376,20): warning CS8603: Possible null reference return. [/workspace/LawMatics.SDK/LawMatics.SDK.csproj]
/workspace/LawMatics.SDK/Clients/EmailCampaignsClient.cs(389,20): warning CS8603: Possible null reference return. [/workspace/LawMatics.SDK/LawMatics.SDK.csproj]
/workspace/LawMatics.SDK/Clients/EmailCampaignsClient.cs(402,20): warning CS8603: Possible null reference return. [/workspace/LawMatics.SDK/LawMatics.SDK.csproj]
/workspace/LawMatics.SDK/Clients/FoldersClient.cs(38,20): warning CS8603: Possible null reference return. [/workspace/LawMatics.SDK/LawMatics.SDK.csproj]
/workspace/LawMatics.SDK/Clients/FoldersClient.cs(49,20): warning CS8603: Possible null reference return. [/workspace/LawMatics.SDK/LawMatics.SDK.csproj]
/workspace/LawMatics.SDK/Clients/FoldersClient.cs(61,20): warning CS8603: Possible null reference return. [/workspace/LawMatics.SDK/LawMatics.SDK.csproj]
/workspace/LawMatics.SDK/Clients/EmailCampaignsClient.cs(415,20): warning CS8603: Possible null reference return. [/workspace/LawMatics.SDK/LawMatics.SDK.csproj]
/workspace/LawMatics.SDK/Clients/EmailCampaignsClient.cs(428,20): warning CS8603: Possible null reference return. [/workspace/LawMatics.SDK/LawMatics.SDK.csproj]
/workspace/LawMatics.SDK/Clients/FilesClient.cs(283,20): warning CS8603: Possible null reference return. [/workspace/LawMatics.SDK/LawMatics.SDK.csproj]
/workspace/LawMatics.SDK/Clients/FilesClient.cs(295,20): warning CS8603: Possible null reference return. [/workspace/LawMatics.SDK/LawMatics.SDK.csproj]
/workspace/LawMatics.SDK/Clients/FilesClient.cs(306,20): warning CS8603: Possible null reference return. [/workspace/LawMatics.SDK/LawMatics.SDK.csproj]
/workspace/LawMatics.SDK/Clients/FilesClient.cs(318,20): warning CS8603: Possible null reference return. [/workspace/LawMatics.SDK/LawMatics.SDK.csproj]
/workspace/LawMatics.SDK/Clients/FilesClient.cs(348,20): warning CS8603: Possible null reference return. [/workspace/LawMatics.SDK/LawMatics.SDK.csproj]
/workspace/LawMatics.SDK/Clients/FoldersClient.cs(116,20): warning CS8603: Possible null reference return. [/workspace/LawMatics.SDK/LawMatics.SDK.csproj]
/workspace/LawMatics.SDK/Clients/MattersClient.cs(274,20): warning CS8603: Possible null reference return. [/workspace/LawMatics.SDK/LawMatics.SDK.csproj]
/workspace/LawMatics.SDK/Clients/MattersClient.cs(285,20): warning CS8603: Possible null reference return. [/workspace/LawMatics.SDK/LawMatics.SDK.csproj]
/workspace/LawMatics.SDK/Clients/FoldersClient.cs(186,20): warning CS8603: Possible null reference return. [/workspace/LawMatics.SDK/LawMatics.SDK.csproj]
/workspace/LawMatics.SDK/Clients/MattersClient.cs(297,20): warning CS8603: Possible null reference return. [/workspace/LawMatics.SDK/LawMatics.SDK.csproj]
/workspace/LawMatics.SDK/Clients/MattersClient.cs(319,20): warning CS8603: Possible null reference return. [/workspace/LawMatics.SDK/LawMatics.SDK.csproj]
/workspace/LawMatics.SDK/Clients/MattersClient.cs(330,20): warning CS8603: Possible null reference return. [/workspace/LawMatics.SDK/LawMatics.SDK.csproj]
/workspace/LawMatics.SDK/Clients/FoldersClient.cs(200,20): warning CS8603: Possible null reference return. [/workspace/LawMatics.SDK/LawMatics.SDK.csproj]
/workspace/LawMatics.SDK/Clients/FoldersClient.cs(211,20): warning CS8603: Possible null reference return. [/workspace/LawMatics.SDK/LawMatics.SDK.csproj]
/workspace/LawMatics.SDK/Clients/FoldersClient.cs(246,20): warning CS8603: Possible null reference return. [/workspace/LawMatics.SDK/LawMatics.SDK.csproj]
/workspace/LawMatics.SDK/Clients/FoldersClient.cs(288,20): warning CS8603: Possible null reference return. [/workspace/LawMatics.SDK/LawMatics.SDK.csproj]
/workspace/LawMatics.SDK.Tests/Clients/NotesClientTests.cs(241,13): warning xUnit2002: Do not use Assert.NotNull() on value type 'bool'. Remove this assert. (https://xunit.net/xunit.analyzers/rules/xUnit2002) [/workspace/LawMatics.SDK.Tests/LawMatics.SDK.Tests.csproj]
/workspace/LawMatics.SDK.Tests/Clients/CustomFormsClientTests.cs(232,13): warning xUnit2002: Do not use Assert.NotNull() on value type 'bool'. Remove this assert. (https://xunit.net/xunit.analyzers/rules/xUnit2002) [/workspace/LawMatics.SDK.Tests/LawMatics.SDK.Tests.csproj]
/workspace/LawMatics.SDK.Tests/Clients/UsersClientTests.cs(114,35): error CS1061: 'User' does not contain a definition for 'Data' and no accessible extension method 'Data' accepting a first argument of type 'User' could be found (are you missing a using directive or an assembly reference?) [/workspace/LawMatics.SDK.Tests/LawMatics.SDK.Tests.csproj]
/workspace/LawMatics.SDK.Tests/Clients/UsersClientTests.cs(115,36): error CS1061: 'User' does not contain a definition for 'Data' and no accessible extension method 'Data' accepting a first argument of type 'User' could be found (are you missing a using directive or an assembly reference?) [/workspace/LawMatics.SDK.Tests/LawMatics.SDK.Tests.csproj]
/workspace/LawMatics.SDK.Tests/Clients/UsersClientTests.cs(116,41): error CS1061: 'User' does not contain a definition for 'Data' and no accessible extension method 'Data' accepting a first argument of type 'User' could be found (are you missing a using directive or an assembly reference?) [/workspace/LawMatics.SDK.Tests/LawMatics.SDK.Tests.csproj]
/workspace/LawMatics.SDK.Tests/Clients/UsersClientTests.cs(117,40): error CS1061: 'User' does not contain a definition for 'Data' and no accessible extension method 'Data' accepting a first argument of type 'User' could be found (are you missing a using directive or an assembly reference?) [/workspace/LawMatics.SDK.Tests/LawMatics.SDK.Tests.csproj]
/workspace/LawMatics.SDK.Tests/Clients/UsersClientTests.cs(118,53): error CS1061: 'User' does not contain a definition for 'Data' and no accessible extension method 'Data' accepting a first argument of type 'User' could be found (are you missing a using directive or an assembly reference?) [/workspace/LawMatics.SDK.Tests/LawMatics.SDK.Tests.csproj]
/workspace/LawMatics.SDK.Tests/Clients/UsersClientTests.cs(119,45): error CS1061: 'User' does not contain a definition for 'Data' and no accessible extension method 'Data' accepting a first argument of type 'User' could be found (are you missing a using directive or an assembly reference?) [/workspace/LawMatics.SDK.Tests/LawMatics.SDK.Tests.csproj]
/workspace/LawMatics.SDK.Tests/Clients/CompaniesClientTests.cs(56,51): error CS0117: 'PaginationInfo' does not contain a definition for 'Page' [/workspace/LawMatics.SDK.Tests/LawMatics.SDK.Tests.csproj]
/workspace/LawMatics.SDK.Tests/Clients/CompaniesClientTests.cs(56,61): error CS0117: 'PaginationInfo' does not contain a definition for 'PageSize' [/workspace/LawMatics.SDK.Tests/LawMatics.SDK.Tests.csproj]
/workspace/LawMatics.SDK.Tests/Clients/CompaniesClientTests.cs(56,76): error CS0117: 'PaginationInfo' does not contain a definition for 'TotalCount' [/workspace/LawMatics.SDK.Tests/LawMatics.SDK.Tests.csproj]
/workspace/LawMatics.SDK.Tests/Clients/UsersClientTests.cs(153,56): error CS1503: Argument 1: cannot convert from 'LawMatics.SDK.Models.CreateUserRequest' to 'LawMatics.SDK.Clients.CreateUserRequest' [/workspace/LawMatics.SDK.Tests/LawMatics.SDK.Tests.csproj]
/workspace/LawMatics.SDK.Tests/Clients/UsersClientTests.cs(166,21): error CS1061: 'UsersClient' does not contain a definition for 'Dispose' and no accessible extension method 'Dispose' accepting a first argument of type 'UsersClient' could be found (are you missing a using directive or an assembly reference?) [/workspace/LawMatics.SDK.Tests/LawMatics.SDK.Tests.csproj]
/workspace/LawMatics.SDK.Tests/Clients/CompaniesClientTests.cs(110,35): error CS1061: 'Company' does not contain a definition for 'Data' and no accessible extension method 'Data' accepting a first argument of type 'Company' could be found (are you missing a using directive or an assembly reference?) [/workspace/LawMatics.SDK.Tests/LawMatics.SDK.Tests.csproj]
/workspace/LawMatics.SDK.Tests/Clients/CompaniesClientTests.cs(111,36): error CS1061: 'Company' does not contain a definition for 'Data' and no accessible extension method 'Data' accepting a first argument of type 'Company' could be found (are you missing a using directive or an assembly reference?) [/workspace/LawMatics.SDK.Tests/LawMatics.SDK.Tests.csproj]
/workspace/LawMatics.SDK.Tests/Clients/CompaniesClientTests.cs(112,49): error CS1061: 'Company' does not contain a definition for 'Data' and no accessible extension method 'Data' accepting a first argument of type 'Company' could be found (are you missing a using directive or an assembly reference?) [/workspace/LawMatics.SDK.Tests/LawMatics.SDK.Tests.csproj]
/workspace/LawMatics.SDK.Tests/Clients/PaymentsClientTests.cs(53,43): error CS0117: 'Payment' does not contain a definition for 'Amount' [/workspace/LawMatics.SDK.Tests/LawMatics.SDK.Tests.csproj]
/workspace/LawMatics.SDK.Tests/Clients/PaymentsClientTests.cs(54,43): error CS0117: 'Payment' does not contain a definition for 'Amount' [/workspace/LawMatics.SDK.Tests/LawMatics.SDK.Tests.csproj]
/workspace/LawMatics.SDK.Tests/Clients/PaymentsClientTests.cs(56,51): error CS0117: 'PaginationInfo' does not contain a definition for 'Page' [/workspace/LawMatics.SDK.Tests/LawMatics.SDK.Tests.csproj]
/workspace/LawMatics.SDK.Tests/Clients/PaymentsClientTests.cs(56,61): error CS0117: 'PaginationInfo' does not contain a definition for 'PageSize' [/workspace/LawMatics.SDK.Tests/LawMatics.SDK.Tests.csproj]
/workspace/LawMatics.SDK.Tests/Clients/PaymentsClientTests.cs(56,76): error CS0117: 'PaginationInfo' does not contain a definition for 'TotalCount' [/workspace/LawMatics.SDK.Tests/LawMatics.SDK.Tests.csproj]
/workspace/LawMatics.SDK.Tests/Clients/PaymentsClientTests.cs(79,50): error CS1061: 'Payment' does not contain a definition for 'Amount' and no accessible extension method 'Amount' accepting a first argument of type 'Payment' could be found (are you missing a using directive or an assembly reference?) [/workspace/LawMatics.SDK.Tests/LawMatics.SDK.Tests.csproj]
/workspace/LawMatics.SDK.Tests/Clients/PaymentsClientTests.cs(90,46): error CS0117: 'Payment' does not contain a definition for 'Amount' [/workspace/LawMatics.SDK.Tests/LawMatics.SDK.Tests.csproj]
/workspace/LawMatics.SDK.Tests/Clients/PaymentsClientTests.cs(111,35): error CS1061: 'Payment' does not contain a definition for 'Data' and no accessible extension method 'Data' accepting a first argument of type 'Payment' could be found (are you missing a using directive or an assembly reference?) [/workspace/LawMatics.SDK.Tests/LawMatics.SDK.Tests.csproj]
/workspace/LawMatics.SDK.Tests/Clients/PaymentsClientTests.cs(112,36): error CS1061: 'Payment' does not contain a definition for 'Data' and no accessible extension method 'Data' accepting a first argument of type 'Payment' could be found (are you missing a using directive or an assembly reference?) [/workspace/LawMatics.SDK.Tests/LawMatics.SDK.Tests.csproj]
/workspace/LawMatics.SDK.Tests/Clients/PaymentsClientTests.cs(113,42): error CS1061: 'Payment' does not contain a definition for 'Data' and no accessible extension method 'Data' accepting a first argument of type 'Payment' could be found (are you missing a using directive or an assembly reference?) [/workspace/LawMatics.SDK.Tests/LawMatics.SDK.Tests.csproj]
/workspace/LawMatics.SDK.Tests/Clients/PaymentsClientTests.cs(114,41): error CS1061: 'Payment' does not contain a definition for 'Data' and no accessible extension method 'Data' accepting a first argument of type 'Payment' could be found (are you missing a using directive or an assembly reference?) [/workspace/LawMatics.SDK.Tests/LawMatics.SDK.Tests.csproj]
/workspace/LawMatics.SDK.Tests/Clients/PaymentsClientTests.cs(115,44): error CS1061: 'Payment' does not contain a definition for 'Data' and no accessible extension method 'Data' accepting a first argument of type 'Payment' could be found (are you missing a using directive or an assembly reference?) [/workspace/LawMatics.SDK.Tests/LawMatics.SDK.Tests.csproj]
/workspace/LawMatics.SDK.Tests/Clients/PaymentsClientTests.cs(125,17): error CS0117: 'CreateInvoiceRequest' does not contain a definition for 'Amount' [/workspace/LawMatics.SDK.Tests/LawMatics.SDK.Tests.csproj]
/workspace/LawMatics.SDK.Tests/Clients/PaymentsClientTests.cs(130,66): error CS0117: 'InvoiceItem' does not contain a definition for 'Amount' [/workspace/LawMatics.SDK.Tests/LawMatics.SDK.Tests.csproj]
/workspace/LawMatics.SDK.Tests/Clients/PaymentsClientTests.cs(131,66): error CS0117: 'InvoiceItem' does not contain a definition for 'Amount' [/workspace/LawMatics.SDK.Tests/LawMatics.SDK.Tests.csproj]
/workspace/LawMatics.SDK.Tests/Clients/PaymentsClientTests.cs(139,21): error CS0117: 'Payment' does not contain a definition for 'ContactId' [/workspace/LawMatics.SDK.Tests/LawMatics.SDK.Tests.csproj]
/workspace/LawMatics.SDK.Tests/Clients/PaymentsClientTests.cs(140,21): error CS0117: 'Payment' does not contain a definition for 'Amount' [/workspace/LawMatics.SDK.Tests/LawMatics.SDK.Tests.csproj]
/workspace/LawMatics.SDK.Tests/Clients/PaymentsClientTests.cs(140,38): error CS1061: 'CreateInvoiceRequest' does not contain a definition for 'Amount' and no accessible extension method 'Amount' accepting a first argument of type 'CreateInvoiceRequest' could be found (are you missing a using directive or an assembly reference?) [/workspace/LawMatics.SDK.Tests/LawMatics.SDK.Tests.csproj]
/workspace/LawMatics.SDK.Tests/Clients/PaymentsClientTests.cs(162,40): error CS1061: 'PaymentsClient' does not contain a definition for 'CreateInvoiceAsync' and no accessible extension method 'CreateInvoiceAsync' accepting a first argument of type 'PaymentsClient' could be found (are you missing a using directive or an assembly reference?) [/workspace/LawMatics.SDK.Tests/LawMatics.SDK.Tests.csproj]
/workspace/LawMatics.SDK.Tests/Clients/PaymentsClientTests.cs(169,34): error CS1061: 'CreateInvoiceRequest' does not contain a definition for 'Amount' and no accessible extension method 'Amount' accepting a first argument of type 'CreateInvoiceRequest' could be found (are you missing a using directive or an assembly reference?) [/workspace/LawMatics.SDK.Tests/LawMatics.SDK.Tests.csproj]
/workspace/LawMatics.SDK.Tests/Clients/PaymentsClientTests.cs(182,17): error CS0117: 'UpdatePaymentRequest' does not contain a definition for 'DueDate' [/workspace/LawMatics.SDK.Tests/LawMatics.SDK.Tests.csproj]
/workspace/LawMatics.SDK.Tests/Clients/PaymentsClientTests.cs(190,21): error CS0117: 'Payment' does not contain a definition for 'Amount' [/workspace/LawMatics.SDK.Tests/LawMatics.SDK.Tests.csproj]
/workspace/LawMatics.SDK.Tests/Clients/PaymentsClientTests.cs(191,39): error CS1061: 'UpdatePaymentRequest' does not contain a definition for 'DueDate' and no accessible extension method 'DueDate' accepting a first argument of type 'UpdatePaymentRequest' could be found (are you missing a using directive or an assembly reference?) [/workspace/LawMatics.SDK.Tests/LawMatics.SDK.Tests.csproj]
/workspace/LawMatics.SDK.Tests/Clients/PaymentsClientTests.cs(214,35): error CS1061: 'Payment' does not contain a definition for 'Data' and no accessible extension method 'Data' accepting a first argument of type 'Payment' could be found (are you missing a using directive or an assembly reference?) [/workspace/LawMatics.SDK.Tests/LawMatics.SDK.Tests.csproj]
/workspace/LawMatics.SDK.Tests/Clients/PaymentsClientTests.cs(215,36): error CS1061: 'Payment' does not contain a definition for 'Data' and no accessible extension method 'Data' accepting a first argument of type 'Payment' could be found (are you missing a using directive or an assembly reference?) [/workspace/LawMatics.SDK.Tests/LawMatics.SDK.Tests.csproj]
/workspace/LawMatics.SDK.Tests/Clients/PaymentsClientTests.cs(216,49): error CS1061: 'Payment' does not contain a definition for 'Data' and no accessible extension method 'Data' accepting a first argument of type 'Payment' could be found (are you missing a using directive or an assembly reference?) [/workspace/LawMatics.SDK.Tests/LawMatics.SDK.Tests.csproj]
/workspace/LawMatics.SDK.Tests/Clients/PaymentsClientTests.cs(217,34): error CS1061: 'UpdatePaymentRequest' does not contain a definition for 'DueDate' and no accessible extension method 'DueDate' accepting a first argument of type 'UpdatePaymentRequest' could be found (are you missing a using directive or an assembly reference?) [/workspace/LawMatics.SDK.Tests/LawMatics.SDK.Tests.csproj]
/workspace/LawMatics.SDK.Tests/Clients/PaymentsClientTests.cs(217,50): error CS1061: 'Payment' does not contain a definition for 'Data' and no accessible extension method 'Data' accepting a first argument of type 'Payment' could be found (are you missing a using directive or an assembly reference?) [/workspace/LawMatics.SDK.Tests/LawMatics.SDK.Tests.csproj]
/workspace/LawMatics.SDK.Tests/Clients/PaymentsClientTests.cs(218,54): error CS1061: 'Payment' does not contain a definition for 'Data' and no accessible extension method 'Data' accepting a first argument of type 'Payment' could be found (are you missing a using directive or an assembly reference?) [/workspace/LawMatics.SDK.Tests/LawMatics.SDK.Tests.csproj]
/workspace/LawMatics.SDK.Tests/Clients/PaymentsClientTests.cs(241,17): error CS0815: Cannot assign void to an implicitly-typed variable [/workspace/LawMatics.SDK.Tests/LawMatics.SDK.Tests.csproj]
/workspace/LawMatics.SDK.Tests/Clients/PaymentsClientTests.cs(253,17): error CS0117: 'ProcessPaymentRequest' does not contain a definition for 'PaymentId' [/workspace/LawMatics.SDK.Tests/LawMatics.SDK.Tests.csproj]
/workspace/LawMatics.SDK.Tests/Clients/PaymentsClientTests.cs(262,34): error CS1061: 'ProcessPaymentRequest' does not contain a definition for 'PaymentId' and no accessible extension method 'PaymentId' accepting a first argument of type 'ProcessPaymentRequest' could be found (are you missing a using directive or an assembly reference?) [/workspace/LawMatics.SDK.Tests/LawMatics.SDK.Tests.csproj]
/workspace/LawMatics.SDK.Tests/Clients/PaymentsClientTests.cs(263,21): error CS0117: 'Payment' does not contain a definition for 'Amount' [/workspace/LawMatics.SDK.Tests/LawMatics.SDK.Tests.csproj]
/workspace/LawMatics.SDK.Tests/Clients/PaymentsClientTests.cs(285,40): error CS7036: There is no argument given that corresponds to the required parameter 'request' of 'PaymentsClient.ProcessPaymentAsync(int, ProcessPaymentRequest)' [/workspace/LawMatics.SDK.Tests/LawMatics.SDK.Tests.csproj]
/workspace/LawMatics.SDK.Tests/Clients/PaymentsClientTests.cs(290,34): error CS1061: 'ProcessPaymentRequest' does not contain a definition for 'PaymentId' and no accessible extension method 'PaymentId' accepting a first argument of type 'ProcessPaymentRequest' could be found (are you missing a using directive or an assembly reference?) [/workspace/LawMatics.SDK.Tests/LawMatics.SDK.Tests.csproj]
/workspace/LawMatics.SDK.Tests/Clients/CompaniesClientTests.cs(148,35): error CS1061: 'Company' does not contain a definition for 'Data' and no accessible extension method 'Data' accepting a first argument of type 'Company' could be found (are you missing a using directive or an assembly reference?) [/workspace/LawMatics.SDK.Tests/LawMatics.SDK.Tests.csproj]
/workspace/LawMatics.SDK.Tests/Clients/CompaniesClientTests.cs(149,36): error CS1061: 'Company' does not contain a definition for 'Data' and no accessible extension method 'Data' accepting a first argument of type 'Company' could be found (are you missing a using directive or an assembly reference?) [/workspace/LawMatics.SDK.Tests/LawMatics.SDK.Tests.csproj]
/workspace/LawMatics.SDK.Tests/Clients/CompaniesClientTests.cs(150,47): error CS1061: 'Company' does not contain a definition for 'Data' and no accessible extension method 'Data' accepting a first argument of type 'Company' could be found (are you missing a using directive or an assembly reference?) [/workspace/LawMatics.SDK.Tests/LawMatics.SDK.Tests.csproj]
/workspace/LawMatics.SDK.Tests/Clients/CompaniesClientTests.cs(151,54): error CS1061: 'Company' does not contain a definition for 'Data' and no accessible extension method 'Data' accepting a first argument of type 'Company' could be found (are you missing a using directive or an assembly reference?) [/workspace/LawMatics.SDK.Tests/LawMatics.SDK.Tests.csproj]
/workspace/LawMatics.SDK.Tests/Clients/CompaniesClientTests.cs(152,50): error CS1061: 'Company' does not contain a definition for 'Data' and no accessible extension method 'Data' accepting a first argument of type 'Company' could be found (are you missing a using directive or an assembly reference?) [/workspace/LawMatics.SDK.Tests/LawMatics.SDK.Tests.csproj]
/workspace/LawMatics.SDK.Tests/Clients/CompaniesClientTests.cs(187,35): error CS1061: 'Company' does not contain a definition for 'Data' and no accessible extension method 'Data' accepting a first argument of type 'Company' could be found (are you missing a using directive or an assembly reference?) [/workspace/LawMatics.SDK.Tests/LawMatics.SDK.Tests.csproj]
/workspace/LawMatics.SDK.Tests/Clients/CompaniesClientTests.cs(188,36): error CS1061: 'Company' does not contain a definition for 'Data' and no accessible extension method 'Data' accepting a first argument of type 'Company' could be found (are you missing a using directive or an assembly reference?) [/workspace/LawMatics.SDK.Tests/LawMatics.SDK.Tests.csproj]
/workspace/LawMatics.SDK.Tests/Clients/CompaniesClientTests.cs(189,47): error CS1061: 'Company' does not contain a definition for 'Data' and no accessible extension method 'Data' accepting a first argument of type 'Company' could be found (are you missing a using directive or an assembly reference?) [/workspace/LawMatics.SDK.Tests/LawMatics.SDK.Tests.csproj]
/workspace/LawMatics.SDK.Tests/Clients/CompaniesClientTests.cs(190,54): error CS1061: 'Company' does not contain a definition for 'Data' and no accessible extension method 'Data' accepting a first argument of type 'Company' could be found (are you missing a using directive or an assembly reference?) [/workspace/LawMatics.SDK.Tests/LawMatics.SDK.Tests.csproj]
/workspace/LawMatics.SDK.Tests/Clients/PaymentsClientTests.cs(306,43): error CS0117: 'Payment' does not contain a definition for 'ContactId' [/workspace/LawMatics.SDK.Tests/LawMatics.SDK.Tests.csproj]
/workspace/LawMatics.SDK.Tests/Clients/PaymentsClientTests.cs(306,66): error CS0117: 'Payment' does not contain a definition for 'Amount' [/workspace/LawMatics.SDK.Tests/LawMatics.SDK.Tests.csproj]
/workspace/LawMatics.SDK.Tests/Clients/PaymentsClientTests.cs(307,43): error CS0117: 'Payment' does not contain a definition for 'ContactId' [/workspace/LawMatics.SDK.Tests/LawMatics.SDK.Tests.csproj]
/workspace/LawMatics.SDK.Tests/Clients/PaymentsClientTests.cs(307,66): error CS0117: 'Payment' does not contain a definition for 'Amount' [/workspace/LawMatics.SDK.Tests/LawMatics.SDK.Tests.csproj]
/workspace/LawMatics.SDK.Tests/Clients/PaymentsClientTests.cs(309,51): error CS0117: 'PaginationInfo' does not contain a definition for 'Page' [/workspace/LawMatics.SDK.Tests/LawMatics.SDK.Tests.csproj]
/workspace/LawMatics.SDK.Tests/Clients/PaymentsClientTests.cs(309,61): error CS0117: 'PaginationInfo' does not contain a definition for 'PageSize' [/workspace/LawMatics.SDK.Tests/LawMatics.SDK.Tests.csproj]
/workspace/LawMatics.SDK.Tests/Clients/PaymentsClientTests.cs(309,76): error CS0117: 'PaginationInfo' does not contain a definition for 'TotalCount' [/workspace/LawMatics.SDK.Tests/LawMatics.SDK.Tests.csproj]
/workspace/LawMatics.SDK.Tests/Clients/PaymentsClientTests.cs(332,80): error CS1061: 'Payment' does not contain a definition for 'ContactId' and no accessible extension method 'ContactId' accepting a first argument of type 'Payment' could be found (are you missing a using directive or an assembly reference?) [/workspace/LawMatics.SDK.Tests/LawMatics.SDK.Tests.csproj]
/workspace/LawMatics.SDK.Tests/Clients/PaymentsClientTests.cs(344,43): error CS0117: 'Payment' does not contain a definition for 'Amount' [/workspace/LawMatics.SDK.Tests/LawMatics.SDK.Tests.csproj]
/workspace/LawMatics.SDK.Tests/Clients/PaymentsClientTests.cs(345,43): error CS0117: 'Payment' does not contain a definition for 'Amount' [/workspace/LawMatics.SDK.Tests/LawMatics.SDK.Tests.csproj]
/workspace/LawMatics.SDK.Tests/Clients/PaymentsClientTests.cs(347,51): error CS0117: 'PaginationInfo' does not contain a definition for 'Page' [/workspace/LawMatics.SDK.Tests/LawMatics.SDK.Tests.csproj]
/workspace/LawMatics.SDK.Tests/Clients/PaymentsClientTests.cs(347,61): error CS0117: 'PaginationInfo' does not contain a definition for 'PageSize' [/workspace/LawMatics.SDK.Tests/LawMatics.SDK.Tests.csproj]
/workspace/LawMatics.SDK.Tests/Clients/PaymentsClientTests.cs(347,76): error CS0117: 'PaginationInfo' does not contain a definition for 'TotalCount' [/workspace/LawMatics.SDK.Tests/LawMatics.SDK.Tests.csproj]
/workspace/LawMatics.SDK.Tests/Clients/PaymentsClientTests.cs(376,21): error CS1061: 'PaymentsClient' does not contain a definition for 'Dispose' and no accessible extension method 'Dispose' accepting a first argument of type 'PaymentsClient' could be found (are you missing a using directive or an assembly reference?) [/workspace/LawMatics.SDK.Tests/LawMatics.SDK.Tests.csproj]
/workspace/LawMatics.SDK.Tests/Clients/NotesClientTests.cs(49,54): error CS0104: 'Note' is an ambiguous reference between 'LawMatics.SDK.Clients.Note' and 'LawMatics.SDK.Models.Note' [/workspace/LawMatics.SDK.Tests/LawMatics.SDK.Tests.csproj]
/workspace/LawMatics.SDK.Tests/Clients/NotesClientTests.cs(51,33): error CS0104: 'Note' is an ambiguous reference between 'LawMatics.SDK.Clients.Note' and 'LawMatics.SDK.Models.Note' [/workspace/LawMatics.SDK.Tests/LawMatics.SDK.Tests.csproj]
/workspace/LawMatics.SDK.Tests/Clients/NotesClientTests.cs(53,25): error CS0104: 'Note' is an ambiguous reference between 'LawMatics.SDK.Clients.Note' and 'LawMatics.SDK.Models.Note' [/workspace/LawMatics.SDK.Tests/LawMatics.SDK.Tests.csproj]
/workspace/LawMatics.SDK.Tests/Clients/NotesClientTests.cs(54,25): error CS0104: 'Note' is an ambiguous reference between 'LawMatics.SDK.Clients.Note' and 'LawMatics.SDK.Models.Note' [/workspace/LawMatics.SDK.Tests/LawMatics.SDK.Tests.csproj]
/workspace/LawMatics.SDK.Tests/Clients/NotesClientTests.cs(56,51): error CS0117: 'PaginationInfo' does not contain a definition for 'Page' [/workspace/LawMatics.SDK.Tests/LawMatics.SDK.Tests.csproj]
/workspace/LawMatics.SDK.Tests/Clients/NotesClientTests.cs(56,61): error CS0117: 'PaginationInfo' does not contain a definition for 'PageSize' [/workspace/LawMatics.SDK.Tests/LawMatics.SDK.Tests.csproj]
/workspace/LawMatics.SDK.Tests/Clients/NotesClientTests.cs(56,76): error CS0117: 'PaginationInfo' does not contain a definition for 'TotalCount' [/workspace/LawMatics.SDK.Tests/LawMatics.SDK.Tests.csproj]
/workspace/LawMatics.SDK.Tests/Clients/NotesClientTests.cs(79,56): error CS1061: 'Note' does not contain a definition for 'Title' and no accessible extension method 'Title' accepting a first argument of type 'Note' could be found (are you missing a using directive or an assembly reference?) [/workspace/LawMatics.SDK.Tests/LawMatics.SDK.Tests.csproj]
/workspace/LawMatics.SDK.Tests/Clients/NotesClientTests.cs(80,56): error CS1061: 'Note' does not contain a definition for 'Title' and no accessible extension method 'Title' accepting a first argument of type 'Note' could be found (are you missing a using directive or an assembly reference?) [/workspace/LawMatics.SDK.Tests/LawMatics.SDK.Tests.csproj]
/workspace/LawMatics.SDK.Tests/Clients/CompaniesClientTests.cs(213,17): error CS0815: Cannot assign void to an implicitly-typed variable [/workspace/LawMatics.SDK.Tests/LawMatics.SDK.Tests.csproj]
/workspace/LawMatics.SDK.Tests/Clients/NotesClientTests.cs(87,52): error CS0104: 'Note' is an ambiguous reference between 'LawMatics.SDK.Clients.Note' and 'LawMatics.SDK.Models.Note' [/workspace/LawMatics.SDK.Tests/LawMatics.SDK.Tests.csproj]
/workspace/LawMatics.SDK.Tests/Clients/NotesClientTests.cs(89,28): error CS0104: 'Note' is an ambiguous reference between 'LawMatics.SDK.Clients.Note' and 'LawMatics.SDK.Models.Note' [/workspace/LawMatics.SDK.Tests/LawMatics.SDK.Tests.csproj]
/workspace/LawMatics.SDK.Tests/Clients/NotesClientTests.cs(110,35): error CS1061: 'Note' does not contain a definition for 'Data' and no accessible extension method 'Data' accepting a first argument of type 'Note' could be found (are you missing a using directive or an assembly reference?) [/workspace/LawMatics.SDK.Tests/LawMatics.SDK.Tests.csproj]
/workspace/LawMatics.SDK.Tests/Clients/NotesClientTests.cs(111,36): error CS1061: 'Note' does not contain a definition for 'Data' and no accessible extension method 'Data' accepting a first argument of type 'Note' could be found (are you missing a using directive or an assembly reference?) [/workspace/LawMatics.SDK.Tests/LawMatics.SDK.Tests.csproj]
/workspace/LawMatics.SDK.Tests/Clients/NotesClientTests.cs(112,46): error CS1061: 'Note' does not contain a definition for 'Data' and no accessible extension method 'Data' accepting a first argument of type 'Note' could be found (are you missing a using directive or an assembly reference?) [/workspace/LawMatics.SDK.Tests/LawMatics.SDK.Tests.csproj]
/workspace/LawMatics.SDK.Tests/Clients/NotesClientTests.cs(113,49): error CS1061: 'Note' does not contain a definition for 'Data' and no accessible extension method 'Data' accepting a first argument of type 'Note' could be found (are you missing a using directive or an assembly reference?) [/workspace/LawMatics.SDK.Tests/LawMatics.SDK.Tests.csproj]
/workspace/LawMatics.SDK.Tests/Clients/NotesClientTests.cs(114,44): error CS1061: 'Note' does not contain a definition for 'Data' and no accessible extension method 'Data' accepting a first argument of type 'Note' could be found (are you missing a using directive or an assembly reference?) [/workspace/LawMatics.SDK.Tests/LawMatics.SDK.Tests.csproj]
/workspace/LawMatics.SDK.Tests/Clients/NotesClientTests.cs(115,36): error CS1061: 'Note' does not contain a definition for 'Data' and no accessible extension method 'Data' accepting a first argument of type 'Note' could be found (are you missing a using directive or an assembly reference?) [/workspace/LawMatics.SDK.Tests/LawMatics.SDK.Tests.csproj]
/workspace/LawMatics.SDK.Tests/Clients/NotesClientTests.cs(122,31): error CS0104: 'CreateNoteRequest' is an ambiguous reference between 'LawMatics.SDK.Clients.CreateNoteRequest' and 'LawMatics.SDK.Models.CreateNoteRequest' [/workspace/LawMatics.SDK.Tests/LawMatics.SDK.Tests.csproj]
/workspace/LawMatics.SDK.Tests/Clients/NotesClientTests.cs(130,52): error CS0104: 'Note' is an ambiguous reference between 'LawMatics.SDK.Clients.Note' and 'LawMatics.SDK.Models.Note' [/workspace/LawMatics.SDK.Tests/LawMatics.SDK.Tests.csproj]
/workspace/LawMatics.SDK.Tests/Clients/NotesClientTests.cs(132,28): error CS0104: 'Note' is an ambiguous reference between 'LawMatics.SDK.Clients.Note' and 'LawMatics.SDK.Models.Note' [/workspace/LawMatics.SDK.Tests/LawMatics.SDK.Tests.csproj]
/workspace/LawMatics.SDK.Tests/Clients/CompaniesClientTests.cs(230,51): error CS0117: 'PaginationInfo' does not contain a definition for 'Page' [/workspace/LawMatics.SDK.Tests/LawMatics.SDK.Tests.csproj]
/workspace/LawMatics.SDK.Tests/Clients/CompaniesClientTests.cs(230,61): error CS0117: 'PaginationInfo' does not contain a definition for 'PageSize' [/workspace/LawMatics.SDK.Tests/LawMatics.SDK.Tests.csproj]
/workspace/LawMatics.SDK.Tests/Clients/CompaniesClientTests.cs(230,76): error CS0117: 'PaginationInfo' does not contain a definition for 'TotalCount' [/workspace/LawMatics.SDK.Tests/LawMatics.SDK.Tests.csproj]
/workspace/LawMatics.SDK.Tests/Clients/CompaniesClientTests.cs(247,40): error CS1061: 'CompaniesClient' does not contain a definition for 'SearchCompaniesAsync' and no accessible extension method 'SearchCompaniesAsync' accepting a first argument of type 'CompaniesClient' could be found (are you missing a using directive or an assembly reference?) [/workspace/LawMatics.SDK.Tests/LawMatics.SDK.Tests.csproj]
/workspace/LawMatics.SDK.Tests/Clients/CompaniesClientTests.cs(259,21): error CS1061: 'CompaniesClient' does not contain a definition for 'Dispose' and no accessible extension method 'Dispose' accepting a first argument of type 'CompaniesClient' could be found (are you missing a using directive or an assembly reference?) [/workspace/LawMatics.SDK.Tests/LawMatics.SDK.Tests.csproj]
/workspace/LawMatics.SDK.Tests/Clients/NotesClientTests.cs(175,31): error CS0104: 'UpdateNoteRequest' is an ambiguous reference between 'LawMatics.SDK.Clients.UpdateNoteRequest' and 'LawMatics.SDK.Models.UpdateNoteRequest' [/workspace/LawMatics.SDK.Tests/LawMatics.SDK.Tests.csproj]
/workspace/LawMatics.SDK.Tests/Clients/NotesClientTests.cs(181,52): error CS0104: 'Note' is an ambiguous reference between 'LawMatics.SDK.Clients.Note' and 'LawMatics.SDK.Models.Note' [/workspace/LawMatics.SDK.Tests/LawMatics.SDK.Tests.csproj]
/workspace/LawMatics.SDK.Tests/Clients/NotesClientTests.cs(183,28): error CS0104: 'Note' is an ambiguous reference between 'LawMatics.SDK.Clients.Note' and 'LawMatics.SDK.Models.Note' [/workspace/LawMatics.SDK.Tests/LawMatics.SDK.Tests.csproj]
/workspace/LawMatics.SDK.Tests/Clients/NotesClientTests.cs(250,54): error CS0104: 'Note' is an ambiguous reference between 'LawMatics.SDK.Clients.Note' and 'LawMatics.SDK.Models.Note' [/workspace/LawMatics.SDK.Tests/LawMatics.SDK.Tests.csproj]
/workspace/LawMatics.SDK.Tests/Clients/NotesClientTests.cs(252,33): error CS0104: 'Note' is an ambiguous reference between 'LawMatics.SDK.Clients.Note' and 'LawMatics.SDK.Models.Note' [/workspace/LawMatics.SDK.Tests/LawMatics.SDK.Tests.csproj]
/workspace/LawMatics.SDK.Tests/Clients/NotesClientTests.cs(254,25): error CS0104: 'Note' is an ambiguous reference between 'LawMatics.SDK.Clients.Note' and 'LawMatics.SDK.Models.Note' [/workspace/LawMatics.SDK.Tests/LawMatics.SDK.Tests.csproj]
/workspace/LawMatics.SDK.Tests/Clients/NotesClientTests.cs(255,25): error CS0104: 'Note' is an ambiguous reference between 'LawMatics.SDK.Clients.Note' and 'LawMatics.SDK.Models.Note' [/workspace/LawMatics.SDK.Tests/LawMatics.SDK.Tests.csproj]
/workspace/LawMatics.SDK.Tests/Clients/NotesClientTests.cs(257,51): error CS0117: 'PaginationInfo' does not contain a definition for 'Page' [/workspace/LawMatics.SDK.Tests/LawMatics.SDK.Tests.csproj]
/workspace/LawMatics.SDK.Tests/Clients/NotesClientTests.cs(257,61): error CS0117: 'PaginationInfo' does not contain a definition for 'PageSize' [/workspace/LawMatics.SDK.Tests/LawMatics.SDK.Tests.csproj]
/workspace/LawMatics.SDK.Tests/Clients/NotesClientTests.cs(257,76): error CS0117: 'PaginationInfo' does not contain a definition for 'TotalCount' [/workspace/LawMatics.SDK.Tests/LawMatics.SDK.Tests.csproj]
/workspace/LawMatics.SDK.Tests/Clients/NotesClientTests.cs(274,40): error CS1061: 'NotesClient' does not contain a definition for 'GetNotesByEntityAsync' and no accessible extension method 'GetNotesByEntityAsync' accepting a first argument of type 'NotesClient' could be found (are you missing a using directive or an assembly reference?) [/workspace/LawMatics.SDK.Tests/LawMatics.SDK.Tests.csproj]
/workspace/LawMatics.SDK.Tests/Clients/NotesClientTests.cs(292,54): error CS0104: 'Note' is an ambiguous reference between 'LawMatics.SDK.Clients.Note' and 'LawMatics.SDK.Models.Note' [/workspace/LawMatics.SDK.Tests/LawMatics.SDK.Tests.csproj]
/workspace/LawMatics.SDK.Tests/Clients/NotesClientTests.cs(294,33): error CS0104: 'Note' is an ambiguous reference between 'LawMatics.SDK.Clients.Note' and 'LawMatics.SDK.Models.Note' [/workspace/LawMatics.SDK.Tests/LawMatics.SDK.Tests.csproj]
/workspace/LawMatics.SDK.Tests/Clients/NotesClientTests.cs(296,25): error CS0104: 'Note' is an ambiguous reference between 'LawMatics.SDK.Clients.Note' and 'LawMatics.SDK.Models.Note' [/workspace/LawMatics.SDK.Tests/LawMatics.SDK.Tests.csproj]
/workspace/LawMatics.SDK.Tests/Clients/NotesClientTests.cs(297,25): error CS0104: 'Note' is an ambiguous reference between 'LawMatics.SDK.Clients.Note' and 'LawMatics.SDK.Models.Note' [/workspace/LawMatics.SDK.Tests/LawMatics.SDK.Tests.csproj]
/workspace/LawMatics.SDK.Tests/Clients/NotesClientTests.cs(299,51): error CS0117: 'PaginationInfo' does not contain a definition for 'Page' [/workspace/LawMatics.SDK.Tests/LawMatics.SDK.Tests.csproj]
/workspace/LawMatics.SDK.Tests/Clients/NotesClientTests.cs(299,61): error CS0117: 'PaginationInfo' does not contain a definition for 'PageSize' [/workspace/LawMatics.SDK.Tests/LawMatics.SDK.Tests.csproj]
/workspace/LawMatics.SDK.Tests/Clients/NotesClientTests.cs(299,76): error CS0117: 'PaginationInfo' does not contain a definition for 'TotalCount' [/workspace/LawMatics.SDK.Tests/LawMatics.SDK.Tests.csproj]
/workspace/LawMatics.SDK.Tests/Clients/NotesClientTests.cs(316,40): error CS1061: 'NotesClient' does not contain a definition for 'GetNotesByUserAsync' and no accessible extension method 'GetNotesByUserAsync' accepting a first argument of type 'NotesClient' could be found (are you missing a using directive or an assembly reference?) [/workspace/LawMatics.SDK.Tests/LawMatics.SDK.Tests.csproj]
/workspace/LawMatics.SDK.Tests/Clients/NotesClientTests.cs(330,54): error CS0104: 'Note' is an ambiguous reference between 'LawMatics.SDK.Clients.Note' and 'LawMatics.SDK.Models.Note' [/workspace/LawMatics.SDK.Tests/LawMatics.SDK.Tests.csproj]
/workspace/LawMatics.SDK.Tests/Clients/NotesClientTests.cs(332,33): error CS0104: 'Note' is an ambiguous reference between 'LawMatics.SDK.Clients.Note' and 'LawMatics.SDK.Models.Note' [/workspace/LawMatics.SDK.Tests/LawMatics.SDK.Tests.csproj]
/workspace/LawMatics.SDK.Tests/Clients/NotesClientTests.cs(334,25): error CS0104: 'Note' is an ambiguous reference between 'LawMatics.SDK.Clients.Note' and 'LawMatics.SDK.Models.Note' [/workspace/LawMatics.SDK.Tests/LawMatics.SDK.Tests.csproj]
/workspace/LawMatics.SDK.Tests/Clients/NotesClientTests.cs(336,51): error CS0117: 'PaginationInfo' does not contain a definition for 'Page' [/workspace/LawMatics.SDK.Tests/LawMatics.SDK.Tests.csproj]
/workspace/LawMatics.SDK.Tests/Clients/NotesClientTests.cs(336,61): error CS0117: 'PaginationInfo' does not contain a definition for 'PageSize' [/workspace/LawMatics.SDK.Tests/LawMatics.SDK.Tests.csproj]
/workspace/LawMatics.SDK.Tests/Clients/NotesClientTests.cs(336,76): error CS0117: 'PaginationInfo' does not contain a definition for 'TotalCount' [/workspace/LawMatics.SDK.Tests/LawMatics.SDK.Tests.csproj]
/workspace/LawMatics.SDK.Tests/Clients/NotesClientTests.cs(353,40): error CS1061: 'NotesClient' does not contain a definition for 'SearchNotesAsync' and no accessible extension method 'SearchNotesAsync' accepting a first argument of type 'NotesClient' could be found (are you missing a using directive or an assembly reference?) [/workspace/LawMatics.SDK.Tests/LawMatics.SDK.Tests.csproj]
/workspace/LawMatics.SDK.Tests/Clients/NotesClientTests.cs(365,21): error CS1061: 'NotesClient' does not contain a definition for 'Dispose' and no accessible extension method 'Dispose' accepting a first argument of type 'NotesClient' could be found (are you missing a using directive or an assembly reference?) [/workspace/LawMatics.SDK.Tests/LawMatics.SDK.Tests.csproj]
/workspace/LawMatics.SDK.Tests/Clients/MattersClientTests.cs(56,51): error CS0117: 'PaginationInfo' does not contain a definition for 'Page' [/workspace/LawMatics.SDK.Tests/LawMatics.SDK.Tests.csproj]
/workspace/LawMatics.SDK.Tests/Clients/MattersClientTests.cs(56,61): error CS0117: 'PaginationInfo' does not contain a definition for 'PageSize' [/workspace/LawMatics.SDK.Tests/LawMatics.SDK.Tests.csproj]
/workspace/LawMatics.SDK.Tests/Clients/MattersClientTests.cs(56,76): error CS0117: 'PaginationInfo' does not contain a definition for 'TotalCount' [/workspace/LawMatics.SDK.Tests/LawMatics.SDK.Tests.csproj]
/workspace/LawMatics.SDK.Tests/Clients/MattersClientTests.cs(110,35): error CS1061: 'Matter' does not contain a definition for 'Data' and no accessible extension method 'Data' accepting a first argument of type 'Matter' could be found (are you missing a using directive or an assembly reference?) [/workspace/LawMatics.SDK.Tests/LawMatics.SDK.Tests.csproj]
/workspace/LawMatics.SDK.Tests/Clients/MattersClientTests.cs(111,36): error CS1061: 'Matter' does not contain a definition for 'Data' and no accessible extension method 'Data' accepting a first argument of type 'Matter' could be found (are you missing a using directive or an assembly reference?) [/workspace/LawMatics.SDK.Tests/LawMatics.SDK.Tests.csproj]
/workspace/LawMatics.SDK.Tests/Clients/MattersClientTests.cs(112,48): error CS1061: 'Matter' does not contain a definition for 'Data' and no accessible extension method 'Data' accepting a first argument of type 'Matter' could be found (are you missing a using directive or an assembly reference?) [/workspace/LawMatics.SDK.Tests/LawMatics.SDK.Tests.csproj]
/workspace/LawMatics.SDK.Tests/Clients/MattersClientTests.cs(113,43): error CS1061: 'Matter' does not contain a definition for 'Data' and no accessible extension method 'Data' accepting a first argument of type 'Matter' could be found (are you missing a using directive or an assembly reference?) [/workspace/LawMatics.SDK.Tests/LawMatics.SDK.Tests.csproj]
/workspace/LawMatics.SDK.Tests/Clients/MattersClientTests.cs(150,35): error CS1061: 'Matter' does not contain a definition for 'Data' and no accessible extension method 'Data' accepting a first argument of type 'Matter' could be found (are you missing a using directive or an assembly reference?) [/workspace/LawMatics.SDK.Tests/LawMatics.SDK.Tests.csproj]
/workspace/LawMatics.SDK.Tests/Clients/MattersClientTests.cs(151,36): error CS1061: 'Matter' does not contain a definition for 'Data' and no accessible extension method 'Data' accepting a first argument of type 'Matter' could be found (are you missing a using directive or an assembly reference?) [/workspace/LawMatics.SDK.Tests/LawMatics.SDK.Tests.csproj]
/workspace/LawMatics.SDK.Tests/Clients/MattersClientTests.cs(152,47): error CS1061: 'Matter' does not contain a definition for 'Data' and no accessible extension method 'Data' accepting a first argument of type 'Matter' could be found (are you missing a using directive or an assembly reference?) [/workspace/LawMatics.SDK.Tests/LawMatics.SDK.Tests.csproj]
/workspace/LawMatics.SDK.Tests/Clients/MattersClientTests.cs(153,54): error CS1061: 'Matter' does not contain a definition for 'Data' and no accessible extension method 'Data' accepting a first argument of type 'Matter' could be found (are you missing a using directive or an assembly reference?) [/workspace/LawMatics.SDK.Tests/LawMatics.SDK.Tests.csproj]
/workspace/LawMatics.SDK.Tests/Clients/MattersClientTests.cs(154,49): error CS1061: 'Matter' does not contain a definition for 'Data' and no accessible extension method 'Data' accepting a first argument of type 'Matter' could be found (are you missing a using directive or an assembly reference?) [/workspace/LawMatics.SDK.Tests/LawMatics.SDK.Tests.csproj]
/workspace/LawMatics.SDK.Tests/Clients/MattersClientTests.cs(155,51): error CS1061: 'Matter' does not contain a definition for 'Data' and no accessible extension method 'Data' accepting a first argument of type 'Matter' could be found (are you missing a using directive or an assembly reference?) [/workspace/LawMatics.SDK.Tests/LawMatics.SDK.Tests.csproj]
/workspace/LawMatics.SDK.Tests/Clients/MattersClientTests.cs(187,61): error CS1503: Argument 2: cannot convert from 'LawMatics.SDK.Models.UpdateMatterRequest' to 'LawMatics.SDK.Models.CreateMatterRequest' [/workspace/LawMatics.SDK.Tests/LawMatics.SDK.Tests.csproj]
/workspace/LawMatics.SDK.Tests/Clients/MattersClientTests.cs(218,17): error CS0815: Cannot assign void to an implicitly-typed variable [/workspace/LawMatics.SDK.Tests/LawMatics.SDK.Tests.csproj]
/workspace/LawMatics.SDK.Tests/Clients/MattersClientTests.cs(235,51): error CS0117: 'PaginationInfo' does not contain a definition for 'Page' [/workspace/LawMatics.SDK.Tests/LawMatics.SDK.Tests.csproj]
/workspace/LawMatics.SDK.Tests/Clients/MattersClientTests.cs(235,61): error CS0117: 'PaginationInfo' does not contain a definition for 'PageSize' [/workspace/LawMatics.SDK.Tests/LawMatics.SDK.Tests.csproj]
/workspace/LawMatics.SDK.Tests/Clients/MattersClientTests.cs(235,76): error CS0117: 'PaginationInfo' does not contain a definition for 'TotalCount' [/workspace/LawMatics.SDK.Tests/LawMatics.SDK.Tests.csproj]
/workspace/LawMatics.SDK.Tests/Clients/MattersClientTests.cs(252,40): error CS1061: 'MattersClient' does not contain a definition for 'SearchMattersAsync' and no accessible extension method 'SearchMattersAsync' accepting a first argument of type 'MattersClient' could be found (are you missing a using directive or an assembly reference?) [/workspace/LawMatics.SDK.Tests/LawMatics.SDK.Tests.csproj]
/workspace/LawMatics.SDK.Tests/Clients/MattersClientTests.cs(272,51): error CS0117: 'PaginationInfo' does not contain a definition for 'Page' [/workspace/LawMatics.SDK.Tests/LawMatics.SDK.Tests.csproj]
/workspace/LawMatics.SDK.Tests/Clients/MattersClientTests.cs(272,61): error CS0117: 'PaginationInfo' does not contain a definition for 'PageSize' [/workspace/LawMatics.SDK.Tests/LawMatics.SDK.Tests.csproj]
/workspace/LawMatics.SDK.Tests/Clients/MattersClientTests.cs(272,76): error CS0117: 'PaginationInfo' does not contain a definition for 'TotalCount' [/workspace/LawMatics.SDK.Tests/LawMatics.SDK.Tests.csproj]
/workspace/LawMatics.SDK.Tests/Clients/MattersClientTests.cs(302,21): error CS1061: 'MattersClient' does not contain a definition for 'Dispose' and no accessible extension method 'Dispose' accepting a first argument of type 'MattersClient' could be found (are you missing a using directive or an assembly reference?) [/workspace/LawMatics.SDK.Tests/LawMatics.SDK.Tests.csproj]
/workspace/LawMatics.SDK.Tests/Clients/CustomFieldsClientTests.cs(53,87): error CS0117: 'CustomField' does not contain a definition for 'EntityType' [/workspace/LawMatics.SDK.Tests/LawMatics.SDK.Tests.csproj]
/workspace/LawMatics.SDK.Tests/Clients/CustomFieldsClientTests.cs(54,89): error CS0117: 'CustomField' does not contain a definition for 'EntityType' [/workspace/LawMatics.SDK.Tests/LawMatics.SDK.Tests.csproj]
/workspace/LawMatics.SDK.Tests/Clients/CustomFieldsClientTests.cs(56,51): error CS0117: 'PaginationInfo' does not contain a definition for 'Page' [/workspace/LawMatics.SDK.Tests/LawMatics.SDK.Tests.csproj]
/workspace/LawMatics.SDK.Tests/Clients/CustomFieldsClientTests.cs(56,61): error CS0117: 'PaginationInfo' does not contain a definition for 'PageSize' [/workspace/LawMatics.SDK.Tests/LawMatics.SDK.Tests.csproj]
/workspace/LawMatics.SDK.Tests/Clients/CustomFieldsClientTests.cs(56,76): error CS0117: 'PaginationInfo' does not contain a definition for 'TotalCount' [/workspace/LawMatics.SDK.Tests/LawMatics.SDK.Tests.csproj]
/workspace/LawMatics.SDK.Tests/Clients/FoldersClientTests.cs(56,51): error CS0117: 'PaginationInfo' does not contain a definition for 'Page' [/workspace/LawMatics.SDK.Tests/LawMatics.SDK.Tests.csproj]
/workspace/LawMatics.SDK.Tests/Clients/FoldersClientTests.cs(56,61): error CS0117: 'PaginationInfo' does not contain a definition for 'PageSize' [/workspace/LawMatics.SDK.Tests/LawMatics.SDK.Tests.csproj]
/workspace/LawMatics.SDK.Tests/Clients/FoldersClientTests.cs(56,76): error CS0117: 'PaginationInfo' does not contain a definition for 'TotalCount' [/workspace/LawMatics.SDK.Tests/LawMatics.SDK.Tests.csproj]
/workspace/LawMatics.SDK.Tests/Clients/CustomFieldsClientTests.cs(89,86): error CS0117: 'CustomField' does not contain a definition for 'EntityType' [/workspace/LawMatics.SDK.Tests/LawMatics.SDK.Tests.csproj]
/workspace/LawMatics.SDK.Tests/Clients/CustomFieldsClientTests.cs(110,35): error CS1061: 'CustomField' does not contain a definition for 'Data' and no accessible extension method 'Data' accepting a first argument of type 'CustomField' could be found (are you missing a using directive or an assembly reference?) [/workspace/LawMatics.SDK.Tests/LawMatics.SDK.Tests.csproj]
/workspace/LawMatics.SDK.Tests/Clients/CustomFieldsClientTests.cs(111,36): error CS1061: 'CustomField' does not contain a definition for 'Data' and no accessible extension method 'Data' accepting a first argument of type 'CustomField' could be found (are you missing a using directive or an assembly reference?) [/workspace/LawMatics.SDK.Tests/LawMatics.SDK.Tests.csproj]
/workspace/LawMatics.SDK.Tests/Clients/CustomFieldsClientTests.cs(112,47): error CS1061: 'CustomField' does not contain a definition for 'Data' and no accessible extension method 'Data' accepting a first argument of type 'CustomField' could be found (are you missing a using directive or an assembly reference?) [/workspace/LawMatics.SDK.Tests/LawMatics.SDK.Tests.csproj]
/workspace/LawMatics.SDK.Tests/Clients/CustomFieldsClientTests.cs(113,41): error CS1061: 'CustomField' does not contain a definition for 'Data' and no accessible extension method 'Data' accepting a first argument of type 'CustomField' could be found (are you missing a using directive or an assembly reference?) [/workspace/LawMatics.SDK.Tests/LawMatics.SDK.Tests.csproj]
/workspace/LawMatics.SDK.Tests/Clients/CustomFieldsClientTests.cs(114,44): error CS1061: 'CustomField' does not contain a definition for 'Data' and no accessible extension method 'Data' accepting a first argument of type 'CustomField' could be found (are you missing a using directive or an assembly reference?) [/workspace/LawMatics.SDK.Tests/LawMatics.SDK.Tests.csproj]
/workspace/LawMatics.SDK.Tests/Clients/FoldersClientTests.cs(110,35): error CS1061: 'Folder' does not contain a definition for 'Data' and no accessible extension method 'Data' accepting a first argument of type 'Folder' could be found (are you missing a using directive or an assembly reference?) [/workspace/LawMatics.SDK.Tests/LawMatics.SDK.Tests.csproj]
/workspace/LawMatics.SDK.Tests/Clients/FoldersClientTests.cs(111,36): error CS1061: 'Folder' does not contain a definition for 'Data' and no accessible extension method 'Data' accepting a first argument of type 'Folder' could be found (are you missing a using directive or an assembly reference?) [/workspace/LawMatics.SDK.Tests/LawMatics.SDK.Tests.csproj]
/workspace/LawMatics.SDK.Tests/Clients/FoldersClientTests.cs(112,48): error CS1061: 'Folder' does not contain a definition for 'Data' and no accessible extension method 'Data' accepting a first argument of type 'Folder' could be found (are you missing a using directive or an assembly reference?) [/workspace/LawMatics.SDK.Tests/LawMatics.SDK.Tests.csproj]
/workspace/LawMatics.SDK.Tests/Clients/FoldersClientTests.cs(113,53): error CS1061: 'Folder' does not contain a definition for 'Data' and no accessible extension method 'Data' accepting a first argument of type 'Folder' could be found (are you missing a using directive or an assembly reference?) [/workspace/LawMatics.SDK.Tests/LawMatics.SDK.Tests.csproj]
/workspace/LawMatics.SDK.Tests/Clients/FoldersClientTests.cs(155,35): error CS1061: 'Folder' does not contain a definition for 'Data' and no accessible extension method 'Data' accepting a first argument of type 'Folder' could be found (are you missing a using directive or an assembly reference?) [/workspace/LawMatics.SDK.Tests/LawMatics.SDK.Tests.csproj]
/workspace/LawMatics.SDK.Tests/Clients/FoldersClientTests.cs(156,36): error CS1061: 'Folder' does not contain a definition for 'Data' and no accessible extension method 'Data' accepting a first argument of type 'Folder' could be found (are you missing a using directive or an assembly reference?) [/workspace/LawMatics.SDK.Tests/LawMatics.SDK.Tests.csproj]
/workspace/LawMatics.SDK.Tests/Clients/FoldersClientTests.cs(157,47): error CS1061: 'Folder' does not contain a definition for 'Data' and no accessible extension method 'Data' accepting a first argument of type 'Folder' could be found (are you missing a using directive or an assembly reference?) [/workspace/LawMatics.SDK.Tests/LawMatics.SDK.Tests.csproj]
/workspace/LawMatics.SDK.Tests/Clients/FoldersClientTests.cs(158,54): error CS1061: 'Folder' does not contain a definition for 'Data' and no accessible extension method 'Data' accepting a first argument of type 'Folder' could be found (are you missing a using directive or an assembly reference?) [/workspace/LawMatics.SDK.Tests/LawMatics.SDK.Tests.csproj]
/workspace/LawMatics.SDK.Tests/Clients/FoldersClientTests.cs(159,51): error CS1061: 'Folder' does not contain a definition for 'Data' and no accessible extension method 'Data' accepting a first argument of type 'Folder' could be found (are you missing a using directive or an assembly reference?) [/workspace/LawMatics.SDK.Tests/LawMatics.SDK.Tests.csproj]
/workspace/LawMatics.SDK.Tests/Clients/CustomFieldsClientTests.cs(125,17): error CS0117: 'CreateCustomFieldRequest' does not contain a definition for 'EntityType' [/workspace/LawMatics.SDK.Tests/LawMatics.SDK.Tests.csproj]
/workspace/LawMatics.SDK.Tests/Clients/CustomFieldsClientTests.cs(128,27): error CS0029: Cannot implicitly convert type 'System.Collections.Generic.List<string>' to 'System.Collections.Generic.List<LawMatics.SDK.Models.CustomFieldOption>' [/workspace/LawMatics.SDK.Tests/LawMatics.SDK.Tests.csproj]
/workspace/LawMatics.SDK.Tests/Clients/CustomFieldsClientTests.cs(137,21): error CS0117: 'CustomField' does not contain a definition for 'EntityType' [/workspace/LawMatics.SDK.Tests/LawMatics.SDK.Tests.csproj]
/workspace/LawMatics.SDK.Tests/Clients/CustomFieldsClientTests.cs(137,42): error CS1061: 'CreateCustomFieldRequest' does not contain a definition for 'EntityType' and no accessible extension method 'EntityType' accepting a first argument of type 'CreateCustomFieldRequest' could be found (are you missing a using directive or an assembly reference?) [/workspace/LawMatics.SDK.Tests/LawMatics.SDK.Tests.csproj]
/workspace/LawMatics.SDK.Tests/Clients/CustomFieldsClientTests.cs(158,63): error CS1503: Argument 1: cannot convert from 'LawMatics.SDK.Models.CreateCustomFieldRequest' to 'LawMatics.SDK.Models.CustomField' [/workspace/LawMatics.SDK.Tests/LawMatics.SDK.Tests.csproj]
/workspace/LawMatics.SDK.Tests/Clients/CustomFieldsClientTests.cs(166,34): error CS1061: 'CreateCustomFieldRequest' does not contain a definition for 'EntityType' and no accessible extension method 'EntityType' accepting a first argument of type 'CreateCustomFieldRequest' could be found (are you missing a using directive or an assembly reference?) [/workspace/LawMatics.SDK.Tests/LawMatics.SDK.Tests.csproj]
/workspace/LawMatics.SDK.Tests/Clients/FoldersClientTests.cs(201,35): error CS1061: 'Folder' does not contain a definition for 'Data' and no accessible extension method 'Data' accepting a first argument of type 'Folder' could be found (are you missing a using directive or an assembly reference?) [/workspace/LawMatics.SDK.Tests/LawMatics.SDK.Tests.csproj]
/workspace/LawMatics.SDK.Tests/Clients/FoldersClientTests.cs(202,36): error CS1061: 'Folder' does not contain a definition for 'Data' and no accessible extension method 'Data' accepting a first argument of type 'Folder' could be found (are you missing a using directive or an assembly reference?) [/workspace/LawMatics.SDK.Tests/LawMatics.SDK.Tests.csproj]
/workspace/LawMatics.SDK.Tests/Clients/FoldersClientTests.cs(203,47): error CS1061: 'Folder' does not contain a definition for 'Data' and no accessible extension method 'Data' accepting a first argument of type 'Folder' could be found (are you missing a using directive or an assembly reference?) [/workspace/LawMatics.SDK.Tests/LawMatics.SDK.Tests.csproj]
/workspace/LawMatics.SDK.Tests/Clients/FoldersClientTests.cs(204,54): error CS1061: 'Folder' does not contain a definition for 'Data' and no accessible extension method 'Data' accepting a first argument of type 'Folder' could be found (are you missing a using directive or an assembly reference?) [/workspace/LawMatics.SDK.Tests/LawMatics.SDK.Tests.csproj]
/workspace/LawMatics.SDK.Tests/Clients/FoldersClientTests.cs(205,51): error CS1061: 'Folder' does not contain a definition for 'Data' and no accessible extension method 'Data' accepting a first argument of type 'Folder' could be found (are you missing a using directive or an assembly reference?) [/workspace/LawMatics.SDK.Tests/LawMatics.SDK.Tests.csproj]
/workspace/LawMatics.SDK.Tests/Clients/FoldersClientTests.cs(228,17): error CS0815: Cannot assign void to an implicitly-typed variable [/workspace/LawMatics.SDK.Tests/LawMatics.SDK.Tests.csproj]
/workspace/LawMatics.SDK.Tests/Clients/CustomFieldsClientTests.cs(176,31): error CS0246: The type or namespace name 'UpdateCustomFieldRequest' could not be found (are you missing a using directive or an assembly reference?) [/workspace/LawMatics.SDK.Tests/LawMatics.SDK.Tests.csproj]
/workspace/LawMatics.SDK.Tests/Clients/CustomFieldsClientTests.cs(238,17): error CS0815: Cannot assign void to an implicitly-typed variable [/workspace/LawMatics.SDK.Tests/LawMatics.SDK.Tests.csproj]
/workspace/LawMatics.SDK.Tests/Clients/CustomFieldsClientTests.cs(253,88): error CS0117: 'CustomField' does not contain a definition for 'EntityType' [/workspace/LawMatics.SDK.Tests/LawMatics.SDK.Tests.csproj]
/workspace/LawMatics.SDK.Tests/Clients/CustomFieldsClientTests.cs(254,90): error CS0117: 'CustomField' does not contain a definition for 'EntityType' [/workspace/LawMatics.SDK.Tests/LawMatics.SDK.Tests.csproj]
/workspace/LawMatics.SDK.Tests/Clients/CustomFieldsClientTests.cs(256,51): error CS0117: 'PaginationInfo' does not contain a definition for 'Page' [/workspace/LawMatics.SDK.Tests/LawMatics.SDK.Tests.csproj]
/workspace/LawMatics.SDK.Tests/Clients/CustomFieldsClientTests.cs(256,61): error CS0117: 'PaginationInfo' does not contain a definition for 'PageSize' [/workspace/LawMatics.SDK.Tests/LawMatics.SDK.Tests.csproj]
/workspace/LawMatics.SDK.Tests/Clients/CustomFieldsClientTests.cs(256,76): error CS0117: 'PaginationInfo' does not contain a definition for 'TotalCount' [/workspace/LawMatics.SDK.Tests/LawMatics.SDK.Tests.csproj]
/workspace/LawMatics.SDK.Tests/Clients/CustomFieldsClientTests.cs(279,77): error CS1061: 'CustomField' does not contain a definition for 'EntityType' and no accessible extension method 'EntityType' accepting a first argument of type 'CustomField' could be found (are you missing a using directive or an assembly reference?) [/workspace/LawMatics.SDK.Tests/LawMatics.SDK.Tests.csproj]
/workspace/LawMatics.SDK.Tests/Clients/FoldersClientTests.cs(245,51): error CS0117: 'PaginationInfo' does not contain a definition for 'Page' [/workspace/LawMatics.SDK.Tests/LawMatics.SDK.Tests.csproj]
/workspace/LawMatics.SDK.Tests/Clients/FoldersClientTests.cs(245,61): error CS0117: 'PaginationInfo' does not contain a definition for 'PageSize' [/workspace/LawMatics.SDK.Tests/LawMatics.SDK.Tests.csproj]
/workspace/LawMatics.SDK.Tests/Clients/FoldersClientTests.cs(245,76): error CS0117: 'PaginationInfo' does not contain a definition for 'TotalCount' [/workspace/LawMatics.SDK.Tests/LawMatics.SDK.Tests.csproj]
/workspace/LawMatics.SDK.Tests/Clients/CustomFieldsClientTests.cs(314,40): error CS1501: No overload for method 'GetCustomFieldValuesAsync' takes 3 arguments [/workspace/LawMatics.SDK.Tests/LawMatics.SDK.Tests.csproj]
/workspace/LawMatics.SDK.Tests/Clients/CustomFieldsClientTests.cs(353,40): error CS1061: 'CustomFieldsClient' does not contain a definition for 'SetCustomFieldValueAsync' and no accessible extension method 'SetCustomFieldValueAsync' accepting a first argument of type 'CustomFieldsClient' could be found (are you missing a using directive or an assembly reference?) [/workspace/LawMatics.SDK.Tests/LawMatics.SDK.Tests.csproj]
/workspace/LawMatics.SDK.Tests/Clients/CustomFieldsClientTests.cs(363,21): error CS1061: 'CustomFieldsClient' does not contain a definition for 'Dispose' and no accessible extension method 'Dispose' accepting a first argument of type 'CustomFieldsClient' could be found (are you missing a using directive or an assembly reference?) [/workspace/LawMatics.SDK.Tests/LawMatics.SDK.Tests.csproj]
/workspace/LawMatics.SDK.Tests/Clients/FoldersClientTests.cs(283,51): error CS0117: 'PaginationInfo' does not contain a definition for 'Page' [/workspace/LawMatics.SDK.Tests/LawMatics.SDK.Tests.csproj]
/workspace/LawMatics.SDK.Tests/Clients/FoldersClientTests.cs(283,61): error CS0117: 'PaginationInfo' does not contain a definition for 'PageSize' [/workspace/LawMatics.SDK.Tests/LawMatics.SDK.Tests.csproj]
/workspace/LawMatics.SDK.Tests/Clients/FoldersClientTests.cs(283,76): error CS0117: 'PaginationInfo' does not contain a definition for 'TotalCount' [/workspace/LawMatics.SDK.Tests/LawMatics.SDK.Tests.csproj]
/workspace/LawMatics.SDK.Tests/Clients/FoldersClientTests.cs(338,35): error CS1061: 'Folder' does not contain a definition for 'Data' and no accessible extension method 'Data' accepting a first argument of type 'Folder' could be found (are you missing a using directive or an assembly reference?) [/workspace/LawMatics.SDK.Tests/LawMatics.SDK.Tests.csproj]
/workspace/LawMatics.SDK.Tests/Clients/FoldersClientTests.cs(339,43): error CS1061: 'Folder' does not contain a definition for 'Data' and no accessible extension method 'Data' accepting a first argument of type 'Folder' could be found (are you missing a using directive or an assembly reference?) [/workspace/LawMatics.SDK.Tests/LawMatics.SDK.Tests.csproj]
/workspace/LawMatics.SDK.Tests/Clients/FoldersClientTests.cs(340,46): error CS1061: 'Folder' does not contain a definition for 'Data' and no accessible extension method 'Data' accepting a first argument of type 'Folder' could be found (are you missing a using directive or an assembly reference?) [/workspace/LawMatics.SDK.Tests/LawMatics.SDK.Tests.csproj]
/workspace/LawMatics.SDK.Tests/Clients/FoldersClientTests.cs(346,21): error CS1061: 'FoldersClient' does not contain a definition for 'Dispose' and no accessible extension method 'Dispose' accepting a first argument of type 'FoldersClient' could be found (are you missing a using directive or an assembly reference?) [/workspace/LawMatics.SDK.Tests/LawMatics.SDK.Tests.csproj]
/workspace/LawMatics.SDK.Tests/Clients/CustomFormsClientTests.cs(49,54): error CS0104: 'CustomForm' is an ambiguous reference between 'LawMatics.SDK.Clients.CustomForm' and 'LawMatics.SDK.Models.CustomForm' [/workspace/LawMatics.SDK.Tests/LawMatics.SDK.Tests.csproj]
/workspace/LawMatics.SDK.Tests/Clients/CustomFormsClientTests.cs(51,33): error CS0104: 'CustomForm' is an ambiguous reference between 'LawMatics.SDK.Clients.CustomForm' and 'LawMatics.SDK.Models.CustomForm' [/workspace/LawMatics.SDK.Tests/LawMatics.SDK.Tests.csproj]
/workspace/LawMatics.SDK.Tests/Clients/CustomFormsClientTests.cs(53,25): error CS0104: 'CustomForm' is an ambiguous reference between 'LawMatics.SDK.Clients.CustomForm' and 'LawMatics.SDK.Models.CustomForm' [/workspace/LawMatics.SDK.Tests/LawMatics.SDK.Tests.csproj]
/workspace/LawMatics.SDK.Tests/Clients/CustomFormsClientTests.cs(54,25): error CS0104: 'CustomForm' is an ambiguous reference between 'LawMatics.SDK.Clients.CustomForm' and 'LawMatics.SDK.Models.CustomForm' [/workspace/LawMatics.SDK.Tests/LawMatics.SDK.Tests.csproj]
/workspace/LawMatics.SDK.Tests/Clients/CustomFormsClientTests.cs(56,51): error CS0117: 'PaginationInfo' does not contain a definition for 'Page' [/workspace/LawMatics.SDK.Tests/LawMatics.SDK.Tests.csproj]
/workspace/LawMatics.SDK.Tests/Clients/CustomFormsClientTests.cs(56,61): error CS0117: 'PaginationInfo' does not contain a definition for 'PageSize' [/workspace/LawMatics.SDK.Tests/LawMatics.SDK.Tests.csproj]
/workspace/LawMatics.SDK.Tests/Clients/CustomFormsClientTests.cs(56,76): error CS0117: 'PaginationInfo' does not contain a definition for 'TotalCount' [/workspace/LawMatics.SDK.Tests/LawMatics.SDK.Tests.csproj]
/workspace/LawMatics.SDK.Tests/Clients/FilesClientTests.cs(57,51): error CS0117: 'PaginationInfo' does not contain a definition for 'Page' [/workspace/LawMatics.SDK.Tests/LawMatics.SDK.Tests.csproj]
/workspace/LawMatics.SDK.Tests/Clients/FilesClientTests.cs(57,61): error CS0117: 'PaginationInfo' does not contain a definition for 'PageSize' [/workspace/LawMatics.SDK.Tests/LawMatics.SDK.Tests.csproj]
/workspace/LawMatics.SDK.Tests/Clients/FilesClientTests.cs(57,76): error CS0117: 'PaginationInfo' does not contain a definition for 'TotalCount' [/workspace/LawMatics.SDK.Tests/LawMatics.SDK.Tests.csproj]
/workspace/LawMatics.SDK.Tests/Clients/FilesClientTests.cs(111,35): error CS1061: 'LawMaticsFile' does not contain a definition for 'Data' and no accessible extension method 'Data' accepting a first argument of type 'LawMaticsFile' could be found (are you missing a using directive or an assembly reference?) [/workspace/LawMatics.SDK.Tests/LawMatics.SDK.Tests.csproj]
/workspace/LawMatics.SDK.Tests/Clients/FilesClientTests.cs(112,36): error CS1061: 'LawMaticsFile' does not contain a definition for 'Data' and no accessible extension method 'Data' accepting a first argument of type 'LawMaticsFile' could be found (are you missing a using directive or an assembly reference?) [/workspace/LawMatics.SDK.Tests/LawMatics.SDK.Tests.csproj]
/workspace/LawMatics.SDK.Tests/Clients/FilesClientTests.cs(113,45): error CS1061: 'LawMaticsFile' does not contain a definition for 'Data' and no accessible extension method 'Data' accepting a first argument of type 'LawMaticsFile' could be found (are you missing a using directive or an assembly reference?) [/workspace/LawMatics.SDK.Tests/LawMatics.SDK.Tests.csproj]
/workspace/LawMatics.SDK.Tests/Clients/FilesClientTests.cs(114,39): error CS1061: 'LawMaticsFile' does not contain a definition for 'Data' and no accessible extension method 'Data' accepting a first argument of type 'LawMaticsFile' could be found (are you missing a using directive or an assembly reference?) [/workspace/LawMatics.SDK.Tests/LawMatics.SDK.Tests.csproj]
/workspace/LawMatics.SDK.Tests/Clients/FilesClientTests.cs(115,40): error CS1061: 'LawMaticsFile' does not contain a definition for 'Data' and no accessible extension method 'Data' accepting a first argument of type 'LawMaticsFile' could be found (are you missing a using directive or an assembly reference?) [/workspace/LawMatics.SDK.Tests/LawMatics.SDK.Tests.csproj]
/workspace/LawMatics.SDK.Tests/Clients/CustomFormsClientTests.cs(87,52): error CS0104: 'CustomForm' is an ambiguous reference between 'LawMatics.SDK.Clients.CustomForm' and 'LawMatics.SDK.Models.CustomForm' [/workspace/LawMatics.SDK.Tests/LawMatics.SDK.Tests.csproj]
/workspace/LawMatics.SDK.Tests/Clients/CustomFormsClientTests.cs(89,28): error CS0104: 'CustomForm' is an ambiguous reference between 'LawMatics.SDK.Clients.CustomForm' and 'LawMatics.SDK.Models.CustomForm' [/workspace/LawMatics.SDK.Tests/LawMatics.SDK.Tests.csproj]
/workspace/LawMatics.SDK.Tests/Clients/CustomFormsClientTests.cs(110,35): error CS1061: 'CustomForm' does not contain a definition for 'Data' and no accessible extension method 'Data' accepting a first argument of type 'CustomForm' could be found (are you missing a using directive or an assembly reference?) [/workspace/LawMatics.SDK.Tests/LawMatics.SDK.Tests.csproj]
/workspace/LawMatics.SDK.Tests/Clients/CustomFormsClientTests.cs(111,36): error CS1061: 'CustomForm' does not contain a definition for 'Data' and no accessible extension method 'Data' accepting a first argument of type 'CustomForm' could be found (are you missing a using directive or an assembly reference?) [/workspace/LawMatics.SDK.Tests/LawMatics.SDK.Tests.csproj]
/workspace/LawMatics.SDK.Tests/Clients/CustomFormsClientTests.cs(112,46): error CS1061: 'CustomForm' does not contain a definition for 'Data' and no accessible extension method 'Data' accepting a first argument of type 'CustomForm' could be found (are you missing a using directive or an assembly reference?) [/workspace/LawMatics.SDK.Tests/LawMatics.SDK.Tests.csproj]
/workspace/LawMatics.SDK.Tests/Clients/CustomFormsClientTests.cs(113,53): error CS1061: 'CustomForm' does not contain a definition for 'Data' and no accessible extension method 'Data' accepting a first argument of type 'CustomForm' could be found (are you missing a using directive or an assembly reference?) [/workspace/LawMatics.SDK.Tests/LawMatics.SDK.Tests.csproj]
/workspace/LawMatics.SDK.Tests/Clients/CustomFormsClientTests.cs(120,31): error CS0104: 'CreateCustomFormRequest' is an ambiguous reference between 'LawMatics.SDK.Clients.CreateCustomFormRequest' and 'LawMatics.SDK.Models.CreateCustomFormRequest' [/workspace/LawMatics.SDK.Tests/LawMatics.SDK.Tests.csproj]
/workspace/LawMatics.SDK.Tests/Clients/CustomFormsClientTests.cs(124,35): error CS0246: The type or namespace name 'CustomFormField' could not be found (are you missing a using directive or an assembly reference?) [/workspace/LawMatics.SDK.Tests/LawMatics.SDK.Tests.csproj]
/workspace/LawMatics.SDK.Tests/Clients/CustomFormsClientTests.cs(126,25): error CS0246: The type or namespace name 'CustomFormField' could not be found (are you missing a using directive or an assembly reference?) [/workspace/LawMatics.SDK.Tests/LawMatics.SDK.Tests.csproj]
/workspace/LawMatics.SDK.Tests/Clients/CustomFormsClientTests.cs(127,25): error CS0246: The type or namespace name 'CustomFormField' could not be found (are you missing a using directive or an assembly reference?) [/workspace/LawMatics.SDK.Tests/LawMatics.SDK.Tests.csproj]
/workspace/LawMatics.SDK.Tests/Clients/CustomFormsClientTests.cs(130,52): error CS0104: 'CustomForm' is an ambiguous reference between 'LawMatics.SDK.Clients.CustomForm' and 'LawMatics.SDK.Models.CustomForm' [/workspace/LawMatics.SDK.Tests/LawMatics.SDK.Tests.csproj]
/workspace/LawMatics.SDK.Tests/Clients/CustomFormsClientTests.cs(132,28): error CS0104: 'CustomForm' is an ambiguous reference between 'LawMatics.SDK.Clients.CustomForm' and 'LawMatics.SDK.Models.CustomForm' [/workspace/LawMatics.SDK.Tests/LawMatics.SDK.Tests.csproj]
/workspace/LawMatics.SDK.Tests/Clients/CustomFormsClientTests.cs(175,52): error CS0104: 'CustomForm' is an ambiguous reference between 'LawMatics.SDK.Clients.CustomForm' and 'LawMatics.SDK.Models.CustomForm' [/workspace/LawMatics.SDK.Tests/LawMatics.SDK.Tests.csproj]
/workspace/LawMatics.SDK.Tests/Clients/CustomFormsClientTests.cs(177,28): error CS0104: 'CustomForm' is an ambiguous reference between 'LawMatics.SDK.Clients.CustomForm' and 'LawMatics.SDK.Models.CustomForm' [/workspace/LawMatics.SDK.Tests/LawMatics.SDK.Tests.csproj]
/workspace/LawMatics.SDK.Tests/Clients/CustomFormsClientTests.cs(203,35): error CS1061: 'CustomForm' does not contain a definition for 'Data' and no accessible extension method 'Data' accepting a first argument of type 'CustomForm' could be found (are you missing a using directive or an assembly reference?) [/workspace/LawMatics.SDK.Tests/LawMatics.SDK.Tests.csproj]
/workspace/LawMatics.SDK.Tests/Clients/CustomFormsClientTests.cs(204,36): error CS1061: 'CustomForm' does not contain a definition for 'Data' and no accessible extension method 'Data' accepting a first argument of type 'CustomForm' could be found (are you missing a using directive or an assembly reference?) [/workspace/LawMatics.SDK.Tests/LawMatics.SDK.Tests.csproj]
/workspace/LawMatics.SDK.Tests/Clients/CustomFormsClientTests.cs(205,47): error CS1061: 'CustomForm' does not contain a definition for 'Data' and no accessible extension method 'Data' accepting a first argument of type 'CustomForm' could be found (are you missing a using directive or an assembly reference?) [/workspace/LawMatics.SDK.Tests/LawMatics.SDK.Tests.csproj]
/workspace/LawMatics.SDK.Tests/Clients/CustomFormsClientTests.cs(206,54): error CS1061: 'CustomForm' does not contain a definition for 'Data' and no accessible extension method 'Data' accepting a first argument of type 'CustomForm' could be found (are you missing a using directive or an assembly reference?) [/workspace/LawMatics.SDK.Tests/LawMatics.SDK.Tests.csproj]
/workspace/LawMatics.SDK.Tests/Clients/FilesClientTests.cs(128,31): error CS0029: Cannot implicitly convert type 'System.IO.MemoryStream' to 'byte[]' [/workspace/LawMatics.SDK.Tests/LawMatics.SDK.Tests.csproj]
/workspace/LawMatics.SDK.Tests/Clients/FilesClientTests.cs(140,21): error CS0117: 'LawMaticsFile' does not contain a definition for 'FolderId' [/workspace/LawMatics.SDK.Tests/LawMatics.SDK.Tests.csproj]
/workspace/LawMatics.SDK.Tests/Clients/FilesClientTests.cs(159,56): error CS1503: Argument 1: cannot convert from 'LawMatics.SDK.Models.UploadDocumentRequest' to 'string' [/workspace/LawMatics.SDK.Tests/LawMatics.SDK.Tests.csproj]
/workspace/LawMatics.SDK.Tests/Clients/FilesClientTests.cs(179,17): error CS0117: 'UpdateFileRequest' does not contain a definition for 'FolderId' [/workspace/LawMatics.SDK.Tests/LawMatics.SDK.Tests.csproj]
/workspace/LawMatics.SDK.Tests/Clients/FilesClientTests.cs(188,21): error CS0117: 'LawMaticsFile' does not contain a definition for 'FolderId' [/workspace/LawMatics.SDK.Tests/LawMatics.SDK.Tests.csproj]
/workspace/LawMatics.SDK.Tests/Clients/FilesClientTests.cs(188,40): error CS1061: 'UpdateFileRequest' does not contain a definition for 'FolderId' and no accessible extension method 'FolderId' accepting a first argument of type 'UpdateFileRequest' could be found (are you missing a using directive or an assembly reference?) [/workspace/LawMatics.SDK.Tests/LawMatics.SDK.Tests.csproj]
/workspace/LawMatics.SDK.Tests/Clients/FilesClientTests.cs(210,35): error CS1061: 'LawMaticsFile' does not contain a definition for 'Data' and no accessible extension method 'Data' accepting a first argument of type 'LawMaticsFile' could be found (are you missing a using directive or an assembly reference?) [/workspace/LawMatics.SDK.Tests/LawMatics.SDK.Tests.csproj]
/workspace/LawMatics.SDK.Tests/Clients/FilesClientTests.cs(211,36): error CS1061: 'LawMaticsFile' does not contain a definition for 'Data' and no accessible extension method 'Data' accepting a first argument of type 'LawMaticsFile' could be found (are you missing a using directive or an assembly reference?) [/workspace/LawMatics.SDK.Tests/LawMatics.SDK.Tests.csproj]
/workspace/LawMatics.SDK.Tests/Clients/FilesClientTests.cs(212,47): error CS1061: 'LawMaticsFile' does not contain a definition for 'Data' and no accessible extension method 'Data' accepting a first argument of type 'LawMaticsFile' could be found (are you missing a using directive or an assembly reference?) [/workspace/LawMatics.SDK.Tests/LawMatics.SDK.Tests.csproj]
/workspace/LawMatics.SDK.Tests/Clients/FilesClientTests.cs(213,54): error CS1061: 'LawMaticsFile' does not contain a definition for 'Data' and no accessible extension method 'Data' accepting a first argument of type 'LawMaticsFile' could be found (are you missing a using directive or an assembly reference?) [/workspace/LawMatics.SDK.Tests/LawMatics.SDK.Tests.csproj]
/workspace/LawMatics.SDK.Tests/Clients/FilesClientTests.cs(214,34): error CS1061: 'UpdateFileRequest' does not contain a definition for 'FolderId' and no accessible extension method 'FolderId' accepting a first argument of type 'UpdateFileRequest' could be found (are you missing a using directive or an assembly reference?) [/workspace/LawMatics.SDK.Tests/LawMatics.SDK.Tests.csproj]
/workspace/LawMatics.SDK.Tests/Clients/FilesClientTests.cs(214,51): error CS1061: 'LawMaticsFile' does not contain a definition for 'Data' and no accessible extension method 'Data' accepting a first argument of type 'LawMaticsFile' could be found (are you missing a using directive or an assembly reference?) [/workspace/LawMatics.SDK.Tests/LawMatics.SDK.Tests.csproj]
/workspace/LawMatics.SDK.Tests/Clients/FilesClientTests.cs(237,17): error CS0815: Cannot assign void to an implicitly-typed variable [/workspace/LawMatics.SDK.Tests/LawMatics.SDK.Tests.csproj]
/workspace/LawMatics.SDK.Tests/Clients/CustomFormsClientTests.cs(245,52): error CS0246: The type or namespace name 'CustomFormSubmission' could not be found (are you missing a using directive or an assembly reference?) [/workspace/LawMatics.SDK.Tests/LawMatics.SDK.Tests.csproj]
/workspace/LawMatics.SDK.Tests/Clients/CustomFormsClientTests.cs(247,28): error CS0246: The type or namespace name 'CustomFormSubmission' could not be found (are you missing a using directive or an assembly reference?) [/workspace/LawMatics.SDK.Tests/LawMatics.SDK.Tests.csproj]
/workspace/LawMatics.SDK.Tests/Clients/CustomFormsClientTests.cs(270,40): error CS1061: 'CustomFormsClient' does not contain a definition for 'SubmitCustomFormAsync' and no accessible extension method 'SubmitCustomFormAsync' accepting a first argument of type 'CustomFormsClient' could be found (are you missing a using directive or an assembly reference?) [/workspace/LawMatics.SDK.Tests/LawMatics.SDK.Tests.csproj]
/workspace/LawMatics.SDK.Tests/Clients/FilesClientTests.cs(279,75): error CS0117: 'LawMaticsFile' does not contain a definition for 'FolderId' [/workspace/LawMatics.SDK.Tests/LawMatics.SDK.Tests.csproj]
/workspace/LawMatics.SDK.Tests/Clients/FilesClientTests.cs(281,51): error CS0117: 'PaginationInfo' does not contain a definition for 'Page' [/workspace/LawMatics.SDK.Tests/LawMatics.SDK.Tests.csproj]
/workspace/LawMatics.SDK.Tests/Clients/FilesClientTests.cs(281,61): error CS0117: 'PaginationInfo' does not contain a definition for 'PageSize' [/workspace/LawMatics.SDK.Tests/LawMatics.SDK.Tests.csproj]
/workspace/LawMatics.SDK.Tests/Clients/FilesClientTests.cs(281,76): error CS0117: 'PaginationInfo' does not contain a definition for 'TotalCount' [/workspace/LawMatics.SDK.Tests/LawMatics.SDK.Tests.csproj]
/workspace/LawMatics.SDK.Tests/Clients/FilesClientTests.cs(305,51): error CS1061: 'LawMaticsFile' does not contain a definition for 'FolderId' and no accessible extension method 'FolderId' accepting a first argument of type 'LawMaticsFile' could be found (are you missing a using directive or an assembly reference?) [/workspace/LawMatics.SDK.Tests/LawMatics.SDK.Tests.csproj]
/workspace/LawMatics.SDK.Tests/Clients/FilesClientTests.cs(311,21): error CS1061: 'FilesClient' does not contain a definition for 'Dispose' and no accessible extension method 'Dispose' accepting a first argument of type 'FilesClient' could be found (are you missing a using directive or an assembly reference?) [/workspace/LawMatics.SDK.Tests/LawMatics.SDK.Tests.csproj]
/workspace/LawMatics.SDK.Tests/Clients/CustomFormsClientTests.cs(285,54): error CS0246: The type or namespace name 'CustomFormSubmission' could not be found (are you missing a using directive or an assembly reference?) [/workspace/LawMatics.SDK.Tests/LawMatics.SDK.Tests.csproj]
/workspace/LawMatics.SDK.Tests/Clients/CustomFormsClientTests.cs(287,33): error CS0246: The type or namespace name 'CustomFormSubmission' could not be found (are you missing a using directive or an assembly reference?) [/workspace/LawMatics.SDK.Tests/LawMatics.SDK.Tests.csproj]
/workspace/LawMatics.SDK.Tests/Clients/CustomFormsClientTests.cs(289,25): error CS0246: The type or namespace name 'CustomFormSubmission' could not be found (are you missing a using directive or an assembly reference?) [/workspace/LawMatics.SDK.Tests/LawMatics.SDK.Tests.csproj]
/workspace/LawMatics.SDK.Tests/Clients/CustomFormsClientTests.cs(290,25): error CS0246: The type or namespace name 'CustomFormSubmission' could not be found (are you missing a using directive or an assembly reference?) [/workspace/LawMatics.SDK.Tests/LawMatics.SDK.Tests.csproj]
/workspace/LawMatics.SDK.Tests/Clients/CustomFormsClientTests.cs(292,51): error CS0117: 'PaginationInfo' does not contain a definition for 'Page' [/workspace/LawMatics.SDK.Tests/LawMatics.SDK.Tests.csproj]
/workspace/LawMatics.SDK.Tests/Clients/CustomFormsClientTests.cs(292,61): error CS0117: 'PaginationInfo' does not contain a definition for 'PageSize' [/workspace/LawMatics.SDK.Tests/LawMatics.SDK.Tests.csproj]
/workspace/LawMatics.SDK.Tests/Clients/CustomFormsClientTests.cs(292,76): error CS0117: 'PaginationInfo' does not contain a definition for 'TotalCount' [/workspace/LawMatics.SDK.Tests/LawMatics.SDK.Tests.csproj]
/workspace/LawMatics.SDK.Tests/Clients/CustomFormsClientTests.cs(309,40): error CS1061: 'CustomFormsClient' does not contain a definition for 'GetFormSubmissionsAsync' and no accessible extension method 'GetFormSubmissionsAsync' accepting a first argument of type 'CustomFormsClient' could be found (are you missing a using directive or an assembly reference?) [/workspace/LawMatics.SDK.Tests/LawMatics.SDK.Tests.csproj]
/workspace/LawMatics.SDK.Tests/Clients/CustomFormsClientTests.cs(324,52): error CS0246: The type or namespace name 'CustomFormSubmission' could not be found (are you missing a using directive or an assembly reference?) [/workspace/LawMatics.SDK.Tests/LawMatics.SDK.Tests.csproj]
/workspace/LawMatics.SDK.Tests/Clients/CustomFormsClientTests.cs(326,28): error CS0246: The type or namespace name 'CustomFormSubmission' could not be found (are you missing a using directive or an assembly reference?) [/workspace/LawMatics.SDK.Tests/LawMatics.SDK.Tests.csproj]
/workspace/LawMatics.SDK.Tests/Clients/CustomFormsClientTests.cs(349,40): error CS1061: 'CustomFormsClient' does not contain a definition for 'GetFormSubmissionAsync' and no accessible extension method 'GetFormSubmissionAsync' accepting a first argument of type 'CustomFormsClient' could be found (are you missing a using directive or an assembly reference?) [/workspace/LawMatics.SDK.Tests/LawMatics.SDK.Tests.csproj]
/workspace/LawMatics.SDK.Tests/Clients/CustomFormsClientTests.cs(361,21): error CS1061: 'CustomFormsClient' does not contain a definition for 'Dispose' and no accessible extension method 'Dispose' accepting a first argument of type 'CustomFormsClient' could be found (are you missing a using directive or an assembly reference?) [/workspace/LawMatics.SDK.Tests/LawMatics.SDK.Tests.csproj]
/workspace/LawMatics.SDK.Tests/Clients/EventsClientTests.cs(53,65): error CS0117: 'Event' does not contain a definition for 'StartDate' [/workspace/LawMatics.SDK.Tests/LawMatics.SDK.Tests.csproj]
/workspace/LawMatics.SDK.Tests/Clients/EventsClientTests.cs(53,94): error CS0117: 'Event' does not contain a definition for 'EndDate' [/workspace/LawMatics.SDK.Tests/LawMatics.SDK.Tests.csproj]
/workspace/LawMatics.SDK.Tests/Clients/EventsClientTests.cs(54,65): error CS0117: 'Event' does not contain a definition for 'StartDate' [/workspace/LawMatics.SDK.Tests/LawMatics.SDK.Tests.csproj]
/workspace/LawMatics.SDK.Tests/Clients/EventsClientTests.cs(54,105): error CS0117: 'Event' does not contain a definition for 'EndDate' [/workspace/LawMatics.SDK.Tests/LawMatics.SDK.Tests.csproj]
/workspace/LawMatics.SDK.Tests/Clients/EventsClientTests.cs(56,51): error CS0117: 'PaginationInfo' does not contain a definition for 'Page' [/workspace/LawMatics.SDK.Tests/LawMatics.SDK.Tests.csproj]
/workspace/LawMatics.SDK.Tests/Clients/EventsClientTests.cs(56,61): error CS0117: 'PaginationInfo' does not contain a definition for 'PageSize' [/workspace/LawMatics.SDK.Tests/LawMatics.SDK.Tests.csproj]
/workspace/LawMatics.SDK.Tests/Clients/EventsClientTests.cs(56,76): error CS0117: 'PaginationInfo' does not contain a definition for 'TotalCount' [/workspace/LawMatics.SDK.Tests/LawMatics.SDK.Tests.csproj]
/workspace/LawMatics.SDK.Tests/Clients/EventsClientTests.cs(90,66): error CS0117: 'Event' does not contain a definition for 'StartDate' [/workspace/LawMatics.SDK.Tests/LawMatics.SDK.Tests.csproj]
/workspace/LawMatics.SDK.Tests/Clients/EventsClientTests.cs(90,89): error CS0117: 'Event' does not contain a definition for 'EndDate' [/workspace/LawMatics.SDK.Tests/LawMatics.SDK.Tests.csproj]
/workspace/LawMatics.SDK.Tests/Clients/EventsClientTests.cs(111,35): error CS1061: 'Event' does not contain a definition for 'Data' and no accessible extension method 'Data' accepting a first argument of type 'Event' could be found (are you missing a using directive or an assembly reference?) [/workspace/LawMatics.SDK.Tests/LawMatics.SDK.Tests.csproj]
/workspace/LawMatics.SDK.Tests/Clients/EventsClientTests.cs(112,36): error CS1061: 'Event' does not contain a definition for 'Data' and no accessible extension method 'Data' accepting a first argument of type 'Event' could be found (are you missing a using directive or an assembly reference?) [/workspace/LawMatics.SDK.Tests/LawMatics.SDK.Tests.csproj]
/workspace/LawMatics.SDK.Tests/Clients/EventsClientTests.cs(113,47): error CS1061: 'Event' does not contain a definition for 'Data' and no accessible extension method 'Data' accepting a first argument of type 'Event' could be found (are you missing a using directive or an assembly reference?) [/workspace/LawMatics.SDK.Tests/LawMatics.SDK.Tests.csproj]
/workspace/LawMatics.SDK.Tests/Clients/EventsClientTests.cs(114,44): error CS1061: 'Event' does not contain a definition for 'Data' and no accessible extension method 'Data' accepting a first argument of type 'Event' could be found (are you missing a using directive or an assembly reference?) [/workspace/LawMatics.SDK.Tests/LawMatics.SDK.Tests.csproj]
/workspace/LawMatics.SDK.Tests/Clients/EventsClientTests.cs(127,17): error CS0117: 'CreateEventRequest' does not contain a definition for 'StartDate' [/workspace/LawMatics.SDK.Tests/LawMatics.SDK.Tests.csproj]
/workspace/LawMatics.SDK.Tests/Clients/EventsClientTests.cs(128,17): error CS0117: 'CreateEventRequest' does not contain a definition for 'EndDate' [/workspace/LawMatics.SDK.Tests/LawMatics.SDK.Tests.csproj]
/workspace/LawMatics.SDK.Tests/Clients/EventsClientTests.cs(139,21): error CS0117: 'Event' does not contain a definition for 'StartDate' [/workspace/LawMatics.SDK.Tests/LawMatics.SDK.Tests.csproj]
/workspace/LawMatics.SDK.Tests/Clients/EventsClientTests.cs(139,41): error CS1061: 'CreateEventRequest' does not contain a definition for 'StartDate' and no accessible extension method 'StartDate' accepting a first argument of type 'CreateEventRequest' could be found (are you missing a using directive or an assembly reference?) [/workspace/LawMatics.SDK.Tests/LawMatics.SDK.Tests.csproj]
/workspace/LawMatics.SDK.Tests/Clients/EventsClientTests.cs(140,21): error CS0117: 'Event' does not contain a definition for 'EndDate' [/workspace/LawMatics.SDK.Tests/LawMatics.SDK.Tests.csproj]
/workspace/LawMatics.SDK.Tests/Clients/EventsClientTests.cs(140,39): error CS1061: 'CreateEventRequest' does not contain a definition for 'EndDate' and no accessible extension method 'EndDate' accepting a first argument of type 'CreateEventRequest' could be found (are you missing a using directive or an assembly reference?) [/workspace/LawMatics.SDK.Tests/LawMatics.SDK.Tests.csproj]
/workspace/LawMatics.SDK.Tests/Clients/EventsClientTests.cs(164,35): error CS1061: 'Event' does not contain a definition for 'Data' and no accessible extension method 'Data' accepting a first argument of type 'Event' could be found (are you missing a using directive or an assembly reference?) [/workspace/LawMatics.SDK.Tests/LawMatics.SDK.Tests.csproj]
/workspace/LawMatics.SDK.Tests/Clients/EventsClientTests.cs(165,36): error CS1061: 'Event' does not contain a definition for 'Data' and no accessible extension method 'Data' accepting a first argument of type 'Event' could be found (are you missing a using directive or an assembly reference?) [/workspace/LawMatics.SDK.Tests/LawMatics.SDK.Tests.csproj]
/workspace/LawMatics.SDK.Tests/Clients/EventsClientTests.cs(166,48): error CS1061: 'Event' does not contain a definition for 'Data' and no accessible extension method 'Data' accepting a first argument of type 'Event' could be found (are you missing a using directive or an assembly reference?) [/workspace/LawMatics.SDK.Tests/LawMatics.SDK.Tests.csproj]
/workspace/LawMatics.SDK.Tests/Clients/EventsClientTests.cs(167,54): error CS1061: 'Event' does not contain a definition for 'Data' and no accessible extension method 'Data' accepting a first argument of type 'Event' could be found (are you missing a using directive or an assembly reference?) [/workspace/LawMatics.SDK.Tests/LawMatics.SDK.Tests.csproj]
/workspace/LawMatics.SDK.Tests/Clients/EventsClientTests.cs(168,34): error CS1061: 'CreateEventRequest' does not contain a definition for 'StartDate' and no accessible extension method 'StartDate' accepting a first argument of type 'CreateEventRequest' could be found (are you missing a using directive or an assembly reference?) [/workspace/LawMatics.SDK.Tests/LawMatics.SDK.Tests.csproj]
/workspace/LawMatics.SDK.Tests/Clients/EventsClientTests.cs(168,52): error CS1061: 'Event' does not contain a definition for 'Data' and no accessible extension method 'Data' accepting a first argument of type 'Event' could be found (are you missing a using directive or an assembly reference?) [/workspace/LawMatics.SDK.Tests/LawMatics.SDK.Tests.csproj]
/workspace/LawMatics.SDK.Tests/Clients/EventsClientTests.cs(169,34): error CS1061: 'CreateEventRequest' does not contain a definition for 'EndDate' and no accessible extension method 'EndDate' accepting a first argument of type 'CreateEventRequest' could be found (are you missing a using directive or an assembly reference?) [/workspace/LawMatics.SDK.Tests/LawMatics.SDK.Tests.csproj]
/workspace/LawMatics.SDK.Tests/Clients/EventsClientTests.cs(169,50): error CS1061: 'Event' does not contain a definition for 'Data' and no accessible extension method 'Data' accepting a first argument of type 'Event' could be found (are you missing a using directive or an assembly reference?) [/workspace/LawMatics.SDK.Tests/LawMatics.SDK.Tests.csproj]
/workspace/LawMatics.SDK.Tests/Clients/EventsClientTests.cs(170,51): error CS1061: 'Event' does not contain a definition for 'Data' and no accessible extension method 'Data' accepting a first argument of type 'Event' could be found (are you missing a using directive or an assembly reference?) [/workspace/LawMatics.SDK.Tests/LawMatics.SDK.Tests.csproj]
/workspace/LawMatics.SDK.Tests/Clients/EventsClientTests.cs(171,47): error CS1061: 'Event' does not contain a definition for 'Data' and no accessible extension method 'Data' accepting a first argument of type 'Event' could be found (are you missing a using directive or an assembly reference?) [/workspace/LawMatics.SDK.Tests/LawMatics.SDK.Tests.csproj]
/workspace/LawMatics.SDK.Tests/Clients/EmailCampaignsClientTests.cs(56,51): error CS0117: 'PaginationInfo' does not contain a definition for 'Page' [/workspace/LawMatics.SDK.Tests/LawMatics.SDK.Tests.csproj]
/workspace/LawMatics.SDK.Tests/Clients/EmailCampaignsClientTests.cs(56,61): error CS0117: 'PaginationInfo' does not contain a definition for 'PageSize' [/workspace/LawMatics.SDK.Tests/LawMatics.SDK.Tests.csproj]
/workspace/LawMatics.SDK.Tests/Clients/EmailCampaignsClientTests.cs(56,76): error CS0117: 'PaginationInfo' does not contain a definition for 'TotalCount' [/workspace/LawMatics.SDK.Tests/LawMatics.SDK.Tests.csproj]
/workspace/LawMatics.SDK.Tests/Clients/EmailCampaignsClientTests.cs(73,40): error CS1061: 'EmailCampaignsClient' does not contain a definition for 'GetEmailCampaignsAsync' and no accessible extension method 'GetEmailCampaignsAsync' accepting a first argument of type 'EmailCampaignsClient' could be found (are you missing a using directive or an assembly reference?) [/workspace/LawMatics.SDK.Tests/LawMatics.SDK.Tests.csproj]
/workspace/LawMatics.SDK.Tests/Clients/EventsClientTests.cs(204,60): error CS1503: Argument 2: cannot convert from 'LawMatics.SDK.Models.UpdateEventRequest' to 'LawMatics.SDK.Models.CreateEventRequest' [/workspace/LawMatics.SDK.Tests/LawMatics.SDK.Tests.csproj]
/workspace/LawMatics.SDK.Tests/Clients/EventsClientTests.cs(235,17): error CS0815: Cannot assign void to an implicitly-typed variable [/workspace/LawMatics.SDK.Tests/LawMatics.SDK.Tests.csproj]
/workspace/LawMatics.SDK.Tests/Clients/EventsClientTests.cs(251,69): error CS0117: 'Event' does not contain a definition for 'StartDate' [/workspace/LawMatics.SDK.Tests/LawMatics.SDK.Tests.csproj]
/workspace/LawMatics.SDK.Tests/Clients/EventsClientTests.cs(253,51): error CS0117: 'PaginationInfo' does not contain a definition for 'Page' [/workspace/LawMatics.SDK.Tests/LawMatics.SDK.Tests.csproj]
/workspace/LawMatics.SDK.Tests/Clients/EventsClientTests.cs(253,61): error CS0117: 'PaginationInfo' does not contain a definition for 'PageSize' [/workspace/LawMatics.SDK.Tests/LawMatics.SDK.Tests.csproj]
/workspace/LawMatics.SDK.Tests/Clients/EventsClientTests.cs(253,76): error CS0117: 'PaginationInfo' does not contain a definition for 'TotalCount' [/workspace/LawMatics.SDK.Tests/LawMatics.SDK.Tests.csproj]
/workspace/LawMatics.SDK.Tests/Clients/EventsClientTests.cs(290,51): error CS0117: 'PaginationInfo' does not contain a definition for 'Page' [/workspace/LawMatics.SDK.Tests/LawMatics.SDK.Tests.csproj]
/workspace/LawMatics.SDK.Tests/Clients/EventsClientTests.cs(290,61): error CS0117: 'PaginationInfo' does not contain a definition for 'PageSize' [/workspace/LawMatics.SDK.Tests/LawMatics.SDK.Tests.csproj]
/workspace/LawMatics.SDK.Tests/Clients/EventsClientTests.cs(290,76): error CS0117: 'PaginationInfo' does not contain a definition for 'TotalCount' [/workspace/LawMatics.SDK.Tests/LawMatics.SDK.Tests.csproj]
/workspace/LawMatics.SDK.Tests/Clients/EventsClientTests.cs(307,61): error CS1503: Argument 1: cannot convert from 'string' to 'int' [/workspace/LawMatics.SDK.Tests/LawMatics.SDK.Tests.csproj]
/workspace/LawMatics.SDK.Tests/Clients/EventsClientTests.cs(320,21): error CS1061: 'EventsClient' does not contain a definition for 'Dispose' and no accessible extension method 'Dispose' accepting a first argument of type 'EventsClient' could be found (are you missing a using directive or an assembly reference?) [/workspace/LawMatics.SDK.Tests/LawMatics.SDK.Tests.csproj]
/workspace/LawMatics.SDK.Tests/Clients/EmailCampaignsClientTests.cs(106,40): error CS1061: 'EmailCampaignsClient' does not contain a definition for 'GetEmailCampaignAsync' and no accessible extension method 'GetEmailCampaignAsync' accepting a first argument of type 'EmailCampaignsClient' could be found (are you missing a using directive or an assembly reference?) [/workspace/LawMatics.SDK.Tests/LawMatics.SDK.Tests.csproj]
/workspace/LawMatics.SDK.Tests/Clients/EmailCampaignsClientTests.cs(159,40): error CS1061: 'EmailCampaignsClient' does not contain a definition for 'CreateEmailCampaignAsync' and no accessible extension method 'CreateEmailCampaignAsync' accepting a first argument of type 'EmailCampaignsClient' could be found (are you missing a using directive or an assembly reference?) [/workspace/LawMatics.SDK.Tests/LawMatics.SDK.Tests.csproj]
/workspace/LawMatics.SDK.Tests/Clients/EmailCampaignsClientTests.cs(209,40): error CS1061: 'EmailCampaignsClient' does not contain a definition for 'UpdateEmailCampaignAsync' and no accessible extension method 'UpdateEmailCampaignAsync' accepting a first argument of type 'EmailCampaignsClient' could be found (are you missing a using directive or an assembly reference?) [/workspace/LawMatics.SDK.Tests/LawMatics.SDK.Tests.csproj]
/workspace/LawMatics.SDK.Tests/Clients/EmailCampaignsClientTests.cs(240,40): error CS1061: 'EmailCampaignsClient' does not contain a definition for 'DeleteEmailCampaignAsync' and no accessible extension method 'DeleteEmailCampaignAsync' accepting a first argument of type 'EmailCampaignsClient' could be found (are you missing a using directive or an assembly reference?) [/workspace/LawMatics.SDK.Tests/LawMatics.SDK.Tests.csproj]
/workspace/LawMatics.SDK.Tests/Clients/EmailCampaignsClientTests.cs(255,21): error CS0117: 'EmailCampaignStats' does not contain a definition for 'CampaignId' [/workspace/LawMatics.SDK.Tests/LawMatics.SDK.Tests.csproj]
/workspace/LawMatics.SDK.Tests/Clients/EmailCampaignsClientTests.cs(256,21): error CS0117: 'EmailCampaignStats' does not contain a definition for 'Status' [/workspace/LawMatics.SDK.Tests/LawMatics.SDK.Tests.csproj]
/workspace/LawMatics.SDK.Tests/Clients/EmailCampaignsClientTests.cs(257,21): error CS0117: 'EmailCampaignStats' does not contain a definition for 'SentCount' [/workspace/LawMatics.SDK.Tests/LawMatics.SDK.Tests.csproj]
/workspace/LawMatics.SDK.Tests/Clients/EmailCampaignsClientTests.cs(258,21): error CS0117: 'EmailCampaignStats' does not contain a definition for 'DeliveredCount' [/workspace/LawMatics.SDK.Tests/LawMatics.SDK.Tests.csproj]
/workspace/LawMatics.SDK.Tests/Clients/EmailCampaignsClientTests.cs(259,21): error CS0117: 'EmailCampaignStats' does not contain a definition for 'OpenedCount' [/workspace/LawMatics.SDK.Tests/LawMatics.SDK.Tests.csproj]
/workspace/LawMatics.SDK.Tests/Clients/EmailCampaignsClientTests.cs(260,21): error CS0117: 'EmailCampaignStats' does not contain a definition for 'ClickedCount' [/workspace/LawMatics.SDK.Tests/LawMatics.SDK.Tests.csproj]
/workspace/LawMatics.SDK.Tests/Clients/EmailCampaignsClientTests.cs(278,40): error CS1061: 'EmailCampaignsClient' does not contain a definition for 'SendEmailCampaignAsync' and no accessible extension method 'SendEmailCampaignAsync' accepting a first argument of type 'EmailCampaignsClient' could be found (are you missing a using directive or an assembly reference?) [/workspace/LawMatics.SDK.Tests/LawMatics.SDK.Tests.csproj]
/workspace/LawMatics.SDK.Tests/Clients/EmailCampaignsClientTests.cs(297,21): error CS0117: 'EmailCampaignStats' does not contain a definition for 'CampaignId' [/workspace/LawMatics.SDK.Tests/LawMatics.SDK.Tests.csproj]
/workspace/LawMatics.SDK.Tests/Clients/EmailCampaignsClientTests.cs(298,21): error CS0117: 'EmailCampaignStats' does not contain a definition for 'Status' [/workspace/LawMatics.SDK.Tests/LawMatics.SDK.Tests.csproj]
/workspace/LawMatics.SDK.Tests/Clients/EmailCampaignsClientTests.cs(299,21): error CS0117: 'EmailCampaignStats' does not contain a definition for 'SentCount' [/workspace/LawMatics.SDK.Tests/LawMatics.SDK.Tests.csproj]
/workspace/LawMatics.SDK.Tests/Clients/EmailCampaignsClientTests.cs(300,21): error CS0117: 'EmailCampaignStats' does not contain a definition for 'DeliveredCount' [/workspace/LawMatics.SDK.Tests/LawMatics.SDK.Tests.csproj]
/workspace/LawMatics.SDK.Tests/Clients/EmailCampaignsClientTests.cs(301,21): error CS0117: 'EmailCampaignStats' does not contain a definition for 'OpenedCount' [/workspace/LawMatics.SDK.Tests/LawMatics.SDK.Tests.csproj]
/workspace/LawMatics.SDK.Tests/Clients/EmailCampaignsClientTests.cs(302,21): error CS0117: 'EmailCampaignStats' does not contain a definition for 'ClickedCount' [/workspace/LawMatics.SDK.Tests/LawMatics.SDK.Tests.csproj]
/workspace/LawMatics.SDK.Tests/Clients/EmailCampaignsClientTests.cs(303,21): error CS0117: 'EmailCampaignStats' does not contain a definition for 'BouncedCount' [/workspace/LawMatics.SDK.Tests/LawMatics.SDK.Tests.csproj]
/workspace/LawMatics.SDK.Tests/Clients/EmailCampaignsClientTests.cs(304,21): error CS0117: 'EmailCampaignStats' does not contain a definition for 'UnsubscribedCount' [/workspace/LawMatics.SDK.Tests/LawMatics.SDK.Tests.csproj]
/workspace/LawMatics.SDK.Tests/Clients/EmailCampaignsClientTests.cs(326,35): error CS1061: 'EmailCampaignStats' does not contain a definition for 'Data' and no accessible extension method 'Data' accepting a first argument of type 'EmailCampaignStats' could be found (are you missing a using directive or an assembly reference?) [/workspace/LawMatics.SDK.Tests/LawMatics.SDK.Tests.csproj]
/workspace/LawMatics.SDK.Tests/Clients/EmailCampaignsClientTests.cs(327,45): error CS1061: 'EmailCampaignStats' does not contain a definition for 'Data' and no accessible extension method 'Data' accepting a first argument of type 'EmailCampaignStats' could be found (are you missing a using directive or an assembly reference?) [/workspace/LawMatics.SDK.Tests/LawMatics.SDK.Tests.csproj]
/workspace/LawMatics.SDK.Tests/Clients/EmailCampaignsClientTests.cs(328,38): error CS1061: 'EmailCampaignStats' does not contain a definition for 'Data' and no accessible extension method 'Data' accepting a first argument of type 'EmailCampaignStats' could be found (are you missing a using directive or an assembly reference?) [/workspace/LawMatics.SDK.Tests/LawMatics.SDK.Tests.csproj]
/workspace/LawMatics.SDK.Tests/Clients/EmailCampaignsClientTests.cs(329,37): error CS1061: 'EmailCampaignStats' does not contain a definition for 'Data' and no accessible extension method 'Data' accepting a first argument of type 'EmailCampaignStats' could be found (are you missing a using directive or an assembly reference?) [/workspace/LawMatics.SDK.Tests/LawMatics.SDK.Tests.csproj]
/workspace/LawMatics.SDK.Tests/Clients/EmailCampaignsClientTests.cs(330,37): error CS1061: 'EmailCampaignStats' does not contain a definition for 'Data' and no accessible extension method 'Data' accepting a first argument of type 'EmailCampaignStats' could be found (are you missing a using directive or an assembly reference?) [/workspace/LawMatics.SDK.Tests/LawMatics.SDK.Tests.csproj]
/workspace/LawMatics.SDK.Tests/Clients/EmailCampaignsClientTests.cs(331,37): error CS1061: 'EmailCampaignStats' does not contain a definition for 'Data' and no accessible extension method 'Data' accepting a first argument of type 'EmailCampaignStats' could be found (are you missing a using directive or an assembly reference?) [/workspace/LawMatics.SDK.Tests/LawMatics.SDK.Tests.csproj]
/workspace/LawMatics.SDK.Tests/Clients/EmailCampaignsClientTests.cs(332,36): error CS1061: 'EmailCampaignStats' does not contain a definition for 'Data' and no accessible extension method 'Data' accepting a first argument of type 'EmailCampaignStats' could be found (are you missing a using directive or an assembly reference?) [/workspace/LawMatics.SDK.Tests/LawMatics.SDK.Tests.csproj]
/workspace/LawMatics.SDK.Tests/Clients/EmailCampaignsClientTests.cs(333,36): error CS1061: 'EmailCampaignStats' does not contain a definition for 'Data' and no accessible extension method 'Data' accepting a first argument of type 'EmailCampaignStats' could be found (are you missing a using directive or an assembly reference?) [/workspace/LawMatics.SDK.Tests/LawMatics.SDK.Tests.csproj]
/workspace/LawMatics.SDK.Tests/Clients/EmailCampaignsClientTests.cs(339,21): error CS1061: 'EmailCampaignsClient' does not contain a definition for 'Dispose' and no accessible extension method 'Dispose' accepting a first argument of type 'EmailCampaignsClient' could be found (are you missing a using directive or an assembly reference?) [/workspace/LawMatics.SDK.Tests/LawMatics.SDK.Tests.csproj]
    97 Warning(s)
    343 Error(s)

Time Elapsed 00:00:03.26
