[xUnit.net 00:00:00.29]     LawMatics.SDK.Tests.TimeEntriesClientTests.UpdateTimeEntryAsync_WithValidIdAndRequest_ReturnsUpdatedTimeEntry [FAIL]
[xUnit.net 00:00:00.29]       Assert.NotNull() Failure: Value is null
[xUnit.net 00:00:00.29]       Stack Trace:
[xUnit.net 00:00:00.29]         /workspace/LawMatics.SDK.Tests/TimeEntriesClientTests.cs(271,0): at LawMatics.SDK.Tests.TimeEntriesClientTests.UpdateTimeEntryAsync_WithValidIdAndRequest_ReturnsUpdatedTimeEntry()
[xUnit.net 00:00:00.29]         --- End of stack trace from previous location ---
[xUnit.net 00:00:00.30]   Finished:    LawMatics.SDK.Tests
--
  Error Message:
   Assert.NotNull() Failure: Value is null
  Stack Trace:
     at LawMatics.SDK.Tests.TimeEntriesClientTests.UpdateTimeEntryAsync_WithValidIdAndRequest_ReturnsUpdatedTimeEntry() in /workspace/LawMatics.SDK.Tests/TimeEntriesClientTests.cs:line 271
--- End of stack trace from previous location ---

--
     1>Done Building Project "/workspace/LawMatics.SDK.Tests/LawMatics.SDK.Tests.csproj" (VSTest target(s)) -- FAILED.

Build FAILED.
    0 Warning(s)
    0 Error(s)

Time Elapsed 00:00:01.84
