  Determining projects to restore...
  All projects are up-to-date for restore.
  LawMatics.SDK -> /workspace/LawMatics.SDK/bin/Debug/net9.0/LawMatics.SDK.dll
/workspace/LawMatics.SDK.Tests/Clients/AddressesClientTests.cs(14,26): error CS0246: The type or namespace name 'Mock<>' could not be found (are you missing a using directive or an assembly reference?) [/workspace/LawMatics.SDK.Tests/LawMatics.SDK.Tests.csproj]
/workspace/LawMatics.SDK.Tests/Clients/CompanyFinderClientTests.cs(14,26): error CS0246: The type or namespace name 'Mock<>' could not be found (are you missing a using directive or an assembly reference?) [/workspace/LawMatics.SDK.Tests/LawMatics.SDK.Tests.csproj]
/workspace/LawMatics.SDK.Tests/Clients/CustomEmailsClientTests.cs(14,26): error CS0246: The type or namespace name 'Mock<>' could not be found (are you missing a using directive or an assembly reference?) [/workspace/LawMatics.SDK.Tests/LawMatics.SDK.Tests.csproj]
/workspace/LawMatics.SDK.Tests/Clients/ExpensesClientTests.cs(14,26): error CS0246: The type or namespace name 'Mock<>' could not be found (are you missing a using directive or an assembly reference?) [/workspace/LawMatics.SDK.Tests/LawMatics.SDK.Tests.csproj]
/workspace/LawMatics.SDK.Tests/Clients/TasksClientTests.cs(14,26): error CS0246: The type or namespace name 'Mock<>' could not be found (are you missing a using directive or an assembly reference?) [/workspace/LawMatics.SDK.Tests/LawMatics.SDK.Tests.csproj]
/workspace/LawMatics.SDK.Tests/Clients/TimeEntriesClientTests.cs(14,26): error CS0246: The type or namespace name 'Mock<>' could not be found (are you missing a using directive or an assembly reference?) [/workspace/LawMatics.SDK.Tests/LawMatics.SDK.Tests.csproj]

Build FAILED.

/workspace/LawMatics.SDK.Tests/Clients/AddressesClientTests.cs(14,26): error CS0246: The type or namespace name 'Mock<>' could not be found (are you missing a using directive or an assembly reference?) [/workspace/LawMatics.SDK.Tests/LawMatics.SDK.Tests.csproj]
/workspace/LawMatics.SDK.Tests/Clients/CompanyFinderClientTests.cs(14,26): error CS0246: The type or namespace name 'Mock<>' could not be found (are you missing a using directive or an assembly reference?) [/workspace/LawMatics.SDK.Tests/LawMatics.SDK.Tests.csproj]
/workspace/LawMatics.SDK.Tests/Clients/CustomEmailsClientTests.cs(14,26): error CS0246: The type or namespace name 'Mock<>' could not be found (are you missing a using directive or an assembly reference?) [/workspace/LawMatics.SDK.Tests/LawMatics.SDK.Tests.csproj]
/workspace/LawMatics.SDK.Tests/Clients/ExpensesClientTests.cs(14,26): error CS0246: The type or namespace name 'Mock<>' could not be found (are you missing a using directive or an assembly reference?) [/workspace/LawMatics.SDK.Tests/LawMatics.SDK.Tests.csproj]
/workspace/LawMatics.SDK.Tests/Clients/TasksClientTests.cs(14,26): error CS0246: The type or namespace name 'Mock<>' could not be found (are you missing a using directive or an assembly reference?) [/workspace/LawMatics.SDK.Tests/LawMatics.SDK.Tests.csproj]
/workspace/LawMatics.SDK.Tests/Clients/TimeEntriesClientTests.cs(14,26): error CS0246: The type or namespace name 'Mock<>' could not be found (are you missing a using directive or an assembly reference?) [/workspace/LawMatics.SDK.Tests/LawMatics.SDK.Tests.csproj]
    0 Warning(s)
    6 Error(s)

Time Elapsed 00:00:01.74
