  Determining projects to restore...
  All projects are up-to-date for restore.
  LawMatics.SDK -> /workspace/LawMatics.SDK/bin/Debug/net9.0/LawMatics.SDK.dll
/workspace/LawMatics.SDK.Tests/LawMaticsClientTests.cs(50,60): error CS0121: The call is ambiguous between the following methods or properties: 'LawMaticsClient.LawMaticsClient(LawMaticsCredentials, LawMaticsClientOptions?, ILogger?)' and 'LawMaticsClient.LawMaticsClient(string, LawMaticsClientOptions?, ILogger?)' [/workspace/LawMatics.SDK.Tests/LawMatics.SDK.Tests.csproj]
/workspace/LawMatics.SDK.Tests/LawMaticsClientTests.cs(128,63): error CS1061: 'LawMaticsClient' does not contain a definition for 'UpdateCredentials' and no accessible extension method 'UpdateCredentials' accepting a first argument of type 'LawMaticsClient' could be found (are you missing a using directive or an assembly reference?) [/workspace/LawMatics.SDK.Tests/LawMatics.SDK.Tests.csproj]
/workspace/LawMatics.SDK.Tests/LawMaticsClientTests.cs(139,20): error CS1061: 'LawMaticsClient' does not contain a definition for 'UpdateCredentials' and no accessible extension method 'UpdateCredentials' accepting a first argument of type 'LawMaticsClient' could be found (are you missing a using directive or an assembly reference?) [/workspace/LawMatics.SDK.Tests/LawMatics.SDK.Tests.csproj]
/workspace/LawMatics.SDK.Tests/LawMaticsClientTests.cs(142,53): error CS1061: 'LawMaticsClient' does not contain a definition for 'Credentials' and no accessible extension method 'Credentials' accepting a first argument of type 'LawMaticsClient' could be found (are you missing a using directive or an assembly reference?) [/workspace/LawMatics.SDK.Tests/LawMatics.SDK.Tests.csproj]
/workspace/LawMatics.SDK.Tests/LawMaticsClientTests.cs(169,39): error CS1061: 'LawMaticsClient' does not contain a definition for 'GetAsync' and no accessible extension method 'GetAsync' accepting a first argument of type 'LawMaticsClient' could be found (are you missing a using directive or an assembly reference?) [/workspace/LawMatics.SDK.Tests/LawMatics.SDK.Tests.csproj]
/workspace/LawMatics.SDK.Tests/LawMaticsClientTests.cs(201,39): error CS1061: 'LawMaticsClient' does not contain a definition for 'PostAsync' and no accessible extension method 'PostAsync' accepting a first argument of type 'LawMaticsClient' could be found (are you missing a using directive or an assembly reference?) [/workspace/LawMatics.SDK.Tests/LawMatics.SDK.Tests.csproj]
/workspace/LawMatics.SDK.Tests/LawMaticsClientTests.cs(232,39): error CS1061: 'LawMaticsClient' does not contain a definition for 'PutAsync' and no accessible extension method 'PutAsync' accepting a first argument of type 'LawMaticsClient' could be found (are you missing a using directive or an assembly reference?) [/workspace/LawMatics.SDK.Tests/LawMatics.SDK.Tests.csproj]
/workspace/LawMatics.SDK.Tests/LawMaticsClientTests.cs(262,39): error CS1061: 'LawMaticsClient' does not contain a definition for 'DeleteAsync' and no accessible extension method 'DeleteAsync' accepting a first argument of type 'LawMaticsClient' could be found (are you missing a using directive or an assembly reference?) [/workspace/LawMatics.SDK.Tests/LawMatics.SDK.Tests.csproj]

Build FAILED.

/workspace/LawMatics.SDK.Tests/LawMaticsClientTests.cs(50,60): error CS0121: The call is ambiguous between the following methods or properties: 'LawMaticsClient.LawMaticsClient(LawMaticsCredentials, LawMaticsClientOptions?, ILogger?)' and 'LawMaticsClient.LawMaticsClient(string, LawMaticsClientOptions?, ILogger?)' [/workspace/LawMatics.SDK.Tests/LawMatics.SDK.Tests.csproj]
/workspace/LawMatics.SDK.Tests/LawMaticsClientTests.cs(128,63): error CS1061: 'LawMaticsClient' does not contain a definition for 'UpdateCredentials' and no accessible extension method 'UpdateCredentials' accepting a first argument of type 'LawMaticsClient' could be found (are you missing a using directive or an assembly reference?) [/workspace/LawMatics.SDK.Tests/LawMatics.SDK.Tests.csproj]
/workspace/LawMatics.SDK.Tests/LawMaticsClientTests.cs(139,20): error CS1061: 'LawMaticsClient' does not contain a definition for 'UpdateCredentials' and no accessible extension method 'UpdateCredentials' accepting a first argument of type 'LawMaticsClient' could be found (are you missing a using directive or an assembly reference?) [/workspace/LawMatics.SDK.Tests/LawMatics.SDK.Tests.csproj]
/workspace/LawMatics.SDK.Tests/LawMaticsClientTests.cs(142,53): error CS1061: 'LawMaticsClient' does not contain a definition for 'Credentials' and no accessible extension method 'Credentials' accepting a first argument of type 'LawMaticsClient' could be found (are you missing a using directive or an assembly reference?) [/workspace/LawMatics.SDK.Tests/LawMatics.SDK.Tests.csproj]
/workspace/LawMatics.SDK.Tests/LawMaticsClientTests.cs(169,39): error CS1061: 'LawMaticsClient' does not contain a definition for 'GetAsync' and no accessible extension method 'GetAsync' accepting a first argument of type 'LawMaticsClient' could be found (are you missing a using directive or an assembly reference?) [/workspace/LawMatics.SDK.Tests/LawMatics.SDK.Tests.csproj]
/workspace/LawMatics.SDK.Tests/LawMaticsClientTests.cs(201,39): error CS1061: 'LawMaticsClient' does not contain a definition for 'PostAsync' and no accessible extension method 'PostAsync' accepting a first argument of type 'LawMaticsClient' could be found (are you missing a using directive or an assembly reference?) [/workspace/LawMatics.SDK.Tests/LawMatics.SDK.Tests.csproj]
/workspace/LawMatics.SDK.Tests/LawMaticsClientTests.cs(232,39): error CS1061: 'LawMaticsClient' does not contain a definition for 'PutAsync' and no accessible extension method 'PutAsync' accepting a first argument of type 'LawMaticsClient' could be found (are you missing a using directive or an assembly reference?) [/workspace/LawMatics.SDK.Tests/LawMatics.SDK.Tests.csproj]
/workspace/LawMatics.SDK.Tests/LawMaticsClientTests.cs(262,39): error CS1061: 'LawMaticsClient' does not contain a definition for 'DeleteAsync' and no accessible extension method 'DeleteAsync' accepting a first argument of type 'LawMaticsClient' could be found (are you missing a using directive or an assembly reference?) [/workspace/LawMatics.SDK.Tests/LawMatics.SDK.Tests.csproj]
    0 Warning(s)
    8 Error(s)

Time Elapsed 00:00:01.91
