  Determining projects to restore...
  All projects are up-to-date for restore.
  LawMatics.SDK -> /workspace/LawMatics.SDK/bin/Debug/net8.0/LawMatics.SDK.dll
/workspace/LawMatics.SDK.Tests/AddressesClientTests.cs(80,14): error CS1003: Syntax error, ',' expected [/workspace/LawMatics.SDK.Tests/LawMatics.SDK.Tests.csproj]
/workspace/LawMatics.SDK.Tests/AddressesClientTests.cs(82,17): error CS1003: Syntax error, ',' expected [/workspace/LawMatics.SDK.Tests/LawMatics.SDK.Tests.csproj]
/workspace/LawMatics.SDK.Tests/AddressesClientTests.cs(82,88): error CS1003: Syntax error, ',' expected [/workspace/LawMatics.SDK.Tests/LawMatics.SDK.Tests.csproj]
/workspace/LawMatics.SDK.Tests/AddressesClientTests.cs(83,17): error CS1003: Syntax error, ',' expected [/workspace/LawMatics.SDK.Tests/LawMatics.SDK.Tests.csproj]
/workspace/LawMatics.SDK.Tests/AddressesClientTests.cs(86,14): error CS1003: Syntax error, ',' expected [/workspace/LawMatics.SDK.Tests/LawMatics.SDK.Tests.csproj]
/workspace/LawMatics.SDK.Tests/AddressesClientTests.cs(97,40): error CS1003: Syntax error, ',' expected [/workspace/LawMatics.SDK.Tests/LawMatics.SDK.Tests.csproj]
/workspace/LawMatics.SDK.Tests/AddressesClientTests.cs(100,17): error CS1003: Syntax error, ',' expected [/workspace/LawMatics.SDK.Tests/LawMatics.SDK.Tests.csproj]
/workspace/LawMatics.SDK.Tests/AddressesClientTests.cs(100,58): error CS1003: Syntax error, ',' expected [/workspace/LawMatics.SDK.Tests/LawMatics.SDK.Tests.csproj]
/workspace/LawMatics.SDK.Tests/AddressesClientTests.cs(103,35): error CS1003: Syntax error, ',' expected [/workspace/LawMatics.SDK.Tests/LawMatics.SDK.Tests.csproj]
/workspace/LawMatics.SDK.Tests/AddressesClientTests.cs(104,40): error CS1003: Syntax error, ',' expected [/workspace/LawMatics.SDK.Tests/LawMatics.SDK.Tests.csproj]
/workspace/LawMatics.SDK.Tests/AddressesClientTests.cs(105,39): error CS1003: Syntax error, ',' expected [/workspace/LawMatics.SDK.Tests/LawMatics.SDK.Tests.csproj]
/workspace/LawMatics.SDK.Tests/AddressesClientTests.cs(106,64): error CS1003: Syntax error, ',' expected [/workspace/LawMatics.SDK.Tests/LawMatics.SDK.Tests.csproj]
/workspace/LawMatics.SDK.Tests/AddressesClientTests.cs(107,61): error CS1003: Syntax error, ',' expected [/workspace/LawMatics.SDK.Tests/LawMatics.SDK.Tests.csproj]
/workspace/LawMatics.SDK.Tests/AddressesClientTests.cs(110,15): error CS1002: ; expected [/workspace/LawMatics.SDK.Tests/LawMatics.SDK.Tests.csproj]
/workspace/LawMatics.SDK.Tests/AddressesClientTests.cs(111,9): error CS0106: The modifier 'public' is not valid for this item [/workspace/LawMatics.SDK.Tests/LawMatics.SDK.Tests.csproj]
/workspace/LawMatics.SDK.Tests/AddressesClientTests.cs(124,17): error CS1003: Syntax error, ',' expected [/workspace/LawMatics.SDK.Tests/LawMatics.SDK.Tests.csproj]
/workspace/LawMatics.SDK.Tests/AddressesClientTests.cs(124,88): error CS1003: Syntax error, ',' expected [/workspace/LawMatics.SDK.Tests/LawMatics.SDK.Tests.csproj]
/workspace/LawMatics.SDK.Tests/AddressesClientTests.cs(125,17): error CS1003: Syntax error, ',' expected [/workspace/LawMatics.SDK.Tests/LawMatics.SDK.Tests.csproj]
/workspace/LawMatics.SDK.Tests/AddressesClientTests.cs(128,14): error CS1003: Syntax error, ',' expected [/workspace/LawMatics.SDK.Tests/LawMatics.SDK.Tests.csproj]
/workspace/LawMatics.SDK.Tests/AddressesClientTests.cs(139,40): error CS1003: Syntax error, ',' expected [/workspace/LawMatics.SDK.Tests/LawMatics.SDK.Tests.csproj]
/workspace/LawMatics.SDK.Tests/AddressesClientTests.cs(142,17): error CS1003: Syntax error, ',' expected [/workspace/LawMatics.SDK.Tests/LawMatics.SDK.Tests.csproj]
/workspace/LawMatics.SDK.Tests/AddressesClientTests.cs(142,57): error CS1003: Syntax error, ',' expected [/workspace/LawMatics.SDK.Tests/LawMatics.SDK.Tests.csproj]
/workspace/LawMatics.SDK.Tests/AddressesClientTests.cs(145,35): error CS1003: Syntax error, ',' expected [/workspace/LawMatics.SDK.Tests/LawMatics.SDK.Tests.csproj]
/workspace/LawMatics.SDK.Tests/AddressesClientTests.cs(146,56): error CS1003: Syntax error, ',' expected [/workspace/LawMatics.SDK.Tests/LawMatics.SDK.Tests.csproj]
/workspace/LawMatics.SDK.Tests/AddressesClientTests.cs(147,53): error CS1003: Syntax error, ',' expected [/workspace/LawMatics.SDK.Tests/LawMatics.SDK.Tests.csproj]
/workspace/LawMatics.SDK.Tests/AddressesClientTests.cs(150,15): error CS1002: ; expected [/workspace/LawMatics.SDK.Tests/LawMatics.SDK.Tests.csproj]
/workspace/LawMatics.SDK.Tests/AddressesClientTests.cs(151,9): error CS0106: The modifier 'public' is not valid for this item [/workspace/LawMatics.SDK.Tests/LawMatics.SDK.Tests.csproj]
/workspace/LawMatics.SDK.Tests/AddressesClientTests.cs(173,17): error CS1003: Syntax error, ',' expected [/workspace/LawMatics.SDK.Tests/LawMatics.SDK.Tests.csproj]
/workspace/LawMatics.SDK.Tests/AddressesClientTests.cs(173,88): error CS1003: Syntax error, ',' expected [/workspace/LawMatics.SDK.Tests/LawMatics.SDK.Tests.csproj]
/workspace/LawMatics.SDK.Tests/AddressesClientTests.cs(174,17): error CS1003: Syntax error, ',' expected [/workspace/LawMatics.SDK.Tests/LawMatics.SDK.Tests.csproj]
/workspace/LawMatics.SDK.Tests/AddressesClientTests.cs(177,14): error CS1003: Syntax error, ',' expected [/workspace/LawMatics.SDK.Tests/LawMatics.SDK.Tests.csproj]
/workspace/LawMatics.SDK.Tests/AddressesClientTests.cs(188,40): error CS1003: Syntax error, ',' expected [/workspace/LawMatics.SDK.Tests/LawMatics.SDK.Tests.csproj]
/workspace/LawMatics.SDK.Tests/AddressesClientTests.cs(191,17): error CS1003: Syntax error, ',' expected [/workspace/LawMatics.SDK.Tests/LawMatics.SDK.Tests.csproj]
/workspace/LawMatics.SDK.Tests/AddressesClientTests.cs(191,66): error CS1003: Syntax error, ',' expected [/workspace/LawMatics.SDK.Tests/LawMatics.SDK.Tests.csproj]
/workspace/LawMatics.SDK.Tests/AddressesClientTests.cs(194,35): error CS1003: Syntax error, ',' expected [/workspace/LawMatics.SDK.Tests/LawMatics.SDK.Tests.csproj]
/workspace/LawMatics.SDK.Tests/AddressesClientTests.cs(195,58): error CS1003: Syntax error, ',' expected [/workspace/LawMatics.SDK.Tests/LawMatics.SDK.Tests.csproj]
/workspace/LawMatics.SDK.Tests/AddressesClientTests.cs(196,52): error CS1003: Syntax error, ',' expected [/workspace/LawMatics.SDK.Tests/LawMatics.SDK.Tests.csproj]
/workspace/LawMatics.SDK.Tests/AddressesClientTests.cs(199,15): error CS1002: ; expected [/workspace/LawMatics.SDK.Tests/LawMatics.SDK.Tests.csproj]
/workspace/LawMatics.SDK.Tests/AddressesClientTests.cs(200,9): error CS0106: The modifier 'public' is not valid for this item [/workspace/LawMatics.SDK.Tests/LawMatics.SDK.Tests.csproj]
/workspace/LawMatics.SDK.Tests/AddressesClientTests.cs(219,17): error CS1003: Syntax error, ',' expected [/workspace/LawMatics.SDK.Tests/LawMatics.SDK.Tests.csproj]
/workspace/LawMatics.SDK.Tests/AddressesClientTests.cs(219,88): error CS1003: Syntax error, ',' expected [/workspace/LawMatics.SDK.Tests/LawMatics.SDK.Tests.csproj]
/workspace/LawMatics.SDK.Tests/AddressesClientTests.cs(220,17): error CS1003: Syntax error, ',' expected [/workspace/LawMatics.SDK.Tests/LawMatics.SDK.Tests.csproj]
/workspace/LawMatics.SDK.Tests/AddressesClientTests.cs(223,14): error CS1003: Syntax error, ',' expected [/workspace/LawMatics.SDK.Tests/LawMatics.SDK.Tests.csproj]
/workspace/LawMatics.SDK.Tests/AddressesClientTests.cs(234,40): error CS1003: Syntax error, ',' expected [/workspace/LawMatics.SDK.Tests/LawMatics.SDK.Tests.csproj]
/workspace/LawMatics.SDK.Tests/AddressesClientTests.cs(237,17): error CS1003: Syntax error, ',' expected [/workspace/LawMatics.SDK.Tests/LawMatics.SDK.Tests.csproj]
/workspace/LawMatics.SDK.Tests/AddressesClientTests.cs(237,69): error CS1003: Syntax error, ',' expected [/workspace/LawMatics.SDK.Tests/LawMatics.SDK.Tests.csproj]
/workspace/LawMatics.SDK.Tests/AddressesClientTests.cs(240,35): error CS1003: Syntax error, ',' expected [/workspace/LawMatics.SDK.Tests/LawMatics.SDK.Tests.csproj]
/workspace/LawMatics.SDK.Tests/AddressesClientTests.cs(241,58): error CS1003: Syntax error, ',' expected [/workspace/LawMatics.SDK.Tests/LawMatics.SDK.Tests.csproj]
/workspace/LawMatics.SDK.Tests/AddressesClientTests.cs(242,52): error CS1003: Syntax error, ',' expected [/workspace/LawMatics.SDK.Tests/LawMatics.SDK.Tests.csproj]
/workspace/LawMatics.SDK.Tests/AddressesClientTests.cs(245,15): error CS1002: ; expected [/workspace/LawMatics.SDK.Tests/LawMatics.SDK.Tests.csproj]
/workspace/LawMatics.SDK.Tests/AddressesClientTests.cs(246,9): error CS0106: The modifier 'public' is not valid for this item [/workspace/LawMatics.SDK.Tests/LawMatics.SDK.Tests.csproj]
/workspace/LawMatics.SDK.Tests/AddressesClientTests.cs(270,9): error CS0106: The modifier 'public' is not valid for this item [/workspace/LawMatics.SDK.Tests/LawMatics.SDK.Tests.csproj]
/workspace/LawMatics.SDK.Tests/AddressesClientTests.cs(275,2): error CS1513: } expected [/workspace/LawMatics.SDK.Tests/LawMatics.SDK.Tests.csproj]
