  Determining projects to restore...
  All projects are up-to-date for restore.
  LawMatics.SDK -> /workspace/LawMatics.SDK/bin/Debug/net8.0/LawMatics.SDK.dll
/workspace/LawMatics.SDK.Tests/CommentsClientTests.cs(87,90): warning CS8602: Dereference of a possibly null reference. [/workspace/LawMatics.SDK.Tests/LawMatics.SDK.Tests.csproj]
/workspace/LawMatics.SDK.Tests/EmailCampaignStatsClientTests.cs(57,27): warning CS1998: This async method lacks 'await' operators and will run synchronously. Consider using the 'await' operator to await non-blocking API calls, or 'await Task.Run(...)' to do CPU-bound work on a background thread. [/workspace/LawMatics.SDK.Tests/LawMatics.SDK.Tests.csproj]
/workspace/LawMatics.SDK.Tests/CommentsClientTests.cs(130,90): warning CS8602: Dereference of a possibly null reference. [/workspace/LawMatics.SDK.Tests/LawMatics.SDK.Tests.csproj]
/workspace/LawMatics.SDK.Tests/AddressesClientTests.cs(73,25): error CS0117: 'Address' does not contain a definition for 'UpdatedAt' [/workspace/LawMatics.SDK.Tests/LawMatics.SDK.Tests.csproj]
/workspace/LawMatics.SDK.Tests/AddressesClientTests.cs(74,25): error CS0117: 'Address' does not contain a definition for 'CreatedAt' [/workspace/LawMatics.SDK.Tests/LawMatics.SDK.Tests.csproj]
/workspace/LawMatics.SDK.Tests/AddressesClientTests.cs(125,25): error CS0117: 'Address' does not contain a definition for 'UpdatedAt' [/workspace/LawMatics.SDK.Tests/LawMatics.SDK.Tests.csproj]
/workspace/LawMatics.SDK.Tests/AddressesClientTests.cs(126,25): error CS0117: 'Address' does not contain a definition for 'CreatedAt' [/workspace/LawMatics.SDK.Tests/LawMatics.SDK.Tests.csproj]
/workspace/LawMatics.SDK.Tests/CommentsClientTests.cs(179,91): warning CS8602: Dereference of a possibly null reference. [/workspace/LawMatics.SDK.Tests/LawMatics.SDK.Tests.csproj]
/workspace/LawMatics.SDK.Tests/CommentsClientTests.cs(211,93): warning CS8602: Dereference of a possibly null reference. [/workspace/LawMatics.SDK.Tests/LawMatics.SDK.Tests.csproj]
/workspace/LawMatics.SDK.Tests/AddressesClientTests.cs(176,25): error CS0117: 'Address' does not contain a definition for 'UpdatedAt' [/workspace/LawMatics.SDK.Tests/LawMatics.SDK.Tests.csproj]
/workspace/LawMatics.SDK.Tests/AddressesClientTests.cs(177,25): error CS0117: 'Address' does not contain a definition for 'CreatedAt' [/workspace/LawMatics.SDK.Tests/LawMatics.SDK.Tests.csproj]
/workspace/LawMatics.SDK.Tests/CommentsClientTests.cs(240,91): warning CS8602: Dereference of a possibly null reference. [/workspace/LawMatics.SDK.Tests/LawMatics.SDK.Tests.csproj]
/workspace/LawMatics.SDK.Tests/AddressesClientTests.cs(224,25): error CS0117: 'Address' does not contain a definition for 'UpdatedAt' [/workspace/LawMatics.SDK.Tests/LawMatics.SDK.Tests.csproj]
/workspace/LawMatics.SDK.Tests/AddressesClientTests.cs(225,25): error CS0117: 'Address' does not contain a definition for 'CreatedAt' [/workspace/LawMatics.SDK.Tests/LawMatics.SDK.Tests.csproj]
/workspace/LawMatics.SDK.Tests/CommentsClientTests.cs(250,13): warning xUnit2002: Do not use Assert.NotNull() on value type 'bool'. Remove this assert. (https://xunit.net/xunit.analyzers/rules/xUnit2002) [/workspace/LawMatics.SDK.Tests/LawMatics.SDK.Tests.csproj]
