[xUnit.net 00:00:00.27]     LawMatics.SDK.Tests.ExpensesClientTests.GetExpenseAsync_WithValidId_ReturnsExpense [FAIL]
[xUnit.net 00:00:00.27]       Assert.NotNull() Failure: Value is null
[xUnit.net 00:00:00.27]       Stack Trace:
[xUnit.net 00:00:00.27]         /workspace/LawMatics.SDK.Tests/ExpensesClientTests.cs(153,0): at LawMatics.SDK.Tests.ExpensesClientTests.GetExpenseAsync_WithValidId_ReturnsExpense()
--
  Error Message:
   Assert.NotNull() Failure: Value is null
  Stack Trace:
     at LawMatics.SDK.Tests.ExpensesClientTests.GetExpenseAsync_WithValidId_ReturnsExpense() in /workspace/LawMatics.SDK.Tests/ExpensesClientTests.cs:line 153
--
     1>Done Building Project "/workspace/LawMatics.SDK.Tests/LawMatics.SDK.Tests.csproj" (VSTest target(s)) -- FAILED.

Build FAILED.
    0 Warning(s)
    0 Error(s)

Time Elapsed 00:00:01.96
