{'role': 'user', 'content': '<tool_result> <execute-command> ToolResult(success=True, output=\'{\\n  "output": "Here are the first 80K chars of the output:\\\\n---\\\\n  Determining projects to restore...\\\\n  All projects are up-to-date for restore.\\\\n  LawMatics.SDK -> /workspace/LawMatics.SDK/bin/Debug/net9.0/LawMatics.SDK.dll\\\\n/workspace/LawMatics.SDK.Tests/Clients/UsersClientTests.cs(49,40): error CS0246: The type or namespace name \\\'PagedResponse<>\\\' could not be found (are you missing a using directive or an assembly reference?) [/workspace/LawMatics.SDK.Tests/LawMatics.SDK.Tests.csproj]\\\\n/workspace/LawMatics.SDK.Tests/Clients/UsersClientTests.cs(49,54): error CS0104: \\\'User\\\' is an ambiguous reference between \\\'LawMatics.SDK.Clients.User\\\' and \\\'LawMatics.SDK.Models.User\\\' [/workspace/LawMatics.SDK.Tests/LawMatics.SDK.Tests.csproj]\\\\n/workspace/LawMatics.SDK.Tests/Clients/UsersClientTests.cs(51,33): error CS0104: \\\'User\\\' is an ambiguous reference between \\\'LawMatics.SDK.Clients.User\\\' and \\\'LawMatics.SDK.Models.User\\\' [/workspace/LawMatics.SDK.Tests/LawMatics.SDK.Tests.csproj]\\\\n/workspace/LawMatics.SDK.Tests/Clients/UsersClientTests.cs(53,25): error CS0104: \\\'User\\\' is an ambiguous reference between \\\'LawMatics.SDK.Clients.User\\\' and \\\'LawMatics.SDK.Models.User\\\' [/workspace/LawMatics.SDK.Tests/LawMatics.SDK.Tests.csproj]\\\\n/workspace/LawMatics.SDK.Tests/Clients/UsersClientTests.cs(54,25): error CS0104: \\\'User\\\' is an ambiguous reference between \\\'LawMatics.SDK.Clients.User\\\' and \\\'LawMatics.SDK.Models.User\\\' [/workspace/LawMatics.SDK.Tests/LawMatics.SDK.Tests.csproj]\\\\n/workspace/LawMatics.SDK.Tests/Clients/UsersClientTests.cs(56,51): error CS0117: \\\'PaginationInfo\\\' does not contain a definition for \\\'Page\\\' [/workspace/LawMatics.SDK.Tests/LawMatics.SDK.Tests.csproj]\\\\n/workspace/LawMatics.SDK.Tests/Clients/UsersClientTests.cs(56,61): error CS0117: \\\'PaginationInfo\\\' does not contain a definition for \\\'PageSize\\\' [/workspace/LawMatics.SDK.Tests/LawMatics.SDK.Tests.csproj]\\\\n/workspace/LawMatics.SDK.Tests/Clients/UsersClientTests.cs(56,76): error CS0117: \\\'PaginationInfo\\\' does not contain a definition for \\\'TotalCount\\\' [/workspace/LawMatics.SDK.Tests/LawMatics.SDK.Tests.csproj]\\\\n/workspace/LawMatics.SDK.Tests/Clients/UsersClientTests.cs(61,86): error CS1503: Argument 3: cannot convert from \\\'string\\\' to \\\'System.Net.Http.Headers.MediaTypeHeaderValue?\\\' [/workspace/LawMatics.SDK.Tests/LawMatics.SDK.Tests.csproj]\\\\n/workspace/LawMatics.SDK.Tests/Clients/UsersClientTests.cs(89,52): error CS0104: \\\'User\\\' is an ambiguous reference between \\\'LawMatics.SDK.Clients.User\\\' and \\\'LawMatics.SDK.Models.User\\\' [/workspace/LawMatics.SDK.Tests/LawMatics.SDK.Tests.csproj]\\\\n/workspace/LawMatics.SDK.Tests/Clients/UsersClientTests.cs(91,28): error CS0104: \\\'User\\\' is an ambiguous reference between \\\'LawMatics.SDK.Clients.User\\\' and \\\'LawMatics.SDK.Models.User\\\' [/workspace/LawMatics.SDK.Tests/LawMatics.SDK.Tests.csproj]\\\\n/workspace/LawMatics.SDK.Tests/Clients/UsersClientTests.cs(112,35): error CS1061: \\\'User\\\' does not contain a definition for \\\'Data\\\' and no accessible extension method \\\'Data\\\' accepting a first argument of type \\\'User\\\' could be found (are you missing a using directive or an assembly reference?) [/workspace/LawMatics.SDK.Tests/LawMatics.SDK.Tests.csproj]\\\\n/workspace/LawMatics.SDK.Tests/Clients/UsersClientTests.cs(113,36): error CS1061: \\\'User\\\' does not contain a definition for \\\'Data\\\' and no accessible extension method \\\'Data\\\' accepting a first argument of type \\\'User\\\' could be found (are you missing a using directive or an assembly reference?) [/workspace/LawMatics.SDK.Tests/LawMatics.SDK.Tests.csproj]\\\\n/workspace/LawMatics.SDK.Tests/Clients/UsersClientTests.cs(114,41): error CS1061: \\\'User\\\' does not contain a definition for \\\'Data\\\' and no accessible extension method \\\'Data\\\' accepting a first argument of type \\\'User\\\' could be found (are you missing a using directive or an assembly reference?) [/workspace/LawMatics.SDK.Tests/LawMatics.SDK.Tests.csproj]\\\\n/workspace/LawMatics.SDK.Tests/Clients/UsersClientTests.cs(115,40): error CS1061: \\\'User\\\' does not contain a definition for \\\'Data\\\' and no accessible extension method \\\'Data\\\' accepting a first argument of type \\\'User\\\' could be found (are you missing a using directive or an assembly reference?) [/workspace/LawMatics.SDK.Tests/LawMatics.SDK.Tests.csproj]\\\\n/workspace/LawMatics.SDK.Tests/Clients/UsersClientTests.cs(116,53): error CS1061: \\\'User\\\' does not contain a definition for \\\'Data\\\' and no accessible extension method \\\'Data\\\' accepting a first argument of type \\\'User\\\' could be found (are you missing a using directive or an assembly reference?) [/workspace/LawMatics.SDK.Tests/LawMatics.SDK.Tests.csproj]\\\\n/workspace/LawMatics.SDK.Tests/Clients/UsersClientTests.cs(117,45): error CS1061: \\\'User\\\' does not contain a definition for \\\'Data\\\' and no accessible extension method \\\'Data\\\' accepting a first argument of type \\\'User\\\' could be found (are you missing a using directive or an assembly reference?) [/workspace/LawMatics.SDK.Tests/LawMatics.SDK.Tests.csproj]\\\\n/workspace/LawMatics.SDK.Tests/Clients/UsersClientTests.cs(124,31): error CS0104: \\\'CreateUserRequest\\\' is an ambiguous reference between \\\'LawMatics.SDK.Clients.CreateUserRequest\\\' and \\\'LawMatics.SDK.Models.CreateUserRequest\\\' [/workspace/LawMatics.SDK.Tests/LawMatics.SDK.Tests.csproj]\\\\n/workspace/LawMatics.SDK.Tests/Clients/UsersClientTests.cs(133,52): error CS0104: \\\'User\\\' is an ambiguous reference between \\\'LawMatics.SDK.Clients.User\\\' and \\\'LawMatics.SDK.Models.User\\\' [/workspace/LawMatics.SDK.Tests/LawMatics.SDK.Tests.csproj]\\\\n/workspace/LawMatics.SDK.Tests/Clients/UsersClientTests.cs(135,28): error CS0104: \\\'User\\\' is an ambiguous reference between \\\'LawMatics.SDK.Clients.User\\\' and \\\'LawMatics.SDK.Models.User\\\' [/workspace/LawMatics.SDK.Tests/LawMatics.SDK.Tests.csproj]\\\\n/workspace/LawMatics.SDK.Tests/Clients/UsersClientTests.cs(182,31): error CS0104: \\\'UpdateUserRequest\\\' is an ambiguous reference between \\\'LawMatics.SDK.Clients.UpdateUserRequest\\\' and \\\'LawMatics.SDK.Models.UpdateUserRequest\\\' [/workspace/LawMatics.SDK.Tests/LawMatics.SDK.Tests.csproj]\\\\n/workspace/LawMatics.SDK.Tests/Clients/UsersClientTests.cs(189,52): error CS0104: \\\'User\\\' is an ambiguous reference between \\\'LawMatics.SDK.Clients.User\\\' and \\\'LawMatics.SDK.Models.User\\\' [/workspace/LawMatics.SDK.Tests/LawMatics.SDK.Tests.csproj]\\\\n/workspace/LawMatics.SDK.Tests/Clients/UsersClientTests.cs(191,28): error CS0104: \\\'User\\\' is an ambiguous reference between \\\'LawMatics.SDK.Clients.User\\\' and \\\'LawMatics.SDK.Models.User\\\' [/workspace/LawMatics.SDK.Tests/LawMatics.SDK.Tests.csproj]\\\\n/workspace/LawMatics.SDK.Tests/Clients/UsersClientTests.cs(259,40): error CS0246: The type or namespace name \\\'PagedResponse<>\\\' could not be found (are you missing a using directive or an assembly reference?) [/workspace/LawMatics.SDK.Tests/LawMatics.SDK.Tests.csproj]\\\\n/workspace/LawMatics.SDK.Tests/Clients/UsersClientTests.cs(259,54): error CS0104: \\\'User\\\' is an ambiguous reference between \\\'LawMatics.SDK.Clients.User\\\' and \\\'LawMatics.SDK.Models.User\\\' [/workspace/LawMatics.SDK.Tests/LawMatics.SDK.Tests.csproj]\\\\n/workspace/LawMatics.SDK.Tests/Clients/UsersClientTests.cs(261,33): error CS0104: \\\'User\\\' is an ambiguous reference between \\\'LawMatics.SDK.Clients.User\\\' and \\\'LawMatics.SDK.Models.User\\\' [/workspace/LawMatics.SDK.Tests/LawMatics.SDK.Tests.csproj]\\\\n/workspace/LawMatics.SDK.Tests/Clients/UsersClientTests.cs(263,25): error CS0104: \\\'User\\\' is an ambiguous reference between \\\'LawMatics.SDK.Clients.User\\\' and \\\'LawMatics.SDK.Models.User\\\' [/workspace/LawMatics.SDK.Tests/LawMatics.SDK.Tests.csproj]\\\\n/workspace/LawMatics.SDK.Tests/Clients/UsersClientTests.cs(264,25): error CS0104: \\\'User\\\' is an ambiguous reference between \\\'LawMatics.SDK.Clients.User\\\' and \\\'LawMatics.SDK.Models.User\\\' [/workspace/LawMatics.SDK.Tests/LawMatics.SDK.Tests.csproj]\\\\n/workspace/LawMatics.SDK.Tests/Clients/UsersClientTests.cs(266,51): error CS0117: \\\'PaginationInfo\\\' does not contain a definition for \\\'Page\\\' [/workspace/LawMatics.SDK.Tests/LawMatics.SDK.Tests.csproj]\\\\n/workspace/LawMatics.SDK.Tests/Clients/UsersClientTests.cs(266,61): error CS0117: \\\'PaginationInfo\\\' does not contain a definition for \\\'PageSize\\\' [/workspace/LawMatics.SDK.Tests/LawMatics.SDK.Tests.csproj]\\\\n/workspace/LawMatics.SDK.Tests/Clients/UsersClientTests.cs(266,76): error CS0117: \\\'PaginationInfo\\\' does not contain a definition for \\\'TotalCount\\\' [/workspace/LawMatics.SDK.Tests/LawMatics.SDK.Tests.csproj]\\\\n/workspace/LawMatics.SDK.Tests/Clients/UsersClientTests.cs(271,86): error CS1503: Argument 3: cannot convert from \\\'string\\\' to \\\'System.Net.Http.Headers.MediaTypeHeaderValue?\\\' [/workspace/LawMatics.SDK.Tests/LawMatics.SDK.Tests.csproj]\\\\n/workspace/LawMatics.SDK.Tests/Clients/UsersClientTests.cs(283,40): error CS1061: \\\'UsersClient\\\' does not contain a definition for \\\'GetUsersByRoleAsync\\\' and no accessible extension method \\\'GetUsersByRoleAsync\\\' accepting a first argument of type \\\'UsersClient\\\' could be found (are you missing a using directive or an assembly reference?) [/workspace/LawMatics.SDK.Tests/LawMatics.SDK.Tests.csproj]\\\\n/workspace/LawMatics.SDK.Tests/Clients/UsersClientTests.cs(297,40): error CS0246: The type or namespace name \\\'PagedResponse<>\\\' could not be found (are you missing a using directive or an assembly reference?) [/workspace/LawMatics.SDK.Tests/LawMatics.SDK.Tests.csproj]\\\\n/workspace/LawMatics.SDK.Tests/Clients/UsersClientTests.cs(297,54): error CS0104: \\\'User\\\' is an ambiguous reference between \\\'LawMatics.SDK.Clients.User\\\' and \\\'LawMatics.SDK.Models.User\\\' [/workspace/LawMatics.SDK.Tests/LawMatics.SDK.Tests.csproj]\\\\n/workspace/LawMatics.SDK.Tests/Clients/UsersClientTests.cs(299,33): error CS0104: \\\'User\\\' is an ambiguous reference between \\\'LawMatics.SDK.Clients.User\\\' and \\\'LawMatics.SDK.Models.User\\\' [/workspace/LawMatics.SDK.Tests/LawMatics.SDK.Tests.csproj]\\\\n/workspace/LawMatics.SDK.Tests/Clients/UsersClientTests.cs(301,25): error CS0104: \\\'User\\\' is an ambiguous reference between \\\'LawMatics.SDK.Clients.User\\\' and \\\'LawMatics.SDK.Models.User\\\' [/workspace/LawMatics.SDK.Tests/LawMatics.SDK.Tests.csproj]\\\\n/workspace/LawMatics.SDK.Tests/Clients/UsersClientTests.cs(302,25): error CS0104: \\\'User\\\' is an ambiguous reference between \\\'LawMatics.SDK.Clients.User\\\' and \\\'LawMatics.SDK.Models.User\\\' [/workspace/LawMatics.SDK.Tests/LawMatics.SDK.Tests.csproj]\\\\n/workspace/LawMatics.SDK.Tests/Clients/UsersClientTests.cs(304,51): error CS0117: \\\'PaginationInfo\\\' does not contain a definition for \\\'Page\\\' [/workspace/LawMatics.SDK.Tests/LawMatics.SDK.Tests.csproj]\\\\n/workspace/LawMatics.SDK.Tests/Clients/UsersClientTests.cs(304,61): error CS0117: \\\'PaginationInfo\\\' does not contain a definition for \\\'PageSize\\\' [/workspace/LawMatics.SDK.Tests/LawMatics.SDK.Tests.csproj]\\\\n/workspace/LawMatics.SDK.Tests/Clients/UsersClientTests.cs(304,76): error CS0117: \\\'PaginationInfo\\\' does not contain a definition for \\\'TotalCount\\\' [/workspace/LawMatics.SDK.Tests/LawMatics.SDK.Tests.csproj]\\\\n/workspace/LawMatics.SDK.Tests/Clients/UsersClientTests.cs(309,86): error CS1503: Argument 3: cannot convert from \\\'string\\\' to \\\'System.Net.Http.Headers.MediaTypeHeaderValue?\\\' [/workspace/LawMatics.SDK.Tests/LawMatics.SDK.Tests.csproj]\\\\n/workspace/LawMatics.SDK.Tests/Clients/UsersClientTests.cs(321,40): error CS1061: \\\'UsersClient\\\' does not contain a definition for \\\'GetUsersByDepartmentAsync\\\' and no accessible extension method \\\'GetUsersByDepartmentAsync\\\' accepting a first argument of type \\\'UsersClient\\\' could be found (are you missing a using directive or an assembly reference?) [/workspace/LawMatics.SDK.Tests/LawMatics.SDK.Tests.csproj]\\\\n/workspace/LawMatics.SDK.Tests/Clients/UsersClientTests.cs(334,40): error CS0246: The type or namespace name \\\'PagedResponse<>\\\' could not be found (are you missing a using directive or an assembly reference?) [/workspace/LawMatics.SDK.Tests/LawMatics.SDK.Tests.csproj]\\\\n/workspace/LawMatics.SDK.Tests/Clients/UsersClientTests.cs(334,54): error CS0104: \\\'User\\\' is an ambiguous reference between \\\'LawMatics.SDK.Clients.User\\\' and \\\'LawMatics.SDK.Models.User\\\' [/workspace/LawMatics.SDK.Tests/LawMatics.SDK.Tests.csproj]\\\\n/workspace/LawMatics.SDK.Tests/Clients/UsersClientTests.cs(336,33): error CS0104: \\\'User\\\' is an ambiguous reference between \\\'LawMatics.SDK.Clients.User\\\' and \\\'LawMatics.SDK.Models.User\\\' [/workspace/LawMatics.SDK.Tests/LawMatics.SDK.Tests.csproj]\\\\n/workspace/LawMatics.SDK.Tests/Clients/UsersClientTests.cs(338,25): error CS0104: \\\'User\\\' is an ambiguous reference between \\\'LawMatics.SDK.Clients.User\\\' and \\\'LawMatics.SDK.Models.User\\\' [/workspace/LawMatics.SDK.Tests/LawMatics.SDK.Tests.csproj]\\\\n/workspace/LawMatics.SDK.Tests/Clients/UsersClientTests.cs(339,25): error CS0104: \\\'User\\\' is an ambiguous reference between \\\'LawMatics.SDK.Clients.User\\\' and \\\'LawMatics.SDK.Models.User\\\' [/workspace/LawMatics.SDK.Tests/LawMatics.SDK.Tests.csproj]\\\\n/workspace/LawMatics.SDK.Tests/Clients/UsersClientTests.cs(341,51): error CS0117: \\\'PaginationInfo\\\' does not contain a definition for \\\'Page\\\' [/workspace/LawMatics.SDK.Tests/LawMatics.SDK.Tests.csproj]\\\\n/workspace/LawMatics.SDK.Tests/Clients/UsersClientTests.cs(341,61): error CS0117: \\\'PaginationInfo\\\' does not contain a definition for \\\'PageSize\\\' [/workspace/LawMatics.SDK.Tests/LawMatics.SDK.Tests.csproj]\\\\n/workspace/LawMatics.SDK.Tests/Clients/UsersClientTests.cs(341,76): error CS0117: \\\'PaginationInfo\\\' does not contain a definition for \\\'TotalCount\\\' [/workspace/LawMatics.SDK.Tests/LawMatics.SDK.Tests.csproj]\\\\n/workspace/LawMatics.SDK.Tests/Clients/UsersClientTests.cs(346,86): error CS1503: Argument 3: cannot convert from \\\'string\\\' to \\\'System.Net.Http.Headers.MediaTypeHeaderValue?\\\' [/workspace/LawMatics.SDK.Tests/LawMatics.SDK.Tests.csproj]\\\\n/workspace/LawMatics.SDK.Tests/Clients/UsersClientTests.cs(358,40): error CS1061: \\\'UsersClient\\\' does not contain a definition for \\\'GetActiveUsersAsync\\\' and no accessible extension method \\\'GetActiveUsersAsync\\\' accepting a first argument of type \\\'UsersClient\\\' could be found (are you missing a using directive or an assembly reference?) [/workspace/LawMatics.SDK.Tests/LawMatics.SDK.Tests.csproj]\\\\n/workspace/LawMatics.SDK.Tests/Clients/UsersClientTests.cs(372,52): error CS0104: \\\'User\\\' is an ambiguous reference between \\\'LawMatics.SDK.Clients.User\\\' and \\\'LawMatics.SDK.Models.User\\\' [/workspace/LawMatics.SDK.Tests/LawMatics.SDK.Tests.csproj]\\\\n/workspace/LawMatics.SDK.Tests/Clients/UsersClientTests.cs(374,28): error CS0104: \\\'User\\\' is an ambiguous reference between \\\'LawMatics.SDK.Clients.User\\\' and \\\'LawMatics.SDK.Models.User\\\' [/workspace/LawMatics.SDK.Tests/LawMatics.SDK.Tests.csproj]\\\\n/workspace/LawMatics.SDK.Tests/Clients/UsersClientTests.cs(391,40): error CS1061: \\\'UsersClient\\\' does not contain a definition for \\\'DeactivateUserAsync\\\' and no accessible extension method \\\'DeactivateUserAsync\\\' accepting a first argument of type \\\'UsersClient\\\' could be found (are you missing a using directive or an assembly reference?) [/workspace/LawMatics.SDK.Tests/LawMatics.SDK.Tests.csproj]\\\\n/workspace/LawMatics.SDK.Tests/Clients/UsersClientTests.cs(405,52): error CS0104: \\\'User\\\' is an ambiguous reference between \\\'LawMatics.SDK.Clients.User\\\' and \\\'LawMatics.SDK.Models.User\\\' [/workspace/LawMatics.SDK.Tests/LawMatics.SDK.Tests.csproj]\\\\n/workspace/LawMatics.SDK.Tests/Clients/UsersClientTests.cs(407,28): error CS0104: \\\'User\\\' is an ambiguous reference between \\\'LawMatics.SDK.Clients.User\\\' and \\\'LawMatics.SDK.Models.User\\\' [/workspace/LawMatics.SDK.Tests/LawMatics.SDK.Tests.csproj]\\\\n/workspace/LawMatics.SDK.Tests/Clients/UsersClientTests.cs(424,40): error CS1061: \\\'UsersClient\\\' does not contain a definition for \\\'ActivateUserAsync\\\' and no accessible extension method \\\'ActivateUserAsync\\\' accepting a first argument of type \\\'UsersClient\\\' could be found (are you missing a using directive or an assembly reference?) [/workspace/LawMatics.SDK.Tests/LawMatics.SDK.Tests.csproj]\\\\n/workspace/LawMatics.SDK.Tests/Clients/UsersClientTests.cs(436,21): error CS1061: \\\'UsersClient\\\' does not contain a definition for \\\'Dispose\\\' and no accessible extension method \\\'Dispose\\\' accepting a first argument of type \\\'UsersClient\\\' could be found (are you missing a using directive or an assembly reference?) [/workspace/LawMatics.SDK.Tests/LawMatics.SDK.Tests.csproj]\\\\n/workspace/LawMatics.SDK.Tests/Clients/PaymentsClientTests.cs(49,40): error CS0246: The type or namespace name \\\'PagedResponse<>\\\' could not be found (are you missing a using directive or an assembly reference?) [/workspace/LawMatics.SDK.Tests/LawMatics.SDK.Tests.csproj]\\\\n/workspace/LawMatics.SDK.Tests/Clients/PaymentsClientTests.cs(53,43): error CS0117: \\\'Payment\\\' does not contain a definition for \\\'Amount\\\' [/workspace/LawMatics.SDK.Tests/LawMatics.SDK.Tests.csproj]\\\\n/workspace/LawMatics.SDK.Tests/Clients/PaymentsClientTests.cs(54,43): error CS0117: \\\'Payment\\\' does not contain a definition for \\\'Amount\\\' [/workspace/LawMatics.SDK.Tests/LawMatics.SDK.Tests.csproj]\\\\n/workspace/LawMatics.SDK.Tests/Clients/PaymentsClientTests.cs(56,51): error CS0117: \\\'PaginationInfo\\\' does not contain a definition for \\\'Page\\\' [/workspace/LawMatics.SDK.Tests/LawMatics.SDK.Tests.csproj]\\\\n/workspace/LawMatics.SDK.Tests/Clients/PaymentsClientTests.cs(56,61): error CS0117: \\\'PaginationInfo\\\' does not contain a definition for \\\'PageSize\\\' [/workspace/LawMatics.SDK.Tests/LawMatics.SDK.Tests.csproj]\\\\n/workspace/LawMatics.SDK.Tests/Clients/PaymentsClientTests.cs(56,76): error CS0117: \\\'PaginationInfo\\\' does not contain a definition for \\\'TotalCount\\\' [/workspace/LawMatics.SDK.Tests/LawMatics.SDK.Tests.csproj]\\\\n/workspace/LawMatics.SDK.Tests/Clients/PaymentsClientTests.cs(61,86): error CS1503: Argument 3: cannot convert from \\\'string\\\' to \\\'System.Net.Http.Headers.MediaTypeHeaderValue?\\\' [/workspace/LawMatics.SDK.Tests/LawMatics.SDK.Tests.csproj]\\\\n/workspace/LawMatics.SDK.Tests/Clients/PaymentsClientTests.cs(79,50): error CS1061: \\\'Payment\\\' does not contain a definition for \\\'Amount\\\' and no accessible extension method \\\'Amount\\\' accepting a first argument of type \\\'Payment\\\' could be found (are you missing a using directive or an assembly reference?) [/workspace/LawMatics.SDK.Tests/LawMatics.SDK.Tests.csproj]\\\\n/workspace/LawMatics.SDK.Tests/Clients/PaymentsClientTests.cs(90,46): error CS0117: \\\'Payment\\\' does not contain a definition for \\\'Amount\\\' [/workspace/LawMatics.SDK.Tests/LawMatics.SDK.Tests.csproj]\\\\n/workspace/LawMatics.SDK.Tests/Clients/PaymentsClientTests.cs(111,35): error CS1061: \\\'Payment\\\' does not contain a definition for \\\'Data\\\' and no accessible extension method \\\'Data\\\' accepting a first argument of type \\\'Payment\\\' could be found (are you missing a using directive or an assembly reference?) [/workspace/LawMatics.SDK.Tests/LawMatics.SDK.Tests.csproj]\\\\n/workspace/LawMatics.SDK.Tests/Clients/PaymentsClientTests.cs(112,36): error CS1061: \\\'Payment\\\' does not contain a definition for \\\'Data\\\' and no accessible extension method \\\'Data\\\' accepting a first argument of type \\\'Payment\\\' could be found (are you missing a using directive or an assembly reference?) [/workspace/LawMatics.SDK.Tests/LawMatics.SDK.Tests.csproj]\\\\n/workspace/LawMatics.SDK.Tests/Clients/PaymentsClientTests.cs(113,42): error CS1061: \\\'Payment\\\' does not contain a definition for \\\'Data\\\' and no accessible extension method \\\'Data\\\' accepting a first argument of type \\\'Payment\\\' could be found (are you missing a using directive or an assembly reference?) [/workspace/LawMatics.SDK.Tests/LawMatics.SDK.Tests.csproj]\\\\n/workspace/LawMatics.SDK.Tests/Clients/PaymentsClientTests.cs(114,41): error CS1061: \\\'Payment\\\' does not contain a definition for \\\'Data\\\' and no accessible extension method \\\'Data\\\' accepting a first argument of type \\\'Payment\\\' could be found (are you missing a using directive or an assembly reference?) [/workspace/LawMatics.SDK.Tests/LawMatics.SDK.Tests.csproj]\\\\n/workspace/LawMatics.SDK.Tests/Clients/PaymentsClientTests.cs(115,44): error CS1061: \\\'Payment\\\' does not contain a definition for \\\'Data\\\' and no accessible extension method \\\'Data\\\' accepting a first argument of type \\\'Payment\\\' could be found (are you missing a using directive or an assembly reference?) [/workspace/LawMatics.SDK.Tests/LawMatics.SDK.Tests.csproj]\\\\n/workspace/LawMatics.SDK.Tests/Clients/PaymentsClientTests.cs(125,17): error CS0117: \\\'CreateInvoiceRequest\\\' does not contain a definition for \\\'Amount\\\' [/workspace/LawMatics.SDK.Tests/LawMatics.SDK.Tests.csproj]\\\\n/workspace/LawMatics.SDK.Tests/Clients/PaymentsClientTests.cs(130,66): error CS0117: \\\'InvoiceItem\\\' does not contain a definition for \\\'Amount\\\' [/workspace/LawMatics.SDK.Tests/LawMatics.SDK.Tests.csproj]\\\\n/workspace/LawMatics.SDK.Tests/Clients/PaymentsClientTests.cs(131,66): error CS0117: \\\'InvoiceItem\\\' does not contain a definition for \\\'Amount\\\' [/workspace/LawMatics.SDK.Tests/LawMatics.SDK.Tests.csproj]\\\\n/workspace/LawMatics.SDK.Tests/Clients/PaymentsClientTests.cs(139,21): error CS0117: \\\'Payment\\\' does not contain a definition for \\\'ContactId\\\' [/workspace/LawMatics.SDK.Tests/LawMatics.SDK.Tests.csproj]\\\\n/workspace/LawMatics.SDK.Tests/Clients/PaymentsClientTests.cs(140,21): error CS0117: \\\'Payment\\\' does not contain a definition for \\\'Amount\\\' [/workspace/LawMatics.SDK.Tests/LawMatics.SDK.Tests.csproj]\\\\n/workspace/LawMatics.SDK.Tests/Clients/PaymentsClientTests.cs(140,38): error CS1061: \\\'CreateInvoiceRequest\\\' does not contain a definition for \\\'Amount\\\' and no accessible extension method \\\'Amount\\\' accepting a first argument of type \\\'CreateInvoiceRequest\\\' could be found (are you missing a using directive or an assembly reference?) [/workspace/LawMatics.SDK.Tests/LawMatics.SDK.Tests.csproj]\\\\n/workspace/LawMatics.SDK.Tests/Clients/PaymentsClientTests.cs(162,40): error CS1061: \\\'PaymentsClient\\\' does not contain a definition for \\\'CreateInvoiceAsync\\\' and no accessible extension method \\\'CreateInvoiceAsync\\\' accepting a first argument of type \\\'PaymentsClient\\\' could be found (are you missing a using directive or an assembly reference?) [/workspace/LawMatics.SDK.Tests/LawMatics.SDK.Tests.csproj]\\\\n/workspace/LawMatics.SDK.Tests/Clients/PaymentsClientTests.cs(169,34): error CS1061: \\\'CreateInvoiceRequest\\\' does not contain a definition for \\\'Amount\\\' and no accessible extension method \\\'Amount\\\' accepting a first argument of type \\\'CreateInvoiceRequest\\\' could be found (are you missing a using directive or an assembly reference?) [/workspace/LawMatics.SDK.Tests/LawMatics.SDK.Tests.csproj]\\\\n/workspace/LawMatics.SDK.Tests/Clients/PaymentsClientTests.cs(182,17): error CS0117: \\\'UpdatePaymentRequest\\\' does not contain a definition for \\\'DueDate\\\' [/workspace/LawMatics.SDK.Tests/LawMatics.SDK.Tests.csproj]\\\\n/workspace/LawMatics.SDK.Tests/Clients/PaymentsClientTests.cs(190,21): error CS0117: \\\'Payment\\\' does not contain a definition for \\\'Amount\\\' [/workspace/LawMatics.SDK.Tests/LawMatics.SDK.Tests.csproj]\\\\n/workspace/LawMatics.SDK.Tests/Clients/PaymentsClientTests.cs(191,39): error CS1061: \\\'UpdatePaymentRequest\\\' does not contain a definition for \\\'DueDate\\\' and no accessible extension method \\\'DueDate\\\' accepting a first argument of type \\\'UpdatePaymentRequest\\\' could be found (are you missing a using directive or an assembly reference?) [/workspace/LawMatics.SDK.Tests/LawMatics.SDK.Tests.csproj]\\\\n/workspace/LawMatics.SDK.Tests/Clients/PaymentsClientTests.cs(214,35): error CS1061: \\\'Payment\\\' does not contain a definition for \\\'Data\\\' and no accessible extension method \\\'Data\\\' accepting a first argument of type \\\'Payment\\\' could be found (are you missing a using directive or an assembly reference?) [/workspace/LawMatics.SDK.Tests/LawMatics.SDK.Tests.csproj]\\\\n/workspace/LawMatics.SDK.Tests/Clients/PaymentsClientTests.cs(215,36): error CS1061: \\\'Payment\\\' does not contain a definition for \\\'Data\\\' and no accessible extension method \\\'Data\\\' accepting a first argument of type \\\'Payment\\\' could be found (are you missing a using directive or an assembly reference?) [/workspace/LawMatics.SDK.Tests/LawMatics.SDK.Tests.csproj]\\\\n/workspace/LawMatics.SDK.Tests/Clients/PaymentsClientTests.cs(216,49): error CS1061: \\\'Payment\\\' does not contain a definition for \\\'Data\\\' and no accessible extension method \\\'Data\\\' accepting a first argument of type \\\'Payment\\\' could be found (are you missing a using directive or an assembly reference?) [/workspace/LawMatics.SDK.Tests/LawMatics.SDK.Tests.csproj]\\\\n/workspace/LawMatics.SDK.Tests/Clients/PaymentsClientTests.cs(217,34): error CS1061: \\\'UpdatePaymentRequest\\\' does not contain a definition for \\\'DueDate\\\' and no accessible extension method \\\'DueDate\\\' accepting a first argument of type \\\'UpdatePaymentRequest\\\' could be found (are you missing a using directive or an assembly reference?) [/workspace/LawMatics.SDK.Tests/LawMatics.SDK.Tests.csproj]\\\\n/workspace/LawMatics.SDK.Tests/Clients/PaymentsClientTests.cs(217,50): error CS1061: \\\'Payment\\\' does not contain a definition for \\\'Data\\\' and no accessible extension method \\\'Data\\\' accepting a first argument of type \\\'Payment\\\' could be found (are you missing a using directive or an assembly reference?) [/workspace/LawMatics.SDK.Tests/LawMatics.SDK.Tests.csproj]\\\\n/workspace/LawMatics.SDK.Tests/Clients/PaymentsClientTests.cs(218,54): error CS1061: \\\'Payment\\\' does not contain a definition for \\\'Data\\\' and no accessible extension method \\\'Data\\\' accepting a first argument of type \\\'Payment\\\' could be found (are you missing a using directive or an assembly reference?) [/workspace/LawMatics.SDK.Tests/LawMatics.SDK.Tests.csproj]\\\\n/workspace/LawMatics.SDK.Tests/Clients/PaymentsClientTests.cs(241,17): error CS0815: Cannot assign void to an implicitly-typed variable [/workspace/LawMatics.SDK.Tests/LawMatics.SDK.Tests.csproj]\\\\n/workspace/LawMatics.SDK.Tests/Clients/PaymentsClientTests.cs(253,17): error CS0117: \\\'ProcessPaymentRequest\\\' does not contain a definition for \\\'PaymentId\\\' [/workspace/LawMatics.SDK.Tests/LawMatics.SDK.Tests.csproj]\\\\n/workspace/LawMatics.SDK.Tests/Clients/PaymentsClientTests.cs(262,34): error CS1061: \\\'ProcessPaymentRequest\\\' does not contain a definition for \\\'PaymentId\\\' and no accessible extension method \\\'PaymentId\\\' accepting a first argument of type \\\'ProcessPaymentRequest\\\' could be found (are you missing a using directive or an assembly reference?) [/workspace/LawMatics.SDK.Tests/LawMatics.SDK.Tests.csproj]\\\\n/workspace/LawMatics.SDK.Tests/Clients/PaymentsClientTests.cs(263,21): error CS0117: \\\'Payment\\\' does not contain a definition for \\\'Amount\\\' [/workspace/LawMatics.SDK.Tests/LawMatics.SDK.Tests.csproj]\\\\n/workspace/LawMatics.SDK.Tests/Clients/PaymentsClientTests.cs(285,40): error CS7036: There is no argument given that corresponds to the required parameter \\\'request\\\' of \\\'PaymentsClient.ProcessPaymentAsync(int, ProcessPaymentRequest)\\\' [/workspace/LawMatics.SDK.Tests/LawMatics.SDK.Tests.csproj]\\\\n/workspace/LawMatics.SDK.Tests/Clients/PaymentsClientTests.cs(290,34): error CS1061: \\\'ProcessPaymentRequest\\\' does not contain a definition for \\\'PaymentId\\\' and no accessible extension method \\\'PaymentId\\\' accepting a first argument of type \\\'ProcessPaymentRequest\\\' could be found (are you missing a using directive or an assembly reference?) [/workspace/LawMatics.SDK.Tests/LawMatics.SDK.Tests.csproj]\\\\n/workspace/LawMatics.SDK.Tests/Clients/PaymentsClientTests.cs(302,40): error CS0246: The type or namespace name \\\'PagedResponse<>\\\' could not be found (are you missing a using directive or an assembly reference?) [/workspace/LawMatics.SDK.Tests/LawMatics.SDK.Tests.csproj]\\\\n/workspace/LawMatics.SDK.Tests/Clients/PaymentsClientTests.cs(306,43): error CS0117: \\\'Payment\\\' does not contain a definition for \\\'ContactId\\\' [/workspace/LawMatics.SDK.Tests/LawMatics.SDK.Tests.csproj]\\\\n/workspace/LawMatics.SDK.Tests/Clients/PaymentsClientTests.cs(306,66): error CS0117: \\\'Payment\\\' does not contain a definition for \\\'Amount\\\' [/workspace/LawMatics.SDK.Tests/LawMatics.SDK.Tests.csproj]\\\\n/workspace/LawMatics.SDK.Tests/Clients/PaymentsClientTests.cs(307,43): error CS0117: \\\'Payment\\\' does not contain a definition for \\\'ContactId\\\' [/workspace/LawMatics.SDK.Tests/LawMatics.SDK.Tests.csproj]\\\\n/workspace/LawMatics.SDK.Tests/Clients/PaymentsClientTests.cs(307,66): error CS0117: \\\'Payment\\\' does not contain a definition for \\\'Amount\\\' [/workspace/LawMatics.SDK.Tests/LawMatics.SDK.Tests.csproj]\\\\n/workspace/LawMatics.SDK.Tests/Clients/PaymentsClientTests.cs(309,51): error CS0117: \\\'PaginationInfo\\\' does not contain a definition for \\\'Page\\\' [/workspace/LawMatics.SDK.Tests/LawMatics.SDK.Tests.csproj]\\\\n/workspace/LawMatics.SDK.Tests/Clients/PaymentsClientTests.cs(309,61): error CS0117: \\\'PaginationInfo\\\' does not contain a definition for \\\'PageSize\\\' [/workspace/LawMatics.SDK.Tests/LawMatics.SDK.Tests.csproj]\\\\n/workspace/LawMatics.SDK.Tests/Clients/PaymentsClientTests.cs(309,76): error CS0117: \\\'PaginationInfo\\\' does not contain a definition for \\\'TotalCount\\\' [/workspace/LawMatics.SDK.Tests/LawMatics.SDK.Tests.csproj]\\\\n/workspace/LawMatics.SDK.Tests/Clients/PaymentsClientTests.cs(314,86): error CS1503: Argument 3: cannot convert from \\\'string\\\' to \\\'System.Net.Http.Headers.MediaTypeHeaderValue?\\\' [/workspace/LawMatics.SDK.Tests/LawMatics.SDK.Tests.csproj]\\\\n/workspace/LawMatics.SDK.Tests/Clients/PaymentsClientTests.cs(332,80): error CS1061: \\\'Payment\\\' does not contain a definition for \\\'ContactId\\\' and no accessible extension method \\\'ContactId\\\' accepting a first argument of type \\\'Payment\\\' could be found (are you missing a using directive or an assembly reference?) [/workspace/LawMatics.SDK.Tests/LawMatics.SDK.Tests.csproj]\\\\n/workspace/LawMatics.SDK.Tests/Clients/PaymentsClientTests.cs(340,40): error CS0246: The type or namespace name \\\'PagedResponse<>\\\' could not be found (are you missing a using directive or an assembly reference?) [/workspace/LawMatics.SDK.Tests/LawMatics.SDK.Tests.csproj]\\\\n/workspace/LawMatics.SDK.Tests/Clients/PaymentsClientTests.cs(344,43): error CS0117: \\\'Payment\\\' does not contain a definition for \\\'Amount\\\' [/workspace/LawMatics.SDK.Tests/LawMatics.SDK.Tests.csproj]\\\\n/workspace/LawMatics.SDK.Tests/Clients/PaymentsClientTests.cs(345,43): error CS0117: \\\'Payment\\\' does not contain a definition for \\\'Amount\\\' [/workspace/LawMatics.SDK.Tests/LawMatics.SDK.Tests.csproj]\\\\n/workspace/LawMatics.SDK.Tests/Clients/PaymentsClientTests.cs(347,51): error CS0117: \\\'PaginationInfo\\\' does not contain a definition for \\\'Page\\\' [/workspace/LawMatics.SDK.Tests/LawMatics.SDK.Tests.csproj]\\\\n/workspace/LawMatics.SDK.Tests/Clients/PaymentsClientTests.cs(347,61): error CS0117: \\\'PaginationInfo\\\' does not contain a definition for \\\'PageSize\\\' [/workspace/LawMatics.SDK.Tests/LawMatics.SDK.Tests.csproj]\\\\n/workspace/LawMatics.SDK.Tests/Clients/PaymentsClientTests.cs(347,76): error CS0117: \\\'PaginationInfo\\\' does not contain a definition for \\\'TotalCount\\\' [/workspace/LawMatics.SDK.Tests/LawMatics.SDK.Tests.csproj]\\\\n/workspace/LawMatics.SDK.Tests/Clients/PaymentsClientTests.cs(352,86): error CS1503: Argument 3: cannot convert from \\\'string\\\' to \\\'System.Net.Http.Headers.MediaTypeHeaderValue?\\\' [/workspace/LawMatics.SDK.Tests/LawMatics.SDK.Tests.csproj]\\\\n/workspace/LawMatics.SDK.Tests/Clients/PaymentsClientTests.cs(376,21): error CS1061: \\\'PaymentsClient\\\' does not contain a definition for \\\'Dispose\\\' and no accessible extension method \\\'Dispose\\\' accepting a first argument of type \\\'PaymentsClient\\\' could be found (are you missing a using directive or an assembly reference?) [/workspace/LawMatics.SDK.Tests/LawMatics.SDK.Tests.csproj]\\\\n/workspace/LawMatics.SDK.Tests/Clients/CompaniesClientTests.cs(49,40): error CS0246: The type or namespace name \\\'PagedResponse<>\\\' could not be found (are you missing a using directive or an assembly reference?) [/workspace/LawMatics.SDK.Tests/LawMatics.SDK.Tests.csproj]\\\\n/workspace/LawMatics.SDK.Tests/Clients/CompaniesClientTests.cs(56,51): error CS0117: \\\'PaginationInfo\\\' does not contain a definition for \\\'Page\\\' [/workspace/LawMatics.SDK.Tests/LawMatics.SDK.Tests.csproj]\\\\n/workspace/LawMatics.SDK.Tests/Clients/CompaniesClientTests.cs(56,61): error CS0117: \\\'PaginationInfo\\\' does not contain a definition for \\\'PageSize\\\' [/workspace/LawMatics.SDK.Tests/LawMatics.SDK.Tests.csproj]\\\\n/workspace/LawMatics.SDK.Tests/Clients/CompaniesClientTests.cs(56,76): error CS0117: \\\'PaginationInfo\\\' does not contain a definition for \\\'TotalCount\\\' [/workspace/LawMatics.SDK.Tests/LawMatics.SDK.Tests.csproj]\\\\n/workspace/LawMatics.SDK.Tests/Clients/CompaniesClientTests.cs(61,86): error CS1503: Argument 3: cannot convert from \\\'string\\\' to \\\'System.Net.Http.Headers.MediaTypeHeaderValue?\\\' [/workspace/LawMatics.SDK.Tests/LawMatics.SDK.Tests.csproj]\\\\n/workspace/LawMatics.SDK.Tests/Clients/NotesClientTests.cs(49,40): error CS0246: The type or namespace name \\\'PagedResponse<>\\\' could not be found (are you missing a using directive or an assembly reference?) [/workspace/LawMatics.SDK.Tests/LawMatics.SDK.Tests.csproj]\\\\n/workspace/LawMatics.SDK.Tests/Clients/NotesClientTests.cs(49,54): error CS0104: \\\'Note\\\' is an ambiguous reference between \\\'LawMatics.SDK.Clients.Note\\\' and \\\'LawMatics.SDK.Models.Note\\\' [/workspace/LawMatics.SDK.Tests/LawMatics.SDK.Tests.csproj]\\\\n/workspace/LawMatics.SDK.Tests/Clients/NotesClientTests.cs(51,33): error CS0104: \\\'Note\\\' is an ambiguous reference between \\\'LawMatics.SDK.Clients.Note\\\' and \\\'LawMatics.SDK.Models.Note\\\' [/workspace/LawMatics.SDK.Tests/LawMatics.SDK.Tests.csproj]\\\\n/workspace/LawMatics.SDK.Tests/Clients/NotesClientTests.cs(53,25): error CS0104: \\\'Note\\\' is an ambiguous reference between \\\'LawMatics.SDK.Clients.Note\\\' and \\\'LawMatics.SDK.Models.Note\\\' [/workspace/LawMatics.SDK.Tests/LawMatics.SDK.Tests.csproj]\\\\n/workspace/LawMatics.SDK.Tests/Clients/NotesClientTests.cs(54,25): error CS0104: \\\'Note\\\' is an ambiguous reference between \\\'LawMatics.SDK.Clients.Note\\\' and \\\'LawMatics.SDK.Models.Note\\\' [/workspace/LawMatics.SDK.Tests/LawMatics.SDK.Tests.csproj]\\\\n/workspace/LawMatics.SDK.Tests/Clients/NotesClientTests.cs(56,51): error CS0117: \\\'PaginationInfo\\\' does not contain a definition for \\\'Page\\\' [/workspace/LawMatics.SDK.Tests/LawMatics.SDK.Tests.csproj]\\\\n/workspace/LawMatics.SDK.Tests/Clients/NotesClientTests.cs(56,61): error CS0117: \\\'PaginationInfo\\\' does not contain a definition for \\\'PageSize\\\' [/workspace/LawMatics.SDK.Tests/LawMatics.SDK.Tests.csproj]\\\\n/workspace/LawMatics.SDK.Tests/Clients/NotesClientTests.cs(56,76): error CS0117: \\\'PaginationInfo\\\' does not contain a definition for \\\'TotalCount\\\' [/workspace/LawMatics.SDK.Tests/LawMatics.SDK.Tests.csproj]\\\\n/workspace/LawMatics.SDK.Tests/Clients/NotesClientTests.cs(61,86): error CS1503: Argument 3: cannot convert from \\\'string\\\' to \\\'System.Net.Http.Headers.MediaTypeHeaderValue?\\\' [/workspace/LawMatics.SDK.Tests/LawMatics.SDK.Tests.csproj]\\\\n/workspace/LawMatics.SDK.Tests/Clients/NotesClientTests.cs(79,56): error CS1061: \\\'Note\\\' does not contain a definition for \\\'Title\\\' and no accessible extension method \\\'Title\\\' accepting a first argument of type \\\'Note\\\' could be found (are you missing a using directive or an assembly reference?) [/workspace/LawMatics.SDK.Tests/LawMatics.SDK.Tests.csproj]\\\\n/workspace/LawMatics.SDK.Tests/Clients/NotesClientTests.cs(80,56): error CS1061: \\\'Note\\\' does not contain a definition for \\\'Title\\\' and no accessible extension method \\\'Title\\\' accepting a first argument of type \\\'Note\\\' could be found (are you missing a using directive or an assembly reference?) [/workspace/LawMatics.SDK.Tests/LawMatics.SDK.Tests.csproj]\\\\n/workspace/LawMatics.SDK.Tests/Clients/CompaniesClientTests.cs(110,35): error CS1061: \\\'Company\\\' does not contain a definition for \\\'Data\\\' and no accessible extension method \\\'Data\\\' accepting a first argument of type \\\'Company\\\' could be found (are you missing a using directive or an assembly reference?) [/workspace/LawMatics.SDK.Tests/LawMatics.SDK.Tests.csproj]\\\\n/workspace/LawMatics.SDK.Tests/Clients/CompaniesClientTests.cs(111,36): error CS1061: \\\'Company\\\' does not contain a definition for \\\'Data\\\' and no accessible extension method \\\'Data\\\' accepting a first argument of type \\\'Company\\\' could be found (are you missing a using directive or an assembly reference?) [/workspace/LawMatics.SDK.Tests/LawMatics.SDK.Tests.csproj]\\\\n/workspace/LawMatics.SDK.Tests/Clients/CompaniesClientTests.cs(112,49): error CS1061: \\\'Company\\\' does not contain a definition for \\\'Data\\\' and no accessible extension method \\\'Data\\\' accepting a first argument of type \\\'Company\\\' could be found (are you missing a using directive or an assembly reference?) [/workspace/LawMatics.SDK.Tests/LawMatics.SDK.Tests.csproj]\\\\n/workspace/LawMatics.SDK.Tests/Clients/NotesClientTests.cs(87,52): error CS0104: \\\'Note\\\' is an ambiguous reference between \\\'LawMatics.SDK.Clients.Note\\\' and \\\'LawMatics.SDK.Models.Note\\\' [/workspace/LawMatics.SDK.Tests/LawMatics.SDK.Tests.csproj]\\\\n/workspace/LawMatics.SDK.Tests/Clients/NotesClientTests.cs(89,28): error CS0104: \\\'Note\\\' is an ambiguous reference between \\\'LawMatics.SDK.Clients.Note\\\' and \\\'LawMatics.SDK.Models.Note\\\' [/workspace/LawMatics.SDK.Tests/LawMatics.SDK.Tests.csproj]\\\\n/workspace/LawMatics.SDK.Tests/Clients/NotesClientTests.cs(110,35): error CS1061: \\\'Note\\\' does not contain a definition for \\\'Data\\\' and no accessible extension method \\\'Data\\\' accepting a first argument of type \\\'Note\\\' could be found (are you missing a using directive or an assembly reference?) [/workspace/LawMatics.SDK.Tests/LawMatics.SDK.Tests.csproj]\\\\n/workspace/LawMatics.SDK.Tests/Clients/NotesClientTests.cs(111,36): error CS1061: \\\'Note\\\' does not contain a definition for \\\'Data\\\' and no accessible extension method \\\'Data\\\' accepting a first argument of type \\\'Note\\\' could be found (are you missing a using directive or an assembly reference?) [/workspace/LawMatics.SDK.Tests/LawMatics.SDK.Tests.csproj]\\\\n/workspace/LawMatics.SDK.Tests/Clients/NotesClientTests.cs(112,46): error CS1061: \\\'Note\\\' does not contain a definition for \\\'Data\\\' and no accessible extension method \\\'Data\\\' accepting a first argument of type \\\'Note\\\' could be found (are you missing a using directive or an assembly reference?) [/workspace/LawMatics.SDK.Tests/LawMatics.SDK.Tests.csproj]\\\\n/workspace/LawMatics.SDK.Tests/Clients/NotesClientTests.cs(113,49): error CS1061: \\\'Note\\\' does not contain a definition for \\\'Data\\\' and no accessible extension method \\\'Data\\\' accepting a first argument of type \\\'Note\\\' could be found (are you missing a using directive or an assembly reference?) [/workspace/LawMatics.SDK.Tests/LawMatics.SDK.Tests.csproj]\\\\n/workspace/LawMatics.SDK.Tests/Clients/NotesClientTests.cs(114,44): error CS1061: \\\'Note\\\' does not contain a definition for \\\'Data\\\' and no accessible extension method \\\'Data\\\' accepting a first argument of type \\\'Note\\\' could be found (are you missing a using directive or an assembly reference?) [/workspace/LawMatics.SDK.Tests/LawMatics.SDK.Tests.csproj]\\\\n/workspace/LawMatics.SDK.Tests/Clients/NotesClientTests.cs(115,36): error CS1061: \\\'Note\\\' does not contain a definition for \\\'Data\\\' and no accessible extension method \\\'Data\\\' accepting a first argument of type \\\'Note\\\' could be found (are you missing a using directive or an assembly reference?) [/workspace/LawMatics.SDK.Tests/LawMatics.SDK.Tests.csproj]\\\\n/workspace/LawMatics.SDK.Tests/Clients/CompaniesClientTests.cs(148,35): error CS1061: \\\'Company\\\' does not contain a definition for \\\'Data\\\' and no accessible extension method \\\'Data\\\' accepting a first argument of type \\\'Company\\\' could be found (are you missing a using directive or an assembly reference?) [/workspace/LawMatics.SDK.Tests/LawMatics.SDK.Tests.csproj]\\\\n/workspace/LawMatics.SDK.Tests/Clients/CompaniesClientTests.cs(149,36): error CS1061: \\\'Company\\\' does not contain a definition for \\\'Data\\\' and no accessible extension method \\\'Data\\\' accepting a first argument of type \\\'Company\\\' could be found (are you missing a using directive or an assembly reference?) [/workspace/LawMatics.SDK.Tests/LawMatics.SDK.Tests.csproj]\\\\n/workspace/LawMatics.SDK.Tests/Clients/CompaniesClientTests.cs(150,47): error CS1061: \\\'Company\\\' does not contain a definition for \\\'Data\\\' and no accessible extension method \\\'Data\\\' accepting a first argument of type \\\'Company\\\' could be found (are you missing a using directive or an assembly reference?) [/workspace/LawMatics.SDK.Tests/LawMatics.SDK.Tests.csproj]\\\\n/workspace/LawMatics.SDK.Tests/Clients/CompaniesClientTests.cs(151,54): error CS1061: \\\'Company\\\' does not contain a definition for \\\'Data\\\' and no accessible extension method \\\'Data\\\' accepting a first argument of type \\\'Company\\\' could be found (are you missing a using directive or an assembly reference?) [/workspace/LawMatics.SDK.Tests/LawMatics.SDK.Tests.csproj]\\\\n/workspace/LawMatics.SDK.Tests/Clients/CompaniesClientTests.cs(152,50): error CS1061: \\\'Company\\\' does not contain a definition for \\\'Data\\\' and no accessible extension method \\\'Data\\\' accepting a first argument of type \\\'Company\\\' could be found (are you missing a using directive or an assembly reference?) [/workspace/LawMatics.SDK.Tests/LawMatics.SDK.Tests.csproj]\\\\n/workspace/LawMatics.SDK.Tests/Clients/NotesClientTests.cs(122,31): error CS0104: \\\'CreateNoteRequest\\\' is an ambiguous reference between \\\'LawMatics.SDK.Clients.CreateNoteRequest\\\' and \\\'LawMatics.SDK.Models.CreateNoteRequest\\\' [/workspace/LawMatics.SDK.Tests/LawMatics.SDK.Tests.csproj]\\\\n/workspace/LawMatics.SDK.Tests/Clients/NotesClientTests.cs(130,52): error CS0104: \\\'Note\\\' is an ambiguous reference between \\\'LawMatics.SDK.Clients.Note\\\' and \\\'LawMatics.SDK.Models.Note\\\' [/workspace/LawMatics.SDK.Tests/LawMatics.SDK.Tests.csproj]\\\\n/workspace/LawMatics.SDK.Tests/Clients/NotesClientTests.cs(132,28): error CS0104: \\\'Note\\\' is an ambiguous reference between \\\'LawMatics.SDK.Clients.Note\\\' and \\\'LawMatics.SDK.Models.Note\\\' [/workspace/LawMatics.SDK.Tests/LawMatics.SDK.Tests.csproj]\\\\n/workspace/LawMatics.SDK.Tests/Clients/NotesClientTests.cs(175,31): error CS0104: \\\'UpdateNoteRequest\\\' is an ambiguous reference between \\\'LawMatics.SDK.Clients.UpdateNoteRequest\\\' and \\\'LawMatics.SDK.Models.UpdateNoteRequest\\\' [/workspace/LawMatics.SDK.Tests/LawMatics.SDK.Tests.csproj]\\\\n/workspace/LawMatics.SDK.Tests/Clients/NotesClientTests.cs(181,52): error CS0104: \\\'Note\\\' is an ambiguous reference between \\\'LawMatics.SDK.Clients.Note\\\' and \\\'LawMatics.SDK.Models.Note\\\' [/workspace/LawMatics.SDK.Tests/LawMatics.SDK.Tests.csproj]\\\\n/workspace/LawMatics.SDK.Tests/Clients/NotesClientTests.cs(183,28): error CS0104: \\\'Note\\\' is an ambiguous reference between \\\'LawMatics.SDK.Clients.Note\\\' and \\\'LawMatics.SDK.Models.Note\\\' [/workspace/LawMatics.SDK.Tests/LawMatics.SDK.Tests.csproj]\\\\n/workspace/LawMatics.SDK.Tests/Clients/CompaniesClientTests.cs(187,35): error CS1061: \\\'Company\\\' does not contain a definition for \\\'Data\\\' and no accessible extension method \\\'Data\\\' accepting a first argument of type \\\'Company\\\' could be found (are you missing a using directive or an assembly reference?) [/workspace/LawMatics.SDK.Tests/LawMatics.SDK.Tests.csproj]\\\\n/workspace/LawMatics.SDK.Tests/Clients/CompaniesClientTests.cs(188,36): error CS1061: \\\'Company\\\' does not contain a definition for \\\'Data\\\' and no accessible extension method \\\'Data\\\' accepting a first argument of type \\\'Company\\\' could be found (are you missing a using directive or an assembly reference?) [/workspace/LawMatics.SDK.Tests/LawMatics.SDK.Tests.csproj]\\\\n/workspace/LawMatics.SDK.Tests/Clients/CompaniesClientTests.cs(189,47): error CS1061: \\\'Company\\\' does not contain a definition for \\\'Data\\\' and no accessible extension method \\\'Data\\\' accepting a first argument of type \\\'Company\\\' could be found (are you missing a using directive or an assembly reference?) [/workspace/LawMatics.SDK.Tests/LawMatics.SDK.Tests.csproj]\\\\n/workspace/LawMatics.SDK.Tests/Clients/CompaniesClientTests.cs(190,54): error CS1061: \\\'Company\\\' does not contain a definition for \\\'Data\\\' and no accessible extension method \\\'Data\\\' accepting a first argument of type \\\'Company\\\' could be found (are you missing a using directive or an assembly reference?) [/workspace/LawMatics.SDK.Tests/LawMatics.SDK.Tests.csproj]\\\\n/workspace/LawMatics.SDK.Tests/Clients/CompaniesClientTests.cs(213,17): error CS0815: Cannot assign void to an implicitly-typed variable [/workspace/LawMatics.SDK.Tests/LawMatics.SDK.Tests.csproj]\\\\n/workspace/LawMatics.SDK.Tests/Clients/CompaniesClientTests.cs(224,40): error CS0246: The type or namespace name \\\'PagedResponse<>\\\' could not be found (are you missing a using directive or an assembly reference?) [/workspace/LawMatics.SDK.Tests/LawMatics.SDK.Tests.csproj]\\\\n/workspace/LawMatics.SDK.Tests/Clients/CompaniesClientTests.cs(230,51): error CS0117: \\\'PaginationInfo\\\' does not contain a definition for \\\'Page\\\' [/workspace/LawMatics.SDK.Tests/LawMatics.SDK.Tests.csproj]\\\\n/workspace/LawMatics.SDK.Tests/Clients/CompaniesClientTests.cs(230,61): error CS0117: \\\'PaginationInfo\\\' does not contain a definition for \\\'PageSize\\\' [/workspace/LawMatics.SDK.Tests/LawMatics.SDK.Tests.csproj]\\\\n/workspace/LawMatics.SDK.Tests/Clients/CompaniesClientTests.cs(230,76): error CS0117: \\\'PaginationInfo\\\' does not contain a definition for \\\'TotalCount\\\' [/workspace/LawMatics.SDK.Tests/LawMatics.SDK.Tests.csproj]\\\\n/workspace/LawMatics.SDK.Tests/Clients/CompaniesClientTests.cs(235,86): error CS1503: Argument 3: cannot convert from \\\'string\\\' to \\\'System.Net.Http.Headers.MediaTypeHeaderValue?\\\' [/workspace/LawMatics.SDK.Tests/LawMatics.SDK.Tests.csproj]\\\\n/workspace/LawMatics.SDK.Tests/Clients/CompaniesClientTests.cs(247,40): error CS1061: \\\'CompaniesClient\\\' does not contain a definition for \\\'SearchCompaniesAsync\\\' and no accessible extension method \\\'SearchCompaniesAsync\\\' accepting a first argument of type \\\'CompaniesClient\\\' could be found (are you missing a using directive or an assembly reference?) [/workspace/LawMatics.SDK.Tests/LawMatics.SDK.Tests.csproj]\\\\n/workspace/LawMatics.SDK.Tests/Clients/CompaniesClientTests.cs(259,21): error CS1061: \\\'CompaniesClient\\\' does not contain a definition for \\\'Dispose\\\' and no accessible extension method \\\'Dispose\\\' accepting a first argument of type \\\'CompaniesClient\\\' could be found (are you missing a using directive or an assembly reference?) [/workspace/LawMatics.SDK.Tests/LawMatics.SDK.Tests.csproj]\\\\n/workspace/LawMatics.SDK.Tests/Clients/NotesClientTests.cs(250,40): error CS0246: The type or namespace name \\\'PagedResponse<>\\\' could not be found (are you missing a using directive or an assembly reference?) [/workspace/LawMatics.SDK.Tests/LawMatics.SDK.Tests.csproj]\\\\n/workspace/LawMatics.SDK.Tests/Clients/NotesClientTests.cs(250,54): error CS0104: \\\'Note\\\' is an ambiguous reference between \\\'LawMatics.SDK.Clients.Note\\\' and \\\'LawMatics.SDK.Models.Note\\\' [/workspace/LawMatics.SDK.Tests/LawMatics.SDK.Tests.csproj]\\\\n/workspace/LawMatics.SDK.Tests/Clients/NotesClientTests.cs(252,33): error CS0104: \\\'Note\\\' is an ambiguous reference between \\\'LawMatics.SDK.Clients.Note\\\' and \\\'LawMatics.SDK.Models.Note\\\' [/workspace/LawMatics.SDK.Tests/LawMatics.SDK.Tests.csproj]\\\\n/workspace/LawMatics.SDK.Tests/Clients/NotesClientTests.cs(254,25): error CS0104: \\\'Note\\\' is an ambiguous reference between \\\'LawMatics.SDK.Clients.Note\\\' and \\\'LawMatics.SDK.Models.Note\\\' [/workspace/LawMatics.SDK.Tests/LawMatics.SDK.Tests.csproj]\\\\n/workspace/LawMatics.SDK.Tests/Clients/NotesClientTests.cs(255,25): error CS0104: \\\'Note\\\' is an ambiguous reference between \\\'LawMatics.SDK.Clients.Note\\\' and \\\'LawMatics.SDK.Models.Note\\\' [/workspace/LawMatics.SDK.Tests/LawMatics.SDK.Tests.csproj]\\\\n/workspace/LawMatics.SDK.Tests/Clients/NotesClientTests.cs(257,51): error CS0117: \\\'PaginationInfo\\\' does not contain a definition for \\\'Page\\\' [/workspace/LawMatics.SDK.Tests/LawMatics.SDK.Tests.csproj]\\\\n/workspace/LawMatics.SDK.Tests/Clients/NotesClientTests.cs(257,61): error CS0117: \\\'PaginationInfo\\\' does not contain a definition for \\\'PageSize\\\' [/workspace/LawMatics.SDK.Tests/LawMatics.SDK.Tests.csproj]\\\\n/workspace/LawMatics.SDK.Tests/Clients/NotesClientTests.cs(257,76): error CS0117: \\\'PaginationInfo\\\' does not contain a definition for \\\'TotalCount\\\' [/workspace/LawMatics.SDK.Tests/LawMatics.SDK.Tests.csproj]\\\\n/workspace/LawMatics.SDK.Tests/Clients/NotesClientTests.cs(262,86): error CS1503: Argument 3: cannot convert from \\\'string\\\' to \\\'System.Net.Http.Headers.MediaTypeHeaderValue?\\\' [/workspace/LawMatics.SDK.Tests/LawMatics.SDK.Tests.csproj]\\\\n/workspace/LawMatics.SDK.Tests/Clients/NotesClientTests.cs(274,40): error CS1061: \\\'NotesClient\\\' does not contain a definition for \\\'GetNotesByEntityAsync\\\' and no accessible extension method \\\'GetNotesByEntityAsync\\\' accepting a first argument of type \\\'NotesClient\\\' could be found (are you missing a using directive or an assembly reference?) [/workspace/LawMatics.SDK.Tests/LawMatics.SDK.Tests.csproj]\\\\n/workspace/LawMatics.SDK.Tests/Clients/NotesClientTests.cs(292,40): error CS0246: The type or namespace name \\\'PagedResponse<>\\\' could not be found (are you missing a using directive or an assembly reference?) [/workspace/LawMatics.SDK.Tests/LawMatics.SDK.Tests.csproj]\\\\n/workspace/LawMatics.SDK.Tests/Clients/NotesClientTests.cs(292,54): error CS0104: \\\'Note\\\' is an ambiguous reference between \\\'LawMatics.SDK.Clients.Note\\\' and \\\'LawMatics.SDK.Models.Note\\\' [/workspace/LawMatics.SDK.Tests/LawMatics.SDK.Tests.csproj]\\\\n/workspace/LawMatics.SDK.Tests/Clients/NotesClientTests.cs(294,33): error CS0104: \\\'Note\\\' is an ambiguous reference between \\\'LawMatics.SDK.Clients.Note\\\' and \\\'LawMatics.SDK.Models.Note\\\' [/workspace/LawMatics.SDK.Tests/LawMatics.SDK.Tests.csproj]\\\\n/workspace/LawMatics.SDK.Tests/Clients/NotesClientTests.cs(296,25): error CS0104: \\\'Note\\\' is an ambiguous reference between \\\'LawMatics.SDK.Clients.Note\\\' and \\\'LawMatics.SDK.Models.Note\\\' [/workspace/LawMatics.SDK.Tests/LawMatics.SDK.Tests.csproj]\\\\n/workspace/LawMatics.SDK.Tests/Clients/NotesClientTests.cs(297,25): error CS0104: \\\'Note\\\' is an ambiguous reference between \\\'LawMatics.SDK.Clients.Note\\\' and \\\'LawMatics.SDK.Models.Note\\\' [/workspace/LawMatics.SDK.Tests/LawMatics.SDK.Tests.csproj]\\\\n/workspace/LawMatics.SDK.Tests/Clients/NotesClientTests.cs(299,51): error CS0117: \\\'PaginationInfo\\\' does not contain a definition for \\\'Page\\\' [/workspace/LawMatics.SDK.Tests/LawMatics.SDK.Tests.csproj]\\\\n/workspace/LawMatics.SDK.Tests/Clients/NotesClientTests.cs(299,61): error CS0117: \\\'PaginationInfo\\\' does not contain a definition for \\\'PageSize\\\' [/workspace/LawMatics.SDK.Tests/LawMatics.SDK.Tests.csproj]\\\\n/workspace/LawMatics.SDK.Tests/Clients/NotesClientTests.cs(299,76): error CS0117: \\\'PaginationInfo\\\' does not contain a definition for \\\'TotalCount\\\' [/workspace/LawMatics.SDK.Tests/LawMatics.SDK.Tests.csproj]\\\\n/workspace/LawMatics.SDK.Tests/Clients/NotesClientTests.cs(304,86): error CS1503: Argument 3: cannot convert from \\\'string\\\' to \\\'System.Net.Http.Headers.MediaTypeHeaderValue?\\\' [/workspace/LawMatics.SDK.Tests/LawMatics.SDK.Tests.csproj]\\\\n/workspace/LawMatics.SDK.Tests/Clients/NotesClientTests.cs(316,40): error CS1061: \\\'NotesClient\\\' does not contain a definition for \\\'GetNotesByUserAsync\\\' and no accessible extension method \\\'GetNotesByUserAsync\\\' accepting a first argument of type \\\'NotesClient\\\' could be found (are you missing a using directive or an assembly reference?) [/workspace/LawMatics.SDK.Tests/LawMatics.SDK.Tests.csproj]\\\\n/workspace/LawMatics.SDK.Tests/Clients/NotesClientTests.cs(330,40): error CS0246: The type or namespace name \\\'PagedResponse<>\\\' could not be found (are you missing a using directive or an assembly reference?) [/workspace/LawMatics.SDK.Tests/LawMatics.SDK.Tests.csproj]\\\\n/workspace/LawMatics.SDK.Tests/Clients/NotesClientTests.cs(330,54): error CS0104: \\\'Note\\\' is an ambiguous reference between \\\'LawMatics.SDK.Clients.Note\\\' and \\\'LawMatics.SDK.Models.Note\\\' [/workspace/LawMatics.SDK.Tests/LawMatics.SDK.Tests.csproj]\\\\n/workspace/LawMatics.SDK.Tests/Clients/NotesClientTests.cs(332,33): error CS0104: \\\'Note\\\' is an ambiguous reference between \\\'LawMatics.SDK.Clients.Note\\\' and \\\'LawMatics.SDK.Models.Note\\\' [/workspace/LawMatics.SDK.Tests/LawMatics.SDK.Tests.csproj]\\\\n/workspace/LawMatics.SDK.Tests/Clients/NotesClientTests.cs(334,25): error CS0104: \\\'Note\\\' is an ambiguous reference between \\\'LawMatics.SDK.Clients.Note\\\' and \\\'LawMatics.SDK.Models.Note\\\' [/workspace/LawMatics.SDK.Tests/LawMatics.SDK.Tests.csproj]\\\\n/workspace/LawMatics.SDK.Tests/Clients/NotesClientTests.cs(336,51): error CS0117: \\\'PaginationInfo\\\' does not contain a definition for \\\'Page\\\' [/workspace/LawMatics.SDK.Tests/LawMatics.SDK.Tests.csproj]\\\\n/workspace/LawMatics.SDK.Tests/Clients/NotesClientTests.cs(336,61): error CS0117: \\\'PaginationInfo\\\' does not contain a definition for \\\'PageSize\\\' [/workspace/LawMatics.SDK.Tests/LawMatics.SDK.Tests.csproj]\\\\n/workspace/LawMatics.SDK.Tests/Clients/NotesClientTests.cs(336,76): error CS0117: \\\'PaginationInfo\\\' does not contain a definition for \\\'TotalCount\\\' [/workspace/LawMatics.SDK.Tests/LawMatics.SDK.Tests.csproj]\\\\n/workspace/LawMatics.SDK.Tests/Clients/NotesClientTests.cs(341,86): error CS1503: Argument 3: cannot convert from \\\'string\\\' to \\\'System.Net.Http.Headers.MediaTypeHeaderValue?\\\' [/workspace/LawMatics.SDK.Tests/LawMatics.SDK.Tests.csproj]\\\\n/workspace/LawMatics.SDK.Tests/Clients/NotesClientTests.cs(353,40): error CS1061: \\\'NotesClient\\\' does not contain a definition for \\\'SearchNotesAsync\\\' and no accessible extension method \\\'SearchNotesAsync\\\' accepting a first argument of type \\\'NotesClient\\\' could be found (are you missing a using directive or an assembly reference?) [/workspace/LawMatics.SDK.Tests/LawMatics.SDK.Tests.csproj]\\\\n/workspace/LawMatics.SDK.Tests/Clients/NotesClientTests.cs(365,21): error CS1061: \\\'NotesClient\\\' does not contain a definition for \\\'Dispose\\\' and no accessible extension method \\\'Dispose\\\' accepting a first argument of type \\\'NotesClient\\\' could be found (are you missing a using directive or an assembly reference?) [/workspace/LawMatics.SDK.Tests/LawMatics.SDK.Tests.csproj]\\\\n/workspace/LawMatics.SDK.Tests/Clients/MattersClientTests.cs(49,40): error CS0246: The type or namespace name \\\'PagedResponse<>\\\' could not be found (are you missing a using directive or an assembly reference?) [/workspace/LawMatics.SDK.Tests/LawMatics.SDK.Tests.csproj]\\\\n/workspace/LawMatics.SDK.Tests/Clients/MattersClientTests.cs(56,51): error CS0117: \\\'PaginationInfo\\\' does not contain a definition for \\\'Page\\\' [/workspace/LawMatics.SDK.Tests/LawMatics.SDK.Tests.csproj]\\\\n/workspace/LawMatics.SDK.Tests/Clients/MattersClientTests.cs(56,61): error CS0117: \\\'PaginationInfo\\\' does not contain a definition for \\\'PageSize\\\' [/workspace/LawMatics.SDK.Tests/LawMatics.SDK.Tests.csproj]\\\\n/workspace/LawMatics.SDK.Tests/Clients/MattersClientTests.cs(56,76): error CS0117: \\\'PaginationInfo\\\' does not contain a definition for \\\'TotalCount\\\' [/workspace/LawMatics.SDK.Tests/LawMatics.SDK.Tests.csproj]\\\\n/workspace/LawMatics.SDK.Tests/Clients/MattersClientTests.cs(61,86): error CS1503: Argument 3: cannot convert from \\\'string\\\' to \\\'System.Net.Http.Headers.MediaTypeHeaderValue?\\\' [/workspace/LawMatics.SDK.Tests/LawMatics.SDK.Tests.csproj]\\\\n/workspace/LawMatics.SDK.Tests/Clients/CustomFieldsClientTests.cs(49,40): error CS0246: The type or namespace name \\\'PagedResponse<>\\\' could not be found (are you missing a using directive or an assembly reference?) [/workspace/LawMatics.SDK.Tests/LawMatics.SDK.Tests.csproj]\\\\n/workspace/LawMatics.SDK.Tests/Clients/CustomFieldsClientTests.cs(53,87): error CS0117: \\\'CustomField\\\' does not contain a definition for \\\'EntityType\\\' [/workspace/LawMatics.SDK.Tests/LawMatics.SDK.Tests.csproj]\\\\n/workspace/LawMatics.SDK.Tests/Clients/CustomFieldsClientTests.cs(54,89): error CS0117: \\\'CustomField\\\' does not contain a definition for \\\'EntityType\\\' [/workspace/LawMatics.SDK.Tests/LawMatics.SDK.Tests.csproj]\\\\n/workspace/LawMatics.SDK.Tests/Clients/CustomFieldsClientTests.cs(56,51): error CS0117: \\\'PaginationInfo\\\' does not contain a definition for \\\'Page\\\' [/workspace/LawMatics.SDK.Tests/LawMatics.SDK.Tests.csproj]\\\\n/workspace/LawMatics.SDK.Tests/Clients/CustomFieldsClientTests.cs(56,61): error CS0117: \\\'PaginationInfo\\\' does not contain a definition for \\\'PageSize\\\' [/workspace/LawMatics.SDK.Tests/LawMatics.SDK.Tests.csproj]\\\\n/workspace/LawMatics.SDK.Tests/Clients/CustomFieldsClientTests.cs(56,76): error CS0117: \\\'PaginationInfo\\\' does not contain a definition for \\\'TotalCount\\\' [/workspace/LawMatics.SDK.Tests/LawMatics.SDK.Tests.csproj]\\\\n/workspace/LawMatics.SDK.Tests/Clients/CustomFieldsClientTests.cs(61,86): error CS1503: Argument 3: cannot convert from \\\'string\\\' to \\\'System.Net.Http.Headers.MediaTypeHeaderValue?\\\' [/workspace/LawMatics.SDK.Tests/LawMatics.SDK.Tests.csproj]\\\\n/workspace/LawMatics.SDK.Tests/Clients/CustomFieldsClientTests.cs(89,86): error CS0117: \\\'CustomField\\\' does not contain a definition for \\\'EntityType\\\' [/workspace/LawMatics.SDK.Tests/LawMatics.SDK.Tests.csproj]\\\\n/workspace/LawMatics.SDK.Tests/Clients/CustomFieldsClientTests.cs(110,35): error CS1061: \\\'CustomField\\\' does not contain a definition for \\\'Data\\\' and no accessible extension method \\\'Data\\\' accepting a first argument of type \\\'CustomField\\\' could be found (are you missing a using directive or an assembly reference?) [/workspace/LawMatics.SDK.Tests/LawMatics.SDK.Tests.csproj]\\\\n/workspace/LawMatics.SDK.Tests/Clients/CustomFieldsClientTests.cs(111,36): error CS1061: \\\'CustomField\\\' does not contain a definition for \\\'Data\\\' and no accessible extension method \\\'Data\\\' accepting a first argument of type \\\'CustomField\\\' could be found (are you missing a using directive or an assembly reference?) [/workspace/LawMatics.SDK.Tests/LawMatics.SDK.Tests.csproj]\\\\n/workspace/LawMatics.SDK.Tests/Clients/CustomFieldsClientTests.cs(112,47): error CS1061: \\\'CustomField\\\' does not contain a definition for \\\'Data\\\' and no accessible extension method \\\'Data\\\' accepting a first argument of type \\\'CustomField\\\' could be found (are you missing a using directive or an assembly reference?) [/workspace/LawMatics.SDK.Tests/LawMatics.SDK.Tests.csproj]\\\\n/workspace/LawMatics.SDK.Tests/Clients/CustomFieldsClientTests.cs(113,41): error CS1061: \\\'CustomField\\\' does not contain a definition for \\\'Data\\\' and no accessible extension method \\\'Data\\\' accepting a first argument of type \\\'CustomField\\\' could be found (are you missing a using directive or an assembly reference?) [/workspace/LawMatics.SDK.Tests/LawMatics.SDK.Tests.csproj]\\\\n/workspace/LawMatics.SDK.Tests/Clients/CustomFieldsClientTests.cs(114,44): error CS1061: \\\'CustomField\\\' does not contain a definition for \\\'Data\\\' and no accessible extension method \\\'Data\\\' accepting a first argument of type \\\'CustomField\\\' could be found (are you missing a using directive or an assembly reference?) [/workspace/LawMatics.SDK.Tests/LawMatics.SDK.Tests.csproj]\\\\n/workspace/LawMatics.SDK.Tests/Clients/MattersClientTests.cs(110,35): error CS1061: \\\'Matter\\\' does not contain a definition for \\\'Data\\\' and no accessible extension method \\\'Data\\\' accepting a first argument of type \\\'Matter\\\' could be found (are you missing a using directive or an assembly reference?) [/workspace/LawMatics.SDK.Tests/LawMatics.SDK.Tests.csproj]\\\\n/workspace/LawMatics.SDK.Tests/Clients/MattersClientTests.cs(111,36): error CS1061: \\\'Matter\\\' does not contain a definition for \\\'Data\\\' and no accessible extension method \\\'Data\\\' accepting a first argument of type \\\'Matter\\\' could be found (are you missing a using directive or an assembly reference?) [/workspace/LawMatics.SDK.Tests/LawMatics.SDK.Tests.csproj]\\\\n/workspace/LawMatics.SDK.Tests/Clients/MattersClientTests.cs(112,48): error CS1061: \\\'Matter\\\' does not contain a definition for \\\'Data\\\' and no accessible extension method \\\'Data\\\' accepting a first argument of type \\\'Matter\\\' could be found (are you missing a using directive or an assembly reference?) [/workspace/LawMatics.SDK.Tests/LawMatics.SDK.Tests.csproj]\\\\n/workspace/LawMatics.SDK.Tests/Clients/MattersClientTests.cs(113,43): error CS1061: \\\'Matter\\\' does not contain a definition for \\\'Data\\\' and no accessible extension method \\\'Data\\\' accepting a first argument of type \\\'Matter\\\' could be found (are you missing a using directive or an assembly reference?) [/workspace/LawMatics.SDK.Tests/LawMatics.SDK.Tests.csproj]\\\\n/workspace/LawMatics.SDK.Tests/Clients/CustomFieldsClientTests.cs(125,17): error CS0117: \\\'CreateCustomFieldRequest\\\' does not contain a definition for \\\'EntityType\\\' [/workspace/LawMatics.SDK.Tests/LawMatics.SDK.Tests.csproj]\\\\n/workspace/LawMatics.SDK.Tests/Clients/CustomFieldsClientTests.cs(128,27): error CS0029: Cannot implicitly convert type \\\'System.Collections.Generic.List<string>\\\' to \\\'System.Collections.Generic.List<LawMatics.SDK.Models.CustomFieldOption>\\\' [/workspace/LawMatics.SDK.Tests/LawMatics.SDK.Tests.csproj]\\\\n/workspace/LawMatics.SDK.Tests/Clients/CustomFieldsClientTests.cs(137,21): error CS0117: \\\'CustomField\\\' does not contain a definition for \\\'EntityType\\\' [/workspace/LawMatics.SDK.Tests/LawMatics.SDK.Tests.csproj]\\\\n/workspace/LawMatics.SDK.Tests/Clients/CustomFieldsClientTests.cs(137,42): error CS1061: \\\'CreateCustomFieldRequest\\\' does not contain a definition for \\\'EntityType\\\' and no accessible extension method \\\'EntityType\\\' accepting a first argument of type \\\'CreateCustomFieldRequest\\\' could be found (are you missing a using directive or an assembly reference?) [/workspace/LawMatics.SDK.Tests/LawMatics.SDK.Tests.csproj]\\\\n/workspace/LawMatics.SDK.Tests/Clients/CustomFieldsClientTests.cs(158,63): error CS1503: Argument 1: cannot convert from \\\'LawMatics.SDK.Models.CreateCustomFieldRequest\\\' to \\\'LawMatics.SDK.Models.CustomField\\\' [/workspace/LawMatics.SDK.Tests/LawMatics.SDK.Tests.csproj]\\\\n/workspace/LawMatics.SDK.Tests/Clients/CustomFieldsClientTests.cs(166,34): error CS1061: \\\'CreateCustomFieldRequest\\\' does not contain a definition for \\\'EntityType\\\' and no accessible extension method \\\'EntityType\\\' accepting a first argument of type \\\'CreateCustomFieldRequest\\\' could be found (are you missing a using directive or an assembly reference?) [/workspace/LawMatics.SDK.Tests/LawMatics.SDK.Tests.csproj]\\\\n/workspace/LawMatics.SDK.Tests/Clients/MattersClientTests.cs(150,35): error CS1061: \\\'Matter\\\' does not contain a definition for \\\'Data\\\' and no accessible extension method \\\'Data\\\' accepting a first argument of type \\\'Matter\\\' could be found (are you missing a using directive or an assembly reference?) [/workspace/LawMatics.SDK.Tests/LawMatics.SDK.Tests.csproj]\\\\n/workspace/LawMatics.SDK.Tests/Clients/MattersClientTests.cs(151,36): error CS1061: \\\'Matter\\\' does not contain a definition for \\\'Data\\\' and no accessible extension method \\\'Data\\\' accepting a first argument of type \\\'Matter\\\' could be found (are you missing a using directive or an assembly reference?) [/workspace/LawMatics.SDK.Tests/LawMatics.SDK.Tests.csproj]\\\\n/workspace/LawMatics.SDK.Tests/Clients/MattersClientTests.cs(152,47): error CS1061: \\\'Matter\\\' does not contain a definition for \\\'Data\\\' and no accessible extension method \\\'Data\\\' accepting a first argument of type \\\'Matter\\\' could be found (are you missing a using directive or an assembly reference?) [/workspace/LawMatics.SDK.Tests/LawMatics.SDK.Tests.csproj]\\\\n/workspace/LawMatics.SDK.Tests/Clients/MattersClientTests.cs(153,54): error CS1061: \\\'Matter\\\' does not contain a definition for \\\'Data\\\' and no accessible extension method \\\'Data\\\' accepting a first argument of type \\\'Matter\\\' could be found (are you missing a using directive or an assembly reference?) [/workspace/LawMatics.SDK.Tests/LawMatics.SDK.Tests.csproj]\\\\n/workspace/LawMatics.SDK.Tests/Clients/MattersClientTests.cs(154,49): error CS1061: \\\'Matter\\\' does not contain a definition for \\\'Data\\\' and no accessible extension method \\\'Data\\\' accepting a first argument of type \\\'Matter\\\' could be found (are you missing a using directive or an assembly reference?) [/workspace/LawMatics.SDK.Tests/LawMatics.SDK.Tests.csproj]\\\\n/workspace/LawMatics.SDK.Tests/Clients/MattersClientTests.cs(155,51): error CS1061: \\\'Matter\\\' does not contain a definition for \\\'Data\\\' and no accessible extension method \\\'Data\\\' accepting a first argument of type \\\'Matter\\\' could be found (are you missing a using directive or an assembly reference?) [/workspace/LawMatics.SDK.Tests/LawMatics.SDK.Tests.csproj]\\\\n/workspace/LawMatics.SDK.Tests/Clients/CustomFieldsClientTests.cs(176,31): error CS0246: The type or namespace name \\\'UpdateCustomFieldRequest\\\' could not be found (are you missing a using directive or an assembly reference?) [/workspace/LawMatics.SDK.Tests/LawMatics.SDK.Tests.csproj]\\\\n/workspace/LawMatics.SDK.Tests/Clients/CustomFieldsClientTests.cs(238,17): error CS0815: Cannot assign void to an implicitly-typed variable [/workspace/LawMatics.SDK.Tests/LawMatics.SDK.Tests.csproj]\\\\n/workspace/LawMatics.SDK.Tests/Clients/CustomFieldsClientTests.cs(249,40): error CS0246: The type or namespace name \\\'PagedResponse<>\\\' could not be found (are you missing a using directive or an assembly reference?) [/workspace/LawMatics.SDK.Tests/LawMatics.SDK.Tests.csproj]\\\\n/workspace/LawMatics.SDK.Tests/Clients/CustomFieldsClientTests.cs(253,88): error CS0117: \\\'CustomField\\\' does not contain a definition for \\\'EntityType\\\' [/workspace/LawMatics.SDK.Tests/LawMatics.SDK.Tests.csproj]\\\\n/workspace/LawMatics.SDK.Tests/Clients/CustomFieldsClientTests.cs(254,90): error CS0117: \\\'CustomField\\\' does not contain a definition for \\\'EntityType\\\' [/workspace/LawMatics.SDK.Tests/LawMatics.SDK.Tests.csproj]\\\\n/workspace/LawMatics.SDK.Tests/Clients/CustomFieldsClientTests.cs(256,51): error CS0117: \\\'PaginationInfo\\\' does not contain a definition for \\\'Page\\\' [/workspace/LawMatics.SDK.Tests/LawMatics.SDK.Tests.csproj]\\\\n/workspace/LawMatics.SDK.Tests/Clients/CustomFieldsClientTests.cs(256,61): error CS0117: \\\'PaginationInfo\\\' does not contain a definition for \\\'PageSize\\\' [/workspace/LawMatics.SDK.Tests/LawMatics.SDK.Tests.csproj]\\\\n/workspace/LawMatics.SDK.Tests/Clients/CustomFieldsClientTests.cs(256,76): error CS0117: \\\'PaginationInfo\\\' does not contain a definition for \\\'TotalCount\\\' [/workspace/LawMatics.SDK.Tests/LawMatics.SDK.Tests.csproj]\\\\n/workspace/LawMatics.SDK.Tests/Clients/CustomFieldsClientTests.cs(261,86): error CS1503: Argument 3: cannot convert from \\\'string\\\' to \\\'System.Net.Http.Headers.MediaTypeHeaderValue?\\\' [/workspace/LawMatics.SDK.Tests/LawMatics.SDK.Tests.csproj]\\\\n/workspace/LawMatics.SDK.Tests/Clients/CustomFieldsClientTests.cs(279,77): error CS1061: \\\'CustomField\\\' does not contain a definition for \\\'EntityType\\\' and no accessible extension method \\\'EntityType\\\' accepting a first argument of type \\\'CustomField\\\' could be found (are you missing a using directive or an assembly reference?) [/workspace/LawMatics.SDK.Tests/LawMatics.SDK.Tests.csproj]\\\\n/workspace/LawMatics.SDK.Tests/Clients/MattersClientTests.cs(187,61): error CS1503: Argument 2: cannot convert from \\\'LawMatics.SDK.Models.UpdateMatterRequest\\\' to \\\'LawMatics.SDK.Models.CreateMatterRequest\\\' [/workspace/LawMatics.SDK.Tests/LawMatics.SDK.Tests.csproj]\\\\n/workspace/LawMatics.SDK.Tests/Clients/CustomFieldsClientTests.cs(314,40): error CS1501: No overload for method \\\'GetCustomFieldValuesAsync\\\' takes 3 arguments [/workspace/LawMatics.SDK.Tests/LawMatics.SDK.Tests.csproj]\\\\n/workspace/LawMatics.SDK.Tests/Clients/CustomFieldsClientTests.cs(353,40): error CS1061: \\\'CustomFieldsClient\\\' does not contain a definition for \\\'SetCustomFieldValueAsync\\\' and no accessible extension method \\\'SetCustomFieldValueAsync\\\' accepting a first argument of type \\\'CustomFieldsClient\\\' could be found (are you missing a using directive or an assembly reference?) [/workspace/LawMatics.SDK.Tests/LawMatics.SDK.Tests.csproj]\\\\n/workspace/LawMatics.SDK.Tests/Clients/CustomFieldsClientTests.cs(363,21): error CS1061: \\\'CustomFieldsClient\\\' does not contain a definition for \\\'Dispose\\\' and no accessible extension method \\\'Dispose\\\' accepting a first argument of type \\\'CustomFieldsClient\\\' could be found (are you missing a using directive or an assembly reference?) [/workspace/LawMatics.SDK.Tests/LawMatics.SDK.Tests.csproj]\\\\n/workspace/LawMatics.SDK.Tests/Clients/MattersClientTests.cs(218,17): error CS0815: Cannot assign void to an implicitly-typed variable [/workspace/LawMatics.SDK.Tests/LawMatics.SDK.Tests.csproj]\\\\n/workspace/LawMatics.SDK.Tests/Clients/MattersClientTests.cs(229,40): error CS0246: The type or namespace name \\\'PagedResponse<>\\\' could not be found (are you missing a using directive or an assembly reference?) [/workspace/LawMatics.SDK.Tests/LawMatics.SDK.Tests.csproj]\\\\n/workspace/LawMatics.SDK.Tests/Clients/MattersClientTests.cs(235,51): error CS0117: \\\'PaginationInfo\\\' does not contain a definition for \\\'Page\\\' [/workspace/LawMatics.SDK.Tests/LawMatics.SDK.Tests.csproj]\\\\n/workspace/LawMatics.SDK.Tests/Clients/MattersClientTests.cs(235,61): error CS0117: \\\'PaginationInfo\\\' does not contain a definition for \\\'PageSize\\\' [/workspace/LawMatics.SDK.Tests/LawMatics.SDK.Tests.csproj]\\\\n/workspace/LawMatics.SDK.Tests/Clients/MattersClientTests.cs(235,76): error CS0117: \\\'PaginationInfo\\\' does not contain a definition for \\\'TotalCount\\\' [/workspace/LawMatics.SDK.Tests/LawMatics.SDK.Tests.csproj]\\\\n/workspace/LawMatics.SDK.Tests/Clients/MattersClientTests.cs(240,86): error CS1503: Argument 3: cannot convert from \\\'string\\\' to \\\'System.Net.Http.Headers.MediaTypeHeaderValue?\\\' [/workspace/LawMatics.SDK.Tests/LawMatics.SDK.Tests.csproj]\\\\n/workspace/LawMatics.SDK.Tests/Clients/MattersClientTests.cs(252,40): error CS1061: \\\'MattersClient\\\' does not contain a definition for \\\'SearchMattersAsync\\\' and no accessible extension method \\\'SearchMattersAsync\\\' accepting a first argument of type \\\'MattersClient\\\' could be found (are you missing a using directive or an assembly reference?) [/workspace/LawMatics.SDK.Tests/LawMatics.SDK.Tests.csproj]\\\\n/workspace/LawMatics.SDK.Tests/Clients/CustomFormsClientTests.cs(49,40): error CS0246: The type or namespace name \\\'PagedResponse<>\\\' could not be found (are you missing a using directive or an assembly reference?) [/workspace/LawMatics.SDK.Tests/LawMatics.SDK.Tests.csproj]\\\\n/workspace/LawMatics.SDK.Tests/Clients/CustomFormsClientTests.cs(49,54): error CS0104: \\\'CustomForm\\\' is an ambiguous reference between \\\'LawMatics.SDK.Clients.CustomForm\\\' and \\\'LawMatics.SDK.Models.CustomForm\\\' [/workspace/LawMatics.SDK.Tests/LawMatics.SDK.Tests.csproj]\\\\n/workspace/LawMatics.SDK.Tests/Clients/CustomFormsClientTests.cs(51,33): error CS0104: \\\'CustomForm\\\' is an ambiguous reference between \\\'LawMatics.SDK.Clients.CustomForm\\\' and \\\'LawMatics.SDK.Models.CustomForm\\\' [/workspace/LawMatics.SDK.Tests/LawMatics.SDK.Tests.csproj]\\\\n/workspace/LawMatics.SDK.Tests/Clients/CustomFormsClientTests.cs(53,25): error CS0104: \\\'CustomForm\\\' is an ambiguous reference between \\\'LawMatics.SDK.Clients.CustomForm\\\' and \\\'LawMatics.SDK.Models.CustomForm\\\' [/workspace/LawMatics.SDK.Tests/LawMatics.SDK.Tests.csproj]\\\\n/workspace/LawMatics.SDK.Tests/Clients/CustomFormsClientTests.cs(54,25): error CS0104: \\\'CustomForm\\\' is an ambiguous reference between \\\'LawMatics.SDK.Clients.CustomForm\\\' and \\\'LawMatics.SDK.Models.CustomForm\\\' [/workspace/LawMatics.SDK.Tests/LawMatics.SDK.Tests.csproj]\\\\n/workspace/LawMatics.SDK.Tests/Clients/CustomFormsClientTests.cs(56,51): error CS0117: \\\'PaginationInfo\\\' does not contain a definition for \\\'Page\\\' [/workspace/LawMatics.SDK.Tests/LawMatics.SDK.Tests.csproj]\\\\n/workspace/LawMatics.SDK.Tests/Clients/CustomFormsClientTests.cs(56,61): error CS0117: \\\'PaginationInfo\\\' does not contain a definition for \\\'PageSize\\\' [/workspace/LawMatics.SDK.Tests/LawMatics.SDK.Tests.csproj]\\\\n/workspace/LawMatics.SDK.Tests/Clients/CustomFormsClientTests.cs(56,76): error CS0117: \\\'PaginationInfo\\\' does not contain a definition for \\\'TotalCount\\\' [/workspace/LawMatics.SDK.Tests/LawMatics.SDK.Tests.csproj]\\\\n/workspace/LawMatics.SDK.Tests/Clients/CustomFormsClientTests.cs(61,86): error CS1503: Argument 3: cannot convert from \\\'string\\\' to \\\'System.Net.Http.Headers.MediaTypeHeaderValue?\\\' [/workspace/LawMatics.SDK.Tests/LawMatics.SDK.Tests.csproj]\\\\n/workspace/LawMatics.SDK.Tests/Clients/MattersClientTests.cs(266,40): error CS0246: The type or namespace name \\\'PagedResponse<>\\\' could not be found (are you missing a using directive or an assembly reference?) [/workspace/LawMatics.SDK.Tests/LawMatics.SDK.Tests.csproj]\\\\n/workspace/LawMatics.SDK.Tests/Clients/MattersClientTests.cs(272,51): error CS0117: \\\'PaginationInfo\\\' does not contain a definition for \\\'Page\\\' [/workspace/LawMatics.SDK.Tests/LawMatics.SDK.Tests.csproj]\\\\n/workspace/LawMatics.SDK.Tests/Clients/MattersClientTests.cs(272,61): error CS0117: \\\'PaginationInfo\\\' does not contain a definition for \\\'PageSize\\\' [/workspace/LawMatics.SDK.Tests/LawMatics.SDK.Tests.csproj]\\\\n/workspace/LawMatics.SDK.Tests/Clients/MattersClientTests.cs(272,76): error CS0117: \\\'PaginationInfo\\\' does not contain a definition for \\\'TotalCount\\\' [/workspace/LawMatics.SDK.Tests/LawMatics.SDK.Tests.csproj]\\\\n/workspace/LawMatics.SDK.Tests/Clients/MattersClientTests.cs(277,86): error CS1503: Argument 3: cannot convert from \\\'string\\\' to \\\'System.Net.Http.Headers.MediaTypeHeaderValue?\\\' [/workspace/LawMatics.SDK.Tests/LawMatics.SDK.Tests.csproj]\\\\n/workspace/LawMatics.SDK.Tests/Clients/MattersClientTests.cs(302,21): error CS1061: \\\'MattersClient\\\' does not contain a definition for \\\'Dispose\\\' and no accessible extension method \\\'Dispose\\\' accepting a first argument of type \\\'MattersClient\\\' could be found (are you missing a using directive or an assembly reference?) [/workspace/LawMatics.SDK.Tests/LawMatics.SDK.Tests.csproj]\\\\n/workspace/LawMatics.SDK.Tests/Clients/CustomFormsClientTests.cs(87,52): error CS0104: \\\'CustomForm\\\' is an ambiguous reference between \\\'LawMatics.SDK.Clients.CustomForm\\\' and \\\'LawMatics.SDK.Models.CustomForm\\\' [/workspace/LawMatics.SDK.Tests/LawMatics.SDK.Tests.csproj]\\\\n/workspace/LawMatics.SDK.Tests/Clients/CustomFormsClientTests.cs(89,28): error CS0104: \\\'CustomForm\\\' is an ambiguous reference between \\\'LawMatics.SDK.Clients.CustomForm\\\' and \\\'LawMatics.SDK.Models.CustomForm\\\' [/workspace/LawMatics.SDK.Tests/LawMatics.SDK.Tests.csproj]\\\\n/workspace/LawMatics.SDK.Tests/Clients/CustomFormsClientTests.cs(110,35): error CS1061: \\\'CustomForm\\\' does not contain a definition for \\\'Data\\\' and no accessible extension method \\\'Data\\\' accepting a first argument of type \\\'CustomForm\\\' could be found (are you missing a using directive or an assembly reference?) [/workspace/LawMatics.SDK.Tests/LawMatics.SDK.Tests.csproj]\\\\n/workspace/LawMatics.SDK.Tests/Clients/CustomFormsClientTests.cs(111,36): error CS1061: \\\'CustomForm\\\' does not contain a definition for \\\'Data\\\' and no accessible extension method \\\'Data\\\' accepting a first argument of type \\\'CustomForm\\\' could be found (are you missing a using directive or an assembly reference?) [/workspace/LawMatics.SDK.Tests/LawMatics.SDK.Tests.csproj]\\\\n/workspace/LawMatics.SDK.Tests/Clients/CustomFormsClientTests.cs(112,46): error CS1061: \\\'CustomForm\\\' does not contain a definition for \\\'Data\\\' and no accessible extension method \\\'Data\\\' accepting a first argument of type \\\'CustomForm\\\' could be found (are you missing a using directive or an assembly reference?) [/workspace/LawMatics.SDK.Tests/LawMatics.SDK.Tests.csproj]\\\\n/workspace/LawMatics.SDK.Tests/Clients/CustomFormsClientTests.cs(113,53): error CS1061: \\\'CustomForm\\\' does not contain a definition for \\\'Data\\\' and no accessible extension method \\\'Data\\\' accepting a first argument of type \\\'CustomForm\\\' could be found (are you missing a using directive or an assembly reference?) [/workspace/LawMatics.SDK.Tests/LawMatics.SDK.Tests.csproj]\\\\n/workspace/LawMatics.SDK.Tests/Clients/CustomFormsClientTests.cs(120,31): error CS0104: \\\'CreateCustomFormRequest\\\' is an ambiguous reference between \\\'LawMatics.SDK.Clients.CreateCustomFormRequest\\\' and \\\'LawMatics.SDK.Models.CreateCustomFormRequest\\\' [/workspace/LawMatics.SDK.Tests/LawMatics.SDK.Tests.csproj]\\\\n/workspace/LawMatics.SDK.Tests/Clients/CustomFormsClientTests.cs(124,35): error CS0246: The type or namespace name \\\'CustomFormField\\\' could not be found (are you missing a using directive or an assembly reference?) [/workspace/LawMatics.SDK.Tests/LawMatics.SDK.Tests.csproj]\\\\n/workspace/LawMatics.SDK.Tests/Clients/CustomFormsClientTests.cs(126,25): error CS0246: The type or namespace name \\\'CustomFormField\\\' could not be found (are you missing a using directive or an assembly reference?) [/workspace/LawMatics.SDK.Tests/LawMatics.SDK.Tests.csproj]\\\\n/workspace/LawMatics.SDK.Tests/Clients/CustomFormsClientTests.cs(127,25): error CS0246: The type or namespace name \\\'CustomFormField\\\' could not be found (are you missing a using directive or an assembly reference?) [/workspace/LawMatics.SDK.Tests/LawMatics.SDK.Tests.csproj]\\\\n/workspace/LawMatics.SDK.Tests/Clients/CustomFormsClientTests.cs(130,52): error CS0104: \\\'CustomForm\\\' is an ambiguous reference between \\\'LawMatics.SDK.Clients.CustomForm\\\' and \\\'LawMatics.SDK.Models.CustomForm\\\' [/workspace/LawMatics.SDK.Tests/LawMatics.SDK.Tests.csproj]\\\\n/workspace/LawMatics.SDK.Tests/Clients/CustomFormsClientTests.cs(132,28): error CS0104: \\\'CustomForm\\\' is an ambiguous reference between \\\'LawMatics.SDK.Clients.CustomForm\\\' and \\\'LawMatics.SDK.Models.CustomForm\\\' [/workspace/LawMatics.SDK.Tests/LawMatics.SDK.Tests.csproj]\\\\n/workspace/LawMatics.SDK.Tests/Clients/FoldersClientTests.cs(49,40): error CS0246: The type or namespace name \\\'PagedResponse<>\\\' could not be found (are you missing a using directive or an assembly reference?) [/workspace/LawMatics.SDK.Tests/LawMatics.SDK.Tests.csproj]\\\\n/workspace/LawMatics.SDK.Tests/Clients/FoldersClientTests.cs(56,51): error CS0117: \\\'PaginationInfo\\\' does not contain a definition for \\\'Page\\\' [/workspace/LawMatics.SDK.Tests/LawMatics.SDK.Tests.csproj]\\\\n/workspace/LawMatics.SDK.Tests/Clients/FoldersClientTests.cs(56,61): error CS0117: \\\'PaginationInfo\\\' does not contain a definition for \\\'PageSize\\\' [/workspace/LawMatics.SDK.Tests/LawMatics.SDK.Tests.csproj]\\\\n/workspace/LawMatics.SDK.Tests/Clients/FoldersClientTests.cs(56,76): error CS0117: \\\'PaginationInfo\\\' does not contain a definition for \\\'TotalCount\\\' [/workspace/LawMatics.SDK.Tests/LawMatics.SDK.Tests.csproj]\\\\n/workspace/LawMatics.SDK.Tests/Clients/FoldersClientTests.cs(61,86): error CS1503: Argument 3: cannot convert from \\\'string\\\' to \\\'System.Net.Http.Headers.MediaTypeHeaderValue?\\\' [/workspace/LawMatics.SDK.Tests/LawMatics.SDK.Tests.csproj]\\\\n/workspace/LawMatics.SDK.Tests/Clients/FoldersClientTests.cs(110,35): error CS1061: \\\'Folder\\\' does not contain a definition for \\\'Data\\\' and no accessible extension method \\\'Data\\\' accepting a first argument of type \\\'Folder\\\' could be found (are you missing a using directive or an assembly reference?) [/workspace/LawMatics.SDK.Tests/LawMatics.SDK.Tests.csproj]\\\\n/workspace/LawMatics.SDK.Tests/Clients/FoldersClientTests.cs(111,36): error CS1061: \\\'Folder\\\' does not contain a definition for \\\'Data\\\' and no accessible extension method \\\'Data\\\' accepting a first argument of type \\\'Folder\\\' could be found (are you missing a using directive or an assembly reference?) [/workspace/LawMatics.SDK.Tests/LawMatics.SDK.Tests.csproj]\\\\n/workspace/LawMatics.SDK.Tests/Clients/FoldersClientTests.cs(112,48): error CS1061: \\\'Folder\\\' does not contain a definition for \\\'Data\\\' and no accessible extension method \\\'Data\\\' accepting a first argument of type \\\'Folder\\\' could be found (are you missing a using directive or an assembly reference?) [/workspace/LawMatics.SDK.Tests/LawMatics.SDK.Tests.csproj]\\\\n/workspace/LawMatics.SDK.Tests/Clients/FoldersClientTests.cs(113,53): error CS1061: \\\'Folder\\\' does not contain a definition for \\\'Data\\\' and no accessible extension method \\\'Data\\\' accepting a first argument of type \\\'Folder\\\' could be found (are you missing a using directive or an assembly reference?) [/workspace/LawMatics.SDK.Tests/LawMatics.SDK.Tests.csproj]\\\\n/workspace/LawMatics.SDK.Tests/Clients/CustomFormsClientTests.cs(175,52): error CS0104: \\\'CustomForm\\\' is an ambiguous reference between \\\'LawMatics.SDK.Clients.CustomForm\\\' and \\\'LawMatics.SDK.Models.CustomForm\\\' [/workspace/LawMatics.SDK.Tests/LawMatics.SDK.Tests.csproj]\\\\n/workspace/LawMatics.SDK.Tests/Clients/CustomFormsClientTests.cs(177,28): error CS0104: \\\'CustomForm\\\' is an ambiguous reference between \\\'LawMatics.SDK.Clients.CustomForm\\\' and \\\'LawMatics.SDK.Models.CustomForm\\\' [/workspace/LawMatics.SDK.Tests/LawMatics.SDK.Tests.csproj]\\\\n/workspace/LawMatics.SDK.Tests/Clients/CustomFormsClientTests.cs(203,35): error CS1061: \\\'CustomForm\\\' does not contain a definition for \\\'Data\\\' and no accessible extension method \\\'Data\\\' accepting a first argument of type \\\'CustomForm\\\' could be found (are you missing a using directive or an assembly reference?) [/workspace/LawMatics.SDK.Tests/LawMatics.SDK.Tests.csproj]\\\\n/workspace/LawMatics.SDK.Tests/Clients/CustomFormsClientTests.cs(204,36): error CS1061: \\\'CustomForm\\\' does not contain a definition for \\\'Data\\\' and no accessible extension method \\\'Data\\\' accepting a first argument of type \\\'CustomForm\\\' could be found (are you missing a using directive or an assembly reference?) [/workspace/LawMatics.SDK.Tests/LawMatics.SDK.Tests.csproj]\\\\n/workspace/LawMatics.SDK.Tests/Clients/CustomFormsClientTests.cs(205,47): error CS1061: \\\'CustomForm\\\' does not contain a definition for \\\'Data\\\' and no accessible extension method \\\'Data\\\' accepting a first argument of ty\\\\n---\\\\nFull output is available at \\\'/workspace/outputs/workspace_output_SDK_BUILD_ERRORS_3710.txt\\\'.\\\\nPlease grep from the the full output if you need specific information.",\\n  "exit_code": 1,\\n  "cwd": "/workspace"\\n}\') </execute-command> </tool_result>'}