{'role': 'user', 'content': '<tool_result> <execute-command> ToolResult(success=True, output=\'{\\n  "output": "   Build started 12/23/2025 03:03:51.\\\\n        1>Project \\\\"/workspace/LawMatics.SDK.Tests/LawMatics.SDK.Tests.csproj\\\\" on node 1 (Restore target(s)).\\\\n        1>_GetAllRestoreProjectPathItems:\\\\n            Determining projects to restore...\\\\n          Restore:\\\\n            X.509 certificate chain validation will use the fallback certificate bundle at \\\'/usr/share/dotnet/sdk/8.0.416/trustedroots/codesignctl.pem\\\'.\\\\n            X.509 certificate chain validation will use the fallback certificate bundle at \\\'/usr/share/dotnet/sdk/8.0.416/trustedroots/timestampctl.pem\\\'.\\\\n            Assets file has not changed. Skipping assets file writing. Path: /workspace/LawMatics.SDK.Tests/obj/project.assets.json\\\\n            Assets file has not changed. Skipping assets file writing. Path: /workspace/LawMatics.SDK/obj/project.assets.json\\\\n            Restored /workspace/LawMatics.SDK.Tests/LawMatics.SDK.Tests.csproj (in 42 ms).\\\\n            Restored /workspace/LawMatics.SDK/LawMatics.SDK.csproj (in 42 ms).\\\\n            \\\\n            NuGet Config files used:\\\\n                /root/.nuget/NuGet/NuGet.Config\\\\n            \\\\n            Feeds used:\\\\n                https://api.nuget.org/v3/index.json\\\\n            All projects are up-to-date for restore.\\\\n        1>Done Building Project \\\\"/workspace/LawMatics.SDK.Tests/LawMatics.SDK.Tests.csproj\\\\" (Restore target(s)).\\\\n      1:7>Project \\\\"/workspace/LawMatics.SDK.Tests/LawMatics.SDK.Tests.csproj\\\\" on node 1 (VSTest target(s)).\\\\n        1>BuildProject:\\\\n            Build started, please wait...\\\\n      1:7>Project \\\\"/workspace/LawMatics.SDK.Tests/LawMatics.SDK.Tests.csproj\\\\" (1:7) is building \\\\"/workspace/LawMatics.SDK.Tests/LawMatics.SDK.Tests.csproj\\\\" (1:8) on node 1 (default targets).\\\\n      1:8>Project \\\\"/workspace/LawMatics.SDK.Tests/LawMatics.SDK.Tests.csproj\\\\" (1:8) is building \\\\"/workspace/LawMatics.SDK/LawMatics.SDK.csproj\\\\" (2:6) on node 1 (default targets).\\\\n        2>GenerateTargetFrameworkMonikerAttribute:\\\\n          Skipping target \\\\"GenerateTargetFrameworkMonikerAttribute\\\\" because all output files are up-to-date with respect to the input files.\\\\n          CoreGenerateAssemblyInfo:\\\\n          Skipping target \\\\"CoreGenerateAssemblyInfo\\\\" because all output files are up-to-date with respect to the input files.\\\\n          _GenerateSourceLinkFile:\\\\n            Source Link is empty, file \\\'obj/Debug/net8.0/LawMatics.SDK.sourcelink.json\\\' does not exist.\\\\n          CoreCompile:\\\\n          Skipping target \\\\"CoreCompile\\\\" because all output files are up-to-date with respect to the input files.\\\\n          GenerateBuildDependencyFile:\\\\n          Skipping target \\\\"GenerateBuildDependencyFile\\\\" because all output files are up-to-date with respect to the input files.\\\\n          CopyFilesToOutputDirectory:\\\\n            LawMatics.SDK -> /workspace/LawMatics.SDK/bin/Debug/net8.0/LawMatics.SDK.dll\\\\n        2>Done Building Project \\\\"/workspace/LawMatics.SDK/LawMatics.SDK.csproj\\\\" (default targets).\\\\n        1>GenerateTargetFrameworkMonikerAttribute:\\\\n          Skipping target \\\\"GenerateTargetFrameworkMonikerAttribute\\\\" because all output files are up-to-date with respect to the input files.\\\\n          CoreGenerateAssemblyInfo:\\\\n          Skipping target \\\\"CoreGenerateAssemblyInfo\\\\" because all output files are up-to-date with respect to the input files.\\\\n          _GenerateSourceLinkFile:\\\\n            Source Link is empty, file \\\'obj/Debug/net8.0/LawMatics.SDK.Tests.sourcelink.json\\\' does not exist.\\\\n          CoreCompile:\\\\n          Skipping target \\\\"CoreCompile\\\\" because all output files are up-to-date with respect to the input files.\\\\n          _CopyOutOfDateSourceItemsToOutputDirectory:\\\\n          Skipping target \\\\"_CopyOutOfDateSourceItemsToOutputDirectory\\\\" because all output files are up-to-date with respect to the input files.\\\\n          GenerateBuildDependencyFile:\\\\n          Skipping target \\\\"GenerateBuildDependencyFile\\\\" because all output files are up-to-date with respect to the input files.\\\\n          GenerateBuildRuntimeConfigurationFiles:\\\\n          Skipping target \\\\"GenerateBuildRuntimeConfigurationFiles\\\\" because all output files are up-to-date with respect to the input files.\\\\n          CopyFilesToOutputDirectory:\\\\n            LawMatics.SDK.Tests -> /workspace/LawMatics.SDK.Tests/bin/Debug/net8.0/LawMatics.SDK.Tests.dll\\\\n        1>Done Building Project \\\\"/workspace/LawMatics.SDK.Tests/LawMatics.SDK.Tests.csproj\\\\" (default targets).\\\\n        1>BuildProject:\\\\n            Build completed.\\\\n            \\\\n   Test run for /workspace/LawMatics.SDK.Tests/bin/Debug/net8.0/LawMatics.SDK.Tests.dll (.NETCoreApp,Version=v8.0)\\\\n   VSTest version 17.11.1 (x64)\\\\n   \\\\n   Starting test execution, please wait...\\\\n   A total of 1 test files matched the specified pattern.\\\\n   [xUnit.net 00:00:00.00] xUnit.net VSTest Adapter v2.8.2+699d445a1a (64-bit .NET 8.0.22)\\\\n   [xUnit.net 00:00:00.04]   Discovering: LawMatics.SDK.Tests\\\\n   [xUnit.net 00:00:00.08]   Discovered:  LawMatics.SDK.Tests\\\\n   [xUnit.net 00:00:00.08]   Starting:    LawMatics.SDK.Tests\\\\n   [xUnit.net 00:00:00.27]     LawMatics.SDK.Tests.CustomContactTypesClientTests.GetActiveCustomContactTypesAsync_ReturnsOnlyActiveContactTypes [FAIL]\\\\n   [xUnit.net 00:00:00.27]       LawMatics.SDK.Exceptions.LawMaticsException : Error sending request to custom-contact-types?page=1&page_size=20&is_active=True: The JSON value could not be converted to LawMatics.SDK.Models.PagedResponse`1[LawMatics.SDK.Models.CustomContactType]. Path: $.data | LineNumber: 0 | BytePositionInLine: 9.\\\\n   [xUnit.net 00:00:00.27]       ---- System.Text.Json.JsonException : The JSON value could not be converted to LawMatics.SDK.Models.PagedResponse`1[LawMatics.SDK.Models.CustomContactType]. Path: $.data | LineNumber: 0 | BytePositionInLine: 9.\\\\n   [xUnit.net 00:00:00.27]       Stack Trace:\\\\n   [xUnit.net 00:00:00.27]         /workspace/LawMatics.SDK/Clients/BaseClient.cs(146,0): at LawMatics.SDK.Clients.BaseClient.SendRequestAsync[T](HttpMethod method, String endpoint, Object data)\\\\n   [xUnit.net 00:00:00.27]         /workspace/LawMatics.SDK/Clients/BaseClient.cs(37,0): at LawMatics.SDK.Clients.BaseClient.GetAsync[T](String endpoint)\\\\n   [xUnit.net 00:00:00.27]         /workspace/LawMatics.SDK/Clients/BaseClient.cs(59,0): at LawMatics.SDK.Clients.BaseClient.GetAsync[T](String endpoint, Dictionary`2 parameters, CancellationToken cancellationToken)\\\\n   [xUnit.net 00:00:00.27]         /workspace/LawMatics.SDK/Clients/CustomContactTypesClient.cs(45,0): at LawMatics.SDK.Clients.CustomContactTypesClient.GetCustomContactTypesAsync(Int32 page, Int32 pageSize, String name, Nullable`1 isActive, CancellationToken cancellationToken)\\\\n   [xUnit.net 00:00:00.27]         /workspace/LawMatics.SDK/Clients/CustomContactTypesClient.cs(105,0): at LawMatics.SDK.Clients.CustomContactTypesClient.GetActiveCustomContactTypesAsync(Int32 page, Int32 pageSize, CancellationToken cancellationToken)\\\\n   [xUnit.net 00:00:00.27]         /workspace/LawMatics.SDK.Tests/CustomContactTypesClientTests.cs(317,0): at LawMatics.SDK.Tests.CustomContactTypesClientTests.GetActiveCustomContactTypesAsync_ReturnsOnlyActiveContactTypes()\\\\n   [xUnit.net 00:00:00.27]         --- End of stack trace from previous location ---\\\\n   [xUnit.net 00:00:00.27]         ----- Inner Stack Trace -----\\\\n   [xUnit.net 00:00:00.27]            at System.Text.Json.ThrowHelper.ThrowJsonException_DeserializeUnableToConvertValue(Type propertyType)\\\\n   [xUnit.net 00:00:00.27]            at System.Text.Json.Serialization.Converters.ObjectDefaultConverter`1.OnTryRead(Utf8JsonReader& reader, Type typeToConvert, JsonSerializerOptions options, ReadStack& state, T& value)\\\\n   [xUnit.net 00:00:00.27]            at System.Text.Json.Serialization.JsonConverter`1.TryRead(Utf8JsonReader& reader, Type typeToConvert, JsonSerializerOptions options, ReadStack& state, T& value, Boolean& isPopulatedValue)\\\\n   [xUnit.net 00:00:00.27]            at System.Text.Json.Serialization.Metadata.JsonPropertyInfo`1.ReadJsonAndSetMember(Object obj, ReadStack& state, Utf8JsonReader& reader)\\\\n   [xUnit.net 00:00:00.27]            at System.Text.Json.Serialization.Converters.ObjectDefaultConverter`1.OnTryRead(Utf8JsonReader& reader, Type typeToConvert, JsonSerializerOptions options, ReadStack& state, T& value)\\\\n   [xUnit.net 00:00:00.27]            at System.Text.Json.Serialization.JsonConverter`1.TryRead(Utf8JsonReader& reader, Type typeToConvert, JsonSerializerOptions options, ReadStack& state, T& value, Boolean& isPopulatedValue)\\\\n   [xUnit.net 00:00:00.27]            at System.Text.Json.Serialization.JsonConverter`1.ReadCore(Utf8JsonReader& reader, T& value, JsonSerializerOptions options, ReadStack& state)\\\\n   [xUnit.net 00:00:00.27]            at System.Text.Json.Serialization.Metadata.JsonTypeInfo`1.Deserialize(Utf8JsonReader& reader, ReadStack& state)\\\\n   [xUnit.net 00:00:00.27]            at System.Text.Json.JsonSerializer.ReadFromSpan[TValue](ReadOnlySpan`1 utf8Json, JsonTypeInfo`1 jsonTypeInfo, Nullable`1 actualByteCount)\\\\n   [xUnit.net 00:00:00.27]            at System.Text.Json.JsonSerializer.ReadFromSpan[TValue](ReadOnlySpan`1 json, JsonTypeInfo`1 jsonTypeInfo)\\\\n   [xUnit.net 00:00:00.27]            at System.Text.Json.JsonSerializer.Deserialize[TValue](String json, JsonSerializerOptions options)\\\\n   [xUnit.net 00:00:00.27]         /workspace/LawMatics.SDK/Clients/BaseClient.cs(136,0): at LawMatics.SDK.Clients.BaseClient.SendRequestAsync[T](HttpMethod method, String endpoint, Object data)\\\\n   [xUnit.net 00:00:00.28]   Finished:    LawMatics.SDK.Tests\\\\n     Failed LawMatics.SDK.Tests.CustomContactTypesClientTests.GetActiveCustomContactTypesAsync_ReturnsOnlyActiveContactTypes [141 ms]\\\\n     Error Message:\\\\n      LawMatics.SDK.Exceptions.LawMaticsException : Error sending request to custom-contact-types?page=1&page_size=20&is_active=True: The JSON value could not be converted to LawMatics.SDK.Models.PagedResponse`1[LawMatics.SDK.Models.CustomContactType]. Path: $.data | LineNumber: 0 | BytePositionInLine: 9.\\\\n   ---- System.Text.Json.JsonException : The JSON value could not be converted to LawMatics.SDK.Models.PagedResponse`1[LawMatics.SDK.Models.CustomContactType]. Path: $.data | LineNumber: 0 | BytePositionInLine: 9.\\\\n     Stack Trace:\\\\n        at LawMatics.SDK.Clients.BaseClient.SendRequestAsync[T](HttpMethod method, String endpoint, Object data) in /workspace/LawMatics.SDK/Clients/BaseClient.cs:line 146\\\\n      at LawMatics.SDK.Clients.BaseClient.GetAsync[T](String endpoint) in /workspace/LawMatics.SDK/Clients/BaseClient.cs:line 37\\\\n      at LawMatics.SDK.Clients.BaseClient.GetAsync[T](String endpoint, Dictionary`2 parameters, CancellationToken cancellationToken) in /workspace/LawMatics.SDK/Clients/BaseClient.cs:line 59\\\\n      at LawMatics.SDK.Clients.CustomContactTypesClient.GetCustomContactTypesAsync(Int32 page, Int32 pageSize, String name, Nullable`1 isActive, CancellationToken cancellationToken) in /workspace/LawMatics.SDK/Clients/CustomContactTypesClient.cs:line 45\\\\n      at LawMatics.SDK.Clients.CustomContactTypesClient.GetActiveCustomContactTypesAsync(Int32 page, Int32 pageSize, CancellationToken cancellationToken) in /workspace/LawMatics.SDK/Clients/CustomContactTypesClient.cs:line 105\\\\n      at LawMatics.SDK.Tests.CustomContactTypesClientTests.GetActiveCustomContactTypesAsync_ReturnsOnlyActiveContactTypes() in /workspace/LawMatics.SDK.Tests/CustomContactTypesClientTests.cs:line 317\\\\n   --- End of stack trace from previous location ---\\\\n   ----- Inner Stack Trace -----\\\\n      at System.Text.Json.ThrowHelper.ThrowJsonException_DeserializeUnableToConvertValue(Type propertyType)\\\\n      at System.Text.Json.Serialization.Converters.ObjectDefaultConverter`1.OnTryRead(Utf8JsonReader& reader, Type typeToConvert, JsonSerializerOptions options, ReadStack& state, T& value)\\\\n      at System.Text.Json.Serialization.JsonConverter`1.TryRead(Utf8JsonReader& reader, Type typeToConvert, JsonSerializerOptions options, ReadStack& state, T& value, Boolean& isPopulatedValue)\\\\n      at System.Text.Json.Serialization.Metadata.JsonPropertyInfo`1.ReadJsonAndSetMember(Object obj, ReadStack& state, Utf8JsonReader& reader)\\\\n      at System.Text.Json.Serialization.Converters.ObjectDefaultConverter`1.OnTryRead(Utf8JsonReader& reader, Type typeToConvert, JsonSerializerOptions options, ReadStack& state, T& value)\\\\n      at System.Text.Json.Serialization.JsonConverter`1.TryRead(Utf8JsonReader& reader, Type typeToConvert, JsonSerializerOptions options, ReadStack& state, T& value, Boolean& isPopulatedValue)\\\\n      at System.Text.Json.Serialization.JsonConverter`1.ReadCore(Utf8JsonReader& reader, T& value, JsonSerializerOptions options, ReadStack& state)\\\\n      at System.Text.Json.Serialization.Metadata.JsonTypeInfo`1.Deserialize(Utf8JsonReader& reader, ReadStack& state)\\\\n      at System.Text.Json.JsonSerializer.ReadFromSpan[TValue](ReadOnlySpan`1 utf8Json, JsonTypeInfo`1 jsonTypeInfo, Nullable`1 actualByteCount)\\\\n      at System.Text.Json.JsonSerializer.ReadFromSpan[TValue](ReadOnlySpan`1 json, JsonTypeInfo`1 jsonTypeInfo)\\\\n      at System.Text.Json.JsonSerializer.Deserialize[TValue](String json, JsonSerializerOptions options)\\\\n      at LawMatics.SDK.Clients.BaseClient.SendRequestAsync[T](HttpMethod method, String endpoint, Object data) in /workspace/LawMatics.SDK/Clients/BaseClient.cs:line 136\\\\n   \\\\n   Test Run Failed.\\\\n   Total tests: 1\\\\n        Failed: 1\\\\n    Total time: 0.7260 Seconds\\\\n          _VSTestConsole:\\\\n            MSB4181: The \\\\"VSTestTask\\\\" task returned false but did not log an error.\\\\n        1>Done Building Project \\\\"/workspace/LawMatics.SDK.Tests/LawMatics.SDK.Tests.csproj\\\\" (VSTest target(s)) -- FAILED.\\\\n   \\\\n   Build FAILED.\\\\n       0 Warning(s)\\\\n       0 Error(s)\\\\n   \\\\n   Time Elapsed 00:00:01.90\\\\n",\\n  "exit_code": 1,\\n  "cwd": "/workspace"\\n}\') </execute-command> </tool_result>'}