{'role': 'user', 'content': '<tool_result> <execute-command> ToolResult(success=True, output=\'{\\n  "output": "Here are the first 80K chars of the output:\\\\n---\\\\n  Determining projects to restore...\\\\n  All projects are up-to-date for restore.\\\\n  LawMatics.SDK -> /workspace/LawMatics.SDK/bin/Debug/net9.0/LawMatics.SDK.dll\\\\n/workspace/LawMatics.SDK.Tests/Clients/UsersClientTests.cs(49,40): error CS0246: The type or namespace name \\\'PagedResponse<>\\\' could not be found (are you missing a using directive or an assembly reference?) [/workspace/LawMatics.SDK.Tests/LawMatics.SDK.Tests.csproj]\\\\n/workspace/LawMatics.SDK.Tests/Clients/UsersClientTests.cs(49,54): error CS0104: \\\'User\\\' is an ambiguous reference between \\\'LawMatics.SDK.Clients.User\\\' and \\\'LawMatics.SDK.Models.User\\\' [/workspace/LawMatics.SDK.Tests/LawMatics.SDK.Tests.csproj]\\\\n/workspace/LawMatics.SDK.Tests/Clients/UsersClientTests.cs(51,33): error CS0104: \\\'User\\\' is an ambiguous reference between \\\'LawMatics.SDK.Clients.User\\\' and \\\'LawMatics.SDK.Models.User\\\' [/workspace/LawMatics.SDK.Tests/LawMatics.SDK.Tests.csproj]\\\\n/workspace/LawMatics.SDK.Tests/Clients/UsersClientTests.cs(53,25): error CS0104: \\\'User\\\' is an ambiguous reference between \\\'LawMatics.SDK.Clients.User\\\' and \\\'LawMatics.SDK.Models.User\\\' [/workspace/LawMatics.SDK.Tests/LawMatics.SDK.Tests.csproj]\\\\n/workspace/LawMatics.SDK.Tests/Clients/UsersClientTests.cs(54,25): error CS0104: \\\'User\\\' is an ambiguous reference between \\\'LawMatics.SDK.Clients.User\\\' and \\\'LawMatics.SDK.Models.User\\\' [/workspace/LawMatics.SDK.Tests/LawMatics.SDK.Tests.csproj]\\\\n/workspace/LawMatics.SDK.Tests/Clients/UsersClientTests.cs(56,51): error CS0117: \\\'PaginationInfo\\\' does not contain a definition for \\\'Page\\\' [/workspace/LawMatics.SDK.Tests/LawMatics.SDK.Tests.csproj]\\\\n/workspace/LawMatics.SDK.Tests/Clients/UsersClientTests.cs(56,61): error CS0117: \\\'PaginationInfo\\\' does not contain a definition for \\\'PageSize\\\' [/workspace/LawMatics.SDK.Tests/LawMatics.SDK.Tests.csproj]\\\\n/workspace/LawMatics.SDK.Tests/Clients/UsersClientTests.cs(56,76): error CS0117: \\\'PaginationInfo\\\' does not contain a definition for \\\'TotalCount\\\' [/workspace/LawMatics.SDK.Tests/LawMatics.SDK.Tests.csproj]\\\\n/workspace/LawMatics.SDK.Tests/Clients/UsersClientTests.cs(61,86): error CS1503: Argument 3: cannot convert from \\\'string\\\' to \\\'System.Net.Http.Headers.MediaTypeHeaderValue?\\\' [/workspace/LawMatics.SDK.Tests/LawMatics.SDK.Tests.csproj]\\\\n/workspace/LawMatics.SDK.Tests/Clients/UsersClientTests.cs(89,52): error CS0104: \\\'User\\\' is an ambiguous reference between \\\'LawMatics.SDK.Clients.User\\\' and \\\'LawMatics.SDK.Models.User\\\' [/workspace/LawMatics.SDK.Tests/LawMatics.SDK.Tests.csproj]\\\\n/workspace/LawMatics.SDK.Tests/Clients/UsersClientTests.cs(91,28): error CS0104: \\\'User\\\' is an ambiguous reference between \\\'LawMatics.SDK.Clients.User\\\' and \\\'LawMatics.SDK.Models.User\\\' [/workspace/LawMatics.SDK.Tests/LawMatics.SDK.Tests.csproj]\\\\n/workspace/LawMatics.SDK.Tests/Clients/UsersClientTests.cs(112,35): error CS1061: \\\'User\\\' does not contain a definition for \\\'Data\\\' and no accessible extension method \\\'Data\\\' accepting a first argument of type \\\'User\\\' could be found (are you missing a using directive or an assembly reference?) [/workspace/LawMatics.SDK.Tests/LawMatics.SDK.Tests.csproj]\\\\n/workspace/LawMatics.SDK.Tests/Clients/UsersClientTests.cs(113,36): error CS1061: \\\'User\\\' does not contain a definition for \\\'Data\\\' and no accessible extension method \\\'Data\\\' accepting a first argument of type \\\'User\\\' could be found (are you missing a using directive or an assembly reference?) [/workspace/LawMatics.SDK.Tests/LawMatics.SDK.Tests.csproj]\\\\n/workspace/LawMatics.SDK.Tests/Clients/UsersClientTests.cs(114,41): error CS1061: \\\'User\\\' does not contain a definition for \\\'Data\\\' and no accessible extension method \\\'Data\\\' accepting a first argument of type \\\'User\\\' could be found (are you missing a using directive or an assembly reference?) [/workspace/LawMatics.SDK.Tests/LawMatics.SDK.Tests.csproj]\\\\n/workspace/LawMatics.SDK.Tests/Clients/UsersClientTests.cs(115,40): error CS1061: \\\'User\\\' does not contain a definition for \\\'Data\\\' and no accessible extension method \\\'Data\\\' accepting a first argument of type \\\'User\\\' could be found (are you missing a using directive or an assembly reference?) [/workspace/LawMatics.SDK.Tests/LawMatics.SDK.Tests.csproj]\\\\n/workspace/LawMatics.SDK.Tests/Clients/UsersClientTests.cs(116,53): error CS1061: \\\'User\\\' does not contain a definition for \\\'Data\\\' and no accessible extension method \\\'Data\\\' accepting a first argument of type \\\'User\\\' could be found (are you missing a using directive or an assembly reference?) [/workspace/LawMatics.SDK.Tests/LawMatics.SDK.Tests.csproj]\\\\n/workspace/LawMatics.SDK.Tests/Clients/UsersClientTests.cs(117,45): error CS1061: \\\'User\\\' does not contain a definition for \\\'Data\\\' and no accessible extension method \\\'Data\\\' accepting a first argument of type \\\'User\\\' could be found (are you missing a using directive or an assembly reference?) [/workspace/LawMatics.SDK.Tests/LawMatics.SDK.Tests.csproj]\\\\n/workspace/LawMatics.SDK.Tests/Clients/UsersClientTests.cs(124,31): error CS0104: \\\'CreateUserRequest\\\' is an ambiguous reference between \\\'LawMatics.SDK.Clients.CreateUserRequest\\\' and \\\'LawMatics.SDK.Models.CreateUserRequest\\\' [/workspace/LawMatics.SDK.Tests/LawMatics.SDK.Tests.csproj]\\\\n/workspace/LawMatics.SDK.Tests/Clients/UsersClientTests.cs(133,52): error CS0104: \\\'User\\\' is an ambiguous reference between \\\'LawMatics.SDK.Clients.User\\\' and \\\'LawMatics.SDK.Models.User\\\' [/workspace/LawMatics.SDK.Tests/LawMatics.SDK.Tests.csproj]\\\\n/workspace/LawMatics.SDK.Tests/Clients/UsersClientTests.cs(135,28): error CS0104: \\\'User\\\' is an ambiguous reference between \\\'LawMatics.SDK.Clients.User\\\' and \\\'LawMatics.SDK.Models.User\\\' [/workspace/LawMatics.SDK.Tests/LawMatics.SDK.Tests.csproj]\\\\n/workspace/LawMatics.SDK.Tests/Clients/UsersClientTests.cs(182,31): error CS0104: \\\'UpdateUserRequest\\\' is an ambiguous reference between \\\'LawMatics.SDK.Clients.UpdateUserRequest\\\' and \\\'LawMatics.SDK.Models.UpdateUserRequest\\\' [/workspace/LawMatics.SDK.Tests/LawMatics.SDK.Tests.csproj]\\\\n/workspace/LawMatics.SDK.Tests/Clients/UsersClientTests.cs(189,52): error CS0104: \\\'User\\\' is an ambiguous reference between \\\'LawMatics.SDK.Clients.User\\\' and \\\'LawMatics.SDK.Models.User\\\' [/workspace/LawMatics.SDK.Tests/LawMatics.SDK.Tests.csproj]\\\\n/workspace/LawMatics.SDK.Tests/Clients/UsersClientTests.cs(191,28): error CS0104: \\\'User\\\' is an ambiguous reference between \\\'LawMatics.SDK.Clients.User\\\' and \\\'LawMatics.SDK.Models.User\\\' [/workspace/LawMatics.SDK.Tests/LawMatics.SDK.Tests.csproj]\\\\n/workspace/LawMatics.SDK.Tests/Clients/UsersClientTests.cs(259,40): error CS0246: The type or namespace name \\\'PagedResponse<>\\\' could not be found (are you missing a using directive or an assembly reference?) [/workspace/LawMatics.SDK.Tests/LawMatics.SDK.Tests.csproj]\\\\n/workspace/LawMatics.SDK.Tests/Clients/UsersClientTests.cs(259,54): error CS0104: \\\'User\\\' is an ambiguous reference between \\\'LawMatics.SDK.Clients.User\\\' and \\\'LawMatics.SDK.Models.User\\\' [/workspace/LawMatics.SDK.Tests/LawMatics.SDK.Tests.csproj]\\\\n/workspace/LawMatics.SDK.Tests/Clients/UsersClientTests.cs(261,33): error CS0104: \\\'User\\\' is an ambiguous reference between \\\'LawMatics.SDK.Clients.User\\\' and \\\'LawMatics.SDK.Models.User\\\' [/workspace/LawMatics.SDK.Tests/LawMatics.SDK.Tests.csproj]\\\\n/workspace/LawMatics.SDK.Tests/Clients/UsersClientTests.cs(263,25): error CS0104: \\\'User\\\' is an ambiguous reference between \\\'LawMatics.SDK.Clients.User\\\' and \\\'LawMatics.SDK.Models.User\\\' [/workspace/LawMatics.SDK.Tests/LawMatics.SDK.Tests.csproj]\\\\n/workspace/LawMatics.SDK.Tests/Clients/UsersClientTests.cs(264,25): error CS0104: \\\'User\\\' is an ambiguous reference between \\\'LawMatics.SDK.Clients.User\\\' and \\\'LawMatics.SDK.Models.User\\\' [/workspace/LawMatics.SDK.Tests/LawMatics.SDK.Tests.csproj]\\\\n/workspace/LawMatics.SDK.Tests/Clients/UsersClientTests.cs(266,51): error CS0117: \\\'PaginationInfo\\\' does not contain a definition for \\\'Page\\\' [/workspace/LawMatics.SDK.Tests/LawMatics.SDK.Tests.csproj]\\\\n/workspace/LawMatics.SDK.Tests/Clients/UsersClientTests.cs(266,61): error CS0117: \\\'PaginationInfo\\\' does not contain a definition for \\\'PageSize\\\' [/workspace/LawMatics.SDK.Tests/LawMatics.SDK.Tests.csproj]\\\\n/workspace/LawMatics.SDK.Tests/Clients/UsersClientTests.cs(266,76): error CS0117: \\\'PaginationInfo\\\' does not contain a definition for \\\'TotalCount\\\' [/workspace/LawMatics.SDK.Tests/LawMatics.SDK.Tests.csproj]\\\\n/workspace/LawMatics.SDK.Tests/Clients/UsersClientTests.cs(271,86): error CS1503: Argument 3: cannot convert from \\\'string\\\' to \\\'System.Net.Http.Headers.MediaTypeHeaderValue?\\\' [/workspace/LawMatics.SDK.Tests/LawMatics.SDK.Tests.csproj]\\\\n/workspace/LawMatics.SDK.Tests/Clients/UsersClientTests.cs(283,40): error CS1061: \\\'UsersClient\\\' does not contain a definition for \\\'GetUsersByRoleAsync\\\' and no accessible extension method \\\'GetUsersByRoleAsync\\\' accepting a first argument of type \\\'UsersClient\\\' could be found (are you missing a using directive or an assembly reference?) [/workspace/LawMatics.SDK.Tests/LawMatics.SDK.Tests.csproj]\\\\n/workspace/LawMatics.SDK.Tests/Clients/UsersClientTests.cs(297,40): error CS0246: The type or namespace name \\\'PagedResponse<>\\\' could not be found (are you missing a using directive or an assembly reference?) [/workspace/LawMatics.SDK.Tests/LawMatics.SDK.Tests.csproj]\\\\n/workspace/LawMatics.SDK.Tests/Clients/UsersClientTests.cs(297,54): error CS0104: \\\'User\\\' is an ambiguous reference between \\\'LawMatics.SDK.Clients.User\\\' and \\\'LawMatics.SDK.Models.User\\\' [/workspace/LawMatics.SDK.Tests/LawMatics.SDK.Tests.csproj]\\\\n/workspace/LawMatics.SDK.Tests/Clients/UsersClientTests.cs(299,33): error CS0104: \\\'User\\\' is an ambiguous reference between \\\'LawMatics.SDK.Clients.User\\\' and \\\'LawMatics.SDK.Models.User\\\' [/workspace/LawMatics.SDK.Tests/LawMatics.SDK.Tests.csproj]\\\\n/workspace/LawMatics.SDK.Tests/Clients/UsersClientTests.cs(301,25): error CS0104: \\\'User\\\' is an ambiguous reference between \\\'LawMatics.SDK.Clients.User\\\' and \\\'LawMatics.SDK.Models.User\\\' [/workspace/LawMatics.SDK.Tests/LawMatics.SDK.Tests.csproj]\\\\n/workspace/LawMatics.SDK.Tests/Clients/UsersClientTests.cs(302,25): error CS0104: \\\'User\\\' is an ambiguous reference between \\\'LawMatics.SDK.Clients.User\\\' and \\\'LawMatics.SDK.Models.User\\\' [/workspace/LawMatics.SDK.Tests/LawMatics.SDK.Tests.csproj]\\\\n/workspace/LawMatics.SDK.Tests/Clients/UsersClientTests.cs(304,51): error CS0117: \\\'PaginationInfo\\\' does not contain a definition for \\\'Page\\\' [/workspace/LawMatics.SDK.Tests/LawMatics.SDK.Tests.csproj]\\\\n/workspace/LawMatics.SDK.Tests/Clients/UsersClientTests.cs(304,61): error CS0117: \\\'PaginationInfo\\\' does not contain a definition for \\\'PageSize\\\' [/workspace/LawMatics.SDK.Tests/LawMatics.SDK.Tests.csproj]\\\\n/workspace/LawMatics.SDK.Tests/Clients/UsersClientTests.cs(304,76): error CS0117: \\\'PaginationInfo\\\' does not contain a definition for \\\'TotalCount\\\' [/workspace/LawMatics.SDK.Tests/LawMatics.SDK.Tests.csproj]\\\\n/workspace/LawMatics.SDK.Tests/Clients/UsersClientTests.cs(309,86): error CS1503: Argument 3: cannot convert from \\\'string\\\' to \\\'System.Net.Http.Headers.MediaTypeHeaderValue?\\\' [/workspace/LawMatics.SDK.Tests/LawMatics.SDK.Tests.csproj]\\\\n/workspace/LawMatics.SDK.Tests/Clients/UsersClientTests.cs(321,40): error CS1061: \\\'UsersClient\\\' does not contain a definition for \\\'GetUsersByDepartmentAsync\\\' and no accessible extension method \\\'GetUsersByDepartmentAsync\\\' accepting a first argument of type \\\'UsersClient\\\' could be found (are you missing a using directive or an assembly reference?) [/workspace/LawMatics.SDK.Tests/LawMatics.SDK.Tests.csproj]\\\\n/workspace/LawMatics.SDK.Tests/Clients/UsersClientTests.cs(334,40): error CS0246: The type or namespace name \\\'PagedResponse<>\\\' could not be found (are you missing a using directive or an assembly reference?) [/workspace/LawMatics.SDK.Tests/LawMatics.SDK.Tests.csproj]\\\\n/workspace/LawMatics.SDK.Tests/Clients/UsersClientTests.cs(334,54): error CS0104: \\\'User\\\' is an ambiguous reference between \\\'LawMatics.SDK.Clients.User\\\' and \\\'LawMatics.SDK.Models.User\\\' [/workspace/LawMatics.SDK.Tests/LawMatics.SDK.Tests.csproj]\\\\n/workspace/LawMatics.SDK.Tests/Clients/UsersClientTests.cs(336,33): error CS0104: \\\'User\\\' is an ambiguous reference between \\\'LawMatics.SDK.Clients.User\\\' and \\\'LawMatics.SDK.Models.User\\\' [/workspace/LawMatics.SDK.Tests/LawMatics.SDK.Tests.csproj]\\\\n/workspace/LawMatics.SDK.Tests/Clients/UsersClientTests.cs(338,25): error CS0104: \\\'User\\\' is an ambiguous reference between \\\'LawMatics.SDK.Clients.User\\\' and \\\'LawMatics.SDK.Models.User\\\' [/workspace/LawMatics.SDK.Tests/LawMatics.SDK.Tests.csproj]\\\\n/workspace/LawMatics.SDK.Tests/Clients/UsersClientTests.cs(339,25): error CS0104: \\\'User\\\' is an ambiguous reference between \\\'LawMatics.SDK.Clients.User\\\' and \\\'LawMatics.SDK.Models.User\\\' [/workspace/LawMatics.SDK.Tests/LawMatics.SDK.Tests.csproj]\\\\n/workspace/LawMatics.SDK.Tests/Clients/UsersClientTests.cs(341,51): error CS0117: \\\'PaginationInfo\\\' does not contain a definition for \\\'Page\\\' [/workspace/LawMatics.SDK.Tests/LawMatics.SDK.Tests.csproj]\\\\n/workspace/LawMatics.SDK.Tests/Clients/UsersClientTests.cs(341,61): error CS0117: \\\'PaginationInfo\\\' does not contain a definition for \\\'PageSize\\\' [/workspace/LawMatics.SDK.Tests/LawMatics.SDK.Tests.csproj]\\\\n/workspace/LawMatics.SDK.Tests/Clients/UsersClientTests.cs(341,76): error CS0117: \\\'PaginationInfo\\\' does not contain a definition for \\\'TotalCount\\\' [/workspace/LawMatics.SDK.Tests/LawMatics.SDK.Tests.csproj]\\\\n/workspace/LawMatics.SDK.Tests/Clients/UsersClientTests.cs(346,86): error CS1503: Argument 3: cannot convert from \\\'string\\\' to \\\'System.Net.Http.Headers.MediaTypeHeaderValue?\\\' [/workspace/LawMatics.SDK.Tests/LawMatics.SDK.Tests.csproj]\\\\n/workspace/LawMatics.SDK.Tests/Clients/UsersClientTests.cs(358,40): error CS1061: \\\'UsersClient\\\' does not contain a definition for \\\'GetActiveUsersAsync\\\' and no accessible extension method \\\'GetActiveUsersAsync\\\' accepting a first argument of type \\\'UsersClient\\\' could be found (are you missing a using directive or an assembly reference?) [/workspace/LawMatics.SDK.Tests/LawMatics.SDK.Tests.csproj]\\\\n/workspace/LawMatics.SDK.Tests/Clients/UsersClientTests.cs(372,52): error CS0104: \\\'User\\\' is an ambiguous reference between \\\'LawMatics.SDK.Clients.User\\\' and \\\'LawMatics.SDK.Models.User\\\' [/workspace/LawMatics.SDK.Tests/LawMatics.SDK.Tests.csproj]\\\\n/workspace/LawMatics.SDK.Tests/Clients/UsersClientTests.cs(374,28): error CS0104: \\\'User\\\' is an ambiguous reference between \\\'LawMatics.SDK.Clients.User\\\' and \\\'LawMatics.SDK.Models.User\\\' [/workspace/LawMatics.SDK.Tests/LawMatics.SDK.Tests.csproj]\\\\n/workspace/LawMatics.SDK.Tests/Clients/UsersClientTests.cs(391,40): error CS1061: \\\'UsersClient\\\' does not contain a definition for \\\'DeactivateUserAsync\\\' and no accessible extension method \\\'DeactivateUserAsync\\\' accepting a first argument of type \\\'UsersClient\\\' could be found (are you missing a using directive or an assembly reference?) [/workspace/LawMatics.SDK.Tests/LawMatics.SDK.Tests.csproj]\\\\n/workspace/LawMatics.SDK.Tests/Clients/UsersClientTests.cs(405,52): error CS0104: \\\'User\\\' is an ambiguous reference between \\\'LawMatics.SDK.Clients.User\\\' and \\\'LawMatics.SDK.Models.User\\\' [/workspace/LawMatics.SDK.Tests/LawMatics.SDK.Tests.csproj]\\\\n/workspace/LawMatics.SDK.Tests/Clients/UsersClientTests.cs(407,28): error CS0104: \\\'User\\\' is an ambiguous reference between \\\'LawMatics.SDK.Clients.User\\\' and \\\'LawMatics.SDK.Models.User\\\' [/workspace/LawMatics.SDK.Tests/LawMatics.SDK.Tests.csproj]\\\\n/workspace/LawMatics.SDK.Tests/Clients/UsersClientTests.cs(424,40): error CS1061: \\\'UsersClient\\\' does not contain a definition for \\\'ActivateUserAsync\\\' and no accessible extension method \\\'ActivateUserAsync\\\' accepting a first argument of type \\\'UsersClient\\\' could be found (are you missing a using directive or an assembly reference?) [/workspace/LawMatics.SDK.Tests/LawMatics.SDK.Tests.csproj]\\\\n/workspace/LawMatics.SDK.Tests/Clients/UsersClientTests.cs(436,21): error CS1061: \\\'UsersClient\\\' does not contain a definition for \\\'Dispose\\\' and no accessible extension method \\\'Dispose\\\' accepting a f...\n The full message content is stored at /workspace/summarized_conversations/original_conversation_1766158450_6652.txt'}